src/functions/orders/get-orders.ts(369,39): error TS2345: Argument of type 'APIGatewayProxyEventQueryStringParameters | null' is not assignable to parameter of type '{ [key: string]: string; } | null'.
  Type 'APIGatewayProxyEventQueryStringParameters' is not assignable to type '{ [key: string]: string; }'.
    'string' index signatures are incompatible.
      Type 'string | undefined' is not assignable to type 'string'.
        Type 'undefined' is not assignable to type 'string'.
src/functions/orders/update-status.ts(215,7): error TS2353: Object literal may only specify known properties, and 'error' does not exist in type 'Error'.
src/functions/payment/process-refund.ts(166,11): error TS2322: Type 'string | undefined' is not assignable to type 'string'.
  Type 'undefined' is not assignable to type 'string'.
src/functions/rfid/bulk-import-cards.ts(171,9): error TS2353: Object literal may only specify known properties, and 'card' does not exist in type 'UserInclude<DefaultArgs>'.
src/functions/rfid/bulk-import-cards.ts(375,13): error TS2353: Object literal may only specify known properties, and 'status' does not exist in type '(Without<RFIDCardCreateInput, RFIDCardUncheckedCreateInput> & RFIDCardUncheckedCreateInput) | (Without<...> & RFIDCardCreateInput)'.
src/functions/rfid/bulk-import-cards.ts(445,56): error TS2345: Argument of type 'APIGatewayProxyEvent' is not assignable to parameter of type 'AuthenticatedEvent'.
  The types of 'requestContext.authorizer' are incompatible between these types.
    Type 'APIGatewayEventDefaultAuthorizerContext' is not assignable to type '{ userId?: string | undefined; email?: string | undefined; role?: string | undefined; } | undefined'.
      Type 'null' is not assignable to type '{ userId?: string | undefined; email?: string | undefined; role?: string | undefined; } | undefined'.
src/functions/rfid/create-card.ts(278,7): error TS2322: Type '{ role: string; email: string; id: string; firstName: string | null; lastName: string | null; }' is not assignable to type '{ id: string; firstName: string; lastName: string; email: string; role: string; }'.
  Types of property 'firstName' are incompatible.
    Type 'string | null' is not assignable to type 'string'.
      Type 'null' is not assignable to type 'string'.
src/functions/rfid/delivery-verification.ts(307,81): error TS2345: Argument of type 'unknown' is not assignable to parameter of type 'Error | undefined'.
src/functions/rfid/delivery-verification.ts(355,80): error TS2345: Argument of type 'unknown' is not assignable to parameter of type 'Error | undefined'.
src/functions/rfid/delivery-verification.ts(407,9): error TS2345: Argument of type 'number' is not assignable to parameter of type 'string'.
src/functions/rfid/delivery-verification.ts(427,9): error TS2345: Argument of type 'number' is not assignable to parameter of type 'string'.
src/functions/rfid/delivery-verification.ts(448,9): error TS2345: Argument of type 'number' is not assignable to parameter of type 'string'.
src/functions/rfid/delivery-verification.ts(461,9): error TS2345: Argument of type 'number' is not assignable to parameter of type 'string'.
src/functions/rfid/delivery-verification.ts(537,50): error TS2345: Argument of type 'unknown' is not assignable to parameter of type 'Error | undefined'.
src/functions/rfid/get-card.ts(279,34): error TS2345: Argument of type 'number' is not assignable to parameter of type 'string'.
src/functions/rfid/get-card.ts(285,34): error TS2345: Argument of type 'number' is not assignable to parameter of type 'string'.
src/functions/rfid/get-card.ts(299,34): error TS2345: Argument of type 'number' is not assignable to parameter of type 'string'.
src/functions/rfid/manage-readers.ts(388,7): error TS2322: Type 'string | null' is not assignable to type 'string'.
  Type 'null' is not assignable to type 'string'.
src/functions/rfid/manage-readers.ts(530,36): error TS2345: Argument of type 'number' is not assignable to parameter of type 'string'.
src/functions/rfid/manage-readers.ts(561,32): error TS2345: Argument of type 'number' is not assignable to parameter of type 'string'.
src/functions/rfid/manage-readers.ts(574,32): error TS2345: Argument of type 'number' is not assignable to parameter of type 'string'.
src/functions/rfid/manage-readers.ts(607,32): error TS2345: Argument of type 'number' is not assignable to parameter of type 'string'.
src/functions/rfid/manage-readers.ts(616,32): error TS2345: Argument of type 'number' is not assignable to parameter of type 'string'.
src/functions/rfid/manage-readers.ts(626,32): error TS2345: Argument of type 'number' is not assignable to parameter of type 'string'.
src/functions/rfid/manage-readers.ts(638,32): error TS2345: Argument of type 'number' is not assignable to parameter of type 'string'.
src/functions/rfid/manage-readers.ts(677,34): error TS2345: Argument of type 'number' is not assignable to parameter of type 'string'.
src/functions/rfid/manage-readers.ts(682,34): error TS2345: Argument of type 'number' is not assignable to parameter of type 'string'.
src/functions/rfid/manage-readers.ts(813,32): error TS2345: Argument of type 'number' is not assignable to parameter of type 'string'.
src/functions/rfid/manage-readers.ts(823,32): error TS2345: Argument of type 'number' is not assignable to parameter of type 'string'.
src/functions/rfid/manage-readers.ts(835,32): error TS2345: Argument of type 'number' is not assignable to parameter of type 'string'.
src/functions/rfid/mobile-card-management.ts(412,34): error TS2345: Argument of type 'number' is not assignable to parameter of type 'string'.
src/functions/rfid/mobile-card-management.ts(415,39): error TS2339: Property 'id' does not exist on type 'JWTPayload'.
src/functions/rfid/mobile-card-management.ts(417,34): error TS2345: Argument of type 'number' is not assignable to parameter of type 'string'.
src/functions/rfid/mobile-card-management.ts(422,34): error TS2345: Argument of type 'number' is not assignable to parameter of type 'string'.
src/functions/rfid/mobile-card-management.ts(428,34): error TS2345: Argument of type 'number' is not assignable to parameter of type 'string'.
src/functions/rfid/mobile-card-management.ts(434,34): error TS2345: Argument of type 'number' is not assignable to parameter of type 'string'.
src/functions/rfid/mobile-card-management.ts(482,34): error TS2345: Argument of type 'number' is not assignable to parameter of type 'string'.
src/functions/rfid/mobile-card-management.ts(494,34): error TS2345: Argument of type 'number' is not assignable to parameter of type 'string'.
src/functions/rfid/mobile-card-management.ts(500,34): error TS2345: Argument of type 'number' is not assignable to parameter of type 'string'.
src/functions/rfid/mobile-card-management.ts(514,34): error TS2345: Argument of type 'number' is not assignable to parameter of type 'string'.
src/functions/rfid/mobile-card-management.ts(529,34): error TS2345: Argument of type 'number' is not assignable to parameter of type 'string'.
src/functions/rfid/mobile-card-management.ts(536,34): error TS2345: Argument of type 'number' is not assignable to parameter of type 'string'.
src/functions/rfid/mobile-card-management.ts(541,32): error TS2345: Argument of type 'number' is not assignable to parameter of type 'string'.
src/functions/rfid/mobile-card-management.ts(604,36): error TS2345: Argument of type 'number' is not assignable to parameter of type 'string'.
src/functions/rfid/mobile-card-management.ts(607,64): error TS2345: Argument of type 'unknown' is not assignable to parameter of type 'Error | undefined'.
src/functions/rfid/mobile-tracking.ts(86,9): error TS2353: Object literal may only specify known properties, and 'card' does not exist in type 'UserInclude<DefaultArgs>'.
src/functions/rfid/mobile-tracking.ts(128,53): error TS2345: Argument of type 'unknown' is not assignable to parameter of type 'Error | undefined'.
src/functions/rfid/mobile-tracking.ts(248,34): error TS2345: Argument of type 'number' is not assignable to parameter of type 'string'.
src/functions/rfid/mobile-tracking.ts(254,34): error TS2345: Argument of type 'number' is not assignable to parameter of type 'string'.
src/functions/rfid/mobile-tracking.ts(260,34): error TS2345: Argument of type 'number' is not assignable to parameter of type 'string'.
src/functions/rfid/mobile-tracking.ts(268,9): error TS2353: Object literal may only specify known properties, and 'card' does not exist in type 'UserInclude<DefaultArgs>'.
src/functions/rfid/mobile-tracking.ts(277,34): error TS2345: Argument of type 'number' is not assignable to parameter of type 'string'.
src/functions/rfid/mobile-tracking.ts(450,34): error TS2345: Argument of type 'number' is not assignable to parameter of type 'string'.
src/functions/rfid/mobile-tracking.ts(459,34): error TS2345: Argument of type 'number' is not assignable to parameter of type 'string'.
src/functions/rfid/mobile-tracking.ts(465,34): error TS2345: Argument of type 'number' is not assignable to parameter of type 'string'.
src/functions/rfid/mobile-tracking.ts(474,13): error TS2353: Object literal may only specify known properties, and 'card' does not exist in type 'UserInclude<DefaultArgs>'.
src/functions/rfid/mobile-tracking.ts(481,34): error TS2345: Argument of type 'number' is not assignable to parameter of type 'string'.
src/functions/rfid/mobile-tracking.ts(554,36): error TS2345: Argument of type 'number' is not assignable to parameter of type 'string'.
src/functions/rfid/mobile-tracking.ts(557,52): error TS2345: Argument of type 'unknown' is not assignable to parameter of type 'Error | undefined'.
src/functions/rfid/photo-verification.ts(195,39): error TS2339: Property 'match' does not exist on type '{ test(pattern: string | RegExp, input: string, timeoutMs?: number): RegexTestResult; }'.
src/functions/rfid/photo-verification.ts(287,71): error TS2345: Argument of type 'unknown' is not assignable to parameter of type 'Error | undefined'.
src/functions/rfid/photo-verification.ts(317,71): error TS2345: Argument of type 'unknown' is not assignable to parameter of type 'Error | undefined'.
src/functions/rfid/photo-verification.ts(412,76): error TS2345: Argument of type 'unknown' is not assignable to parameter of type 'Error | undefined'.
src/functions/rfid/photo-verification.ts(442,9): error TS2345: Argument of type 'number' is not assignable to parameter of type 'string'.
src/functions/rfid/photo-verification.ts(452,34): error TS2345: Argument of type 'number' is not assignable to parameter of type 'string'.
src/functions/rfid/photo-verification.ts(466,9): error TS2345: Argument of type 'number' is not assignable to parameter of type 'string'.
src/functions/rfid/photo-verification.ts(483,9): error TS2345: Argument of type 'number' is not assignable to parameter of type 'string'.
src/functions/rfid/photo-verification.ts(555,47): error TS2345: Argument of type 'unknown' is not assignable to parameter of type 'Error | undefined'.
src/functions/rfid/photo-verification.ts(584,9): error TS2345: Argument of type 'number' is not assignable to parameter of type 'string'.
src/functions/rfid/photo-verification.ts(594,34): error TS2345: Argument of type 'number' is not assignable to parameter of type 'string'.
src/functions/rfid/photo-verification.ts(608,9): error TS2345: Argument of type 'number' is not assignable to parameter of type 'string'.
src/functions/rfid/photo-verification.ts(667,49): error TS2345: Argument of type 'unknown' is not assignable to parameter of type 'Error | undefined'.
src/functions/rfid/photo-verification.ts(695,9): error TS2345: Argument of type 'number' is not assignable to parameter of type 'string'.
src/functions/rfid/photo-verification.ts(705,34): error TS2345: Argument of type 'number' is not assignable to parameter of type 'string'.
src/functions/rfid/photo-verification.ts(714,9): error TS2345: Argument of type 'number' is not assignable to parameter of type 'string'.
src/functions/rfid/photo-verification.ts(727,9): error TS2345: Argument of type 'number' is not assignable to parameter of type 'string'.
src/functions/rfid/photo-verification.ts(772,51): error TS2345: Argument of type 'unknown' is not assignable to parameter of type 'Error | undefined'.
src/functions/rfid/verify-card.ts(184,11): error TS2353: Object literal may only specify known properties, and 'card' does not exist in type 'UserInclude<DefaultArgs>'.
src/functions/rfid/verify-card.ts(247,7): error TS2322: Type 'string | null' is not assignable to type 'string | undefined'.
  Type 'null' is not assignable to type 'string | undefined'.
tests/unit/functions/rfid/delivery-verification.test.ts(310,13): error TS2554: Expected 2 arguments, but got 1.
tests/unit/functions/rfid/delivery-verification.test.ts(341,13): error TS2554: Expected 2 arguments, but got 1.
tests/unit/functions/rfid/delivery-verification.test.ts(387,28): error TS2554: Expected 2 arguments, but got 1.
tests/unit/functions/rfid/delivery-verification.test.ts(405,13): error TS2554: Expected 2 arguments, but got 1.
tests/unit/functions/rfid/delivery-verification.test.ts(420,13): error TS2554: Expected 2 arguments, but got 1.
tests/unit/functions/rfid/delivery-verification.test.ts(432,28): error TS2554: Expected 2 arguments, but got 1.
tests/unit/functions/rfid/delivery-verification.test.ts(447,28): error TS2554: Expected 2 arguments, but got 1.
tests/unit/functions/rfid/delivery-verification.test.ts(461,28): error TS2554: Expected 2 arguments, but got 1.
tests/unit/functions/rfid/delivery-verification.test.ts(473,28): error TS2554: Expected 2 arguments, but got 1.
tests/unit/functions/rfid/delivery-verification.test.ts(490,28): error TS2554: Expected 2 arguments, but got 1.
tests/unit/functions/rfid/delivery-verification.test.ts(508,28): error TS2554: Expected 2 arguments, but got 1.
tests/unit/functions/rfid/delivery-verification.test.ts(526,28): error TS2554: Expected 2 arguments, but got 1.
tests/unit/functions/rfid/delivery-verification.test.ts(545,28): error TS2554: Expected 2 arguments, but got 1.
tests/unit/functions/rfid/delivery-verification.test.ts(564,28): error TS2554: Expected 2 arguments, but got 1.
tests/unit/functions/rfid/delivery-verification.test.ts(578,28): error TS2554: Expected 2 arguments, but got 1.
tests/unit/functions/rfid/delivery-verification.test.ts(592,28): error TS2554: Expected 2 arguments, but got 1.
tests/unit/functions/rfid/delivery-verification.test.ts(609,28): error TS2554: Expected 2 arguments, but got 1.
tests/unit/functions/rfid/delivery-verification.test.ts(626,28): error TS2554: Expected 2 arguments, but got 1.
tests/unit/functions/rfid/delivery-verification.test.ts(644,28): error TS2554: Expected 2 arguments, but got 1.
tests/unit/functions/rfid/delivery-verification.test.ts(658,28): error TS2554: Expected 2 arguments, but got 1.
tests/unit/functions/rfid/delivery-verification.test.ts(672,28): error TS2554: Expected 2 arguments, but got 1.
tests/unit/functions/rfid/delivery-verification.test.ts(688,13): error TS2554: Expected 2 arguments, but got 1.
tests/unit/functions/rfid/delivery-verification.test.ts(703,28): error TS2554: Expected 2 arguments, but got 1.
tests/unit/functions/rfid/delivery-verification.test.ts(717,28): error TS2554: Expected 2 arguments, but got 1.
tests/unit/functions/rfid/delivery-verification.test.ts(731,28): error TS2554: Expected 2 arguments, but got 1.
tests/unit/functions/rfid/delivery-verification.test.ts(745,13): error TS2554: Expected 2 arguments, but got 1.
tests/unit/functions/rfid/delivery-verification.test.ts(763,28): error TS2554: Expected 2 arguments, but got 1.
tests/unit/functions/rfid/delivery-verification.test.ts(790,28): error TS2554: Expected 2 arguments, but got 1.
tests/unit/functions/rfid/delivery-verification.test.ts(818,13): error TS2554: Expected 2 arguments, but got 1.
tests/unit/functions/rfid/delivery-verification.test.ts(828,13): error TS2554: Expected 2 arguments, but got 1.
tests/unit/functions/rfid/delivery-verification.test.ts(838,13): error TS2554: Expected 2 arguments, but got 1.
tests/unit/functions/rfid/delivery-verification.test.ts(852,13): error TS2554: Expected 2 arguments, but got 1.
tests/unit/functions/rfid/delivery-verification.test.ts(904,13): error TS2554: Expected 2 arguments, but got 1.
tests/unit/functions/rfid/delivery-verification.test.ts(915,13): error TS2554: Expected 2 arguments, but got 1.
tests/unit/functions/rfid/delivery-verification.test.ts(935,13): error TS2554: Expected 2 arguments, but got 1.
tests/unit/functions/rfid/verify-card.test.ts(398,13): error TS2554: Expected 2 arguments, but got 1.
tests/unit/functions/rfid/verify-card.test.ts(425,13): error TS2554: Expected 2 arguments, but got 1.
tests/unit/functions/rfid/verify-card.test.ts(452,13): error TS2554: Expected 2 arguments, but got 1.
tests/unit/functions/rfid/verify-card.test.ts(471,28): error TS2554: Expected 2 arguments, but got 1.
tests/unit/functions/rfid/verify-card.test.ts(486,13): error TS2554: Expected 2 arguments, but got 1.
tests/unit/functions/rfid/verify-card.test.ts(498,13): error TS2554: Expected 2 arguments, but got 1.
tests/unit/functions/rfid/verify-card.test.ts(510,13): error TS2554: Expected 2 arguments, but got 1.
tests/unit/functions/rfid/verify-card.test.ts(522,13): error TS2554: Expected 2 arguments, but got 1.
tests/unit/functions/rfid/verify-card.test.ts(534,28): error TS2554: Expected 2 arguments, but got 1.
tests/unit/functions/rfid/verify-card.test.ts(549,28): error TS2554: Expected 2 arguments, but got 1.
tests/unit/functions/rfid/verify-card.test.ts(564,28): error TS2554: Expected 2 arguments, but got 1.
tests/unit/functions/rfid/verify-card.test.ts(578,28): error TS2554: Expected 2 arguments, but got 1.
tests/unit/functions/rfid/verify-card.test.ts(590,28): error TS2554: Expected 2 arguments, but got 1.
tests/unit/functions/rfid/verify-card.test.ts(607,28): error TS2554: Expected 2 arguments, but got 1.
tests/unit/functions/rfid/verify-card.test.ts(625,28): error TS2554: Expected 2 arguments, but got 1.
tests/unit/functions/rfid/verify-card.test.ts(643,28): error TS2554: Expected 2 arguments, but got 1.
tests/unit/functions/rfid/verify-card.test.ts(661,28): error TS2554: Expected 2 arguments, but got 1.
tests/unit/functions/rfid/verify-card.test.ts(675,28): error TS2554: Expected 2 arguments, but got 1.
tests/unit/functions/rfid/verify-card.test.ts(692,28): error TS2554: Expected 2 arguments, but got 1.
tests/unit/functions/rfid/verify-card.test.ts(709,28): error TS2554: Expected 2 arguments, but got 1.
tests/unit/functions/rfid/verify-card.test.ts(729,28): error TS2554: Expected 2 arguments, but got 1.
tests/unit/functions/rfid/verify-card.test.ts(749,28): error TS2554: Expected 2 arguments, but got 1.
tests/unit/functions/rfid/verify-card.test.ts(765,28): error TS2554: Expected 2 arguments, but got 1.
tests/unit/functions/rfid/verify-card.test.ts(782,28): error TS2554: Expected 2 arguments, but got 1.
tests/unit/functions/rfid/verify-card.test.ts(799,28): error TS2554: Expected 2 arguments, but got 1.
tests/unit/functions/rfid/verify-card.test.ts(816,28): error TS2554: Expected 2 arguments, but got 1.
tests/unit/functions/rfid/verify-card.test.ts(832,28): error TS2554: Expected 2 arguments, but got 1.
tests/unit/functions/rfid/verify-card.test.ts(849,28): error TS2554: Expected 2 arguments, but got 1.
tests/unit/functions/rfid/verify-card.test.ts(866,28): error TS2554: Expected 2 arguments, but got 1.
tests/unit/functions/rfid/verify-card.test.ts(886,28): error TS2554: Expected 2 arguments, but got 1.
tests/unit/functions/rfid/verify-card.test.ts(906,28): error TS2554: Expected 2 arguments, but got 1.
tests/unit/functions/rfid/verify-card.test.ts(924,28): error TS2554: Expected 2 arguments, but got 1.
tests/unit/functions/rfid/verify-card.test.ts(937,28): error TS2554: Expected 2 arguments, but got 1.
tests/unit/functions/rfid/verify-card.test.ts(953,28): error TS2554: Expected 2 arguments, but got 1.
tests/unit/functions/rfid/verify-card.test.ts(965,13): error TS2554: Expected 2 arguments, but got 1.
tests/unit/functions/rfid/verify-card.test.ts(974,13): error TS2554: Expected 2 arguments, but got 1.
tests/unit/functions/rfid/verify-card.test.ts(986,13): error TS2554: Expected 2 arguments, but got 1.
tests/unit/functions/rfid/verify-card.test.ts(1008,13): error TS2554: Expected 2 arguments, but got 1.
tests/unit/functions/rfid/verify-card.test.ts(1032,13): error TS2554: Expected 2 arguments, but got 1.
