{
  "/Users/mahesha/Downloads/hasivu-platform/src/middleware/auth.middleware.ts": {
    "path": "/Users/mahesha/Downloads/hasivu-platform/src/middleware/auth.middleware.ts",
    "statementMap": {
      "0": { "start": { "line": 8, "column": 0 }, "end": { "line": 8, "column": 43 } },
      "1": { "start": { "line": 9, "column": 0 }, "end": { "line": 9, "column": 28 } },
      "2": { "start": { "line": 10, "column": 0 }, "end": { "line": 10, "column": 55 } },
      "3": { "start": { "line": 11, "column": 0 }, "end": { "line": 11, "column": 61 } },
      "4": { "start": { "line": 12, "column": 0 }, "end": { "line": 12, "column": 51 } },
      "5": { "start": { "line": 13, "column": 0 }, "end": { "line": 13, "column": 50 } },
      "6": { "start": { "line": 40, "column": 21 }, "end": { "line": 40, "column": 46 } },
      "7": { "start": { "line": 41, "column": 2 }, "end": { "line": 46, "column": 3 } },
      "8": { "start": { "line": 42, "column": 18 }, "end": { "line": 42, "column": 48 } },
      "9": { "start": { "line": 43, "column": 4 }, "end": { "line": 45, "column": 5 } },
      "10": { "start": { "line": 44, "column": 6 }, "end": { "line": 44, "column": 19 } },
      "11": { "start": { "line": 48, "column": 19 }, "end": { "line": 48, "column": 81 } },
      "12": { "start": { "line": 49, "column": 22 }, "end": { "line": 49, "column": 42 } },
      "13": { "start": { "line": 51, "column": 2 }, "end": { "line": 53, "column": 3 } },
      "14": { "start": { "line": 52, "column": 4 }, "end": { "line": 52, "column": 30 } },
      "15": { "start": { "line": 55, "column": 2 }, "end": { "line": 55, "column": 14 } },
      "16": { "start": { "line": 61, "column": 13 }, "end": { "line": 76, "column": 3 } },
      "17": { "start": { "line": 81, "column": 13 }, "end": { "line": 99, "column": 3 } },
      "18": { "start": { "line": 88, "column": 4 }, "end": { "line": 92, "column": 7 } },
      "19": { "start": { "line": 93, "column": 4 }, "end": { "line": 97, "column": 7 } },
      "20": { "start": { "line": 104, "column": 13 }, "end": { "line": 110, "column": 3 } },
      "21": { "start": { "line": 115, "column": 29 }, "end": { "line": 167, "column": 1 } },
      "22": { "start": { "line": 116, "column": 2 }, "end": { "line": 166, "column": 3 } },
      "23": { "start": { "line": 118, "column": 27 }, "end": { "line": 125, "column": 5 } },
      "24": { "start": { "line": 119, "column": 6 }, "end": { "line": 119, "column": 46 } },
      "25": { "start": { "line": 119, "column": 35 }, "end": { "line": 119, "column": 46 } },
      "26": { "start": { "line": 120, "column": 6 }, "end": { "line": 124, "column": 16 } },
      "27": { "start": { "line": 128, "column": 27 }, "end": { "line": 145, "column": 5 } },
      "28": { "start": { "line": 129, "column": 6 }, "end": { "line": 131, "column": 7 } },
      "29": { "start": { "line": 130, "column": 8 }, "end": { "line": 130, "column": 67 } },
      "30": { "start": { "line": 133, "column": 6 }, "end": { "line": 135, "column": 7 } },
      "31": { "start": { "line": 134, "column": 8 }, "end": { "line": 134, "column": 39 } },
      "32": { "start": { "line": 137, "column": 29 }, "end": { "line": 137, "column": 31 } },
      "33": { "start": { "line": 138, "column": 6 }, "end": { "line": 143, "column": 7 } },
      "34": { "start": { "line": 139, "column": 8 }, "end": { "line": 142, "column": 9 } },
      "35": { "start": { "line": 140, "column": 31 }, "end": { "line": 140, "column": 50 } },
      "36": { "start": { "line": 141, "column": 10 }, "end": { "line": 141, "column": 61 } },
      "37": { "start": { "line": 144, "column": 6 }, "end": { "line": 144, "column": 23 } },
      "38": { "start": { "line": 148, "column": 4 }, "end": { "line": 150, "column": 5 } },
      "39": { "start": { "line": 149, "column": 6 }, "end": { "line": 149, "column": 42 } },
      "40": { "start": { "line": 153, "column": 4 }, "end": { "line": 155, "column": 5 } },
      "41": { "start": { "line": 154, "column": 6 }, "end": { "line": 154, "column": 44 } },
      "42": { "start": { "line": 157, "column": 4 }, "end": { "line": 157, "column": 11 } },
      "43": { "start": { "line": 159, "column": 4 }, "end": { "line": 161, "column": 7 } },
      "44": { "start": { "line": 162, "column": 4 }, "end": { "line": 165, "column": 7 } },
      "45": { "start": { "line": 115, "column": 13 }, "end": { "line": 115, "column": 29 } },
      "46": { "start": { "line": 172, "column": 30 }, "end": { "line": 196, "column": 1 } },
      "47": { "start": { "line": 173, "column": 25 }, "end": { "line": 173, "column": 90 } },
      "48": { "start": { "line": 174, "column": 21 }, "end": { "line": 174, "column": 32 } },
      "49": { "start": { "line": 177, "column": 2 }, "end": { "line": 179, "column": 3 } },
      "50": { "start": { "line": 178, "column": 4 }, "end": { "line": 178, "column": 54 } },
      "51": { "start": { "line": 181, "column": 2 }, "end": { "line": 181, "column": 82 } },
      "52": { "start": { "line": 182, "column": 2 }, "end": { "line": 185, "column": 4 } },
      "53": { "start": { "line": 186, "column": 2 }, "end": { "line": 186, "column": 57 } },
      "54": { "start": { "line": 187, "column": 2 }, "end": { "line": 187, "column": 48 } },
      "55": { "start": { "line": 190, "column": 2 }, "end": { "line": 193, "column": 3 } },
      "56": { "start": { "line": 191, "column": 4 }, "end": { "line": 191, "column": 24 } },
      "57": { "start": { "line": 192, "column": 4 }, "end": { "line": 192, "column": 11 } },
      "58": { "start": { "line": 195, "column": 2 }, "end": { "line": 195, "column": 9 } },
      "59": { "start": { "line": 172, "column": 13 }, "end": { "line": 172, "column": 30 } },
      "60": { "start": { "line": 201, "column": 30 }, "end": { "line": 292, "column": 1 } },
      "61": { "start": { "line": 206, "column": 2 }, "end": { "line": 291, "column": 3 } },
      "62": { "start": { "line": 207, "column": 18 }, "end": { "line": 207, "column": 41 } },
      "63": { "start": { "line": 208, "column": 4 }, "end": { "line": 214, "column": 5 } },
      "64": { "start": { "line": 209, "column": 6 }, "end": { "line": 212, "column": 9 } },
      "65": { "start": { "line": 213, "column": 6 }, "end": { "line": 213, "column": 13 } },
      "66": { "start": { "line": 217, "column": 31 }, "end": { "line": 217, "column": 66 } },
      "67": { "start": { "line": 218, "column": 4 }, "end": { "line": 224, "column": 5 } },
      "68": { "start": { "line": 219, "column": 6 }, "end": { "line": 222, "column": 9 } },
      "69": { "start": { "line": 223, "column": 6 }, "end": { "line": 223, "column": 13 } },
      "70": { "start": { "line": 226, "column": 20 }, "end": { "line": 226, "column": 46 } },
      "71": { "start": { "line": 229, "column": 4 }, "end": { "line": 235, "column": 5 } },
      "72": { "start": { "line": 230, "column": 6 }, "end": { "line": 233, "column": 9 } },
      "73": { "start": { "line": 234, "column": 6 }, "end": { "line": 234, "column": 13 } },
      "74": { "start": { "line": 238, "column": 24 }, "end": { "line": 238, "column": 85 } },
      "75": { "start": { "line": 239, "column": 4 }, "end": { "line": 245, "column": 5 } },
      "76": { "start": { "line": 240, "column": 6 }, "end": { "line": 243, "column": 9 } },
      "77": { "start": { "line": 244, "column": 6 }, "end": { "line": 244, "column": 13 } },
      "78": { "start": { "line": 248, "column": 4 }, "end": { "line": 251, "column": 7 } },
      "79": { "start": { "line": 254, "column": 4 }, "end": { "line": 261, "column": 6 } },
      "80": { "start": { "line": 262, "column": 4 }, "end": { "line": 262, "column": 38 } },
      "81": { "start": { "line": 264, "column": 4 }, "end": { "line": 268, "column": 7 } },
      "82": { "start": { "line": 270, "column": 4 }, "end": { "line": 270, "column": 11 } },
      "83": { "start": { "line": 272, "column": 4 }, "end": { "line": 274, "column": 7 } },
      "84": { "start": { "line": 275, "column": 4 }, "end": { "line": 290, "column": 5 } },
      "85": { "start": { "line": 276, "column": 6 }, "end": { "line": 279, "column": 9 } },
      "86": { "start": { "line": 280, "column": 11 }, "end": { "line": 290, "column": 5 } },
      "87": { "start": { "line": 281, "column": 6 }, "end": { "line": 284, "column": 9 } },
      "88": { "start": { "line": 286, "column": 6 }, "end": { "line": 289, "column": 9 } },
      "89": { "start": { "line": 201, "column": 13 }, "end": { "line": 201, "column": 30 } },
      "90": { "start": { "line": 297, "column": 38 }, "end": { "line": 350, "column": 1 } },
      "91": { "start": { "line": 302, "column": 2 }, "end": { "line": 349, "column": 3 } },
      "92": { "start": { "line": 303, "column": 18 }, "end": { "line": 303, "column": 41 } },
      "93": { "start": { "line": 304, "column": 4 }, "end": { "line": 308, "column": 5 } },
      "94": { "start": { "line": 306, "column": 6 }, "end": { "line": 306, "column": 13 } },
      "95": { "start": { "line": 307, "column": 6 }, "end": { "line": 307, "column": 13 } },
      "96": { "start": { "line": 311, "column": 4 }, "end": { "line": 340, "column": 5 } },
      "97": { "start": { "line": 312, "column": 33 }, "end": { "line": 312, "column": 68 } },
      "98": { "start": { "line": 313, "column": 6 }, "end": { "line": 336, "column": 7 } },
      "99": { "start": { "line": 314, "column": 24 }, "end": { "line": 314, "column": 50 } },
      "100": { "start": { "line": 317, "column": 8 }, "end": { "line": 335, "column": 9 } },
      "101": { "start": { "line": 319, "column": 30 }, "end": { "line": 319, "column": 91 } },
      "102": { "start": { "line": 320, "column": 10 }, "end": { "line": 334, "column": 11 } },
      "103": { "start": { "line": 321, "column": 12 }, "end": { "line": 326, "column": 14 } },
      "104": { "start": { "line": 327, "column": 12 }, "end": { "line": 327, "column": 46 } },
      "105": { "start": { "line": 330, "column": 12 }, "end": { "line": 333, "column": 15 } },
      "106": { "start": { "line": 339, "column": 6 }, "end": { "line": 339, "column": 97 } },
      "107": { "start": { "line": 342, "column": 4 }, "end": { "line": 342, "column": 11 } },
      "108": { "start": { "line": 344, "column": 4 }, "end": { "line": 346, "column": 7 } },
      "109": { "start": { "line": 348, "column": 4 }, "end": { "line": 348, "column": 11 } },
      "110": { "start": { "line": 297, "column": 13 }, "end": { "line": 297, "column": 38 } },
      "111": { "start": { "line": 355, "column": 27 }, "end": { "line": 384, "column": 1 } },
      "112": { "start": { "line": 356, "column": 23 }, "end": { "line": 356, "column": 61 } },
      "113": { "start": { "line": 358, "column": 2 }, "end": { "line": 383, "column": 4 } },
      "114": { "start": { "line": 359, "column": 4 }, "end": { "line": 365, "column": 5 } },
      "115": { "start": { "line": 360, "column": 6 }, "end": { "line": 363, "column": 9 } },
      "116": { "start": { "line": 364, "column": 6 }, "end": { "line": 364, "column": 13 } },
      "117": { "start": { "line": 367, "column": 4 }, "end": { "line": 380, "column": 5 } },
      "118": { "start": { "line": 368, "column": 6 }, "end": { "line": 372, "column": 9 } },
      "119": { "start": { "line": 374, "column": 6 }, "end": { "line": 378, "column": 9 } },
      "120": { "start": { "line": 379, "column": 6 }, "end": { "line": 379, "column": 13 } },
      "121": { "start": { "line": 382, "column": 4 }, "end": { "line": 382, "column": 11 } },
      "122": { "start": { "line": 355, "column": 13 }, "end": { "line": 355, "column": 27 } },
      "123": { "start": { "line": 389, "column": 33 }, "end": { "line": 422, "column": 1 } },
      "124": { "start": { "line": 390, "column": 30 }, "end": { "line": 390, "column": 86 } },
      "125": { "start": { "line": 392, "column": 2 }, "end": { "line": 421, "column": 4 } },
      "126": { "start": { "line": 393, "column": 4 }, "end": { "line": 399, "column": 5 } },
      "127": { "start": { "line": 394, "column": 6 }, "end": { "line": 397, "column": 9 } },
      "128": { "start": { "line": 398, "column": 6 }, "end": { "line": 398, "column": 13 } },
      "129": { "start": { "line": 401, "column": 26 }, "end": { "line": 402, "column": null } },
      "130": { "start": { "line": 402, "column": 6 }, "end": { "line": 402, "column": 48 } },
      "131": { "start": { "line": 405, "column": 4 }, "end": { "line": 418, "column": 5 } },
      "132": { "start": { "line": 406, "column": 6 }, "end": { "line": 410, "column": 9 } },
      "133": { "start": { "line": 412, "column": 6 }, "end": { "line": 416, "column": 9 } },
      "134": { "start": { "line": 417, "column": 6 }, "end": { "line": 417, "column": 13 } },
      "135": { "start": { "line": 420, "column": 4 }, "end": { "line": 420, "column": 11 } },
      "136": { "start": { "line": 389, "column": 13 }, "end": { "line": 389, "column": 33 } },
      "137": { "start": { "line": 427, "column": 25 }, "end": { "line": 472, "column": 1 } },
      "138": { "start": { "line": 428, "column": 2 }, "end": { "line": 471, "column": 4 } },
      "139": { "start": { "line": 429, "column": 4 }, "end": { "line": 440, "column": 5 } },
      "140": { "start": { "line": 430, "column": 6 }, "end": { "line": 433, "column": 7 } },
      "141": { "start": { "line": 431, "column": 8 }, "end": { "line": 431, "column": 15 } },
      "142": { "start": { "line": 432, "column": 8 }, "end": { "line": 432, "column": 15 } },
      "143": { "start": { "line": 435, "column": 6 }, "end": { "line": 438, "column": 9 } },
      "144": { "start": { "line": 439, "column": 6 }, "end": { "line": 439, "column": 13 } },
      "145": { "start": { "line": 443, "column": 4 }, "end": { "line": 452, "column": 5 } },
      "146": { "start": { "line": 444, "column": 6 }, "end": { "line": 451, "column": 7 } },
      "147": { "start": { "line": 445, "column": 8 }, "end": { "line": 449, "column": 11 } },
      "148": { "start": { "line": 450, "column": 8 }, "end": { "line": 450, "column": 15 } },
      "149": { "start": { "line": 455, "column": 4 }, "end": { "line": 468, "column": 5 } },
      "150": { "start": { "line": 456, "column": 28 }, "end": { "line": 457, "column": null } },
      "151": { "start": { "line": 457, "column": 8 }, "end": { "line": 457, "column": 50 } },
      "152": { "start": { "line": 460, "column": 6 }, "end": { "line": 467, "column": 7 } },
      "153": { "start": { "line": 461, "column": 8 }, "end": { "line": 465, "column": 11 } },
      "154": { "start": { "line": 466, "column": 8 }, "end": { "line": 466, "column": 15 } },
      "155": { "start": { "line": 470, "column": 4 }, "end": { "line": 470, "column": 11 } },
      "156": { "start": { "line": 427, "column": 13 }, "end": { "line": 427, "column": 25 } },
      "157": { "start": { "line": 477, "column": 24 }, "end": { "line": 514, "column": 1 } },
      "158": { "start": { "line": 478, "column": 2 }, "end": { "line": 513, "column": 4 } },
      "159": { "start": { "line": 479, "column": 22 }, "end": { "line": 479, "column": 32 } },
      "160": { "start": { "line": 482, "column": 4 }, "end": { "line": 492, "column": 7 } },
      "161": { "start": { "line": 495, "column": 25 }, "end": { "line": 495, "column": 33 } },
      "162": { "start": { "line": 496, "column": 4 }, "end": { "line": 510, "column": 6 } },
      "163": { "start": { "line": 497, "column": 23 }, "end": { "line": 497, "column": 45 } },
      "164": { "start": { "line": 498, "column": 22 }, "end": { "line": 498, "column": 67 } },
      "165": { "start": { "line": 500, "column": 6 }, "end": { "line": 507, "column": 9 } },
      "166": { "start": { "line": 509, "column": 6 }, "end": { "line": 509, "column": 43 } },
      "167": { "start": { "line": 512, "column": 4 }, "end": { "line": 512, "column": 11 } },
      "168": { "start": { "line": 477, "column": 13 }, "end": { "line": 477, "column": 24 } },
      "169": { "start": { "line": 519, "column": 30 }, "end": { "line": 544, "column": 1 } },
      "170": { "start": { "line": 520, "column": 2 }, "end": { "line": 543, "column": 4 } },
      "171": { "start": { "line": 521, "column": 20 }, "end": { "line": 535, "column": 17 } },
      "172": { "start": { "line": 522, "column": 6 }, "end": { "line": 534, "column": 7 } },
      "173": { "start": { "line": 523, "column": 8 }, "end": { "line": 528, "column": 11 } },
      "174": { "start": { "line": 530, "column": 8 }, "end": { "line": 533, "column": 11 } },
      "175": { "start": { "line": 538, "column": 4 }, "end": { "line": 540, "column": 7 } },
      "176": { "start": { "line": 539, "column": 6 }, "end": { "line": 539, "column": 28 } },
      "177": { "start": { "line": 542, "column": 4 }, "end": { "line": 542, "column": 11 } },
      "178": { "start": { "line": 519, "column": 13 }, "end": { "line": 519, "column": 30 } }
    },
    "fnMap": {
      "0": {
        "name": "extractAccessToken",
        "decl": { "start": { "line": 39, "column": 9 }, "end": { "line": 39, "column": 27 } },
        "loc": { "start": { "line": 39, "column": 40 }, "end": { "line": 56, "column": 1 } }
      },
      "1": {
        "name": "(anonymous_2)",
        "decl": { "start": { "line": 87, "column": 11 }, "end": { "line": 87, "column": 12 } },
        "loc": { "start": { "line": 87, "column": 24 }, "end": { "line": 98, "column": 3 } }
      },
      "2": {
        "name": "(anonymous_3)",
        "decl": { "start": { "line": 115, "column": 29 }, "end": { "line": 115, "column": 30 } },
        "loc": { "start": { "line": 115, "column": 87 }, "end": { "line": 167, "column": 1 } }
      },
      "3": {
        "name": "(anonymous_4)",
        "decl": { "start": { "line": 118, "column": 27 }, "end": { "line": 118, "column": 28 } },
        "loc": { "start": { "line": 118, "column": 51 }, "end": { "line": 125, "column": 5 } }
      },
      "4": {
        "name": "(anonymous_5)",
        "decl": { "start": { "line": 128, "column": 27 }, "end": { "line": 128, "column": 28 } },
        "loc": { "start": { "line": 128, "column": 45 }, "end": { "line": 145, "column": 5 } }
      },
      "5": {
        "name": "(anonymous_6)",
        "decl": { "start": { "line": 172, "column": 30 }, "end": { "line": 172, "column": 31 } },
        "loc": { "start": { "line": 172, "column": 88 }, "end": { "line": 196, "column": 1 } }
      },
      "6": {
        "name": "(anonymous_7)",
        "decl": { "start": { "line": 201, "column": 30 }, "end": { "line": 201, "column": 35 } },
        "loc": { "start": { "line": 205, "column": 19 }, "end": { "line": 292, "column": 1 } }
      },
      "7": {
        "name": "(anonymous_8)",
        "decl": { "start": { "line": 297, "column": 38 }, "end": { "line": 297, "column": 43 } },
        "loc": { "start": { "line": 301, "column": 19 }, "end": { "line": 350, "column": 1 } }
      },
      "8": {
        "name": "(anonymous_9)",
        "decl": { "start": { "line": 355, "column": 27 }, "end": { "line": 355, "column": 28 } },
        "loc": { "start": { "line": 355, "column": 56 }, "end": { "line": 384, "column": 1 } }
      },
      "9": {
        "name": "(anonymous_10)",
        "decl": { "start": { "line": 358, "column": 9 }, "end": { "line": 358, "column": 10 } },
        "loc": { "start": { "line": 358, "column": 80 }, "end": { "line": 383, "column": 3 } }
      },
      "10": {
        "name": "(anonymous_11)",
        "decl": { "start": { "line": 389, "column": 33 }, "end": { "line": 389, "column": 34 } },
        "loc": { "start": { "line": 389, "column": 68 }, "end": { "line": 422, "column": 1 } }
      },
      "11": {
        "name": "(anonymous_12)",
        "decl": { "start": { "line": 392, "column": 9 }, "end": { "line": 392, "column": 10 } },
        "loc": { "start": { "line": 392, "column": 80 }, "end": { "line": 421, "column": 3 } }
      },
      "12": {
        "name": "(anonymous_13)",
        "decl": { "start": { "line": 401, "column": 51 }, "end": { "line": 401, "column": 61 } },
        "loc": { "start": { "line": 402, "column": 6 }, "end": { "line": 402, "column": 48 } }
      },
      "13": {
        "name": "(anonymous_14)",
        "decl": { "start": { "line": 427, "column": 25 }, "end": { "line": 427, "column": 26 } },
        "loc": { "start": { "line": 427, "column": 50 }, "end": { "line": 472, "column": 1 } }
      },
      "14": {
        "name": "(anonymous_15)",
        "decl": { "start": { "line": 428, "column": 9 }, "end": { "line": 428, "column": 10 } },
        "loc": { "start": { "line": 428, "column": 80 }, "end": { "line": 471, "column": 3 } }
      },
      "15": {
        "name": "(anonymous_16)",
        "decl": { "start": { "line": 456, "column": 53 }, "end": { "line": 456, "column": 63 } },
        "loc": { "start": { "line": 457, "column": 8 }, "end": { "line": 457, "column": 50 } }
      },
      "16": {
        "name": "(anonymous_17)",
        "decl": { "start": { "line": 477, "column": 24 }, "end": { "line": 477, "column": 25 } },
        "loc": { "start": { "line": 477, "column": 46 }, "end": { "line": 514, "column": 1 } }
      },
      "17": {
        "name": "(anonymous_18)",
        "decl": { "start": { "line": 478, "column": 9 }, "end": { "line": 478, "column": 10 } },
        "loc": { "start": { "line": 478, "column": 80 }, "end": { "line": 513, "column": 3 } }
      },
      "18": {
        "name": "(anonymous_19)",
        "decl": { "start": { "line": 496, "column": 15 }, "end": { "line": 496, "column": 25 } },
        "loc": { "start": { "line": 496, "column": 29 }, "end": { "line": 510, "column": 5 } }
      },
      "19": {
        "name": "(anonymous_20)",
        "decl": { "start": { "line": 519, "column": 30 }, "end": { "line": 519, "column": 31 } },
        "loc": { "start": { "line": 519, "column": 60 }, "end": { "line": 544, "column": 1 } }
      },
      "20": {
        "name": "(anonymous_21)",
        "decl": { "start": { "line": 520, "column": 9 }, "end": { "line": 520, "column": 10 } },
        "loc": { "start": { "line": 520, "column": 67 }, "end": { "line": 543, "column": 3 } }
      },
      "21": {
        "name": "(anonymous_22)",
        "decl": { "start": { "line": 521, "column": 31 }, "end": { "line": 521, "column": 34 } },
        "loc": { "start": { "line": 521, "column": 36 }, "end": { "line": 535, "column": 5 } }
      },
      "22": {
        "name": "(anonymous_23)",
        "decl": { "start": { "line": 538, "column": 21 }, "end": { "line": 538, "column": 24 } },
        "loc": { "start": { "line": 538, "column": 26 }, "end": { "line": 540, "column": 5 } }
      }
    },
    "branchMap": {
      "0": {
        "loc": { "start": { "line": 41, "column": 2 }, "end": { "line": 46, "column": 3 } },
        "type": "if",
        "locations": [{ "start": { "line": 41, "column": 2 }, "end": { "line": 46, "column": 3 } }]
      },
      "1": {
        "loc": { "start": { "line": 41, "column": 6 }, "end": { "line": 41, "column": 52 } },
        "type": "binary-expr",
        "locations": [
          { "start": { "line": 41, "column": 6 }, "end": { "line": 41, "column": 16 } },
          { "start": { "line": 41, "column": 20 }, "end": { "line": 41, "column": 52 } }
        ]
      },
      "2": {
        "loc": { "start": { "line": 43, "column": 4 }, "end": { "line": 45, "column": 5 } },
        "type": "if",
        "locations": [{ "start": { "line": 43, "column": 4 }, "end": { "line": 45, "column": 5 } }]
      },
      "3": {
        "loc": { "start": { "line": 51, "column": 2 }, "end": { "line": 53, "column": 3 } },
        "type": "if",
        "locations": [{ "start": { "line": 51, "column": 2 }, "end": { "line": 53, "column": 3 } }]
      },
      "4": {
        "loc": { "start": { "line": 51, "column": 6 }, "end": { "line": 51, "column": 70 } },
        "type": "binary-expr",
        "locations": [
          { "start": { "line": 51, "column": 6 }, "end": { "line": 51, "column": 37 } },
          { "start": { "line": 51, "column": 41 }, "end": { "line": 51, "column": 70 } }
        ]
      },
      "5": {
        "loc": { "start": { "line": 119, "column": 6 }, "end": { "line": 119, "column": 46 } },
        "type": "if",
        "locations": [{ "start": { "line": 119, "column": 6 }, "end": { "line": 119, "column": 46 } }]
      },
      "6": {
        "loc": { "start": { "line": 129, "column": 6 }, "end": { "line": 131, "column": 7 } },
        "type": "if",
        "locations": [{ "start": { "line": 129, "column": 6 }, "end": { "line": 131, "column": 7 } }]
      },
      "7": {
        "loc": { "start": { "line": 129, "column": 10 }, "end": { "line": 129, "column": 49 } },
        "type": "binary-expr",
        "locations": [
          { "start": { "line": 129, "column": 10 }, "end": { "line": 129, "column": 22 } },
          { "start": { "line": 129, "column": 26 }, "end": { "line": 129, "column": 49 } }
        ]
      },
      "8": {
        "loc": { "start": { "line": 130, "column": 15 }, "end": { "line": 130, "column": 66 } },
        "type": "cond-expr",
        "locations": [
          { "start": { "line": 130, "column": 41 }, "end": { "line": 130, "column": 60 } },
          { "start": { "line": 130, "column": 63 }, "end": { "line": 130, "column": 66 } }
        ]
      },
      "9": {
        "loc": { "start": { "line": 133, "column": 6 }, "end": { "line": 135, "column": 7 } },
        "type": "if",
        "locations": [{ "start": { "line": 133, "column": 6 }, "end": { "line": 135, "column": 7 } }]
      },
      "10": {
        "loc": { "start": { "line": 139, "column": 8 }, "end": { "line": 142, "column": 9 } },
        "type": "if",
        "locations": [{ "start": { "line": 139, "column": 8 }, "end": { "line": 142, "column": 9 } }]
      },
      "11": {
        "loc": { "start": { "line": 148, "column": 4 }, "end": { "line": 150, "column": 5 } },
        "type": "if",
        "locations": [{ "start": { "line": 148, "column": 4 }, "end": { "line": 150, "column": 5 } }]
      },
      "12": {
        "loc": { "start": { "line": 153, "column": 4 }, "end": { "line": 155, "column": 5 } },
        "type": "if",
        "locations": [{ "start": { "line": 153, "column": 4 }, "end": { "line": 155, "column": 5 } }]
      },
      "13": {
        "loc": { "start": { "line": 160, "column": 20 }, "end": { "line": 160, "column": 74 } },
        "type": "cond-expr",
        "locations": [
          { "start": { "line": 160, "column": 45 }, "end": { "line": 160, "column": 58 } },
          { "start": { "line": 160, "column": 61 }, "end": { "line": 160, "column": 74 } }
        ]
      },
      "14": {
        "loc": { "start": { "line": 173, "column": 25 }, "end": { "line": 173, "column": 90 } },
        "type": "binary-expr",
        "locations": [
          { "start": { "line": 173, "column": 25 }, "end": { "line": 173, "column": 61 } },
          { "start": { "line": 173, "column": 65 }, "end": { "line": 173, "column": 90 } }
        ]
      },
      "15": {
        "loc": { "start": { "line": 177, "column": 2 }, "end": { "line": 179, "column": 3 } },
        "type": "if",
        "locations": [{ "start": { "line": 177, "column": 2 }, "end": { "line": 179, "column": 3 } }]
      },
      "16": {
        "loc": { "start": { "line": 177, "column": 6 }, "end": { "line": 177, "column": 47 } },
        "type": "binary-expr",
        "locations": [
          { "start": { "line": 177, "column": 6 }, "end": { "line": 177, "column": 12 } },
          { "start": { "line": 177, "column": 16 }, "end": { "line": 177, "column": 47 } }
        ]
      },
      "17": {
        "loc": { "start": { "line": 190, "column": 2 }, "end": { "line": 193, "column": 3 } },
        "type": "if",
        "locations": [{ "start": { "line": 190, "column": 2 }, "end": { "line": 193, "column": 3 } }]
      },
      "18": {
        "loc": { "start": { "line": 208, "column": 4 }, "end": { "line": 214, "column": 5 } },
        "type": "if",
        "locations": [{ "start": { "line": 208, "column": 4 }, "end": { "line": 214, "column": 5 } }]
      },
      "19": {
        "loc": { "start": { "line": 218, "column": 4 }, "end": { "line": 224, "column": 5 } },
        "type": "if",
        "locations": [{ "start": { "line": 218, "column": 4 }, "end": { "line": 224, "column": 5 } }]
      },
      "20": {
        "loc": { "start": { "line": 218, "column": 8 }, "end": { "line": 218, "column": 66 } },
        "type": "binary-expr",
        "locations": [
          { "start": { "line": 218, "column": 8 }, "end": { "line": 218, "column": 35 } },
          { "start": { "line": 218, "column": 39 }, "end": { "line": 218, "column": 66 } }
        ]
      },
      "21": {
        "loc": { "start": { "line": 221, "column": 17 }, "end": { "line": 221, "column": 60 } },
        "type": "binary-expr",
        "locations": [
          { "start": { "line": 221, "column": 17 }, "end": { "line": 221, "column": 41 } },
          { "start": { "line": 221, "column": 45 }, "end": { "line": 221, "column": 60 } }
        ]
      },
      "22": {
        "loc": { "start": { "line": 229, "column": 4 }, "end": { "line": 235, "column": 5 } },
        "type": "if",
        "locations": [{ "start": { "line": 229, "column": 4 }, "end": { "line": 235, "column": 5 } }]
      },
      "23": {
        "loc": { "start": { "line": 238, "column": 61 }, "end": { "line": 238, "column": 84 } },
        "type": "binary-expr",
        "locations": [
          { "start": { "line": 238, "column": 61 }, "end": { "line": 238, "column": 78 } },
          { "start": { "line": 238, "column": 82 }, "end": { "line": 238, "column": 84 } }
        ]
      },
      "24": {
        "loc": { "start": { "line": 239, "column": 4 }, "end": { "line": 245, "column": 5 } },
        "type": "if",
        "locations": [{ "start": { "line": 239, "column": 4 }, "end": { "line": 245, "column": 5 } }]
      },
      "25": {
        "loc": { "start": { "line": 248, "column": 44 }, "end": { "line": 248, "column": 67 } },
        "type": "binary-expr",
        "locations": [
          { "start": { "line": 248, "column": 44 }, "end": { "line": 248, "column": 61 } },
          { "start": { "line": 248, "column": 65 }, "end": { "line": 248, "column": 67 } }
        ]
      },
      "26": {
        "loc": { "start": { "line": 273, "column": 20 }, "end": { "line": 273, "column": 74 } },
        "type": "cond-expr",
        "locations": [
          { "start": { "line": 273, "column": 45 }, "end": { "line": 273, "column": 58 } },
          { "start": { "line": 273, "column": 61 }, "end": { "line": 273, "column": 74 } }
        ]
      },
      "27": {
        "loc": { "start": { "line": 275, "column": 4 }, "end": { "line": 290, "column": 5 } },
        "type": "if",
        "locations": [
          { "start": { "line": 275, "column": 4 }, "end": { "line": 290, "column": 5 } },
          { "start": { "line": 280, "column": 11 }, "end": { "line": 290, "column": 5 } }
        ]
      },
      "28": {
        "loc": { "start": { "line": 280, "column": 11 }, "end": { "line": 290, "column": 5 } },
        "type": "if",
        "locations": [
          { "start": { "line": 280, "column": 11 }, "end": { "line": 290, "column": 5 } },
          { "start": { "line": 285, "column": 11 }, "end": { "line": 290, "column": 5 } }
        ]
      },
      "29": {
        "loc": { "start": { "line": 304, "column": 4 }, "end": { "line": 308, "column": 5 } },
        "type": "if",
        "locations": [{ "start": { "line": 304, "column": 4 }, "end": { "line": 308, "column": 5 } }]
      },
      "30": {
        "loc": { "start": { "line": 313, "column": 6 }, "end": { "line": 336, "column": 7 } },
        "type": "if",
        "locations": [{ "start": { "line": 313, "column": 6 }, "end": { "line": 336, "column": 7 } }]
      },
      "31": {
        "loc": { "start": { "line": 313, "column": 10 }, "end": { "line": 313, "column": 66 } },
        "type": "binary-expr",
        "locations": [
          { "start": { "line": 313, "column": 10 }, "end": { "line": 313, "column": 36 } },
          { "start": { "line": 313, "column": 40 }, "end": { "line": 313, "column": 66 } }
        ]
      },
      "32": {
        "loc": { "start": { "line": 317, "column": 8 }, "end": { "line": 335, "column": 9 } },
        "type": "if",
        "locations": [{ "start": { "line": 317, "column": 8 }, "end": { "line": 335, "column": 9 } }]
      },
      "33": {
        "loc": { "start": { "line": 319, "column": 67 }, "end": { "line": 319, "column": 90 } },
        "type": "binary-expr",
        "locations": [
          { "start": { "line": 319, "column": 67 }, "end": { "line": 319, "column": 84 } },
          { "start": { "line": 319, "column": 88 }, "end": { "line": 319, "column": 90 } }
        ]
      },
      "34": {
        "loc": { "start": { "line": 320, "column": 10 }, "end": { "line": 334, "column": 11 } },
        "type": "if",
        "locations": [{ "start": { "line": 320, "column": 10 }, "end": { "line": 334, "column": 11 } }]
      },
      "35": {
        "loc": { "start": { "line": 330, "column": 52 }, "end": { "line": 330, "column": 75 } },
        "type": "binary-expr",
        "locations": [
          { "start": { "line": 330, "column": 52 }, "end": { "line": 330, "column": 69 } },
          { "start": { "line": 330, "column": 73 }, "end": { "line": 330, "column": 75 } }
        ]
      },
      "36": {
        "loc": { "start": { "line": 345, "column": 20 }, "end": { "line": 345, "column": 74 } },
        "type": "cond-expr",
        "locations": [
          { "start": { "line": 345, "column": 45 }, "end": { "line": 345, "column": 58 } },
          { "start": { "line": 345, "column": 61 }, "end": { "line": 345, "column": 74 } }
        ]
      },
      "37": {
        "loc": { "start": { "line": 356, "column": 23 }, "end": { "line": 356, "column": 61 } },
        "type": "cond-expr",
        "locations": [
          { "start": { "line": 356, "column": 46 }, "end": { "line": 356, "column": 51 } },
          { "start": { "line": 356, "column": 54 }, "end": { "line": 356, "column": 61 } }
        ]
      },
      "38": {
        "loc": { "start": { "line": 359, "column": 4 }, "end": { "line": 365, "column": 5 } },
        "type": "if",
        "locations": [{ "start": { "line": 359, "column": 4 }, "end": { "line": 365, "column": 5 } }]
      },
      "39": {
        "loc": { "start": { "line": 367, "column": 4 }, "end": { "line": 380, "column": 5 } },
        "type": "if",
        "locations": [{ "start": { "line": 367, "column": 4 }, "end": { "line": 380, "column": 5 } }]
      },
      "40": {
        "loc": { "start": { "line": 390, "column": 30 }, "end": { "line": 390, "column": 86 } },
        "type": "cond-expr",
        "locations": [
          { "start": { "line": 390, "column": 59 }, "end": { "line": 390, "column": 70 } },
          { "start": { "line": 390, "column": 73 }, "end": { "line": 390, "column": 86 } }
        ]
      },
      "41": {
        "loc": { "start": { "line": 393, "column": 4 }, "end": { "line": 399, "column": 5 } },
        "type": "if",
        "locations": [{ "start": { "line": 393, "column": 4 }, "end": { "line": 399, "column": 5 } }]
      },
      "42": {
        "loc": { "start": { "line": 405, "column": 4 }, "end": { "line": 418, "column": 5 } },
        "type": "if",
        "locations": [{ "start": { "line": 405, "column": 4 }, "end": { "line": 418, "column": 5 } }]
      },
      "43": {
        "loc": { "start": { "line": 429, "column": 4 }, "end": { "line": 440, "column": 5 } },
        "type": "if",
        "locations": [{ "start": { "line": 429, "column": 4 }, "end": { "line": 440, "column": 5 } }]
      },
      "44": {
        "loc": { "start": { "line": 430, "column": 6 }, "end": { "line": 433, "column": 7 } },
        "type": "if",
        "locations": [{ "start": { "line": 430, "column": 6 }, "end": { "line": 433, "column": 7 } }]
      },
      "45": {
        "loc": { "start": { "line": 443, "column": 4 }, "end": { "line": 452, "column": 5 } },
        "type": "if",
        "locations": [{ "start": { "line": 443, "column": 4 }, "end": { "line": 452, "column": 5 } }]
      },
      "46": {
        "loc": { "start": { "line": 443, "column": 8 }, "end": { "line": 443, "column": 49 } },
        "type": "binary-expr",
        "locations": [
          { "start": { "line": 443, "column": 8 }, "end": { "line": 443, "column": 21 } },
          { "start": { "line": 443, "column": 25 }, "end": { "line": 443, "column": 49 } }
        ]
      },
      "47": {
        "loc": { "start": { "line": 444, "column": 6 }, "end": { "line": 451, "column": 7 } },
        "type": "if",
        "locations": [{ "start": { "line": 444, "column": 6 }, "end": { "line": 451, "column": 7 } }]
      },
      "48": {
        "loc": { "start": { "line": 455, "column": 4 }, "end": { "line": 468, "column": 5 } },
        "type": "if",
        "locations": [{ "start": { "line": 455, "column": 4 }, "end": { "line": 468, "column": 5 } }]
      },
      "49": {
        "loc": { "start": { "line": 455, "column": 8 }, "end": { "line": 455, "column": 61 } },
        "type": "binary-expr",
        "locations": [
          { "start": { "line": 455, "column": 8 }, "end": { "line": 455, "column": 27 } },
          { "start": { "line": 455, "column": 31 }, "end": { "line": 455, "column": 61 } }
        ]
      },
      "50": {
        "loc": { "start": { "line": 460, "column": 6 }, "end": { "line": 467, "column": 7 } },
        "type": "if",
        "locations": [{ "start": { "line": 460, "column": 6 }, "end": { "line": 467, "column": 7 } }]
      },
      "51": {
        "loc": { "start": { "line": 498, "column": 22 }, "end": { "line": 498, "column": 67 } },
        "type": "binary-expr",
        "locations": [
          { "start": { "line": 498, "column": 22 }, "end": { "line": 498, "column": 43 } },
          { "start": { "line": 498, "column": 47 }, "end": { "line": 498, "column": 67 } }
        ]
      },
      "52": {
        "loc": { "start": { "line": 519, "column": 31 }, "end": { "line": 519, "column": 56 } },
        "type": "default-arg",
        "locations": [{ "start": { "line": 519, "column": 51 }, "end": { "line": 519, "column": 56 } }]
      },
      "53": {
        "loc": { "start": { "line": 522, "column": 6 }, "end": { "line": 534, "column": 7 } },
        "type": "if",
        "locations": [{ "start": { "line": 522, "column": 6 }, "end": { "line": 534, "column": 7 } }]
      }
    },
    "s": {
      "0": 6,
      "1": 6,
      "2": 6,
      "3": 6,
      "4": 6,
      "5": 6,
      "6": 4,
      "7": 3,
      "8": 0,
      "9": 0,
      "10": 0,
      "11": 3,
      "12": 3,
      "13": 3,
      "14": 1,
      "15": 2,
      "16": 6,
      "17": 6,
      "18": 35,
      "19": 35,
      "20": 6,
      "21": 6,
      "22": 1,
      "23": 1,
      "24": 7,
      "25": 0,
      "26": 7,
      "27": 1,
      "28": 6,
      "29": 3,
      "30": 3,
      "31": 0,
      "32": 3,
      "33": 3,
      "34": 4,
      "35": 4,
      "36": 4,
      "37": 3,
      "38": 1,
      "39": 1,
      "40": 1,
      "41": 1,
      "42": 1,
      "43": 0,
      "44": 0,
      "45": 6,
      "46": 6,
      "47": 1,
      "48": 1,
      "49": 1,
      "50": 1,
      "51": 1,
      "52": 1,
      "53": 1,
      "54": 1,
      "55": 1,
      "56": 1,
      "57": 1,
      "58": 0,
      "59": 6,
      "60": 6,
      "61": 2,
      "62": 2,
      "63": 1,
      "64": 1,
      "65": 1,
      "66": 0,
      "67": 0,
      "68": 0,
      "69": 0,
      "70": 0,
      "71": 0,
      "72": 0,
      "73": 0,
      "74": 0,
      "75": 0,
      "76": 0,
      "77": 0,
      "78": 0,
      "79": 0,
      "80": 0,
      "81": 0,
      "82": 0,
      "83": 1,
      "84": 1,
      "85": 0,
      "86": 1,
      "87": 0,
      "88": 1,
      "89": 6,
      "90": 6,
      "91": 2,
      "92": 2,
      "93": 2,
      "94": 1,
      "95": 1,
      "96": 1,
      "97": 1,
      "98": 1,
      "99": 0,
      "100": 0,
      "101": 0,
      "102": 0,
      "103": 0,
      "104": 0,
      "105": 0,
      "106": 0,
      "107": 1,
      "108": 0,
      "109": 0,
      "110": 6,
      "111": 6,
      "112": 2,
      "113": 2,
      "114": 2,
      "115": 1,
      "116": 1,
      "117": 1,
      "118": 1,
      "119": 1,
      "120": 1,
      "121": 0,
      "122": 6,
      "123": 6,
      "124": 1,
      "125": 1,
      "126": 1,
      "127": 0,
      "128": 0,
      "129": 1,
      "130": 1,
      "131": 1,
      "132": 1,
      "133": 1,
      "134": 1,
      "135": 0,
      "136": 6,
      "137": 6,
      "138": 0,
      "139": 0,
      "140": 0,
      "141": 0,
      "142": 0,
      "143": 0,
      "144": 0,
      "145": 0,
      "146": 0,
      "147": 0,
      "148": 0,
      "149": 0,
      "150": 0,
      "151": 0,
      "152": 0,
      "153": 0,
      "154": 0,
      "155": 0,
      "156": 6,
      "157": 6,
      "158": 0,
      "159": 0,
      "160": 0,
      "161": 0,
      "162": 0,
      "163": 0,
      "164": 0,
      "165": 0,
      "166": 0,
      "167": 0,
      "168": 6,
      "169": 6,
      "170": 0,
      "171": 0,
      "172": 0,
      "173": 0,
      "174": 0,
      "175": 0,
      "176": 0,
      "177": 0,
      "178": 6
    },
    "f": {
      "0": 4,
      "1": 35,
      "2": 1,
      "3": 7,
      "4": 6,
      "5": 1,
      "6": 2,
      "7": 2,
      "8": 2,
      "9": 2,
      "10": 1,
      "11": 1,
      "12": 1,
      "13": 0,
      "14": 0,
      "15": 0,
      "16": 0,
      "17": 0,
      "18": 0,
      "19": 0,
      "20": 0,
      "21": 0,
      "22": 0
    },
    "b": {
      "0": [0],
      "1": [3, 0],
      "2": [0],
      "3": [1],
      "4": [3, 1],
      "5": [0],
      "6": [3],
      "7": [6, 6],
      "8": [3, 0],
      "9": [0],
      "10": [4],
      "11": [1],
      "12": [1],
      "13": [0, 0],
      "14": [1, 0],
      "15": [1],
      "16": [1, 1],
      "17": [1],
      "18": [1],
      "19": [0],
      "20": [0, 0],
      "21": [0, 0],
      "22": [0],
      "23": [0, 0],
      "24": [0],
      "25": [0, 0],
      "26": [1, 0],
      "27": [0, 1],
      "28": [0, 1],
      "29": [1],
      "30": [0],
      "31": [1, 0],
      "32": [0],
      "33": [0, 0],
      "34": [0],
      "35": [0, 0],
      "36": [0, 0],
      "37": [1, 1],
      "38": [1],
      "39": [1],
      "40": [0, 1],
      "41": [0],
      "42": [1],
      "43": [0],
      "44": [0],
      "45": [0],
      "46": [0, 0],
      "47": [0],
      "48": [0],
      "49": [0, 0],
      "50": [0],
      "51": [0, 0],
      "52": [0],
      "53": [0]
    }
  },
  "/Users/mahesha/Downloads/hasivu-platform/src/middleware/csrf.middleware.ts": {
    "path": "/Users/mahesha/Downloads/hasivu-platform/src/middleware/csrf.middleware.ts",
    "statementMap": {
      "0": { "start": { "line": 7, "column": 0 }, "end": { "line": 7, "column": 61 } },
      "1": { "start": { "line": 8, "column": 0 }, "end": { "line": 8, "column": 50 } },
      "2": { "start": { "line": 31, "column": 38 }, "end": { "line": 43, "column": 2 } },
      "3": { "start": { "line": 49, "column": 30 }, "end": { "line": 144, "column": 1 } },
      "4": { "start": { "line": 50, "column": 21 }, "end": { "line": 50, "column": 56 } },
      "5": { "start": { "line": 52, "column": 2 }, "end": { "line": 143, "column": 4 } },
      "6": { "start": { "line": 53, "column": 4 }, "end": { "line": 142, "column": 5 } },
      "7": { "start": { "line": 55, "column": 6 }, "end": { "line": 58, "column": 7 } },
      "8": { "start": { "line": 56, "column": 8 }, "end": { "line": 56, "column": 15 } },
      "9": { "start": { "line": 57, "column": 8 }, "end": { "line": 57, "column": 15 } },
      "10": { "start": { "line": 61, "column": 6 }, "end": { "line": 64, "column": 7 } },
      "11": { "start": { "line": 61, "column": 45 }, "end": { "line": 61, "column": 70 } },
      "12": { "start": { "line": 62, "column": 8 }, "end": { "line": 62, "column": 15 } },
      "13": { "start": { "line": 63, "column": 8 }, "end": { "line": 63, "column": 15 } },
      "14": { "start": { "line": 67, "column": 24 }, "end": { "line": 67, "column": 89 } },
      "15": { "start": { "line": 69, "column": 6 }, "end": { "line": 75, "column": 7 } },
      "16": { "start": { "line": 70, "column": 8 }, "end": { "line": 73, "column": 11 } },
      "17": { "start": { "line": 74, "column": 8 }, "end": { "line": 74, "column": 15 } },
      "18": { "start": { "line": 79, "column": 9 }, "end": { "line": 81, "column": 40 } },
      "19": { "start": { "line": 83, "column": 6 }, "end": { "line": 97, "column": 7 } },
      "20": { "start": { "line": 84, "column": 8 }, "end": { "line": 90, "column": 11 } },
      "21": { "start": { "line": 92, "column": 8 }, "end": { "line": 95, "column": 11 } },
      "22": { "start": { "line": 96, "column": 8 }, "end": { "line": 96, "column": 15 } },
      "23": { "start": { "line": 100, "column": 26 }, "end": { "line": 100, "column": 86 } },
      "24": { "start": { "line": 102, "column": 6 }, "end": { "line": 117, "column": 7 } },
      "25": { "start": { "line": 103, "column": 8 }, "end": { "line": 110, "column": 11 } },
      "26": { "start": { "line": 112, "column": 8 }, "end": { "line": 115, "column": 11 } },
      "27": { "start": { "line": 116, "column": 8 }, "end": { "line": 116, "column": 15 } },
      "28": { "start": { "line": 120, "column": 6 }, "end": { "line": 120, "column": 32 } },
      "29": { "start": { "line": 121, "column": 6 }, "end": { "line": 121, "column": 32 } },
      "30": { "start": { "line": 123, "column": 6 }, "end": { "line": 127, "column": 9 } },
      "31": { "start": { "line": 129, "column": 6 }, "end": { "line": 129, "column": 13 } },
      "32": { "start": { "line": 131, "column": 6 }, "end": { "line": 136, "column": 9 } },
      "33": { "start": { "line": 138, "column": 6 }, "end": { "line": 141, "column": 9 } },
      "34": { "start": { "line": 49, "column": 13 }, "end": { "line": 49, "column": 30 } },
      "35": { "start": { "line": 149, "column": 31 }, "end": { "line": 183, "column": 1 } },
      "36": { "start": { "line": 154, "column": 2 }, "end": { "line": 182, "column": 3 } },
      "37": { "start": { "line": 155, "column": 22 }, "end": { "line": 155, "column": 87 } },
      "38": { "start": { "line": 157, "column": 4 }, "end": { "line": 171, "column": 5 } },
      "39": { "start": { "line": 159, "column": 23 }, "end": { "line": 159, "column": 72 } },
      "40": { "start": { "line": 162, "column": 6 }, "end": { "line": 162, "column": 52 } },
      "41": { "start": { "line": 165, "column": 6 }, "end": { "line": 165, "column": 44 } },
      "42": { "start": { "line": 167, "column": 6 }, "end": { "line": 170, "column": 9 } },
      "43": { "start": { "line": 173, "column": 4 }, "end": { "line": 173, "column": 11 } },
      "44": { "start": { "line": 175, "column": 4 }, "end": { "line": 178, "column": 7 } },
      "45": { "start": { "line": 181, "column": 4 }, "end": { "line": 181, "column": 11 } },
      "46": { "start": { "line": 149, "column": 13 }, "end": { "line": 149, "column": 31 } },
      "47": { "start": { "line": 189, "column": 32 }, "end": { "line": 249, "column": 1 } },
      "48": { "start": { "line": 190, "column": 21 }, "end": { "line": 190, "column": 56 } },
      "49": { "start": { "line": 192, "column": 2 }, "end": { "line": 248, "column": 4 } },
      "50": { "start": { "line": 193, "column": 4 }, "end": { "line": 247, "column": 5 } },
      "51": { "start": { "line": 195, "column": 6 }, "end": { "line": 198, "column": 7 } },
      "52": { "start": { "line": 196, "column": 8 }, "end": { "line": 196, "column": 15 } },
      "53": { "start": { "line": 197, "column": 8 }, "end": { "line": 197, "column": 15 } },
      "54": { "start": { "line": 201, "column": 6 }, "end": { "line": 204, "column": 7 } },
      "55": { "start": { "line": 201, "column": 45 }, "end": { "line": 201, "column": 70 } },
      "56": { "start": { "line": 202, "column": 8 }, "end": { "line": 202, "column": 15 } },
      "57": { "start": { "line": 203, "column": 8 }, "end": { "line": 203, "column": 15 } },
      "58": { "start": { "line": 207, "column": 26 }, "end": { "line": 207, "column": 48 } },
      "59": { "start": { "line": 209, "column": 9 }, "end": { "line": 209, "column": 98 } },
      "60": { "start": { "line": 212, "column": 6 }, "end": { "line": 218, "column": 7 } },
      "61": { "start": { "line": 213, "column": 8 }, "end": { "line": 216, "column": 11 } },
      "62": { "start": { "line": 217, "column": 8 }, "end": { "line": 217, "column": 15 } },
      "63": { "start": { "line": 220, "column": 6 }, "end": { "line": 233, "column": 7 } },
      "64": { "start": { "line": 221, "column": 8 }, "end": { "line": 226, "column": 11 } },
      "65": { "start": { "line": 228, "column": 8 }, "end": { "line": 231, "column": 11 } },
      "66": { "start": { "line": 232, "column": 8 }, "end": { "line": 232, "column": 15 } },
      "67": { "start": { "line": 235, "column": 6 }, "end": { "line": 235, "column": 13 } },
      "68": { "start": { "line": 237, "column": 6 }, "end": { "line": 241, "column": 9 } },
      "69": { "start": { "line": 243, "column": 6 }, "end": { "line": 246, "column": 9 } },
      "70": { "start": { "line": 189, "column": 13 }, "end": { "line": 189, "column": 32 } },
      "71": { "start": { "line": 255, "column": 28 }, "end": { "line": 312, "column": 1 } },
      "72": { "start": { "line": 256, "column": 2 }, "end": { "line": 311, "column": 3 } },
      "73": { "start": { "line": 258, "column": 23 }, "end": { "line": 258, "column": 34 } },
      "74": { "start": { "line": 259, "column": 24 }, "end": { "line": 259, "column": 35 } },
      "75": { "start": { "line": 260, "column": 21 }, "end": { "line": 260, "column": 32 } },
      "76": { "start": { "line": 263, "column": 4 }, "end": { "line": 297, "column": 5 } },
      "77": { "start": { "line": 264, "column": 6 }, "end": { "line": 276, "column": 7 } },
      "78": { "start": { "line": 265, "column": 8 }, "end": { "line": 269, "column": 11 } },
      "79": { "start": { "line": 271, "column": 8 }, "end": { "line": 274, "column": 11 } },
      "80": { "start": { "line": 275, "column": 8 }, "end": { "line": 275, "column": 15 } },
      "81": { "start": { "line": 279, "column": 6 }, "end": { "line": 296, "column": 7 } },
      "82": { "start": { "line": 280, "column": 27 }, "end": { "line": 280, "column": 47 } },
      "83": { "start": { "line": 281, "column": 8 }, "end": { "line": 295, "column": 9 } },
      "84": { "start": { "line": 282, "column": 10 }, "end": { "line": 288, "column": 13 } },
      "85": { "start": { "line": 290, "column": 10 }, "end": { "line": 293, "column": 13 } },
      "86": { "start": { "line": 294, "column": 10 }, "end": { "line": 294, "column": 17 } },
      "87": { "start": { "line": 299, "column": 4 }, "end": { "line": 299, "column": 11 } },
      "88": { "start": { "line": 301, "column": 4 }, "end": { "line": 305, "column": 7 } },
      "89": { "start": { "line": 307, "column": 4 }, "end": { "line": 310, "column": 7 } },
      "90": { "start": { "line": 255, "column": 13 }, "end": { "line": 255, "column": 28 } },
      "91": { "start": { "line": 318, "column": 38 }, "end": { "line": 320, "column": 1 } },
      "92": { "start": { "line": 319, "column": 2 }, "end": { "line": 319, "column": 65 } },
      "93": { "start": { "line": 318, "column": 13 }, "end": { "line": 318, "column": 38 } },
      "94": { "start": { "line": 326, "column": 28 }, "end": { "line": 365, "column": 1 } },
      "95": { "start": { "line": 327, "column": 2 }, "end": { "line": 364, "column": 3 } },
      "96": { "start": { "line": 328, "column": 22 }, "end": { "line": 328, "column": 44 } },
      "97": { "start": { "line": 330, "column": 4 }, "end": { "line": 336, "column": 5 } },
      "98": { "start": { "line": 331, "column": 6 }, "end": { "line": 334, "column": 9 } },
      "99": { "start": { "line": 335, "column": 6 }, "end": { "line": 335, "column": 13 } },
      "100": { "start": { "line": 339, "column": 30 }, "end": { "line": 339, "column": 82 } },
      "101": { "start": { "line": 340, "column": 4 }, "end": { "line": 346, "column": 5 } },
      "102": { "start": { "line": 341, "column": 6 }, "end": { "line": 344, "column": 9 } },
      "103": { "start": { "line": 345, "column": 6 }, "end": { "line": 345, "column": 13 } },
      "104": { "start": { "line": 349, "column": 21 }, "end": { "line": 349, "column": 70 } },
      "105": { "start": { "line": 351, "column": 4 }, "end": { "line": 354, "column": 7 } },
      "106": { "start": { "line": 356, "column": 4 }, "end": { "line": 358, "column": 7 } },
      "107": { "start": { "line": 360, "column": 4 }, "end": { "line": 363, "column": 7 } },
      "108": { "start": { "line": 326, "column": 13 }, "end": { "line": 326, "column": 28 } },
      "109": { "start": { "line": 367, "column": 0 }, "end": { "line": 374, "column": 2 } }
    },
    "fnMap": {
      "0": {
        "name": "(anonymous_0)",
        "decl": { "start": { "line": 49, "column": 30 }, "end": { "line": 49, "column": 31 } },
        "loc": { "start": { "line": 49, "column": 58 }, "end": { "line": 144, "column": 1 } }
      },
      "1": {
        "name": "(anonymous_1)",
        "decl": { "start": { "line": 52, "column": 9 }, "end": { "line": 52, "column": 14 } },
        "loc": { "start": { "line": 52, "column": 86 }, "end": { "line": 143, "column": 3 } }
      },
      "2": {
        "name": "(anonymous_2)",
        "decl": { "start": { "line": 61, "column": 37 }, "end": { "line": 61, "column": 41 } },
        "loc": { "start": { "line": 61, "column": 45 }, "end": { "line": 61, "column": 70 } }
      },
      "3": {
        "name": "(anonymous_3)",
        "decl": { "start": { "line": 149, "column": 31 }, "end": { "line": 149, "column": 36 } },
        "loc": { "start": { "line": 153, "column": 19 }, "end": { "line": 183, "column": 1 } }
      },
      "4": {
        "name": "(anonymous_4)",
        "decl": { "start": { "line": 189, "column": 32 }, "end": { "line": 189, "column": 33 } },
        "loc": { "start": { "line": 189, "column": 60 }, "end": { "line": 249, "column": 1 } }
      },
      "5": {
        "name": "(anonymous_5)",
        "decl": { "start": { "line": 192, "column": 9 }, "end": { "line": 192, "column": 10 } },
        "loc": { "start": { "line": 192, "column": 71 }, "end": { "line": 248, "column": 3 } }
      },
      "6": {
        "name": "(anonymous_6)",
        "decl": { "start": { "line": 201, "column": 37 }, "end": { "line": 201, "column": 41 } },
        "loc": { "start": { "line": 201, "column": 45 }, "end": { "line": 201, "column": 70 } }
      },
      "7": {
        "name": "(anonymous_7)",
        "decl": { "start": { "line": 255, "column": 28 }, "end": { "line": 255, "column": 29 } },
        "loc": { "start": { "line": 255, "column": 86 }, "end": { "line": 312, "column": 1 } }
      },
      "8": {
        "name": "(anonymous_8)",
        "decl": { "start": { "line": 318, "column": 38 }, "end": { "line": 318, "column": 39 } },
        "loc": { "start": { "line": 318, "column": 66 }, "end": { "line": 320, "column": 1 } }
      },
      "9": {
        "name": "(anonymous_9)",
        "decl": { "start": { "line": 326, "column": 28 }, "end": { "line": 326, "column": 33 } },
        "loc": { "start": { "line": 326, "column": 81 }, "end": { "line": 365, "column": 1 } }
      }
    },
    "branchMap": {
      "0": {
        "loc": { "start": { "line": 49, "column": 31 }, "end": { "line": 49, "column": 54 } },
        "type": "default-arg",
        "locations": [{ "start": { "line": 49, "column": 52 }, "end": { "line": 49, "column": 54 } }]
      },
      "1": {
        "loc": { "start": { "line": 55, "column": 6 }, "end": { "line": 58, "column": 7 } },
        "type": "if",
        "locations": [{ "start": { "line": 55, "column": 6 }, "end": { "line": 58, "column": 7 } }]
      },
      "2": {
        "loc": { "start": { "line": 61, "column": 6 }, "end": { "line": 64, "column": 7 } },
        "type": "if",
        "locations": [{ "start": { "line": 61, "column": 6 }, "end": { "line": 64, "column": 7 } }]
      },
      "3": {
        "loc": { "start": { "line": 67, "column": 24 }, "end": { "line": 67, "column": 89 } },
        "type": "binary-expr",
        "locations": [
          { "start": { "line": 67, "column": 24 }, "end": { "line": 67, "column": 46 } },
          { "start": { "line": 67, "column": 51 }, "end": { "line": 67, "column": 89 } }
        ]
      },
      "4": {
        "loc": { "start": { "line": 69, "column": 6 }, "end": { "line": 75, "column": 7 } },
        "type": "if",
        "locations": [{ "start": { "line": 69, "column": 6 }, "end": { "line": 75, "column": 7 } }]
      },
      "5": {
        "loc": { "start": { "line": 79, "column": 9 }, "end": { "line": 81, "column": 40 } },
        "type": "binary-expr",
        "locations": [
          { "start": { "line": 79, "column": 9 }, "end": { "line": 79, "column": 75 } },
          { "start": { "line": 80, "column": 8 }, "end": { "line": 80, "column": 27 } },
          { "start": { "line": 81, "column": 9 }, "end": { "line": 81, "column": 40 } }
        ]
      },
      "6": {
        "loc": { "start": { "line": 83, "column": 6 }, "end": { "line": 97, "column": 7 } },
        "type": "if",
        "locations": [{ "start": { "line": 83, "column": 6 }, "end": { "line": 97, "column": 7 } }]
      },
      "7": {
        "loc": { "start": { "line": 102, "column": 6 }, "end": { "line": 117, "column": 7 } },
        "type": "if",
        "locations": [{ "start": { "line": 102, "column": 6 }, "end": { "line": 117, "column": 7 } }]
      },
      "8": {
        "loc": { "start": { "line": 114, "column": 19 }, "end": { "line": 114, "column": 76 } },
        "type": "binary-expr",
        "locations": [
          { "start": { "line": 114, "column": 19 }, "end": { "line": 114, "column": 42 } },
          { "start": { "line": 114, "column": 46 }, "end": { "line": 114, "column": 76 } }
        ]
      },
      "9": {
        "loc": { "start": { "line": 132, "column": 22 }, "end": { "line": 132, "column": 78 } },
        "type": "cond-expr",
        "locations": [
          { "start": { "line": 132, "column": 47 }, "end": { "line": 132, "column": 60 } },
          { "start": { "line": 132, "column": 63 }, "end": { "line": 132, "column": 78 } }
        ]
      },
      "10": {
        "loc": { "start": { "line": 155, "column": 22 }, "end": { "line": 155, "column": 87 } },
        "type": "binary-expr",
        "locations": [
          { "start": { "line": 155, "column": 22 }, "end": { "line": 155, "column": 44 } },
          { "start": { "line": 155, "column": 49 }, "end": { "line": 155, "column": 87 } }
        ]
      },
      "11": {
        "loc": { "start": { "line": 157, "column": 4 }, "end": { "line": 171, "column": 5 } },
        "type": "if",
        "locations": [{ "start": { "line": 157, "column": 4 }, "end": { "line": 171, "column": 5 } }]
      },
      "12": {
        "loc": { "start": { "line": 176, "column": 20 }, "end": { "line": 176, "column": 76 } },
        "type": "cond-expr",
        "locations": [
          { "start": { "line": 176, "column": 45 }, "end": { "line": 176, "column": 58 } },
          { "start": { "line": 176, "column": 61 }, "end": { "line": 176, "column": 76 } }
        ]
      },
      "13": {
        "loc": { "start": { "line": 189, "column": 33 }, "end": { "line": 189, "column": 56 } },
        "type": "default-arg",
        "locations": [{ "start": { "line": 189, "column": 54 }, "end": { "line": 189, "column": 56 } }]
      },
      "14": {
        "loc": { "start": { "line": 195, "column": 6 }, "end": { "line": 198, "column": 7 } },
        "type": "if",
        "locations": [{ "start": { "line": 195, "column": 6 }, "end": { "line": 198, "column": 7 } }]
      },
      "15": {
        "loc": { "start": { "line": 201, "column": 6 }, "end": { "line": 204, "column": 7 } },
        "type": "if",
        "locations": [{ "start": { "line": 201, "column": 6 }, "end": { "line": 204, "column": 7 } }]
      },
      "16": {
        "loc": { "start": { "line": 209, "column": 9 }, "end": { "line": 209, "column": 98 } },
        "type": "binary-expr",
        "locations": [
          { "start": { "line": 209, "column": 9 }, "end": { "line": 209, "column": 75 } },
          { "start": { "line": 209, "column": 79 }, "end": { "line": 209, "column": 98 } }
        ]
      },
      "17": {
        "loc": { "start": { "line": 212, "column": 6 }, "end": { "line": 218, "column": 7 } },
        "type": "if",
        "locations": [{ "start": { "line": 212, "column": 6 }, "end": { "line": 218, "column": 7 } }]
      },
      "18": {
        "loc": { "start": { "line": 212, "column": 10 }, "end": { "line": 212, "column": 38 } },
        "type": "binary-expr",
        "locations": [
          { "start": { "line": 212, "column": 10 }, "end": { "line": 212, "column": 22 } },
          { "start": { "line": 212, "column": 26 }, "end": { "line": 212, "column": 38 } }
        ]
      },
      "19": {
        "loc": { "start": { "line": 220, "column": 6 }, "end": { "line": 233, "column": 7 } },
        "type": "if",
        "locations": [{ "start": { "line": 220, "column": 6 }, "end": { "line": 233, "column": 7 } }]
      },
      "20": {
        "loc": { "start": { "line": 238, "column": 22 }, "end": { "line": 238, "column": 78 } },
        "type": "cond-expr",
        "locations": [
          { "start": { "line": 238, "column": 47 }, "end": { "line": 238, "column": 60 } },
          { "start": { "line": 238, "column": 63 }, "end": { "line": 238, "column": 78 } }
        ]
      },
      "21": {
        "loc": { "start": { "line": 263, "column": 4 }, "end": { "line": 297, "column": 5 } },
        "type": "if",
        "locations": [{ "start": { "line": 263, "column": 4 }, "end": { "line": 297, "column": 5 } }]
      },
      "22": {
        "loc": { "start": { "line": 264, "column": 6 }, "end": { "line": 276, "column": 7 } },
        "type": "if",
        "locations": [{ "start": { "line": 264, "column": 6 }, "end": { "line": 276, "column": 7 } }]
      },
      "23": {
        "loc": { "start": { "line": 264, "column": 10 }, "end": { "line": 264, "column": 29 } },
        "type": "binary-expr",
        "locations": [
          { "start": { "line": 264, "column": 10 }, "end": { "line": 264, "column": 17 } },
          { "start": { "line": 264, "column": 21 }, "end": { "line": 264, "column": 29 } }
        ]
      },
      "24": {
        "loc": { "start": { "line": 279, "column": 6 }, "end": { "line": 296, "column": 7 } },
        "type": "if",
        "locations": [{ "start": { "line": 279, "column": 6 }, "end": { "line": 296, "column": 7 } }]
      },
      "25": {
        "loc": { "start": { "line": 281, "column": 8 }, "end": { "line": 295, "column": 9 } },
        "type": "if",
        "locations": [{ "start": { "line": 281, "column": 8 }, "end": { "line": 295, "column": 9 } }]
      },
      "26": {
        "loc": { "start": { "line": 302, "column": 20 }, "end": { "line": 302, "column": 76 } },
        "type": "cond-expr",
        "locations": [
          { "start": { "line": 302, "column": 45 }, "end": { "line": 302, "column": 58 } },
          { "start": { "line": 302, "column": 61 }, "end": { "line": 302, "column": 76 } }
        ]
      },
      "27": {
        "loc": { "start": { "line": 318, "column": 39 }, "end": { "line": 318, "column": 62 } },
        "type": "default-arg",
        "locations": [{ "start": { "line": 318, "column": 60 }, "end": { "line": 318, "column": 62 } }]
      },
      "28": {
        "loc": { "start": { "line": 330, "column": 4 }, "end": { "line": 336, "column": 5 } },
        "type": "if",
        "locations": [{ "start": { "line": 330, "column": 4 }, "end": { "line": 336, "column": 5 } }]
      },
      "29": {
        "loc": { "start": { "line": 340, "column": 4 }, "end": { "line": 346, "column": 5 } },
        "type": "if",
        "locations": [{ "start": { "line": 340, "column": 4 }, "end": { "line": 346, "column": 5 } }]
      },
      "30": {
        "loc": { "start": { "line": 343, "column": 17 }, "end": { "line": 343, "column": 71 } },
        "type": "binary-expr",
        "locations": [
          { "start": { "line": 343, "column": 17 }, "end": { "line": 343, "column": 40 } },
          { "start": { "line": 343, "column": 44 }, "end": { "line": 343, "column": 71 } }
        ]
      },
      "31": {
        "loc": { "start": { "line": 357, "column": 20 }, "end": { "line": 357, "column": 76 } },
        "type": "cond-expr",
        "locations": [
          { "start": { "line": 357, "column": 45 }, "end": { "line": 357, "column": 58 } },
          { "start": { "line": 357, "column": 61 }, "end": { "line": 357, "column": 76 } }
        ]
      }
    },
    "s": {
      "0": 3,
      "1": 3,
      "2": 3,
      "3": 3,
      "4": 4,
      "5": 4,
      "6": 7,
      "7": 7,
      "8": 1,
      "9": 1,
      "10": 6,
      "11": 35,
      "12": 1,
      "13": 1,
      "14": 5,
      "15": 5,
      "16": 0,
      "17": 0,
      "18": 5,
      "19": 5,
      "20": 2,
      "21": 2,
      "22": 2,
      "23": 3,
      "24": 3,
      "25": 1,
      "26": 1,
      "27": 1,
      "28": 2,
      "29": 2,
      "30": 2,
      "31": 2,
      "32": 0,
      "33": 0,
      "34": 3,
      "35": 3,
      "36": 3,
      "37": 3,
      "38": 3,
      "39": 2,
      "40": 2,
      "41": 2,
      "42": 2,
      "43": 3,
      "44": 0,
      "45": 0,
      "46": 3,
      "47": 3,
      "48": 0,
      "49": 0,
      "50": 0,
      "51": 0,
      "52": 0,
      "53": 0,
      "54": 0,
      "55": 0,
      "56": 0,
      "57": 0,
      "58": 0,
      "59": 0,
      "60": 0,
      "61": 0,
      "62": 0,
      "63": 0,
      "64": 0,
      "65": 0,
      "66": 0,
      "67": 0,
      "68": 0,
      "69": 0,
      "70": 3,
      "71": 3,
      "72": 0,
      "73": 0,
      "74": 0,
      "75": 0,
      "76": 0,
      "77": 0,
      "78": 0,
      "79": 0,
      "80": 0,
      "81": 0,
      "82": 0,
      "83": 0,
      "84": 0,
      "85": 0,
      "86": 0,
      "87": 0,
      "88": 0,
      "89": 0,
      "90": 3,
      "91": 3,
      "92": 0,
      "93": 3,
      "94": 3,
      "95": 0,
      "96": 0,
      "97": 0,
      "98": 0,
      "99": 0,
      "100": 0,
      "101": 0,
      "102": 0,
      "103": 0,
      "104": 0,
      "105": 0,
      "106": 0,
      "107": 0,
      "108": 3,
      "109": 3
    },
    "f": { "0": 4, "1": 7, "2": 35, "3": 3, "4": 0, "5": 0, "6": 0, "7": 0, "8": 0, "9": 0 },
    "b": {
      "0": [4],
      "1": [1],
      "2": [1],
      "3": [5, 2],
      "4": [0],
      "5": [5, 2, 2],
      "6": [2],
      "7": [1],
      "8": [1, 0],
      "9": [0, 0],
      "10": [3, 1],
      "11": [2],
      "12": [0, 0],
      "13": [0],
      "14": [0],
      "15": [0],
      "16": [0, 0],
      "17": [0],
      "18": [0, 0],
      "19": [0],
      "20": [0, 0],
      "21": [0],
      "22": [0],
      "23": [0, 0],
      "24": [0],
      "25": [0],
      "26": [0, 0],
      "27": [0],
      "28": [0],
      "29": [0],
      "30": [0, 0],
      "31": [0, 0]
    }
  },
  "/Users/mahesha/Downloads/hasivu-platform/src/routes/auth.routes.ts": {
    "path": "/Users/mahesha/Downloads/hasivu-platform/src/routes/auth.routes.ts",
    "statementMap": {
      "0": { "start": { "line": 8, "column": 0 }, "end": { "line": 8, "column": 52 } },
      "1": { "start": { "line": 9, "column": 0 }, "end": { "line": 9, "column": 55 } },
      "2": { "start": { "line": 10, "column": 0 }, "end": { "line": 10, "column": 63 } },
      "3": { "start": { "line": 11, "column": 0 }, "end": { "line": 11, "column": null } },
      "4": { "start": { "line": 16, "column": 0 }, "end": { "line": 16, "column": null } },
      "5": { "start": { "line": 21, "column": 0 }, "end": { "line": 21, "column": 41 } },
      "6": { "start": { "line": 22, "column": 0 }, "end": { "line": 22, "column": 74 } },
      "7": { "start": { "line": 24, "column": 15 }, "end": { "line": 24, "column": 23 } },
      "8": { "start": { "line": 505, "column": 19 }, "end": { "line": 505, "column": 29 } },
      "9": { "start": { "line": 27, "column": 19 }, "end": { "line": 27, "column": 81 } },
      "10": { "start": { "line": 28, "column": 16 }, "end": { "line": 28, "column": 31 } },
      "11": { "start": { "line": 30, "column": 2 }, "end": { "line": 30, "column": 89 } },
      "12": { "start": { "line": 34, "column": 21 }, "end": { "line": 34, "column": 46 } },
      "13": { "start": { "line": 35, "column": 2 }, "end": { "line": 40, "column": 3 } },
      "14": { "start": { "line": 36, "column": 18 }, "end": { "line": 36, "column": 48 } },
      "15": { "start": { "line": 37, "column": 4 }, "end": { "line": 39, "column": 5 } },
      "16": { "start": { "line": 38, "column": 6 }, "end": { "line": 38, "column": 19 } },
      "17": { "start": { "line": 42, "column": 2 }, "end": { "line": 42, "column": 44 } },
      "18": { "start": { "line": 46, "column": 2 }, "end": { "line": 51, "column": 4 } },
      "19": { "start": { "line": 55, "column": 2 }, "end": { "line": 61, "column": 4 } },
      "20": { "start": { "line": 65, "column": 24 }, "end": { "line": 70, "column": 4 } },
      "21": { "start": { "line": 72, "column": 2 }, "end": { "line": 72, "column": 48 } },
      "22": { "start": { "line": 73, "column": 2 }, "end": { "line": 73, "column": 49 } },
      "23": { "start": { "line": 74, "column": 2 }, "end": { "line": 74, "column": 46 } },
      "24": { "start": { "line": 80, "column": 20 }, "end": { "line": 80, "column": 70 } },
      "25": { "start": { "line": 86, "column": 2 }, "end": { "line": 86, "column": 33 } },
      "26": { "start": { "line": 93, "column": 0 }, "end": { "line": 206, "column": 3 } },
      "27": { "start": { "line": 94, "column": 2 }, "end": { "line": 205, "column": 3 } },
      "28": { "start": { "line": 95, "column": 76 }, "end": { "line": 95, "column": 84 } },
      "29": { "start": { "line": 98, "column": 4 }, "end": { "line": 103, "column": 5 } },
      "30": { "start": { "line": 99, "column": 6 }, "end": { "line": 102, "column": 9 } },
      "31": { "start": { "line": 106, "column": 4 }, "end": { "line": 111, "column": 5 } },
      "32": { "start": { "line": 107, "column": 6 }, "end": { "line": 110, "column": 9 } },
      "33": { "start": { "line": 114, "column": 4 }, "end": { "line": 119, "column": 5 } },
      "34": { "start": { "line": 115, "column": 6 }, "end": { "line": 118, "column": 9 } },
      "35": { "start": { "line": 122, "column": 31 }, "end": { "line": 122, "column": 69 } },
      "36": { "start": { "line": 123, "column": 4 }, "end": { "line": 129, "column": 5 } },
      "37": { "start": { "line": 124, "column": 6 }, "end": { "line": 128, "column": 9 } },
      "38": { "start": { "line": 132, "column": 25 }, "end": { "line": 134, "column": 6 } },
      "39": { "start": { "line": 136, "column": 4 }, "end": { "line": 141, "column": 5 } },
      "40": { "start": { "line": 137, "column": 6 }, "end": { "line": 140, "column": 9 } },
      "41": { "start": { "line": 144, "column": 25 }, "end": { "line": 144, "column": 65 } },
      "42": { "start": { "line": 147, "column": 17 }, "end": { "line": 175, "column": 6 } },
      "43": { "start": { "line": 149, "column": 22 }, "end": { "line": 157, "column": 8 } },
      "44": { "start": { "line": 160, "column": 23 }, "end": { "line": 162, "column": 8 } },
      "45": { "start": { "line": 164, "column": 6 }, "end": { "line": 172, "column": 7 } },
      "46": { "start": { "line": 166, "column": 8 }, "end": { "line": 171, "column": 11 } },
      "47": { "start": { "line": 174, "column": 6 }, "end": { "line": 174, "column": 21 } },
      "48": { "start": { "line": 177, "column": 4 }, "end": { "line": 177, "column": 63 } },
      "49": { "start": { "line": 179, "column": 4 }, "end": { "line": 189, "column": 7 } },
      "50": { "start": { "line": 191, "column": 4 }, "end": { "line": 200, "column": 7 } },
      "51": { "start": { "line": 201, "column": 4 }, "end": { "line": 204, "column": 7 } },
      "52": { "start": { "line": 212, "column": 0 }, "end": { "line": 295, "column": 3 } },
      "53": { "start": { "line": 213, "column": 2 }, "end": { "line": 294, "column": 3 } },
      "54": { "start": { "line": 214, "column": 44 }, "end": { "line": 214, "column": 52 } },
      "55": { "start": { "line": 217, "column": 4 }, "end": { "line": 222, "column": 5 } },
      "56": { "start": { "line": 218, "column": 6 }, "end": { "line": 221, "column": 9 } },
      "57": { "start": { "line": 225, "column": 23 }, "end": { "line": 233, "column": 6 } },
      "58": { "start": { "line": 235, "column": 4 }, "end": { "line": 240, "column": 5 } },
      "59": { "start": { "line": 236, "column": 6 }, "end": { "line": 239, "column": 9 } },
      "60": { "start": { "line": 243, "column": 4 }, "end": { "line": 245, "column": 5 } },
      "61": { "start": { "line": 244, "column": 6 }, "end": { "line": 244, "column": 68 } },
      "62": { "start": { "line": 248, "column": 4 }, "end": { "line": 253, "column": 5 } },
      "63": { "start": { "line": 249, "column": 6 }, "end": { "line": 252, "column": 9 } },
      "64": { "start": { "line": 256, "column": 26 }, "end": { "line": 256, "column": 63 } },
      "65": { "start": { "line": 258, "column": 4 }, "end": { "line": 258, "column": 76 } },
      "66": { "start": { "line": 259, "column": 4 }, "end": { "line": 262, "column": 7 } },
      "67": { "start": { "line": 264, "column": 4 }, "end": { "line": 266, "column": 5 } },
      "68": { "start": { "line": 265, "column": 6 }, "end": { "line": 265, "column": 67 } },
      "69": { "start": { "line": 268, "column": 4 }, "end": { "line": 268, "column": 57 } },
      "70": { "start": { "line": 270, "column": 4 }, "end": { "line": 278, "column": 7 } },
      "71": { "start": { "line": 280, "column": 4 }, "end": { "line": 289, "column": 7 } },
      "72": { "start": { "line": 290, "column": 4 }, "end": { "line": 293, "column": 7 } },
      "73": { "start": { "line": 301, "column": 0 }, "end": { "line": 351, "column": 3 } },
      "74": { "start": { "line": 302, "column": 2 }, "end": { "line": 350, "column": 3 } },
      "75": { "start": { "line": 303, "column": 25 }, "end": { "line": 303, "column": 56 } },
      "76": { "start": { "line": 305, "column": 4 }, "end": { "line": 310, "column": 5 } },
      "77": { "start": { "line": 306, "column": 6 }, "end": { "line": 309, "column": 9 } },
      "78": { "start": { "line": 312, "column": 19 }, "end": { "line": 312, "column": 69 } },
      "79": { "start": { "line": 314, "column": 4 }, "end": { "line": 320, "column": 5 } },
      "80": { "start": { "line": 315, "column": 6 }, "end": { "line": 315, "column": 28 } },
      "81": { "start": { "line": 316, "column": 6 }, "end": { "line": 319, "column": 9 } },
      "82": { "start": { "line": 322, "column": 4 }, "end": { "line": 322, "column": 82 } },
      "83": { "start": { "line": 323, "column": 4 }, "end": { "line": 326, "column": 7 } },
      "84": { "start": { "line": 328, "column": 4 }, "end": { "line": 334, "column": 7 } },
      "85": { "start": { "line": 336, "column": 4 }, "end": { "line": 345, "column": 7 } },
      "86": { "start": { "line": 346, "column": 4 }, "end": { "line": 349, "column": 7 } },
      "87": { "start": { "line": 353, "column": 0 }, "end": { "line": 363, "column": 2 } },
      "88": { "start": { "line": 357, "column": 4 }, "end": { "line": 361, "column": 7 } },
      "89": { "start": { "line": 365, "column": 0 }, "end": { "line": 376, "column": 2 } },
      "90": { "start": { "line": 369, "column": 4 }, "end": { "line": 374, "column": 7 } },
      "91": { "start": { "line": 378, "column": 0 }, "end": { "line": 404, "column": 2 } },
      "92": { "start": { "line": 382, "column": 4 }, "end": { "line": 402, "column": 5 } },
      "93": { "start": { "line": 383, "column": 6 }, "end": { "line": 385, "column": 7 } },
      "94": { "start": { "line": 384, "column": 8 }, "end": { "line": 384, "column": 80 } },
      "95": { "start": { "line": 387, "column": 6 }, "end": { "line": 387, "column": 28 } },
      "96": { "start": { "line": 389, "column": 6 }, "end": { "line": 392, "column": 9 } },
      "97": { "start": { "line": 394, "column": 6 }, "end": { "line": 394, "column": 95 } },
      "98": { "start": { "line": 396, "column": 6 }, "end": { "line": 396, "column": 28 } },
      "99": { "start": { "line": 398, "column": 6 }, "end": { "line": 401, "column": 9 } },
      "100": { "start": { "line": 406, "column": 0 }, "end": { "line": 427, "column": 2 } },
      "101": { "start": { "line": 410, "column": 4 }, "end": { "line": 425, "column": 5 } },
      "102": { "start": { "line": 411, "column": 6 }, "end": { "line": 411, "column": 48 } },
      "103": { "start": { "line": 412, "column": 6 }, "end": { "line": 412, "column": 28 } },
      "104": { "start": { "line": 414, "column": 6 }, "end": { "line": 417, "column": 9 } },
      "105": { "start": { "line": 419, "column": 6 }, "end": { "line": 419, "column": 99 } },
      "106": { "start": { "line": 420, "column": 6 }, "end": { "line": 420, "column": 28 } },
      "107": { "start": { "line": 421, "column": 6 }, "end": { "line": 424, "column": 9 } },
      "108": { "start": { "line": 433, "column": 0 }, "end": { "line": 460, "column": 3 } },
      "109": { "start": { "line": 434, "column": 2 }, "end": { "line": 459, "column": 3 } },
      "110": { "start": { "line": 435, "column": 25 }, "end": { "line": 435, "column": 33 } },
      "111": { "start": { "line": 437, "column": 4 }, "end": { "line": 442, "column": 5 } },
      "112": { "start": { "line": 438, "column": 6 }, "end": { "line": 441, "column": 9 } },
      "113": { "start": { "line": 444, "column": 23 }, "end": { "line": 444, "column": 61 } },
      "114": { "start": { "line": 446, "column": 4 }, "end": { "line": 449, "column": 7 } },
      "115": { "start": { "line": 451, "column": 4 }, "end": { "line": 454, "column": 6 } },
      "116": { "start": { "line": 455, "column": 4 }, "end": { "line": 458, "column": 7 } },
      "117": { "start": { "line": 466, "column": 0 }, "end": { "line": 503, "column": 3 } },
      "118": { "start": { "line": 467, "column": 2 }, "end": { "line": 502, "column": 3 } },
      "119": { "start": { "line": 468, "column": 22 }, "end": { "line": 468, "column": 30 } },
      "120": { "start": { "line": 470, "column": 4 }, "end": { "line": 475, "column": 5 } },
      "121": { "start": { "line": 471, "column": 6 }, "end": { "line": 474, "column": 9 } },
      "122": { "start": { "line": 478, "column": 17 }, "end": { "line": 480, "column": 6 } },
      "123": { "start": { "line": 483, "column": 4 }, "end": { "line": 486, "column": 7 } },
      "124": { "start": { "line": 489, "column": 4 }, "end": { "line": 492, "column": 5 } },
      "125": { "start": { "line": 491, "column": 6 }, "end": { "line": 491, "column": 60 } },
      "126": { "start": { "line": 494, "column": 4 }, "end": { "line": 497, "column": 6 } },
      "127": { "start": { "line": 498, "column": 4 }, "end": { "line": 501, "column": 7 } }
    },
    "fnMap": {
      "0": {
        "name": "getCookieValue",
        "decl": { "start": { "line": 26, "column": 9 }, "end": { "line": 26, "column": 23 } },
        "loc": { "start": { "line": 26, "column": 50 }, "end": { "line": 31, "column": 1 } }
      },
      "1": {
        "name": "getAccessTokenFromRequest",
        "decl": { "start": { "line": 33, "column": 9 }, "end": { "line": 33, "column": 34 } },
        "loc": { "start": { "line": 33, "column": 47 }, "end": { "line": 43, "column": 1 } }
      },
      "2": {
        "name": "getRefreshTokenFromRequest",
        "decl": { "start": { "line": 45, "column": 9 }, "end": { "line": 45, "column": 35 } },
[...]
        "locations": [
          { "start": { "line": 811, "column": 26 }, "end": { "line": 811, "column": 47 } },
          { "start": { "line": 811, "column": 51 }, "end": { "line": 811, "column": 61 } }
        ]
      }
    },
    "s": {
      "0": 1,
      "1": 1,
      "2": 1,
      "3": 1,
      "4": 1,
      "5": 1,
      "6": 1,
      "7": 1,
      "8": 1,
      "9": 2,
      "10": 2,
      "11": 1,
      "12": 0,
      "13": 1,
      "14": 0,
      "15": 1,
      "16": 0,
      "17": 1,
      "18": 1,
      "19": 1,
      "20": 1,
      "21": 0,
      "22": 1,
      "23": 0,
      "24": 0,
      "25": 0,
      "26": 2,
      "27": 2,
      "28": 2,
      "29": 0,
      "30": 2,
      "31": 0,
      "32": 0,
      "33": 0,
      "34": 1,
      "35": 1,
      "36": 1,
      "37": 0,
      "38": 0,
      "39": 0,
      "40": 0,
      "41": 0,
      "42": 0,
      "43": 0,
      "44": 0,
      "45": 0,
      "46": 0,
      "47": 0,
      "48": 0,
      "49": 0,
      "50": 0,
      "51": 0,
      "52": 0,
      "53": 1,
      "54": 1,
      "55": 1,
      "56": 0,
      "57": 0,
      "58": 0,
      "59": 0,
      "60": 0,
      "61": 1,
      "62": 0,
      "63": 0,
      "64": 0,
      "65": 0,
      "66": 0,
      "67": 0,
      "68": 0,
      "69": 0,
      "70": 0,
      "71": 0,
      "72": 0,
      "73": 0,
      "74": 0,
      "75": 0,
      "76": 0,
      "77": 0,
      "78": 0,
      "79": 0,
      "80": 0,
      "81": 0,
      "82": 0,
      "83": 0,
      "84": 0,
      "85": 0,
      "86": 0,
      "87": 0,
      "88": 0,
      "89": 0,
      "90": 0,
      "91": 0,
      "92": 0,
      "93": 0,
      "94": 1,
      "95": 1,
      "96": 1,
      "97": 1,
      "98": 0,
      "99": 0,
      "100": 0,
      "101": 0,
      "102": 0,
      "103": 1,
      "104": 1,
      "105": 1,
      "106": 1,
      "107": 1,
      "108": 1,
      "109": 1,
      "110": 1,
      "111": 0,
      "112": 1,
      "113": 0,
      "114": 1,
      "115": 0,
      "116": 1,
      "117": 0,
      "118": 1,
      "119": 0,
      "120": 1,
      "121": 0,
      "122": 0,
      "123": 0,
      "124": 0,
      "125": 0,
      "126": 1,
      "127": 0,
      "128": 0,
      "129": 1,
      "130": 1,
      "131": 1,
      "132": 1,
      "133": 0,
      "134": 0,
      "135": 0,
      "136": 0,
      "137": 0,
      "138": 1,
      "139": 1,
      "140": 1,
      "141": 1,
      "142": 1,
      "143": 0,
      "144": 0,
      "145": 0,
      "146": 0,
      "147": 0,
      "148": 0,
      "149": 0,
      "150": 1,
      "151": 1,
      "152": 1,
      "153": 0,
      "154": 0,
      "155": 0,
      "156": 0,
      "157": 0,
      "158": 1,
      "159": 0,
      "160": 1,
      "161": 0,
      "162": 0,
      "163": 0,
      "164": 0,
      "165": 1,
      "166": 1,
      "167": 1,
      "168": 1,
      "169": 1
    },
    "f": {
      "0": 1,
      "1": 1,
      "2": 2,
      "3": 1,
      "4": 1,
      "5": 2,
      "6": 1,
      "7": 1,
      "8": 1,
      "9": 1,
      "10": 1,
      "11": 1,
      "12": 1,
      "13": 0,
      "14": 0
    },
    "b": {
      "0": [1],
      "1": [0],
      "2": [1, 0],
      "3": [0],
      "4": [1, 0],
      "5": [0],
      "6": [1, 0],
      "7": [0],
      "8": [0],
      "9": [0],
      "10": [0],
      "11": [1],
      "12": [0],
      "13": [0],
      "14": [0],
      "15": [0],
      "16": [0],
      "17": [0],
      "18": [0],
      "19": [0],
      "20": [0],
      "21": [0],
      "22": [0, 0],
      "23": [0],
      "24": [0, 0],
      "25": [0],
      "26": [0],
      "27": [0],
      "28": [0, 0],
      "29": [0, 0],
      "30": [0, 0],
      "31": [0, 0],
      "32": [0],
      "33": [0],
      "34": [0, 0],
      "35": [0],
      "36": [0],
      "37": [0, 0],
      "38": [0, 0],
      "39": [0, 0],
      "40": [0],
      "41": [1, 1],
      "42": [1, 1],
      "43": [0],
      "44": [0],
      "45": [0],
      "46": [0],
      "47": [0],
      "48": [0],
      "49": [1, 1],
      "50": [0],
      "51": [0],
      "52": [0],
      "53": [0, 0],
      "54": [0, 0],
      "55": [0, 0],
      "56": [0, 0],
      "57": [0],
      "58": [1, 1],
      "59": [0],
      "60": [0],
      "61": [0],
      "62": [0, 0],
      "63": [0, 0],
      "64": [0, 0]
    }
  },
  "/Users/mahesha/Downloads/hasivu-platform/src/utils/secure-regex.ts": {
    "path": "/Users/mahesha/Downloads/hasivu-platform/src/utils/secure-regex.ts",
    "statementMap": {
      "0": { "start": { "line": 20, "column": 13 }, "end": { "line": 47, "column": 2 } },
      "1": { "start": { "line": 52, "column": 28 }, "end": { "line": 65, "column": 2 } },
      "2": { "start": { "line": 71, "column": 21 }, "end": { "line": 71, "column": 73 } },
      "3": { "start": { "line": 74, "column": 2 }, "end": { "line": 80, "column": 3 } },
      "4": { "start": { "line": 75, "column": 4 }, "end": { "line": 79, "column": 6 } },
      "5": { "start": { "line": 83, "column": 2 }, "end": { "line": 89, "column": 3 } },
      "6": { "start": { "line": 84, "column": 4 }, "end": { "line": 88, "column": 6 } },
      "7": { "start": { "line": 92, "column": 2 }, "end": { "line": 98, "column": 3 } },
      "8": { "start": { "line": 93, "column": 4 }, "end": { "line": 97, "column": 6 } },
      "9": { "start": { "line": 100, "column": 2 }, "end": { "line": 103, "column": 4 } },
      "10": { "start": { "line": 70, "column": 0 }, "end": { "line": 70, "column": 16 } },
      "11": { "start": { "line": 114, "column": 16 }, "end": { "line": 114, "column": 21 } },
      "12": { "start": { "line": 115, "column": 17 }, "end": { "line": 115, "column": 22 } },
      "13": { "start": { "line": 117, "column": 17 }, "end": { "line": 119, "column": 15 } },
      "14": { "start": { "line": 118, "column": 4 }, "end": { "line": 118, "column": 20 } },
      "15": { "start": { "line": 121, "column": 2 }, "end": { "line": 127, "column": 3 } },
      "16": { "start": { "line": 122, "column": 4 }, "end": { "line": 122, "column": 34 } },
      "17": { "start": { "line": 124, "column": 4 }, "end": { "line": 124, "column": 20 } },
      "18": { "start": { "line": 126, "column": 4 }, "end": { "line": 126, "column": 25 } },
      "19": { "start": { "line": 129, "column": 2 }, "end": { "line": 129, "column": 31 } },
      "20": { "start": { "line": 109, "column": 0 }, "end": { "line": 109, "column": 16 } },
      "21": { "start": { "line": 136, "column": 22 }, "end": { "line": 136, "column": 42 } },
      "22": { "start": { "line": 138, "column": 2 }, "end": { "line": 140, "column": 3 } },
      "23": { "start": { "line": 139, "column": 4 }, "end": { "line": 139, "column": 17 } },
      "24": { "start": { "line": 142, "column": 17 }, "end": { "line": 142, "column": 46 } },
      "25": { "start": { "line": 144, "column": 2 }, "end": { "line": 146, "column": 3 } },
      "26": { "start": { "line": 145, "column": 4 }, "end": { "line": 145, "column": 17 } },
      "27": { "start": { "line": 148, "column": 2 }, "end": { "line": 148, "column": 24 } },
      "28": { "start": { "line": 135, "column": 0 }, "end": { "line": 135, "column": 16 } },
      "29": { "start": { "line": 155, "column": 2 }, "end": { "line": 155, "column": 52 } },
      "30": { "start": { "line": 154, "column": 0 }, "end": { "line": 154, "column": 16 } },
      "31": { "start": { "line": 162, "column": 18 }, "end": { "line": 162, "column": 41 } },
      "32": { "start": { "line": 163, "column": 2 }, "end": { "line": 163, "column": 57 } },
      "33": { "start": { "line": 161, "column": 0 }, "end": { "line": 161, "column": 16 } },
      "34": { "start": { "line": 170, "column": 2 }, "end": { "line": 170, "column": 52 } },
      "35": { "start": { "line": 169, "column": 0 }, "end": { "line": 169, "column": 16 } },
      "36": { "start": { "line": 177, "column": 2 }, "end": { "line": 177, "column": 52 } },
      "37": { "start": { "line": 176, "column": 0 }, "end": { "line": 176, "column": 16 } },
      "38": { "start": { "line": 184, "column": 2 }, "end": { "line": 184, "column": 50 } },
      "39": { "start": { "line": 183, "column": 0 }, "end": { "line": 183, "column": 16 } },
      "40": { "start": { "line": 191, "column": 2 }, "end": { "line": 191, "column": 48 } },
      "41": { "start": { "line": 190, "column": 0 }, "end": { "line": 190, "column": 16 } },
      "42": { "start": { "line": 197, "column": 13 }, "end": { "line": 204, "column": 2 } },
      "43": { "start": { "line": 209, "column": 13 }, "end": { "line": 250, "column": 2 } },
      "44": { "start": { "line": 212, "column": 4 }, "end": { "line": 217, "column": 5 } },
      "45": { "start": { "line": 213, "column": 6 }, "end": { "line": 216, "column": 8 } },
      "46": { "start": { "line": 219, "column": 4 }, "end": { "line": 248, "column": 5 } },
      "47": { "start": { "line": 220, "column": 20 }, "end": { "line": 220, "column": 79 } },
      "48": { "start": { "line": 223, "column": 26 }, "end": { "line": 223, "column": 44 } },
      "49": { "start": { "line": 224, "column": 6 }, "end": { "line": 229, "column": 7 } },
      "50": { "start": { "line": 225, "column": 8 }, "end": { "line": 228, "column": 10 } },
      "51": { "start": { "line": 232, "column": 21 }, "end": { "line": 232, "column": 59 } },
      "52": { "start": { "line": 233, "column": 6 }, "end": { "line": 238, "column": 7 } },
      "53": { "start": { "line": 234, "column": 8 }, "end": { "line": 237, "column": 10 } },
      "54": { "start": { "line": 240, "column": 6 }, "end": { "line": 242, "column": 8 } },
      "55": { "start": { "line": 244, "column": 6 }, "end": { "line": 247, "column": 8 } },
      "56": { "start": { "line": 255, "column": 13 }, "end": { "line": 275, "column": 2 } },
      "57": { "start": { "line": 257, "column": 4 }, "end": { "line": 257, "column": 60 } },
      "58": { "start": { "line": 261, "column": 4 }, "end": { "line": 261, "column": 66 } },
      "59": { "start": { "line": 265, "column": 4 }, "end": { "line": 265, "column": 58 } },
      "60": { "start": { "line": 269, "column": 4 }, "end": { "line": 269, "column": 66 } },
      "61": { "start": { "line": 273, "column": 4 }, "end": { "line": 273, "column": 60 } },
      "62": { "start": { "line": 277, "column": 0 }, "end": { "line": 291, "column": 2 } }
    },
    "fnMap": {
      "0": {
        "name": "isRegexSafe",
        "decl": { "start": { "line": 70, "column": 16 }, "end": { "line": 70, "column": 27 } },
        "loc": { "start": { "line": 70, "column": 52 }, "end": { "line": 104, "column": 1 } }
      },
      "1": {
        "name": "safeRegexTest",
        "decl": { "start": { "line": 109, "column": 16 }, "end": { "line": 109, "column": 29 } },
        "loc": { "start": { "line": 112, "column": 26 }, "end": { "line": 130, "column": 1 } }
      },
      "2": {
        "name": "(anonymous_2)",
        "decl": { "start": { "line": 117, "column": 28 }, "end": { "line": 117, "column": 31 } },
        "loc": { "start": { "line": 117, "column": 33 }, "end": { "line": 119, "column": 3 } }
      },
      "3": {
        "name": "validateInput",
        "decl": { "start": { "line": 135, "column": 16 }, "end": { "line": 135, "column": 29 } },
        "loc": { "start": { "line": 135, "column": 60 }, "end": { "line": 149, "column": 1 } }
      },
      "4": {
        "name": "escapeRegex",
        "decl": { "start": { "line": 154, "column": 16 }, "end": { "line": 154, "column": 27 } },
        "loc": { "start": { "line": 154, "column": 39 }, "end": { "line": 156, "column": 1 } }
      },
      "5": {
        "name": "createSearchPattern",
        "decl": { "start": { "line": 161, "column": 16 }, "end": { "line": 161, "column": 35 } },
        "loc": { "start": { "line": 161, "column": 86 }, "end": { "line": 164, "column": 1 } }
      },
      "6": {
        "name": "isValidEmail",
        "decl": { "start": { "line": 169, "column": 16 }, "end": { "line": 169, "column": 28 } },
        "loc": { "start": { "line": 169, "column": 42 }, "end": { "line": 171, "column": 1 } }
      },
      "7": {
        "name": "isValidPhone",
        "decl": { "start": { "line": 176, "column": 16 }, "end": { "line": 176, "column": 28 } },
        "loc": { "start": { "line": 176, "column": 42 }, "end": { "line": 178, "column": 1 } }
      },
      "8": {
        "name": "isValidUUID",
        "decl": { "start": { "line": 183, "column": 16 }, "end": { "line": 183, "column": 27 } },
        "loc": { "start": { "line": 183, "column": 40 }, "end": { "line": 185, "column": 1 } }
      },
      "9": {
        "name": "isValidURL",
        "decl": { "start": { "line": 190, "column": 16 }, "end": { "line": 190, "column": 26 } },
        "loc": { "start": { "line": 190, "column": 38 }, "end": { "line": 192, "column": 1 } }
      },
      "10": {
        "name": "(anonymous_10)",
        "decl": { "start": { "line": 210, "column": 2 }, "end": { "line": 210, "column": 6 } },
        "loc": { "start": { "line": 210, "column": 72 }, "end": { "line": 249, "column": 3 } }
      },
      "11": {
        "name": "(anonymous_11)",
        "decl": { "start": { "line": 256, "column": 2 }, "end": { "line": 256, "column": 15 } },
        "loc": { "start": { "line": 256, "column": 29 }, "end": { "line": 258, "column": 3 } }
      },
      "12": {
        "name": "(anonymous_12)",
        "decl": { "start": { "line": 260, "column": 2 }, "end": { "line": 260, "column": 18 } },
        "loc": { "start": { "line": 260, "column": 35 }, "end": { "line": 262, "column": 3 } }
      },
      "13": {
        "name": "(anonymous_13)",
        "decl": { "start": { "line": 264, "column": 2 }, "end": { "line": 264, "column": 14 } },
        "loc": { "start": { "line": 264, "column": 27 }, "end": { "line": 266, "column": 3 } }
      },
      "14": {
        "name": "(anonymous_14)",
        "decl": { "start": { "line": 268, "column": 2 }, "end": { "line": 268, "column": 21 } },
        "loc": { "start": { "line": 268, "column": 35 }, "end": { "line": 270, "column": 3 } }
      },
      "15": {
        "name": "(anonymous_15)",
        "decl": { "start": { "line": 272, "column": 2 }, "end": { "line": 272, "column": 17 } },
        "loc": { "start": { "line": 272, "column": 29 }, "end": { "line": 274, "column": 3 } }
      }
    },
    "branchMap": {
      "0": {
        "loc": { "start": { "line": 71, "column": 21 }, "end": { "line": 71, "column": 73 } },
        "type": "cond-expr",
        "locations": [
          { "start": { "line": 71, "column": 49 }, "end": { "line": 71, "column": 63 } },
          { "start": { "line": 71, "column": 66 }, "end": { "line": 71, "column": 73 } }
        ]
      },
      "1": {
        "loc": { "start": { "line": 74, "column": 2 }, "end": { "line": 80, "column": 3 } },
        "type": "if",
        "locations": [{ "start": { "line": 74, "column": 2 }, "end": { "line": 80, "column": 3 } }]
      },
      "2": {
        "loc": { "start": { "line": 83, "column": 2 }, "end": { "line": 89, "column": 3 } },
        "type": "if",
        "locations": [{ "start": { "line": 83, "column": 2 }, "end": { "line": 89, "column": 3 } }]
      },
      "3": {
        "loc": { "start": { "line": 92, "column": 2 }, "end": { "line": 98, "column": 3 } },
        "type": "if",
        "locations": [{ "start": { "line": 92, "column": 2 }, "end": { "line": 98, "column": 3 } }]
      },
      "4": {
        "loc": { "start": { "line": 112, "column": 2 }, "end": { "line": 112, "column": 26 } },
        "type": "default-arg",
        "locations": [{ "start": { "line": 112, "column": 22 }, "end": { "line": 112, "column": 26 } }]
      },
      "5": {
        "loc": { "start": { "line": 138, "column": 2 }, "end": { "line": 140, "column": 3 } },
        "type": "if",
        "locations": [{ "start": { "line": 138, "column": 2 }, "end": { "line": 140, "column": 3 } }]
      },
      "6": {
        "loc": { "start": { "line": 144, "column": 2 }, "end": { "line": 146, "column": 3 } },
        "type": "if",
        "locations": [{ "start": { "line": 144, "column": 2 }, "end": { "line": 146, "column": 3 } }]
      },
      "7": {
        "loc": { "start": { "line": 161, "column": 56 }, "end": { "line": 161, "column": 86 } },
        "type": "default-arg",
        "locations": [{ "start": { "line": 161, "column": 81 }, "end": { "line": 161, "column": 86 } }]
      },
      "8": {
        "loc": { "start": { "line": 163, "column": 29 }, "end": { "line": 163, "column": 55 } },
        "type": "cond-expr",
        "locations": [
          { "start": { "line": 163, "column": 45 }, "end": { "line": 163, "column": 48 } },
          { "start": { "line": 163, "column": 51 }, "end": { "line": 163, "column": 55 } }
        ]
      },
      "9": {
        "loc": { "start": { "line": 210, "column": 48 }, "end": { "line": 210, "column": 72 } },
        "type": "default-arg",
        "locations": [{ "start": { "line": 210, "column": 68 }, "end": { "line": 210, "column": 72 } }]
      },
      "10": {
        "loc": { "start": { "line": 212, "column": 4 }, "end": { "line": 217, "column": 5 } },
        "type": "if",
        "locations": [{ "start": { "line": 212, "column": 4 }, "end": { "line": 217, "column": 5 } }]
      },
      "11": {
        "loc": { "start": { "line": 220, "column": 20 }, "end": { "line": 220, "column": 79 } },
        "type": "cond-expr",
        "locations": [
          { "start": { "line": 220, "column": 50 }, "end": { "line": 220, "column": 69 } },
          { "start": { "line": 220, "column": 72 }, "end": { "line": 220, "column": 79 } }
        ]
      },
      "12": {
        "loc": { "start": { "line": 224, "column": 6 }, "end": { "line": 229, "column": 7 } },
        "type": "if",
        "locations": [{ "start": { "line": 224, "column": 6 }, "end": { "line": 229, "column": 7 } }]
      },
      "13": {
        "loc": { "start": { "line": 233, "column": 6 }, "end": { "line": 238, "column": 7 } },
        "type": "if",
        "locations": [{ "start": { "line": 233, "column": 6 }, "end": { "line": 238, "column": 7 } }]
      },
      "14": {
        "loc": { "start": { "line": 246, "column": 15 }, "end": { "line": 246, "column": 89 } },
        "type": "cond-expr",
        "locations": [
          { "start": { "line": 246, "column": 40 }, "end": { "line": 246, "column": 53 } },
          { "start": { "line": 246, "column": 56 }, "end": { "line": 246, "column": 89 } }
        ]
      }
    },
    "s": {
      "0": 1,
      "1": 1,
      "2": 1065,
      "3": 1065,
      "4": 4,
      "5": 1061,
      "6": 1,
      "7": 1060,
      "8": 0,
      "9": 1060,
      "10": 1,
      "11": 1060,
      "12": 1060,
      "13": 1060,
      "14": 0,
      "15": 1060,
      "16": 1060,
      "17": 0,
      "18": 1060,
      "19": 1060,
      "20": 1,
      "21": 0,
      "22": 0,
      "23": 0,
      "24": 0,
      "25": 0,
      "26": 0,
      "27": 0,
      "28": 1,
      "29": 0,
      "30": 1,
      "31": 0,
      "32": 0,
      "33": 1,
      "34": 0,
      "35": 1,
      "36": 0,
      "37": 1,
      "38": 0,
      "39": 1,
      "40": 0,
      "41": 1,
      "42": 1,
      "43": 1,
      "44": 1071,
      "45": 2,
      "46": 1069,
      "47": 1069,
      "48": 1065,
      "49": 1065,
      "50": 5,
      "51": 1060,
      "52": 1060,
      "53": 0,
      "54": 1060,
      "55": 4,
      "56": 1,
      "57": 1010,
      "58": 9,
      "59": 8,
      "60": 0,
      "61": 0,
      "62": 1
    },
    "f": {
      "0": 1065,
      "1": 1060,
      "2": 0,
      "3": 0,
      "4": 0,
      "5": 0,
      "6": 0,
      "7": 0,
      "8": 0,
      "9": 0,
      "10": 1071,
      "11": 1010,
      "12": 9,
      "13": 8,
      "14": 0,
      "15": 0
    },
    "b": {
      "0": [1065, 0],
      "1": [4],
      "2": [1],
      "3": [0],
      "4": [0],
      "5": [0],
      "6": [0],
      "7": [0],
      "8": [0, 0],
      "9": [1071],
      "10": [2],
      "11": [4, 1065],
      "12": [5],
      "13": [0],
      "14": [4, 0]
    }
  }
}
