TN:
SF:src/app/admin/feature-flags/page.tsx
FN:104,FeatureFlagsAdminPage
FN:132,(anonymous_5)
FN:136,(anonymous_6)
FN:152,(anonymous_7)
FN:170,(anonymous_8)
FN:187,(anonymous_9)
FN:192,(anonymous_10)
FN:210,(anonymous_11)
FN:222,(anonymous_12)
FN:283,(anonymous_13)
FN:283,(anonymous_14)
FN:292,(anonymous_15)
FN:292,(anonymous_16)
FN:303,(anonymous_17)
FN:303,(anonymous_18)
FN:313,(anonymous_19)
FN:314,(anonymous_20)
FN:334,(anonymous_21)
FN:335,(anonymous_22)
FN:354,(anonymous_23)
FN:355,(anonymous_24)
FN:363,(anonymous_25)
FN:433,(anonymous_26)
FN:489,(anonymous_27)
FN:512,(anonymous_28)
FN:526,(anonymous_29)
FN:549,(anonymous_30)
FN:570,(anonymous_31)
FN:595,(anonymous_32)
FN:596,(anonymous_33)
FN:611,(anonymous_34)
FN:612,(anonymous_35)
FN:626,(anonymous_36)
FN:629,(anonymous_37)
FNF:34
FNH:0
FNDA:0,FeatureFlagsAdminPage
FNDA:0,(anonymous_5)
FNDA:0,(anonymous_6)
FNDA:0,(anonymous_7)
FNDA:0,(anonymous_8)
FNDA:0,(anonymous_9)
FNDA:0,(anonymous_10)
FNDA:0,(anonymous_11)
FNDA:0,(anonymous_12)
FNDA:0,(anonymous_13)
FNDA:0,(anonymous_14)
FNDA:0,(anonymous_15)
FNDA:0,(anonymous_16)
FNDA:0,(anonymous_17)
FNDA:0,(anonymous_18)
FNDA:0,(anonymous_19)
FNDA:0,(anonymous_20)
FNDA:0,(anonymous_21)
FNDA:0,(anonymous_22)
FNDA:0,(anonymous_23)
FNDA:0,(anonymous_24)
FNDA:0,(anonymous_25)
FNDA:0,(anonymous_26)
FNDA:0,(anonymous_27)
FNDA:0,(anonymous_28)
FNDA:0,(anonymous_29)
FNDA:0,(anonymous_30)
FNDA:0,(anonymous_31)
FNDA:0,(anonymous_32)
FNDA:0,(anonymous_33)
FNDA:0,(anonymous_34)
FNDA:0,(anonymous_35)
FNDA:0,(anonymous_36)
FNDA:0,(anonymous_37)
DA:8,0
DA:9,0
DA:10,0
DA:11,0
DA:12,0
DA:13,0
DA:20,0
DA:21,0
DA:36,0
DA:44,0
DA:57,0
DA:58,0
DA:65,0
DA:82,0
DA:89,0
DA:97,0
DA:104,0
DA:105,0
DA:106,0
DA:107,0
DA:108,0
DA:109,0
DA:110,0
DA:111,0
DA:112,0
DA:113,0
DA:129,0
DA:132,0
DA:133,0
DA:136,0
DA:137,0
DA:138,0
DA:139,0
DA:140,0
DA:141,0
DA:142,0
DA:143,0
DA:146,0
DA:148,0
DA:152,0
DA:153,0
DA:154,0
DA:160,0
DA:161,0
DA:162,0
DA:163,0
DA:166,0
DA:170,0
DA:171,0
DA:172,0
DA:178,0
DA:179,0
DA:180,0
DA:183,0
DA:187,0
DA:188,0
DA:189,0
DA:192,0
DA:193,0
DA:210,0
DA:212,0
DA:214,0
DA:216,0
DA:219,0
DA:222,0
DA:223,0
DA:225,0
DA:227,0
DA:229,0
DA:231,0
DA:233,0
DA:237,0
DA:283,0
DA:292,0
DA:303,0
DA:314,0
DA:335,0
DA:355,0
DA:363,0
DA:433,0
DA:490,0
DA:512,0
DA:527,0
DA:528,0
DA:549,0
DA:570,0
DA:596,0
DA:597,0
DA:612,0
DA:613,0
DA:626,0
DA:629,0
LF:92
LH:0
BRDA:140,0,0,0
BRDA:142,1,0,0
BRDA:142,1,1,0
BRDA:143,2,0,0
BRDA:143,2,1,0
BRDA:160,3,0,0
BRDA:178,4,0,0
BRDA:212,5,0,0
BRDA:212,5,1,0
BRDA:214,6,0,0
BRDA:214,6,1,0
BRDA:216,7,0,0
BRDA:216,7,1,0
BRDA:216,7,2,0
BRDA:216,7,3,0
BRDA:216,7,4,0
BRDA:219,8,0,0
BRDA:219,8,1,0
BRDA:219,8,2,0
BRDA:223,9,0,0
BRDA:223,9,1,0
BRDA:223,9,2,0
BRDA:223,9,3,0
BRDA:223,9,4,0
BRDA:227,10,0,0
BRDA:227,10,1,0
BRDA:229,11,0,0
BRDA:229,11,1,0
BRDA:237,12,0,0
BRDA:404,13,0,0
BRDA:404,13,1,0
BRDA:416,14,0,0
BRDA:416,14,1,0
BRDA:517,15,0,0
BRDA:517,15,1,0
BRDA:520,16,0,0
BRDA:520,16,1,0
BRDA:559,17,0,0
BRDA:569,18,0,0
BRDA:597,19,0,0
BRDA:597,19,1,0
BRDA:613,20,0,0
BRDA:613,20,1,0
BRDA:629,21,0,0
BRDA:629,21,1,0
BRF:45
BRH:0
end_of_record
TN:
SF:src/app/admin/users/page.tsx
FN:8,AdminUsersPage
FNF:1
FNH:0
FNDA:0,AdminUsersPage
DA:3,0
DA:4,0
DA:5,0
DA:6,0
DA:8,0
DA:9,0
LF:6
LH:0
BRDA:18,0,0,0
BRDA:18,0,1,0
BRDA:20,1,0,0
BRDA:20,1,1,0
BRF:4
BRH:0
end_of_record
TN:
SF:src/app/administration/layout.tsx
FN:7,AdministrationLayout
FNF:1
FNH:0
FNDA:0,AdministrationLayout
DA:3,0
DA:4,0
DA:5,0
DA:7,0
LF:4
LH:0
BRF:0
BRH:0
end_of_record
TN:
SF:src/app/analytics/page.tsx
FN:17,AnalyticsPage
FN:174,(anonymous_3)
FNF:2
FNH:0
FNDA:0,AnalyticsPage
FNDA:0,(anonymous_3)
DA:3,0
DA:4,0
DA:5,0
DA:6,0
DA:15,0
DA:17,0
DA:18,0
DA:29,0
DA:175,0
LF:9
LH:0
BRF:0
BRH:0
end_of_record
TN:
SF:src/app/api/analytics/business-intelligence/route.ts
FN:7,POST
FNF:1
FNH:0
FNDA:0,POST
DA:4,0
DA:7,0
DA:8,0
DA:10,0
DA:12,0
DA:13,0
DA:19,0
DA:22,0
DA:23,0
DA:33,0
DA:44,0
DA:47,0
DA:49,0
DA:54,0
DA:57,0
DA:66,0
DA:67,0
LF:17
LH:0
BRDA:4,0,0,0
BRDA:4,0,1,0
BRDA:12,1,0,0
BRDA:22,2,0,0
BRDA:22,3,0,0
BRDA:22,3,1,0
BRDA:38,4,0,0
BRDA:38,4,1,0
BRDA:39,5,0,0
BRDA:39,5,1,0
BRDA:47,6,0,0
BRDA:47,6,1,0
BRDA:51,7,0,0
BRDA:51,7,1,0
BRDA:60,8,0,0
BRDA:60,8,1,0
BRF:16
BRH:0
end_of_record
TN:
SF:src/app/api/analytics/cross-school/route.ts
FN:7,POST
FNF:1
FNH:0
FNDA:0,POST
DA:4,0
DA:7,0
DA:8,0
DA:10,0
DA:12,0
DA:13,0
DA:19,0
DA:22,0
DA:23,0
DA:33,0
DA:44,0
DA:47,0
DA:49,0
DA:54,0
DA:57,0
DA:66,0
DA:67,0
LF:17
LH:0
BRDA:4,0,0,0
BRDA:4,0,1,0
BRDA:12,1,0,0
BRDA:22,2,0,0
BRDA:22,3,0,0
BRDA:22,3,1,0
BRDA:38,4,0,0
BRDA:38,4,1,0
BRDA:39,5,0,0
BRDA:39,5,1,0
BRDA:47,6,0,0
BRDA:47,6,1,0
BRDA:51,7,0,0
BRDA:51,7,1,0
BRDA:60,8,0,0
BRDA:60,8,1,0
BRF:16
BRH:0
end_of_record
TN:
SF:src/app/api/analytics/executive-dashboard/route.ts
FN:7,POST
FNF:1
FNH:0
FNDA:0,POST
DA:4,0
DA:7,0
DA:8,0
DA:10,0
DA:12,0
DA:13,0
DA:19,0
DA:22,0
DA:23,0
DA:33,0
DA:44,0
DA:47,0
DA:49,0
DA:54,0
DA:57,0
DA:66,0
DA:67,0
LF:17
LH:0
BRDA:4,0,0,0
BRDA:4,0,1,0
BRDA:12,1,0,0
BRDA:22,2,0,0
BRDA:22,3,0,0
BRDA:22,3,1,0
BRDA:38,4,0,0
BRDA:38,4,1,0
BRDA:39,5,0,0
BRDA:39,5,1,0
BRDA:47,6,0,0
BRDA:47,6,1,0
BRDA:51,7,0,0
BRDA:51,7,1,0
BRDA:60,8,0,0
BRDA:60,8,1,0
BRF:16
BRH:0
end_of_record
TN:
SF:src/app/api/analytics/federated-learning/route.ts
FN:7,POST
FNF:1
FNH:0
FNDA:0,POST
DA:4,0
DA:7,0
DA:8,0
DA:10,0
DA:12,0
DA:13,0
DA:19,0
DA:22,0
DA:23,0
DA:33,0
DA:44,0
DA:47,0
DA:49,0
DA:54,0
DA:57,0
DA:66,0
DA:67,0
LF:17
LH:0
BRDA:4,0,0,0
BRDA:4,0,1,0
BRDA:12,1,0,0
BRDA:22,2,0,0
BRDA:22,3,0,0
BRDA:22,3,1,0
BRDA:38,4,0,0
BRDA:38,4,1,0
BRDA:39,5,0,0
BRDA:39,5,1,0
BRDA:47,6,0,0
BRDA:47,6,1,0
BRDA:51,7,0,0
BRDA:51,7,1,0
BRDA:60,8,0,0
BRDA:60,8,1,0
BRF:16
BRH:0
end_of_record
TN:
SF:src/app/api/analytics/orchestrator/route.ts
FN:7,POST
FNF:1
FNH:0
FNDA:0,POST
DA:4,0
DA:7,0
DA:8,0
DA:10,0
DA:12,0
DA:13,0
DA:19,0
DA:22,0
DA:23,0
DA:33,0
DA:44,0
DA:47,0
DA:49,0
DA:54,0
DA:57,0
DA:66,0
DA:67,0
LF:17
LH:0
BRDA:4,0,0,0
BRDA:4,0,1,0
BRDA:12,1,0,0
BRDA:22,2,0,0
BRDA:22,3,0,0
BRDA:22,3,1,0
BRDA:38,4,0,0
BRDA:38,4,1,0
BRDA:39,5,0,0
BRDA:39,5,1,0
BRDA:47,6,0,0
BRDA:47,6,1,0
BRDA:51,7,0,0
BRDA:51,7,1,0
BRDA:60,8,0,0
BRDA:60,8,1,0
BRF:16
BRH:0
end_of_record
TN:
SF:src/app/api/analytics/payments-dashboard/route.ts
FN:7,POST
FNF:1
FNH:0
FNDA:0,POST
DA:4,0
DA:7,0
DA:8,0
DA:10,0
DA:12,0
DA:13,0
DA:19,0
DA:22,0
DA:23,0
DA:33,0
DA:44,0
DA:47,0
DA:49,0
DA:54,0
DA:57,0
DA:66,0
DA:67,0
LF:17
LH:0
BRDA:4,0,0,0
BRDA:4,0,1,0
BRDA:12,1,0,0
BRDA:22,2,0,0
BRDA:22,3,0,0
BRDA:22,3,1,0
BRDA:38,4,0,0
BRDA:38,4,1,0
BRDA:39,5,0,0
BRDA:39,5,1,0
BRDA:47,6,0,0
BRDA:47,6,1,0
BRDA:51,7,0,0
BRDA:51,7,1,0
BRDA:60,8,0,0
BRDA:60,8,1,0
BRF:16
BRH:0
end_of_record
TN:
SF:src/app/api/analytics/performance-benchmarking/route.ts
FN:7,POST
FNF:1
FNH:0
FNDA:0,POST
DA:4,0
DA:7,0
DA:8,0
DA:10,0
DA:12,0
DA:13,0
DA:19,0
DA:22,0
DA:23,0
DA:33,0
DA:44,0
DA:47,0
DA:49,0
DA:54,0
DA:57,0
DA:66,0
DA:67,0
LF:17
LH:0
BRDA:4,0,0,0
BRDA:4,0,1,0
BRDA:12,1,0,0
BRDA:22,2,0,0
BRDA:22,3,0,0
BRDA:22,3,1,0
BRDA:38,4,0,0
BRDA:38,4,1,0
BRDA:39,5,0,0
BRDA:39,5,1,0
BRDA:47,6,0,0
BRDA:47,6,1,0
BRDA:51,7,0,0
BRDA:51,7,1,0
BRDA:60,8,0,0
BRDA:60,8,1,0
BRF:16
BRH:0
end_of_record
TN:
SF:src/app/api/analytics/predictive-insights/route.ts
FN:7,POST
FNF:1
FNH:0
FNDA:0,POST
DA:4,0
DA:7,0
DA:8,0
DA:10,0
DA:12,0
DA:13,0
DA:19,0
DA:22,0
DA:23,0
DA:33,0
DA:44,0
DA:47,0
DA:49,0
DA:54,0
DA:57,0
DA:66,0
DA:67,0
LF:17
LH:0
BRDA:4,0,0,0
BRDA:4,0,1,0
BRDA:12,1,0,0
BRDA:22,2,0,0
BRDA:22,3,0,0
BRDA:22,3,1,0
BRDA:38,4,0,0
BRDA:38,4,1,0
BRDA:39,5,0,0
BRDA:39,5,1,0
BRDA:47,6,0,0
BRDA:47,6,1,0
BRDA:51,7,0,0
BRDA:51,7,1,0
BRDA:60,8,0,0
BRDA:60,8,1,0
BRF:16
BRH:0
end_of_record
TN:
SF:src/app/api/analytics/real-time-benchmarking/route.ts
FN:7,POST
FNF:1
FNH:0
FNDA:0,POST
DA:4,0
DA:7,0
DA:8,0
DA:10,0
DA:12,0
DA:13,0
DA:19,0
DA:22,0
DA:23,0
DA:33,0
DA:44,0
DA:47,0
DA:49,0
DA:54,0
DA:57,0
DA:66,0
DA:67,0
LF:17
LH:0
BRDA:4,0,0,0
BRDA:4,0,1,0
BRDA:12,1,0,0
BRDA:22,2,0,0
BRDA:22,3,0,0
BRDA:22,3,1,0
BRDA:38,4,0,0
BRDA:38,4,1,0
BRDA:39,5,0,0
BRDA:39,5,1,0
BRDA:47,6,0,0
BRDA:47,6,1,0
BRDA:51,7,0,0
BRDA:51,7,1,0
BRDA:60,8,0,0
BRDA:60,8,1,0
BRF:16
BRH:0
end_of_record
TN:
SF:src/app/api/analytics/revenue-optimization/route.ts
FN:7,POST
FNF:1
FNH:0
FNDA:0,POST
DA:4,0
DA:7,0
DA:8,0
DA:10,0
DA:12,0
DA:13,0
DA:19,0
DA:22,0
DA:23,0
DA:33,0
DA:44,0
DA:47,0
DA:49,0
DA:54,0
DA:57,0
DA:66,0
DA:67,0
LF:17
LH:0
BRDA:4,0,0,0
BRDA:4,0,1,0
BRDA:12,1,0,0
BRDA:22,2,0,0
BRDA:22,3,0,0
BRDA:22,3,1,0
BRDA:38,4,0,0
BRDA:38,4,1,0
BRDA:39,5,0,0
BRDA:39,5,1,0
BRDA:47,6,0,0
BRDA:47,6,1,0
BRDA:51,7,0,0
BRDA:51,7,1,0
BRDA:60,8,0,0
BRDA:60,8,1,0
BRF:16
BRH:0
end_of_record
TN:
SF:src/app/api/analytics/strategic-insights/route.ts
FN:7,POST
FNF:1
FNH:0
FNDA:0,POST
DA:4,0
DA:7,0
DA:8,0
DA:10,0
DA:12,0
DA:13,0
DA:19,0
DA:22,0
DA:23,0
DA:33,0
DA:44,0
DA:47,0
DA:49,0
DA:54,0
DA:57,0
DA:66,0
DA:67,0
LF:17
LH:0
BRDA:4,0,0,0
BRDA:4,0,1,0
BRDA:12,1,0,0
BRDA:22,2,0,0
BRDA:22,3,0,0
BRDA:22,3,1,0
BRDA:38,4,0,0
BRDA:38,4,1,0
BRDA:39,5,0,0
BRDA:39,5,1,0
BRDA:47,6,0,0
BRDA:47,6,1,0
BRDA:51,7,0,0
BRDA:51,7,1,0
BRDA:60,8,0,0
BRDA:60,8,1,0
BRF:16
BRH:0
end_of_record
TN:
SF:src/app/api/auth/change-password/route.ts
FN:7,POST
FNF:1
FNH:0
FNDA:0,POST
DA:4,0
DA:7,0
DA:8,0
DA:10,0
DA:12,0
DA:13,0
DA:19,0
DA:22,0
DA:23,0
DA:30,0
DA:41,0
DA:44,0
DA:45,0
DA:50,0
DA:52,0
DA:61,0
DA:62,0
LF:17
LH:0
BRDA:4,0,0,0
BRDA:4,0,1,0
BRDA:12,1,0,0
BRDA:22,2,0,0
BRDA:22,3,0,0
BRDA:22,3,1,0
BRDA:35,4,0,0
BRDA:35,4,1,0
BRDA:36,5,0,0
BRDA:36,5,1,0
BRDA:44,6,0,0
BRDA:44,6,1,0
BRDA:47,7,0,0
BRDA:47,7,1,0
BRDA:55,8,0,0
BRDA:55,8,1,0
BRF:16
BRH:0
end_of_record
TN:
SF:src/app/api/auth/check/route.ts
FN:3,GET
FNF:1
FNH:0
FNDA:0,GET
DA:3,0
DA:4,0
DA:7,0
DA:8,0
DA:11,0
DA:13,0
DA:14,0
DA:23,0
DA:32,0
DA:33,0
LF:10
LH:0
BRDA:11,0,0,0
BRDA:11,0,1,0
BRDA:13,1,0,0
BRDA:13,1,1,0
BRF:4
BRH:0
end_of_record
TN:
SF:src/app/api/auth/forgot-password/route.ts
FN:7,POST
FNF:1
FNH:0
FNDA:0,POST
DA:4,0
DA:7,0
DA:8,0
DA:9,0
DA:12,0
DA:13,0
DA:17,0
DA:27,0
DA:30,0
DA:31,0
DA:36,0
DA:38,0
DA:47,0
DA:48,0
LF:14
LH:0
BRDA:4,0,0,0
BRDA:4,0,1,0
BRDA:12,1,0,0
BRDA:21,2,0,0
BRDA:21,2,1,0
BRDA:22,3,0,0
BRDA:22,3,1,0
BRDA:30,4,0,0
BRDA:30,4,1,0
BRDA:33,5,0,0
BRDA:33,5,1,0
BRDA:41,6,0,0
BRDA:41,6,1,0
BRF:13
BRH:0
end_of_record
TN:
SF:src/app/api/auth/login/route.ts
FN:8,POST
FNF:1
FNH:0
FNDA:0,POST
DA:4,0
DA:8,0
DA:9,0
DA:10,0
DA:13,0
DA:14,0
DA:24,0
DA:34,0
DA:37,0
DA:39,0
DA:41,0
DA:48,0
DA:49,0
DA:57,0
DA:58,0
DA:66,0
DA:69,0
DA:78,0
DA:79,0
LF:19
LH:0
BRDA:4,0,0,0
BRDA:4,0,1,0
BRDA:13,1,0,0
BRDA:13,2,0,0
BRDA:13,2,1,0
BRDA:28,3,0,0
BRDA:28,3,1,0
BRDA:29,4,0,0
BRDA:29,4,1,0
BRDA:37,5,0,0
BRDA:37,5,1,0
BRDA:39,6,0,0
BRDA:39,6,1,0
BRDA:48,7,0,0
BRDA:57,8,0,0
BRDA:72,9,0,0
BRDA:72,9,1,0
BRF:17
BRH:0
end_of_record
TN:
SF:src/app/api/auth/logout/route.ts
FN:8,POST
FNF:1
FNH:0
FNDA:0,POST
DA:4,0
DA:8,0
DA:9,0
DA:11,0
DA:14,0
DA:15,0
DA:16,0
DA:27,0
DA:32,0
DA:38,0
DA:45,0
DA:52,0
DA:54,0
DA:57,0
DA:62,0
DA:69,0
DA:76,0
LF:17
LH:0
BRDA:4,0,0,0
BRDA:4,0,1,0
BRDA:14,1,0,0
BRDA:21,2,0,0
BRDA:21,2,1,0
BRDA:22,3,0,0
BRDA:22,3,1,0
BRF:7
BRH:0
end_of_record
TN:
SF:src/app/api/auth/profile/route.ts
FN:7,GET
FN:57,PUT
FNF:2
FNH:0
FNDA:0,GET
FNDA:0,PUT
DA:4,0
DA:7,0
DA:8,0
DA:10,0
DA:12,0
DA:13,0
DA:20,0
DA:30,0
DA:33,0
DA:35,0
DA:40,0
DA:43,0
DA:52,0
DA:53,0
DA:57,0
DA:58,0
DA:60,0
DA:62,0
DA:63,0
DA:69,0
DA:72,0
DA:83,0
DA:86,0
DA:88,0
DA:94,0
DA:97,0
DA:106,0
DA:107,0
LF:28
LH:0
BRDA:4,0,0,0
BRDA:4,0,1,0
BRDA:12,1,0,0
BRDA:25,2,0,0
BRDA:25,2,1,0
BRDA:26,3,0,0
BRDA:26,3,1,0
BRDA:33,4,0,0
BRDA:33,4,1,0
BRDA:46,5,0,0
BRDA:46,5,1,0
BRDA:62,6,0,0
BRDA:77,7,0,0
BRDA:77,7,1,0
BRDA:78,8,0,0
BRDA:78,8,1,0
BRDA:86,9,0,0
BRDA:86,9,1,0
BRDA:91,10,0,0
BRDA:91,10,1,0
BRDA:100,11,0,0
BRDA:100,11,1,0
BRF:22
BRH:0
end_of_record
TN:
SF:src/app/api/auth/register/route.ts
FN:8,POST
FNF:1
FNH:0
FNDA:0,POST
DA:4,0
DA:8,0
DA:9,0
DA:10,0
DA:13,0
DA:14,0
DA:24,0
DA:34,0
DA:37,0
DA:38,0
DA:44,0
DA:53,0
DA:54,0
LF:13
LH:0
BRDA:4,0,0,0
BRDA:4,0,1,0
BRDA:13,1,0,0
BRDA:13,2,0,0
BRDA:13,2,1,0
BRDA:13,2,2,0
BRDA:13,2,3,0
BRDA:28,3,0,0
BRDA:28,3,1,0
BRDA:29,4,0,0
BRDA:29,4,1,0
BRDA:37,5,0,0
BRDA:37,5,1,0
BRDA:40,6,0,0
BRDA:40,6,1,0
BRDA:41,7,0,0
BRDA:41,7,1,0
BRDA:47,8,0,0
BRDA:47,8,1,0
BRF:19
BRH:0
end_of_record
TN:
SF:src/app/api/auth/reset-password/route.ts
FN:7,POST
FNF:1
FNH:0
FNDA:0,POST
DA:4,0
DA:7,0
DA:8,0
DA:9,0
DA:12,0
DA:13,0
DA:20,0
DA:30,0
DA:33,0
DA:34,0
DA:39,0
DA:41,0
DA:50,0
DA:51,0
LF:14
LH:0
BRDA:4,0,0,0
BRDA:4,0,1,0
BRDA:12,1,0,0
BRDA:12,2,0,0
BRDA:12,2,1,0
BRDA:24,3,0,0
BRDA:24,3,1,0
BRDA:25,4,0,0
BRDA:25,4,1,0
BRDA:33,5,0,0
BRDA:33,5,1,0
BRDA:36,6,0,0
BRDA:36,6,1,0
BRDA:44,7,0,0
BRDA:44,7,1,0
BRF:15
BRH:0
end_of_record
TN:
SF:src/app/api/auth/verify-email/route.ts
FN:7,POST
FNF:1
FNH:0
FNDA:0,POST
DA:4,0
DA:7,0
DA:8,0
DA:9,0
DA:12,0
DA:13,0
DA:20,0
DA:30,0
DA:33,0
DA:34,0
DA:40,0
DA:42,0
DA:51,0
DA:52,0
LF:14
LH:0
BRDA:4,0,0,0
BRDA:4,0,1,0
BRDA:12,1,0,0
BRDA:24,2,0,0
BRDA:24,2,1,0
BRDA:25,3,0,0
BRDA:25,3,1,0
BRDA:33,4,0,0
BRDA:33,4,1,0
BRDA:36,5,0,0
BRDA:36,5,1,0
BRDA:45,6,0,0
BRDA:45,6,1,0
BRF:13
BRH:0
end_of_record
TN:
SF:src/app/api/docs/route.ts
FN:4,GET
FNF:1
FNH:0
FNDA:0,GET
DA:2,0
DA:4,0
DA:5,0
LF:3
LH:0
BRF:0
BRH:0
end_of_record
TN:
SF:src/app/api/feature-flags/[key]/route.ts
FN:6,GET
FN:46,PUT
FN:87,DELETE
FNF:3
FNH:0
FNDA:0,GET
FNDA:0,PUT
FNDA:0,DELETE
DA:2,0
DA:6,0
DA:7,0
DA:8,0
DA:9,0
DA:11,0
DA:12,0
DA:19,0
DA:20,0
DA:29,0
DA:31,0
DA:37,0
DA:38,0
DA:46,0
DA:47,0
DA:48,0
DA:49,0
DA:51,0
DA:52,0
DA:53,0
DA:59,0
DA:70,0
DA:72,0
DA:78,0
DA:79,0
DA:87,0
DA:88,0
DA:89,0
DA:90,0
DA:92,0
DA:93,0
DA:100,0
DA:109,0
DA:111,0
DA:116,0
DA:117,0
LF:36
LH:0
BRDA:11,0,0,0
BRDA:21,1,0,0
BRDA:21,1,1,0
BRDA:22,2,0,0
BRDA:22,2,1,0
BRDA:23,3,0,0
BRDA:23,3,1,0
BRDA:24,4,0,0
BRDA:24,4,1,0
BRDA:25,5,0,0
BRDA:25,5,1,0
BRDA:26,6,0,0
BRDA:26,6,1,0
BRDA:52,7,0,0
BRDA:92,8,0,0
BRF:15
BRH:0
end_of_record
TN:
SF:src/app/api/kitchen/route.ts
FN:3,GET
FNF:1
FNH:0
FNDA:0,GET
DA:3,0
DA:4,0
DA:6,0
DA:20,0
DA:21,0
LF:5
LH:0
BRF:0
BRH:0
end_of_record
TN:
SF:src/app/api/mobile/device-registration/route.ts
FN:8,POST
FNF:1
FNH:0
FNDA:0,POST
DA:4,0
DA:8,0
DA:9,0
DA:11,0
DA:13,0
DA:14,0
DA:20,0
DA:23,0
DA:24,0
DA:34,0
DA:45,0
DA:48,0
DA:49,0
DA:55,0
DA:57,0
DA:66,0
DA:67,0
LF:17
LH:0
BRDA:4,0,0,0
BRDA:4,0,1,0
BRDA:13,1,0,0
BRDA:23,2,0,0
BRDA:23,3,0,0
BRDA:23,3,1,0
BRDA:39,4,0,0
BRDA:39,4,1,0
BRDA:40,5,0,0
BRDA:40,5,1,0
BRDA:48,6,0,0
BRDA:48,6,1,0
BRDA:51,7,0,0
BRDA:51,7,1,0
BRDA:52,8,0,0
BRDA:52,8,1,0
BRDA:60,9,0,0
BRDA:60,9,1,0
BRF:18
BRH:0
end_of_record
TN:
SF:src/app/api/mobile/parent-notifications/route.ts
FN:8,POST
FNF:1
FNH:0
FNDA:0,POST
DA:4,0
DA:8,0
DA:9,0
DA:11,0
DA:13,0
DA:14,0
DA:20,0
DA:23,0
DA:24,0
DA:34,0
DA:45,0
DA:48,0
DA:49,0
DA:55,0
DA:57,0
DA:66,0
DA:67,0
LF:17
LH:0
BRDA:4,0,0,0
BRDA:4,0,1,0
BRDA:13,1,0,0
BRDA:23,2,0,0
BRDA:23,3,0,0
BRDA:23,3,1,0
BRDA:23,3,2,0
BRDA:23,3,3,0
BRDA:39,4,0,0
BRDA:39,4,1,0
BRDA:40,5,0,0
BRDA:40,5,1,0
BRDA:48,6,0,0
BRDA:48,6,1,0
BRDA:51,7,0,0
BRDA:51,7,1,0
BRDA:52,8,0,0
BRDA:52,8,1,0
BRDA:60,9,0,0
BRDA:60,9,1,0
BRF:20
BRH:0
end_of_record
TN:
SF:src/app/api/nutrition/analyze/route.ts
FN:7,POST
FNF:1
FNH:0
FNDA:0,POST
DA:4,0
DA:7,0
DA:8,0
DA:10,0
DA:12,0
DA:13,0
DA:19,0
DA:22,0
DA:23,0
DA:33,0
DA:44,0
DA:47,0
DA:49,0
DA:54,0
DA:57,0
DA:66,0
DA:67,0
LF:17
LH:0
BRDA:4,0,0,0
BRDA:4,0,1,0
BRDA:12,1,0,0
BRDA:22,2,0,0
BRDA:22,3,0,0
BRDA:22,3,1,0
BRDA:22,3,2,0
BRDA:38,4,0,0
BRDA:38,4,1,0
BRDA:39,5,0,0
BRDA:39,5,1,0
BRDA:47,6,0,0
BRDA:47,6,1,0
BRDA:51,7,0,0
BRDA:51,7,1,0
BRDA:60,8,0,0
BRDA:60,8,1,0
BRF:17
BRH:0
end_of_record
TN:
SF:src/app/api/nutrition/compliance/route.ts
FN:7,POST
FNF:1
FNH:0
FNDA:0,POST
DA:4,0
DA:7,0
DA:8,0
DA:10,0
DA:12,0
DA:13,0
DA:19,0
DA:22,0
DA:23,0
DA:33,0
DA:44,0
DA:47,0
DA:49,0
DA:54,0
DA:57,0
DA:66,0
DA:67,0
LF:17
LH:0
BRDA:4,0,0,0
BRDA:4,0,1,0
BRDA:12,1,0,0
BRDA:22,2,0,0
BRDA:22,3,0,0
BRDA:22,3,1,0
BRDA:38,4,0,0
BRDA:38,4,1,0
BRDA:39,5,0,0
BRDA:39,5,1,0
BRDA:47,6,0,0
BRDA:47,6,1,0
BRDA:51,7,0,0
BRDA:51,7,1,0
BRDA:60,8,0,0
BRDA:60,8,1,0
BRF:16
BRH:0
end_of_record
TN:
SF:src/app/api/nutrition/optimize-meal/route.ts
FN:7,POST
FNF:1
FNH:0
FNDA:0,POST
DA:4,0
DA:7,0
DA:8,0
DA:10,0
DA:12,0
DA:13,0
DA:19,0
DA:22,0
DA:23,0
DA:33,0
DA:44,0
DA:47,0
DA:49,0
DA:54,0
DA:57,0
DA:66,0
DA:67,0
LF:17
LH:0
BRDA:4,0,0,0
BRDA:4,0,1,0
BRDA:12,1,0,0
BRDA:22,2,0,0
BRDA:22,3,0,0
BRDA:22,3,1,0
BRDA:38,4,0,0
BRDA:38,4,1,0
BRDA:39,5,0,0
BRDA:39,5,1,0
BRDA:47,6,0,0
BRDA:47,6,1,0
BRDA:51,7,0,0
BRDA:51,7,1,0
BRDA:60,8,0,0
BRDA:60,8,1,0
BRF:16
BRH:0
end_of_record
TN:
SF:src/app/api/nutrition/recommendations/route.ts
FN:7,POST
FNF:1
FNH:0
FNDA:0,POST
DA:4,0
DA:7,0
DA:8,0
DA:10,0
DA:12,0
DA:13,0
DA:19,0
DA:22,0
DA:23,0
DA:33,0
DA:44,0
DA:47,0
DA:49,0
DA:54,0
DA:57,0
DA:66,0
DA:67,0
LF:17
LH:0
BRDA:4,0,0,0
BRDA:4,0,1,0
BRDA:12,1,0,0
BRDA:22,2,0,0
BRDA:22,3,0,0
BRDA:22,3,1,0
BRDA:38,4,0,0
BRDA:38,4,1,0
BRDA:39,5,0,0
BRDA:39,5,1,0
BRDA:47,6,0,0
BRDA:47,6,1,0
BRDA:51,7,0,0
BRDA:51,7,1,0
BRDA:60,8,0,0
BRDA:60,8,1,0
BRF:16
BRH:0
end_of_record
TN:
SF:src/app/api/nutrition/trends/route.ts
FN:7,POST
FNF:1
FNH:0
FNDA:0,POST
DA:4,0
DA:7,0
DA:8,0
DA:10,0
DA:12,0
DA:13,0
DA:19,0
DA:22,0
DA:23,0
DA:33,0
DA:44,0
DA:47,0
DA:49,0
DA:54,0
DA:57,0
DA:66,0
DA:67,0
LF:17
LH:0
BRDA:4,0,0,0
BRDA:4,0,1,0
BRDA:12,1,0,0
BRDA:22,2,0,0
BRDA:22,3,0,0
BRDA:22,3,1,0
BRDA:38,4,0,0
BRDA:38,4,1,0
BRDA:39,5,0,0
BRDA:39,5,1,0
BRDA:47,6,0,0
BRDA:47,6,1,0
BRDA:51,7,0,0
BRDA:51,7,1,0
BRDA:60,8,0,0
BRDA:60,8,1,0
BRF:16
BRH:0
end_of_record
TN:
SF:src/app/api/orders/route.ts
FN:11,POST
FN:66,GET
FNF:2
FNH:0
FNDA:0,POST
FNDA:0,GET
DA:4,0
DA:7,0
DA:11,0
DA:12,0
DA:14,0
DA:16,0
DA:17,0
DA:23,0
DA:26,0
DA:37,0
DA:40,0
DA:42,0
DA:48,0
DA:51,0
DA:60,0
DA:61,0
DA:66,0
DA:67,0
DA:69,0
DA:71,0
DA:72,0
DA:79,0
DA:80,0
DA:81,0
DA:84,0
DA:94,0
DA:97,0
DA:99,0
DA:105,0
DA:108,0
DA:117,0
DA:118,0
LF:32
LH:0
BRDA:4,0,0,0
BRDA:4,0,1,0
BRDA:7,1,0,0
BRDA:7,1,1,0
BRDA:16,2,0,0
BRDA:31,3,0,0
BRDA:31,3,1,0
BRDA:32,4,0,0
BRDA:32,4,1,0
BRDA:40,5,0,0
BRDA:40,5,1,0
BRDA:44,6,0,0
BRDA:44,6,1,0
BRDA:45,7,0,0
BRDA:45,7,1,0
BRDA:54,8,0,0
BRDA:54,8,1,0
BRDA:71,9,0,0
BRDA:81,10,0,0
BRDA:81,10,1,0
BRDA:89,11,0,0
BRDA:89,11,1,0
BRDA:90,12,0,0
BRDA:90,12,1,0
BRDA:97,13,0,0
BRDA:97,13,1,0
BRDA:101,14,0,0
BRDA:101,14,1,0
BRDA:102,15,0,0
BRDA:102,15,1,0
BRDA:111,16,0,0
BRDA:111,16,1,0
BRF:32
BRH:0
end_of_record
TN:
SF:src/app/api/orders/[orderId]/route.ts
FN:11,GET
FN:75,PUT
FN:143,DELETE
FNF:3
FNH:0
FNDA:0,GET
FNDA:0,PUT
FNDA:0,DELETE
DA:4,0
DA:7,0
DA:11,0
DA:12,0
DA:13,0
DA:15,0
DA:16,0
DA:26,0
DA:28,0
DA:29,0
DA:36,0
DA:37,0
DA:47,0
DA:50,0
DA:52,0
DA:57,0
DA:60,0
DA:69,0
DA:70,0
DA:75,0
DA:76,0
DA:77,0
DA:79,0
DA:80,0
DA:90,0
DA:92,0
DA:93,0
DA:99,0
DA:102,0
DA:103,0
DA:114,0
DA:117,0
DA:119,0
DA:125,0
DA:128,0
DA:137,0
DA:138,0
DA:143,0
DA:144,0
DA:145,0
DA:147,0
DA:148,0
DA:158,0
DA:160,0
DA:161,0
DA:168,0
DA:169,0
DA:179,0
DA:182,0
DA:184,0
DA:190,0
DA:193,0
DA:202,0
DA:203,0
LF:54
LH:0
BRDA:4,0,0,0
BRDA:4,0,1,0
BRDA:7,1,0,0
BRDA:7,1,1,0
BRDA:15,2,0,0
BRDA:28,3,0,0
BRDA:42,4,0,0
BRDA:42,4,1,0
BRDA:43,5,0,0
BRDA:43,5,1,0
BRDA:50,6,0,0
BRDA:50,6,1,0
BRDA:54,7,0,0
BRDA:54,7,1,0
BRDA:63,8,0,0
BRDA:63,8,1,0
BRDA:79,9,0,0
BRDA:92,10,0,0
BRDA:108,11,0,0
BRDA:108,11,1,0
BRDA:109,12,0,0
BRDA:109,12,1,0
BRDA:117,13,0,0
BRDA:117,13,1,0
BRDA:121,14,0,0
BRDA:121,14,1,0
BRDA:122,15,0,0
BRDA:122,15,1,0
BRDA:131,16,0,0
BRDA:131,16,1,0
BRDA:147,17,0,0
BRDA:160,18,0,0
BRDA:174,19,0,0
BRDA:174,19,1,0
BRDA:175,20,0,0
BRDA:175,20,1,0
BRDA:182,21,0,0
BRDA:182,21,1,0
BRDA:186,22,0,0
BRDA:186,22,1,0
BRDA:187,23,0,0
BRDA:187,23,1,0
BRDA:196,24,0,0
BRDA:196,24,1,0
BRF:44
BRH:0
end_of_record
TN:
SF:src/app/api/payments/analytics/route.ts
FN:8,GET
FNF:1
FNH:0
FNDA:0,GET
DA:4,0
DA:8,0
DA:9,0
DA:11,0
DA:13,0
DA:14,0
DA:21,0
DA:22,0
DA:23,0
DA:28,0
DA:38,0
DA:41,0
DA:42,0
DA:48,0
DA:50,0
DA:59,0
DA:60,0
LF:17
LH:0
BRDA:4,0,0,0
BRDA:4,0,1,0
BRDA:13,1,0,0
BRDA:23,2,0,0
BRDA:23,2,1,0
BRDA:33,3,0,0
BRDA:33,3,1,0
BRDA:34,4,0,0
BRDA:34,4,1,0
BRDA:41,5,0,0
BRDA:41,5,1,0
BRDA:44,6,0,0
BRDA:44,6,1,0
BRDA:45,7,0,0
BRDA:45,7,1,0
BRDA:53,8,0,0
BRDA:53,8,1,0
BRF:17
BRH:0
end_of_record
TN:
SF:src/app/api/payments/orders/route.ts
FN:8,POST
FNF:1
FNH:0
FNDA:0,POST
DA:4,0
DA:8,0
DA:9,0
DA:11,0
DA:13,0
DA:14,0
DA:20,0
DA:23,0
DA:24,0
DA:34,0
DA:45,0
DA:48,0
DA:49,0
DA:55,0
DA:57,0
DA:66,0
DA:67,0
LF:17
LH:0
BRDA:4,0,0,0
BRDA:4,0,1,0
BRDA:13,1,0,0
BRDA:23,2,0,0
BRDA:23,3,0,0
BRDA:23,3,1,0
BRDA:23,3,2,0
BRDA:39,4,0,0
BRDA:39,4,1,0
BRDA:40,5,0,0
BRDA:40,5,1,0
BRDA:48,6,0,0
BRDA:48,6,1,0
BRDA:51,7,0,0
BRDA:51,7,1,0
BRDA:52,8,0,0
BRDA:52,8,1,0
BRDA:60,9,0,0
BRDA:60,9,1,0
BRF:19
BRH:0
end_of_record
TN:
SF:src/app/api/payments/refund/route.ts
FN:8,POST
FNF:1
FNH:0
FNDA:0,POST
DA:4,0
DA:8,0
DA:9,0
DA:11,0
DA:13,0
DA:14,0
DA:20,0
DA:23,0
DA:24,0
DA:34,0
DA:45,0
DA:48,0
DA:49,0
DA:55,0
DA:57,0
DA:66,0
DA:67,0
LF:17
LH:0
BRDA:4,0,0,0
BRDA:4,0,1,0
BRDA:13,1,0,0
BRDA:23,2,0,0
BRDA:23,3,0,0
BRDA:23,3,1,0
BRDA:39,4,0,0
BRDA:39,4,1,0
BRDA:40,5,0,0
BRDA:40,5,1,0
BRDA:48,6,0,0
BRDA:48,6,1,0
BRDA:51,7,0,0
BRDA:51,7,1,0
BRDA:52,8,0,0
BRDA:52,8,1,0
BRDA:60,9,0,0
BRDA:60,9,1,0
BRF:18
BRH:0
end_of_record
TN:
SF:src/app/api/payments/verify/route.ts
FN:8,POST
FNF:1
FNH:0
FNDA:0,POST
DA:4,0
DA:8,0
DA:9,0
DA:11,0
DA:13,0
DA:14,0
DA:20,0
DA:23,0
DA:24,0
DA:34,0
DA:45,0
DA:48,0
DA:49,0
DA:55,0
DA:57,0
DA:66,0
DA:67,0
LF:17
LH:0
BRDA:4,0,0,0
BRDA:4,0,1,0
BRDA:13,1,0,0
BRDA:23,2,0,0
BRDA:23,3,0,0
BRDA:23,3,1,0
BRDA:23,3,2,0
BRDA:39,4,0,0
BRDA:39,4,1,0
BRDA:40,5,0,0
BRDA:40,5,1,0
BRDA:48,6,0,0
BRDA:48,6,1,0
BRDA:51,7,0,0
BRDA:51,7,1,0
BRDA:52,8,0,0
BRDA:52,8,1,0
BRDA:60,9,0,0
BRDA:60,9,1,0
BRF:19
BRH:0
end_of_record
TN:
SF:src/app/api/payments/webhook/route.ts
FN:10,POST
FNF:1
FNH:0
FNDA:0,POST
DA:2,0
DA:5,0
DA:7,0
DA:10,0
DA:11,0
DA:12,0
DA:13,0
DA:16,0
DA:17,0
DA:22,0
DA:23,0
DA:24,0
DA:29,0
DA:32,0
DA:46,0
DA:47,0
DA:48,0
DA:50,0
DA:54,0
DA:56,0
DA:58,0
LF:21
LH:0
BRDA:5,0,0,0
BRDA:5,0,1,0
BRDA:16,1,0,0
BRDA:16,2,0,0
BRDA:16,2,1,0
BRDA:22,3,0,0
BRDA:36,4,0,0
BRDA:36,4,1,0
BRDA:38,5,0,0
BRDA:38,5,1,0
BRDA:39,6,0,0
BRDA:39,6,1,0
BRDA:46,7,0,0
BRDA:46,7,1,0
BRF:14
BRH:0
end_of_record
TN:
SF:src/app/api/rfid/bulk-import/route.ts
FN:8,POST
FNF:1
FNH:0
FNDA:0,POST
DA:4,0
DA:8,0
DA:9,0
DA:11,0
DA:13,0
DA:14,0
DA:20,0
DA:23,0
DA:24,0
DA:34,0
DA:45,0
DA:48,0
DA:49,0
DA:55,0
DA:57,0
DA:66,0
DA:67,0
LF:17
LH:0
BRDA:4,0,0,0
BRDA:4,0,1,0
BRDA:13,1,0,0
BRDA:23,2,0,0
BRDA:23,3,0,0
BRDA:23,3,1,0
BRDA:23,3,2,0
BRDA:39,4,0,0
BRDA:39,4,1,0
BRDA:40,5,0,0
BRDA:40,5,1,0
BRDA:48,6,0,0
BRDA:48,6,1,0
BRDA:51,7,0,0
BRDA:51,7,1,0
BRDA:52,8,0,0
BRDA:52,8,1,0
BRDA:60,9,0,0
BRDA:60,9,1,0
BRF:19
BRH:0
end_of_record
TN:
SF:src/app/api/rfid/cards/route.ts
FN:8,POST
FNF:1
FNH:0
FNDA:0,POST
DA:4,0
DA:8,0
DA:9,0
DA:11,0
DA:13,0
DA:14,0
DA:20,0
DA:23,0
DA:24,0
DA:34,0
DA:45,0
DA:48,0
DA:49,0
DA:55,0
DA:57,0
DA:66,0
DA:67,0
LF:17
LH:0
BRDA:4,0,0,0
BRDA:4,0,1,0
BRDA:13,1,0,0
BRDA:23,2,0,0
BRDA:23,3,0,0
BRDA:23,3,1,0
BRDA:39,4,0,0
BRDA:39,4,1,0
BRDA:40,5,0,0
BRDA:40,5,1,0
BRDA:48,6,0,0
BRDA:48,6,1,0
BRDA:51,7,0,0
BRDA:51,7,1,0
BRDA:52,8,0,0
BRDA:52,8,1,0
BRDA:60,9,0,0
BRDA:60,9,1,0
BRF:18
BRH:0
end_of_record
TN:
SF:src/app/api/rfid/delivery-verification/route.ts
FN:8,POST
FNF:1
FNH:0
FNDA:0,POST
DA:4,0
DA:8,0
DA:9,0
DA:11,0
DA:13,0
DA:14,0
DA:20,0
DA:23,0
DA:24,0
DA:34,0
DA:45,0
DA:48,0
DA:49,0
DA:55,0
DA:57,0
DA:66,0
DA:67,0
LF:17
LH:0
BRDA:4,0,0,0
BRDA:4,0,1,0
BRDA:13,1,0,0
BRDA:23,2,0,0
BRDA:23,3,0,0
BRDA:23,3,1,0
BRDA:23,3,2,0
BRDA:23,3,3,0
BRDA:39,4,0,0
BRDA:39,4,1,0
BRDA:40,5,0,0
BRDA:40,5,1,0
BRDA:48,6,0,0
BRDA:48,6,1,0
BRDA:51,7,0,0
BRDA:51,7,1,0
BRDA:52,8,0,0
BRDA:52,8,1,0
BRDA:60,9,0,0
BRDA:60,9,1,0
BRF:20
BRH:0
end_of_record
TN:
SF:src/app/api/rfid/verify/route.ts
FN:8,POST
FNF:1
FNH:0
FNDA:0,POST
DA:4,0
DA:8,0
DA:9,0
DA:11,0
DA:13,0
DA:14,0
DA:20,0
DA:23,0
DA:24,0
DA:34,0
DA:45,0
DA:48,0
DA:49,0
DA:55,0
DA:57,0
DA:66,0
DA:67,0
LF:17
LH:0
BRDA:4,0,0,0
BRDA:4,0,1,0
BRDA:13,1,0,0
BRDA:23,2,0,0
BRDA:23,3,0,0
BRDA:23,3,1,0
BRDA:39,4,0,0
BRDA:39,4,1,0
BRDA:40,5,0,0
BRDA:40,5,1,0
BRDA:48,6,0,0
BRDA:48,6,1,0
BRDA:51,7,0,0
BRDA:51,7,1,0
BRDA:52,8,0,0
BRDA:52,8,1,0
BRDA:60,9,0,0
BRDA:60,9,1,0
BRF:18
BRH:0
end_of_record
TN:
SF:src/app/api/schools/route.ts
FN:13,GET
FN:41,POST
FN:130,PUT
FNF:3
FNH:0
FNDA:0,GET
FNDA:0,POST
FNDA:0,PUT
DA:9,0
DA:10,0
DA:13,0
DA:14,0
DA:15,0
DA:17,0
DA:18,0
DA:21,0
DA:22,0
DA:24,0
DA:26,0
DA:27,0
DA:33,0
DA:35,0
DA:36,0
DA:41,0
DA:42,0
DA:43,0
DA:45,0
DA:46,0
DA:49,0
DA:50,0
DA:54,0
DA:57,0
DA:61,0
DA:65,0
DA:69,0
DA:73,0
DA:77,0
DA:81,0
DA:85,0
DA:89,0
DA:93,0
DA:97,0
DA:101,0
DA:105,0
DA:109,0
DA:112,0
DA:115,0
DA:116,0
DA:122,0
DA:124,0
DA:125,0
DA:130,0
DA:131,0
DA:132,0
DA:134,0
DA:135,0
DA:138,0
DA:139,0
DA:141,0
DA:142,0
DA:148,0
DA:150,0
DA:151,0
LF:55
LH:0
BRDA:17,0,0,0
BRDA:26,1,0,0
BRDA:28,2,0,0
BRDA:28,2,1,0
BRDA:45,3,0,0
BRDA:54,4,0,0
BRDA:54,4,1,0
BRDA:54,4,2,0
BRDA:54,4,3,0
BRDA:54,4,4,0
BRDA:54,4,5,0
BRDA:54,4,6,0
BRDA:54,4,7,0
BRDA:115,5,0,0
BRDA:117,6,0,0
BRDA:117,6,1,0
BRDA:134,7,0,0
BRDA:141,8,0,0
BRDA:143,9,0,0
BRDA:143,9,1,0
BRF:20
BRH:0
end_of_record
TN:
SF:src/app/api/schools/[schoolId]/route.ts
FN:13,GET
FN:47,PUT
FN:78,DELETE
FNF:3
FNH:0
FNDA:0,GET
FNDA:0,PUT
FNDA:0,DELETE
DA:9,0
DA:10,0
DA:13,0
DA:14,0
DA:15,0
DA:17,0
DA:18,0
DA:21,0
DA:24,0
DA:39,0
DA:41,0
DA:42,0
DA:47,0
DA:48,0
DA:49,0
DA:51,0
DA:52,0
DA:55,0
DA:56,0
DA:58,0
DA:63,0
DA:64,0
DA:70,0
DA:72,0
DA:73,0
DA:78,0
DA:79,0
DA:80,0
DA:82,0
DA:83,0
DA:86,0
DA:89,0
DA:95,0
DA:97,0
DA:98,0
LF:35
LH:0
BRDA:17,0,0,0
BRDA:51,1,0,0
BRDA:63,2,0,0
BRDA:65,3,0,0
BRDA:65,3,1,0
BRDA:82,4,0,0
BRF:6
BRH:0
end_of_record
TN:
SF:src/app/api/status/route.ts
FN:16,GET
FNF:1
FNH:0
FNDA:0,GET
DA:16,0
DA:17,0
DA:18,0
DA:30,0
DA:32,0
DA:33,0
LF:6
LH:0
BRDA:22,0,0,0
BRDA:22,0,1,0
BRDA:24,1,0,0
BRDA:24,1,1,0
BRDA:25,2,0,0
BRDA:25,2,1,0
BRF:6
BRH:0
end_of_record
TN:
SF:src/app/auth/error.tsx
FN:8,AuthError
FN:15,(anonymous_3)
FNF:2
FNH:0
FNDA:0,AuthError
FNDA:0,(anonymous_3)
DA:3,0
DA:4,0
DA:5,0
DA:6,0
DA:8,0
DA:15,0
DA:17,0
LF:7
LH:0
BRDA:29,0,0,0
BRDA:29,0,1,0
BRF:2
BRH:0
end_of_record
TN:
SF:src/app/auth/loading.tsx
FN:4,AuthLoading
FNF:1
FNH:0
FNDA:0,AuthLoading
DA:1,0
DA:2,0
DA:4,0
LF:3
LH:0
BRF:0
BRH:0
end_of_record
TN:
SF:src/app/auth/forgot-password/page.tsx
FN:10,ForgotPasswordPage
FN:17,(anonymous_2)
FN:65,(anonymous_3)
FNF:3
FNH:0
FNDA:0,ForgotPasswordPage
FNDA:0,(anonymous_2)
FNDA:0,(anonymous_3)
DA:3,0
DA:4,0
DA:5,0
DA:6,0
DA:7,0
DA:10,0
DA:11,0
DA:12,0
DA:13,0
DA:14,0
DA:15,0
DA:17,0
DA:18,0
DA:19,0
DA:21,0
DA:22,0
DA:24,0
DA:25,0
DA:27,0
DA:30,0
DA:31,0
DA:33,0
DA:37,0
DA:65,0
LF:24
LH:0
BRDA:24,0,0,0
BRDA:24,0,1,0
BRDA:31,1,0,0
BRDA:31,1,1,0
BRDA:37,2,0,0
BRF:5
BRH:0
end_of_record
TN:
SF:src/app/auth/login/page.tsx
FN:9,LoginPage
FN:14,(anonymous_2)
FN:38,(anonymous_3)
FNF:3
FNH:0
FNDA:0,LoginPage
FNDA:0,(anonymous_2)
FNDA:0,(anonymous_3)
DA:3,0
DA:4,0
DA:5,0
DA:6,0
DA:9,0
DA:10,0
DA:11,0
DA:12,0
DA:14,0
DA:15,0
DA:16,0
DA:18,0
DA:19,0
DA:26,0
DA:29,0
DA:32,0
DA:34,0
DA:38,0
DA:39,0
DA:41,0
LF:20
LH:0
BRDA:23,0,0,0
BRDA:23,0,1,0
BRDA:26,1,0,0
BRDA:26,1,1,0
BRDA:32,2,0,0
BRDA:32,2,1,0
BRF:6
BRH:0
end_of_record
TN:
SF:src/app/auth/login-safari/page.tsx
FN:11,getDashboardUrl
FN:25,SafariLoginPage
FN:31,(anonymous_3)
FN:45,(anonymous_4)
FN:73,(anonymous_5)
FNF:5
FNH:0
FNDA:0,getDashboardUrl
FNDA:0,SafariLoginPage
FNDA:0,(anonymous_3)
FNDA:0,(anonymous_4)
FNDA:0,(anonymous_5)
DA:3,0
DA:4,0
DA:5,0
DA:6,0
DA:7,0
DA:12,0
DA:22,0
DA:25,0
DA:26,0
DA:27,0
DA:28,0
DA:29,0
DA:31,0
DA:32,0
DA:33,0
DA:35,0
DA:36,0
DA:43,0
DA:45,0
DA:47,0
DA:48,0
DA:49,0
DA:50,0
DA:51,0
DA:52,0
DA:53,0
DA:56,0
DA:60,0
DA:61,0
DA:64,0
DA:67,0
DA:69,0
DA:73,0
DA:74,0
DA:76,0
LF:35
LH:0
BRDA:22,0,0,0
BRDA:22,0,1,0
BRDA:40,1,0,0
BRDA:40,1,1,0
BRDA:43,2,0,0
BRDA:43,2,1,0
BRDA:49,3,0,0
BRDA:67,4,0,0
BRDA:67,4,1,0
BRF:9
BRH:0
end_of_record
TN:
SF:src/app/auth/login/admin/page.tsx
FN:14,(anonymous_5)
FN:15,(anonymous_6)
FN:15,(anonymous_7)
FN:34,getDashboardUrl
FN:48,AdminLoginPage
FN:56,(anonymous_12)
FN:63,(anonymous_13)
FN:77,(anonymous_14)
FN:105,(anonymous_15)
FNF:9
FNH:0
FNDA:0,(anonymous_5)
FNDA:0,(anonymous_6)
FNDA:0,(anonymous_7)
FNDA:0,getDashboardUrl
FNDA:0,AdminLoginPage
FNDA:0,(anonymous_12)
FNDA:0,(anonymous_13)
FNDA:0,(anonymous_14)
FNDA:0,(anonymous_15)
DA:3,0
DA:4,0
DA:5,0
DA:6,0
DA:7,0
DA:8,0
DA:9,0
DA:15,0
DA:35,0
DA:45,0
DA:48,0
DA:49,0
DA:50,0
DA:51,0
DA:52,0
DA:53,0
DA:56,0
DA:57,0
DA:59,0
DA:60,0
DA:63,0
DA:64,0
DA:65,0
DA:67,0
DA:68,0
DA:75,0
DA:77,0
DA:79,0
DA:80,0
DA:81,0
DA:82,0
DA:83,0
DA:84,0
DA:85,0
DA:88,0
DA:92,0
DA:93,0
DA:96,0
DA:99,0
DA:101,0
DA:105,0
DA:106,0
DA:108,0
LF:43
LH:0
BRDA:45,0,0,0
BRDA:45,0,1,0
BRDA:59,1,0,0
BRDA:59,1,1,0
BRDA:59,1,2,0
BRDA:72,2,0,0
BRDA:72,2,1,0
BRDA:75,3,0,0
BRDA:75,3,1,0
BRDA:81,4,0,0
BRDA:99,5,0,0
BRDA:99,5,1,0
BRDA:117,6,0,0
BRF:13
BRH:0
end_of_record
TN:
SF:src/app/auth/login/kitchen/page.tsx
FN:14,(anonymous_5)
FN:15,(anonymous_6)
FN:15,(anonymous_7)
FN:34,getDashboardUrl
FN:48,KitchenLoginPage
FN:56,(anonymous_12)
FN:63,(anonymous_13)
FN:77,(anonymous_14)
FN:105,(anonymous_15)
FNF:9
FNH:0
FNDA:0,(anonymous_5)
FNDA:0,(anonymous_6)
FNDA:0,(anonymous_7)
FNDA:0,getDashboardUrl
FNDA:0,KitchenLoginPage
FNDA:0,(anonymous_12)
FNDA:0,(anonymous_13)
FNDA:0,(anonymous_14)
FNDA:0,(anonymous_15)
DA:3,0
DA:4,0
DA:5,0
DA:6,0
DA:7,0
DA:8,0
DA:9,0
DA:15,0
DA:35,0
DA:45,0
DA:48,0
DA:49,0
DA:50,0
DA:51,0
DA:52,0
DA:53,0
DA:56,0
DA:57,0
DA:59,0
DA:60,0
DA:63,0
DA:64,0
DA:65,0
DA:67,0
DA:68,0
DA:75,0
DA:77,0
DA:79,0
DA:80,0
DA:81,0
DA:82,0
DA:83,0
DA:84,0
DA:85,0
DA:88,0
DA:92,0
DA:93,0
DA:96,0
DA:99,0
DA:101,0
DA:105,0
DA:106,0
DA:108,0
LF:43
LH:0
BRDA:45,0,0,0
BRDA:45,0,1,0
BRDA:59,1,0,0
BRDA:59,1,1,0
BRDA:59,1,2,0
BRDA:72,2,0,0
BRDA:72,2,1,0
BRDA:75,3,0,0
BRDA:75,3,1,0
BRDA:81,4,0,0
BRDA:99,5,0,0
BRDA:99,5,1,0
BRDA:117,6,0,0
BRF:13
BRH:0
end_of_record
TN:
SF:src/app/auth/login/parent/page.tsx
FN:14,(anonymous_5)
FN:15,(anonymous_6)
FN:15,(anonymous_7)
FN:34,getDashboardUrl
FN:48,ParentLoginPage
FN:56,(anonymous_12)
FN:63,(anonymous_13)
FN:77,(anonymous_14)
FN:105,(anonymous_15)
FNF:9
FNH:0
FNDA:0,(anonymous_5)
FNDA:0,(anonymous_6)
FNDA:0,(anonymous_7)
FNDA:0,getDashboardUrl
FNDA:0,ParentLoginPage
FNDA:0,(anonymous_12)
FNDA:0,(anonymous_13)
FNDA:0,(anonymous_14)
FNDA:0,(anonymous_15)
DA:3,0
DA:4,0
DA:5,0
DA:6,0
DA:7,0
DA:8,0
DA:9,0
DA:15,0
DA:35,0
DA:45,0
DA:48,0
DA:49,0
DA:50,0
DA:51,0
DA:52,0
DA:53,0
DA:56,0
DA:57,0
DA:59,0
DA:60,0
DA:63,0
DA:64,0
DA:65,0
DA:67,0
DA:68,0
DA:75,0
DA:77,0
DA:79,0
DA:80,0
DA:81,0
DA:82,0
DA:83,0
DA:84,0
DA:85,0
DA:88,0
DA:92,0
DA:93,0
DA:96,0
DA:99,0
DA:101,0
DA:105,0
DA:106,0
DA:108,0
LF:43
LH:0
BRDA:45,0,0,0
BRDA:45,0,1,0
BRDA:59,1,0,0
BRDA:59,1,1,0
BRDA:59,1,2,0
BRDA:72,2,0,0
BRDA:72,2,1,0
BRDA:75,3,0,0
BRDA:75,3,1,0
BRDA:81,4,0,0
BRDA:99,5,0,0
BRDA:99,5,1,0
BRDA:117,6,0,0
BRF:13
BRH:0
end_of_record
TN:
SF:src/app/auth/login/vendor/page.tsx
FN:14,(anonymous_5)
FN:15,(anonymous_6)
FN:15,(anonymous_7)
FN:34,getDashboardUrl
FN:48,VendorLoginPage
FN:56,(anonymous_12)
FN:63,(anonymous_13)
FN:77,(anonymous_14)
FN:105,(anonymous_15)
FNF:9
FNH:0
FNDA:0,(anonymous_5)
FNDA:0,(anonymous_6)
FNDA:0,(anonymous_7)
FNDA:0,getDashboardUrl
FNDA:0,VendorLoginPage
FNDA:0,(anonymous_12)
FNDA:0,(anonymous_13)
FNDA:0,(anonymous_14)
FNDA:0,(anonymous_15)
DA:3,0
DA:4,0
DA:5,0
DA:6,0
DA:7,0
DA:8,0
DA:9,0
DA:15,0
DA:35,0
DA:45,0
DA:48,0
DA:49,0
DA:50,0
DA:51,0
DA:52,0
DA:53,0
DA:56,0
DA:57,0
DA:59,0
DA:60,0
DA:63,0
DA:64,0
DA:65,0
DA:67,0
DA:68,0
DA:75,0
DA:77,0
DA:79,0
DA:80,0
DA:81,0
DA:82,0
DA:83,0
DA:84,0
DA:85,0
DA:88,0
DA:92,0
DA:93,0
DA:96,0
DA:99,0
DA:101,0
DA:105,0
DA:106,0
DA:108,0
LF:43
LH:0
BRDA:45,0,0,0
BRDA:45,0,1,0
BRDA:59,1,0,0
BRDA:59,1,1,0
BRDA:59,1,2,0
BRDA:72,2,0,0
BRDA:72,2,1,0
BRDA:75,3,0,0
BRDA:75,3,1,0
BRDA:81,4,0,0
BRDA:99,5,0,0
BRDA:99,5,1,0
BRDA:114,6,0,0
BRF:13
BRH:0
end_of_record
TN:
SF:src/app/auth/register/page.tsx
FN:9,RegisterPage
FN:14,(anonymous_2)
FNF:2
FNH:0
FNDA:0,RegisterPage
FNDA:0,(anonymous_2)
DA:3,0
DA:4,0
DA:5,0
DA:6,0
DA:9,0
DA:10,0
DA:11,0
DA:12,0
DA:14,0
DA:15,0
DA:16,0
DA:18,0
DA:19,0
DA:29,0
DA:31,0
DA:33,0
DA:36,0
DA:37,0
DA:39,0
LF:19
LH:0
BRDA:29,0,0,0
BRDA:29,0,1,0
BRDA:37,1,0,0
BRDA:37,1,1,0
BRF:4
BRH:0
end_of_record
TN:
SF:src/app/dashboard/page.tsx
FN:3,DashboardPage
FNF:1
FNH:0
FNDA:0,DashboardPage
DA:1,0
DA:3,0
DA:4,0
LF:3
LH:0
BRF:0
BRH:0
end_of_record
TN:
SF:src/app/dashboard/admin/page.tsx
FN:7,AdminDashboard
FNF:1
FNH:0
FNDA:0,AdminDashboard
DA:3,0
DA:4,0
DA:5,0
DA:7,0
LF:4
LH:0
BRF:0
BRH:0
end_of_record
TN:
SF:src/app/dashboard/kitchen/page.tsx
FN:7,KitchenDashboard
FNF:1
FNH:0
FNDA:0,KitchenDashboard
DA:3,0
DA:4,0
DA:5,0
DA:7,0
LF:4
LH:0
BRF:0
BRH:0
end_of_record
TN:
SF:src/app/dashboard/parent/page.tsx
FN:7,ParentDashboard
FNF:1
FNH:0
FNDA:0,ParentDashboard
DA:3,0
DA:4,0
DA:5,0
DA:7,0
LF:4
LH:0
BRF:0
BRH:0
end_of_record
TN:
SF:src/app/dashboard/school-admin/page.tsx
FN:8,SchoolAdminDashboard
FNF:1
FNH:0
FNDA:0,SchoolAdminDashboard
DA:3,0
DA:4,0
DA:5,0
DA:6,0
DA:8,0
DA:9,0
LF:6
LH:0
BRDA:22,0,0,0
BRDA:22,0,1,0
BRDA:24,1,0,0
BRDA:24,1,1,0
BRF:4
BRH:0
end_of_record
TN:
SF:src/app/dashboard/student/page.tsx
FN:7,StudentDashboard
FN:142,(anonymous_2)
FNF:2
FNH:0
FNDA:0,StudentDashboard
FNDA:0,(anonymous_2)
DA:4,0
DA:5,0
DA:7,0
DA:8,0
DA:9,0
DA:142,0
LF:6
LH:0
BRDA:22,0,0,0
BRDA:22,0,1,0
BRDA:24,1,0,0
BRDA:24,1,1,0
BRDA:29,2,0,0
BRDA:29,2,1,0
BRF:6
BRH:0
end_of_record
TN:
SF:src/app/dashboard/vendor/page.tsx
FN:8,VendorDashboard
FNF:1
FNH:0
FNDA:0,VendorDashboard
DA:3,0
DA:4,0
DA:5,0
DA:6,0
DA:8,0
DA:9,0
LF:6
LH:0
BRDA:18,0,0,0
BRDA:18,0,1,0
BRDA:20,1,0,0
BRDA:20,1,1,0
BRF:4
BRH:0
end_of_record
TN:
SF:src/app/docs/page.tsx
FN:11,(anonymous_5)
FN:11,(anonymous_6)
FN:52,DocsPage
FN:57,(anonymous_10)
FN:61,(anonymous_11)
FN:82,(anonymous_12)
FN:155,(anonymous_13)
FN:210,(anonymous_14)
FN:218,(anonymous_15)
FNF:9
FNH:0
FNDA:0,(anonymous_5)
FNDA:0,(anonymous_6)
FNDA:0,DocsPage
FNDA:0,(anonymous_10)
FNDA:0,(anonymous_11)
FNDA:0,(anonymous_12)
FNDA:0,(anonymous_13)
FNDA:0,(anonymous_14)
FNDA:0,(anonymous_15)
DA:3,0
DA:4,0
DA:5,0
DA:6,0
DA:7,0
DA:8,0
DA:11,0
DA:52,0
DA:53,0
DA:54,0
DA:55,0
DA:57,0
DA:58,0
DA:61,0
DA:62,0
DA:63,0
DA:64,0
DA:67,0
DA:68,0
DA:69,0
DA:72,0
DA:73,0
DA:75,0
DA:76,0
DA:78,0
DA:82,0
DA:83,0
DA:85,0
DA:86,0
DA:88,0
DA:90,0
DA:91,0
DA:92,0
DA:93,0
DA:96,0
DA:109,0
DA:155,0
DA:212,0
DA:213,0
DA:214,0
DA:216,0
DA:220,0
DA:221,0
LF:43
LH:0
BRDA:68,0,0,0
BRDA:76,1,0,0
BRDA:76,1,1,0
BRDA:83,2,0,0
BRDA:96,3,0,0
BRDA:109,4,0,0
BRDA:170,5,0,0
BRDA:170,5,1,0
BRDA:179,6,0,0
BRDA:179,6,1,0
BRDA:188,7,0,0
BRDA:188,7,1,0
BRDA:206,8,0,0
BRDA:213,9,0,0
BRF:14
BRH:0
end_of_record
TN:
SF:src/app/inventory-management/page.tsx
FN:4,InventoryManagementPage
FNF:1
FNH:0
FNDA:0,InventoryManagementPage
DA:1,0
DA:2,0
DA:4,0
DA:5,0
LF:4
LH:0
BRF:0
BRH:0
end_of_record
TN:
SF:src/app/kitchen-management/page.tsx
FN:4,KitchenManagementPage
FNF:1
FNH:0
FNDA:0,KitchenManagementPage
DA:1,0
DA:2,0
DA:4,0
DA:5,0
LF:4
LH:0
BRF:0
BRH:0
end_of_record
TN:
SF:src/app/login/page.tsx
FN:15,LoginPage
FN:23,(anonymous_6)
FN:111,(anonymous_7)
FN:130,(anonymous_8)
FN:137,(anonymous_9)
FNF:5
FNH:0
FNDA:0,LoginPage
FNDA:0,(anonymous_6)
FNDA:0,(anonymous_7)
FNDA:0,(anonymous_8)
FNDA:0,(anonymous_9)
DA:3,0
DA:4,0
DA:5,0
DA:6,0
DA:7,0
DA:8,0
DA:9,0
DA:10,0
DA:11,0
DA:12,0
DA:13,0
DA:15,0
DA:16,0
DA:17,0
DA:18,0
DA:19,0
DA:20,0
DA:21,0
DA:23,0
DA:24,0
DA:25,0
DA:26,0
DA:28,0
DA:29,0
DA:34,0
DA:36,0
DA:44,0
DA:45,0
DA:47,0
DA:50,0
DA:51,0
DA:53,0
DA:111,0
DA:130,0
DA:137,0
LF:35
LH:0
BRDA:34,0,0,0
BRDA:34,0,1,0
BRDA:34,1,0,0
BRDA:34,1,1,0
BRDA:44,2,0,0
BRDA:44,2,1,0
BRDA:47,3,0,0
BRDA:47,3,1,0
BRDA:94,4,0,0
BRDA:127,5,0,0
BRDA:127,5,1,0
BRDA:139,6,0,0
BRDA:139,6,1,0
BRDA:142,7,0,0
BRDA:173,8,0,0
BRF:15
BRH:0
end_of_record
TN:
SF:src/app/menu/page.tsx
FN:77,MenuPage
FN:89,(anonymous_6)
FN:93,(anonymous_7)
FN:133,(anonymous_8)
FN:136,(anonymous_9)
FN:137,(anonymous_10)
FN:138,(anonymous_11)
FN:140,(anonymous_12)
FN:150,(anonymous_13)
FN:151,(anonymous_14)
FN:151,(anonymous_15)
FN:154,(anonymous_16)
FN:159,(anonymous_17)
FN:159,(anonymous_18)
FN:162,(anonymous_19)
FN:163,(anonymous_20)
FN:166,(anonymous_21)
FN:167,(anonymous_22)
FN:170,(anonymous_23)
FN:175,(anonymous_24)
FN:180,(anonymous_25)
FN:255,(anonymous_26)
FN:265,(anonymous_27)
FN:270,(anonymous_28)
FN:320,(anonymous_29)
FN:336,(anonymous_30)
FN:363,(anonymous_31)
FN:396,(anonymous_32)
FN:410,(anonymous_33)
FN:415,(anonymous_34)
FN:423,(anonymous_35)
FN:446,(anonymous_36)
FN:461,(anonymous_37)
FN:463,(anonymous_38)
FN:473,(anonymous_39)
FN:478,(anonymous_40)
FN:480,(anonymous_41)
FN:489,(anonymous_42)
FNF:38
FNH:0
FNDA:0,MenuPage
FNDA:0,(anonymous_6)
FNDA:0,(anonymous_7)
FNDA:0,(anonymous_8)
FNDA:0,(anonymous_9)
FNDA:0,(anonymous_10)
FNDA:0,(anonymous_11)
FNDA:0,(anonymous_12)
FNDA:0,(anonymous_13)
FNDA:0,(anonymous_14)
FNDA:0,(anonymous_15)
FNDA:0,(anonymous_16)
FNDA:0,(anonymous_17)
FNDA:0,(anonymous_18)
FNDA:0,(anonymous_19)
FNDA:0,(anonymous_20)
FNDA:0,(anonymous_21)
FNDA:0,(anonymous_22)
FNDA:0,(anonymous_23)
FNDA:0,(anonymous_24)
FNDA:0,(anonymous_25)
FNDA:0,(anonymous_26)
FNDA:0,(anonymous_27)
FNDA:0,(anonymous_28)
FNDA:0,(anonymous_29)
FNDA:0,(anonymous_30)
FNDA:0,(anonymous_31)
FNDA:0,(anonymous_32)
FNDA:0,(anonymous_33)
FNDA:0,(anonymous_34)
FNDA:0,(anonymous_35)
FNDA:0,(anonymous_36)
FNDA:0,(anonymous_37)
FNDA:0,(anonymous_38)
FNDA:0,(anonymous_39)
FNDA:0,(anonymous_40)
FNDA:0,(anonymous_41)
FNDA:0,(anonymous_42)
DA:3,0
DA:4,0
DA:5,0
DA:6,0
DA:7,0
DA:8,0
DA:16,0
DA:27,0
DA:77,0
DA:78,0
DA:79,0
DA:80,0
DA:81,0
DA:82,0
DA:83,0
DA:84,0
DA:85,0
DA:86,0
DA:89,0
DA:90,0
DA:93,0
DA:94,0
DA:95,0
DA:96,0
DA:98,0
DA:99,0
DA:100,0
DA:103,0
DA:104,0
DA:106,0
DA:107,0
DA:108,0
DA:109,0
DA:112,0
DA:115,0
DA:116,0
DA:118,0
DA:120,0
DA:125,0
DA:127,0
DA:131,0
DA:133,0
DA:136,0
DA:137,0
DA:138,0
DA:139,0
DA:140,0
DA:141,0
DA:146,0
DA:150,0
DA:151,0
DA:154,0
DA:155,0
DA:156,0
DA:157,0
DA:159,0
DA:162,0
DA:163,0
DA:166,0
DA:167,0
DA:170,0
DA:171,0
DA:172,0
DA:175,0
DA:176,0
DA:180,0
DA:182,0
DA:183,0
DA:255,0
DA:266,0
DA:270,0
DA:320,0
DA:336,0
DA:364,0
DA:397,0
DA:410,0
DA:416,0
DA:417,0
DA:418,0
DA:423,0
DA:447,0
DA:463,0
DA:465,0
DA:466,0
DA:473,0
DA:480,0
DA:482,0
DA:490,0
DA:491,0
DA:492,0
LF:90
LH:0
BRDA:99,0,0,0
BRDA:106,1,0,0
BRDA:106,1,1,0
BRDA:106,2,0,0
BRDA:106,2,1,0
BRDA:108,3,0,0
BRDA:112,4,0,0
BRDA:112,4,1,0
BRDA:116,5,0,0
BRDA:116,5,1,0
BRDA:127,6,0,0
BRDA:127,6,1,0
BRDA:131,7,0,0
BRDA:131,7,1,0
BRDA:136,8,0,0
BRDA:139,9,0,0
BRDA:141,10,0,0
BRDA:141,10,1,0
BRDA:155,11,0,0
BRDA:159,12,0,0
BRDA:159,12,1,0
BRDA:212,13,0,0
BRDA:240,14,0,0
BRDA:248,15,0,0
BRDA:263,16,0,0
BRDA:263,16,1,0
BRDA:268,17,0,0
BRDA:268,17,1,0
BRDA:279,18,0,0
BRDA:298,19,0,0
BRDA:298,19,1,0
BRDA:298,19,2,0
BRDA:361,20,0,0
BRDA:361,20,1,0
BRDA:414,21,0,0
BRDA:414,21,1,0
BRDA:416,22,0,0
BRDA:463,23,0,0
BRDA:463,23,1,0
BRDA:465,24,0,0
BRDA:473,25,0,0
BRDA:473,25,1,0
BRDA:480,26,0,0
BRDA:480,26,1,0
BRF:44
BRH:0
end_of_record
TN:
SF:src/app/notifications/page.tsx
FN:19,NotificationsPage
FN:91,(anonymous_6)
FN:94,(anonymous_7)
FN:96,(anonymous_8)
FN:98,(anonymous_9)
FN:104,(anonymous_10)
FN:117,(anonymous_11)
FN:177,(anonymous_12)
FN:182,(anonymous_13)
FN:184,(anonymous_14)
FN:187,(anonymous_15)
FN:264,(anonymous_16)
FNF:12
FNH:0
FNDA:0,NotificationsPage
FNDA:0,(anonymous_6)
FNDA:0,(anonymous_7)
FNDA:0,(anonymous_8)
FNDA:0,(anonymous_9)
FNDA:0,(anonymous_10)
FNDA:0,(anonymous_11)
FNDA:0,(anonymous_12)
FNDA:0,(anonymous_13)
FNDA:0,(anonymous_14)
FNDA:0,(anonymous_15)
FNDA:0,(anonymous_16)
DA:3,0
DA:4,0
DA:5,0
DA:6,0
DA:7,0
DA:17,0
DA:19,0
DA:20,0
DA:22,0
DA:91,0
DA:92,0
DA:94,0
DA:96,0
DA:98,0
DA:100,0
DA:104,0
DA:105,0
DA:107,0
DA:109,0
DA:111,0
DA:113,0
DA:117,0
DA:118,0
DA:177,0
DA:182,0
DA:185,0
DA:187,0
DA:265,0
DA:266,0
LF:29
LH:0
BRDA:92,0,0,0
BRDA:92,0,1,0
BRDA:92,0,2,0
BRDA:92,0,3,0
BRDA:105,1,0,0
BRDA:105,1,1,0
BRDA:105,1,2,0
BRDA:105,1,3,0
BRDA:189,2,0,0
BRDA:189,2,1,0
BRDA:270,3,0,0
BRDA:270,3,1,0
BRDA:277,4,0,0
BRDA:277,4,1,0
BRDA:286,5,0,0
BRDA:286,5,1,0
BRDA:298,6,0,0
BRDA:305,7,0,0
BRDA:305,7,1,0
BRF:19
BRH:0
end_of_record
TN:
SF:src/app/order-workflow/page.tsx
FN:4,OrderWorkflowPage
FNF:1
FNH:0
FNDA:0,OrderWorkflowPage
DA:1,0
DA:2,0
DA:4,0
DA:5,0
LF:4
LH:0
BRF:0
BRH:0
end_of_record
TN:
SF:src/app/orders/page.tsx
FN:27,OrdersPage
FN:61,(anonymous_6)
FN:75,(anonymous_7)
FN:99,(anonymous_8)
FN:114,(anonymous_9)
FN:115,(anonymous_10)
FN:128,(anonymous_11)
FN:142,(anonymous_12)
FN:143,(anonymous_13)
FN:173,(anonymous_14)
FN:178,(anonymous_15)
FN:179,(anonymous_16)
FN:182,(anonymous_17)
FN:183,(anonymous_18)
FN:186,(anonymous_19)
FN:193,(anonymous_20)
FN:214,(anonymous_21)
FN:226,(anonymous_22)
FN:239,(anonymous_23)
FN:326,(anonymous_24)
FN:523,(anonymous_25)
FN:528,(anonymous_26)
FN:549,(anonymous_27)
FN:592,(anonymous_28)
FNF:24
FNH:0
FNDA:0,OrdersPage
FNDA:0,(anonymous_6)
FNDA:0,(anonymous_7)
FNDA:0,(anonymous_8)
FNDA:0,(anonymous_9)
FNDA:0,(anonymous_10)
FNDA:0,(anonymous_11)
FNDA:0,(anonymous_12)
FNDA:0,(anonymous_13)
FNDA:0,(anonymous_14)
FNDA:0,(anonymous_15)
FNDA:0,(anonymous_16)
FNDA:0,(anonymous_17)
FNDA:0,(anonymous_18)
FNDA:0,(anonymous_19)
FNDA:0,(anonymous_20)
FNDA:0,(anonymous_21)
FNDA:0,(anonymous_22)
FNDA:0,(anonymous_23)
FNDA:0,(anonymous_24)
FNDA:0,(anonymous_25)
FNDA:0,(anonymous_26)
FNDA:0,(anonymous_27)
FNDA:0,(anonymous_28)
DA:3,0
DA:4,0
DA:5,0
DA:6,0
DA:7,0
DA:8,0
DA:9,0
DA:23,0
DA:24,0
DA:25,0
DA:27,0
DA:28,0
DA:29,0
DA:30,0
DA:31,0
DA:32,0
DA:33,0
DA:34,0
DA:37,0
DA:61,0
DA:62,0
DA:63,0
DA:65,0
DA:66,0
DA:67,0
DA:71,0
DA:75,0
DA:76,0
DA:77,0
DA:80,0
DA:81,0
DA:83,0
DA:84,0
DA:86,0
DA:89,0
DA:90,0
DA:92,0
DA:94,0
DA:99,0
DA:100,0
DA:102,0
DA:110,0
DA:112,0
DA:114,0
DA:115,0
DA:117,0
DA:119,0
DA:122,0
DA:123,0
DA:128,0
DA:129,0
DA:131,0
DA:138,0
DA:140,0
DA:142,0
DA:143,0
DA:144,0
DA:155,0
DA:156,0
DA:161,0
DA:164,0
DA:167,0
DA:168,0
DA:173,0
DA:175,0
DA:178,0
DA:179,0
DA:182,0
DA:183,0
DA:186,0
DA:187,0
DA:189,0
DA:193,0
DA:201,0
DA:209,0
DA:211,0
DA:212,0
DA:213,0
DA:214,0
DA:215,0
DA:218,0
DA:221,0
DA:222,0
DA:226,0
DA:227,0
DA:239,0
DA:240,0
DA:242,0
DA:244,0
DA:246,0
DA:248,0
DA:253,0
DA:327,0
DA:523,0
DA:528,0
DA:549,0
DA:593,0
LF:97
LH:0
BRDA:65,0,0,0
BRDA:65,1,0,0
BRDA:65,1,1,0
BRDA:83,2,0,0
BRDA:83,2,1,0
BRDA:83,3,0,0
BRDA:83,3,1,0
BRDA:86,4,0,0
BRDA:86,4,1,0
BRDA:112,5,0,0
BRDA:112,5,1,0
BRDA:115,6,0,0
BRDA:115,6,1,0
BRDA:119,7,0,0
BRDA:119,7,1,0
BRDA:140,8,0,0
BRDA:140,8,1,0
BRDA:144,9,0,0
BRDA:144,9,1,0
BRDA:148,10,0,0
BRDA:148,10,1,0
BRDA:155,11,0,0
BRDA:155,11,1,0
BRDA:164,12,0,0
BRDA:164,12,1,0
BRDA:211,13,0,0
BRDA:211,13,1,0
BRDA:218,14,0,0
BRDA:218,14,1,0
BRDA:240,15,0,0
BRDA:240,15,1,0
BRDA:240,15,2,0
BRDA:240,15,3,0
BRDA:253,16,0,0
BRDA:253,17,0,0
BRDA:253,17,1,0
BRDA:285,18,0,0
BRDA:499,19,0,0
BRDA:526,20,0,0
BRDA:526,20,1,0
BRDA:549,21,0,0
BRDA:549,21,1,0
BRDA:573,22,0,0
BRDA:578,23,0,0
BRF:44
BRH:0
end_of_record
TN:
SF:src/app/register/page.tsx
FN:20,RegisterPage
FN:35,(anonymous_6)
FN:36,(anonymous_7)
FN:39,(anonymous_8)
FN:59,(anonymous_9)
FN:120,(anonymous_10)
FN:138,(anonymous_11)
FN:156,(anonymous_12)
FN:169,(anonymous_13)
FN:191,(anonymous_14)
FN:217,(anonymous_15)
FN:223,(anonymous_16)
FN:242,(anonymous_17)
FN:248,(anonymous_18)
FNF:14
FNH:0
FNDA:0,RegisterPage
FNDA:0,(anonymous_6)
FNDA:0,(anonymous_7)
FNDA:0,(anonymous_8)
FNDA:0,(anonymous_9)
FNDA:0,(anonymous_10)
FNDA:0,(anonymous_11)
FNDA:0,(anonymous_12)
FNDA:0,(anonymous_13)
FNDA:0,(anonymous_14)
FNDA:0,(anonymous_15)
FNDA:0,(anonymous_16)
FNDA:0,(anonymous_17)
FNDA:0,(anonymous_18)
DA:3,0
DA:4,0
DA:5,0
DA:6,0
DA:7,0
DA:8,0
DA:9,0
DA:10,0
DA:17,0
DA:18,0
DA:20,0
DA:21,0
DA:22,0
DA:23,0
DA:32,0
DA:33,0
DA:35,0
DA:36,0
DA:39,0
DA:40,0
DA:41,0
DA:42,0
DA:45,0
DA:46,0
DA:47,0
DA:48,0
DA:51,0
DA:52,0
DA:53,0
DA:54,0
DA:57,0
DA:59,0
DA:62,0
DA:65,0
DA:67,0
DA:69,0
DA:120,0
DA:138,0
DA:156,0
DA:169,0
DA:191,0
DA:217,0
DA:223,0
DA:242,0
DA:248,0
LF:45
LH:0
BRDA:45,0,0,0
BRDA:51,1,0,0
BRDA:103,2,0,0
BRDA:214,3,0,0
BRDA:214,3,1,0
BRDA:226,4,0,0
BRDA:239,5,0,0
BRDA:239,5,1,0
BRDA:252,6,0,0
BRDA:288,7,0,0
BRF:10
BRH:0
end_of_record
TN:
SF:src/app/rfid-verification/page.tsx
FN:4,RFIDVerificationPage
FNF:1
FNH:0
FNDA:0,RFIDVerificationPage
DA:1,0
DA:2,0
DA:4,0
DA:5,0
LF:4
LH:0
BRF:0
BRH:0
end_of_record
TN:
SF:src/app/settings/page.tsx
FN:11,SettingsPage
FN:44,(anonymous_6)
FN:45,(anonymous_7)
FN:107,(anonymous_8)
FN:112,(anonymous_9)
FN:228,(anonymous_10)
FN:244,(anonymous_11)
FN:256,(anonymous_12)
FN:269,(anonymous_13)
FN:301,(anonymous_14)
FN:313,(anonymous_15)
FN:325,(anonymous_16)
FN:339,(anonymous_17)
FN:349,(anonymous_18)
FN:376,(anonymous_19)
FN:393,(anonymous_20)
FN:407,(anonymous_21)
FN:422,(anonymous_22)
FNF:18
FNH:0
FNDA:0,SettingsPage
FNDA:0,(anonymous_6)
FNDA:0,(anonymous_7)
FNDA:0,(anonymous_8)
FNDA:0,(anonymous_9)
FNDA:0,(anonymous_10)
FNDA:0,(anonymous_11)
FNDA:0,(anonymous_12)
FNDA:0,(anonymous_13)
FNDA:0,(anonymous_14)
FNDA:0,(anonymous_15)
FNDA:0,(anonymous_16)
FNDA:0,(anonymous_17)
FNDA:0,(anonymous_18)
FNDA:0,(anonymous_19)
FNDA:0,(anonymous_20)
FNDA:0,(anonymous_21)
FNDA:0,(anonymous_22)
DA:3,0
DA:4,0
DA:5,0
DA:6,0
DA:7,0
DA:8,0
DA:9,0
DA:11,0
DA:12,0
DA:16,0
DA:44,0
DA:45,0
DA:51,0
DA:108,0
DA:109,0
DA:112,0
DA:228,0
DA:244,0
DA:256,0
DA:269,0
DA:302,0
DA:314,0
DA:326,0
DA:339,0
DA:349,0
DA:377,0
DA:393,0
DA:408,0
DA:422,0
LF:29
LH:0
BRDA:114,0,0,0
BRDA:114,0,1,0
BRDA:131,1,0,0
BRDA:207,2,0,0
BRDA:281,3,0,0
BRDA:357,4,0,0
BRF:6
BRH:0
end_of_record
TN:
SF:src/app/test-fixes/page.tsx
FN:43,TestFixesPage
FN:54,(anonymous_5)
FN:58,(anonymous_6)
FN:59,(anonymous_7)
FN:64,(anonymous_8)
FN:65,(anonymous_9)
FN:65,(anonymous_10)
FN:68,(anonymous_11)
FN:111,(anonymous_12)
FN:145,(anonymous_13)
FN:153,(anonymous_14)
FN:159,(anonymous_15)
FN:178,(anonymous_16)
FN:187,(anonymous_17)
FN:203,(anonymous_18)
FN:205,(anonymous_19)
FN:208,(anonymous_20)
FN:211,(anonymous_21)
FN:216,(anonymous_22)
FN:292,(anonymous_23)
FN:410,(anonymous_24)
FN:414,(anonymous_25)
FN:438,(anonymous_26)
FN:440,(anonymous_27)
FN:442,(anonymous_28)
FN:448,(anonymous_29)
FNF:26
FNH:0
FNDA:0,TestFixesPage
FNDA:0,(anonymous_5)
FNDA:0,(anonymous_6)
FNDA:0,(anonymous_7)
FNDA:0,(anonymous_8)
FNDA:0,(anonymous_9)
FNDA:0,(anonymous_10)
FNDA:0,(anonymous_11)
FNDA:0,(anonymous_12)
FNDA:0,(anonymous_13)
FNDA:0,(anonymous_14)
FNDA:0,(anonymous_15)
FNDA:0,(anonymous_16)
FNDA:0,(anonymous_17)
FNDA:0,(anonymous_18)
FNDA:0,(anonymous_19)
FNDA:0,(anonymous_20)
FNDA:0,(anonymous_21)
FNDA:0,(anonymous_22)
FNDA:0,(anonymous_23)
FNDA:0,(anonymous_24)
FNDA:0,(anonymous_25)
FNDA:0,(anonymous_26)
FNDA:0,(anonymous_27)
FNDA:0,(anonymous_28)
FNDA:0,(anonymous_29)
DA:8,0
DA:9,0
DA:21,0
DA:23,0
DA:24,0
DA:25,0
DA:26,0
DA:27,0
DA:28,0
DA:31,0
DA:32,0
DA:33,0
DA:34,0
DA:43,0
DA:44,0
DA:45,0
DA:47,0
DA:54,0
DA:55,0
DA:58,0
DA:59,0
DA:60,0
DA:61,0
DA:64,0
DA:65,0
DA:68,0
DA:69,0
DA:71,0
DA:73,0
DA:78,0
DA:79,0
DA:80,0
DA:82,0
DA:83,0
DA:89,0
DA:96,0
DA:103,0
DA:111,0
DA:112,0
DA:114,0
DA:115,0
DA:118,0
DA:119,0
DA:121,0
DA:122,0
DA:128,0
DA:136,0
DA:137,0
DA:145,0
DA:146,0
DA:148,0
DA:150,0
DA:153,0
DA:156,0
DA:159,0
DA:161,0
DA:168,0
DA:170,0
DA:178,0
DA:179,0
DA:181,0
DA:183,0
DA:184,0
DA:187,0
DA:189,0
DA:195,0
DA:203,0
DA:204,0
DA:205,0
DA:207,0
DA:208,0
DA:210,0
DA:211,0
DA:213,0
DA:216,0
DA:217,0
DA:293,0
DA:410,0
DA:414,0
DA:439,0
DA:440,0
DA:443,0
DA:448,0
LF:83
LH:0
BRDA:65,0,0,0
BRDA:65,0,1,0
BRDA:78,1,0,0
BRDA:78,1,1,0
BRDA:78,2,0,0
BRDA:78,2,1,0
BRDA:79,3,0,0
BRDA:79,3,1,0
BRDA:80,4,0,0
BRDA:80,4,1,0
BRDA:80,4,2,0
BRDA:82,5,0,0
BRDA:82,5,1,0
BRDA:82,6,0,0
BRDA:82,6,1,0
BRDA:106,7,0,0
BRDA:106,7,1,0
BRDA:121,8,0,0
BRDA:121,8,1,0
BRDA:125,9,0,0
BRDA:125,9,1,0
BRDA:173,10,0,0
BRDA:173,10,1,0
BRDA:198,11,0,0
BRDA:198,11,1,0
BRDA:301,12,0,0
BRDA:301,12,1,0
BRDA:303,13,0,0
BRDA:303,13,1,0
BRDA:305,14,0,0
BRDA:305,14,1,0
BRDA:316,15,0,0
BRDA:316,15,1,0
BRDA:318,16,0,0
BRDA:318,16,1,0
BRDA:320,17,0,0
BRDA:320,17,1,0
BRDA:331,18,0,0
BRDA:361,19,0,0
BRDA:360,20,0,0
BRDA:360,20,1,0
BRDA:388,21,0,0
BRDA:472,22,0,0
BRDA:472,22,1,0
BRDA:479,23,0,0
BRDA:479,23,1,0
BRF:46
BRH:0
end_of_record
TN:
SF:src/components/AuthModal.tsx
FN:41,(anonymous_4)
FN:67,(anonymous_5)
FN:86,(anonymous_6)
FN:147,(anonymous_7)
FN:148,(anonymous_8)
FN:151,(anonymous_9)
FN:155,(anonymous_10)
FN:180,(anonymous_11)
FN:205,(anonymous_12)
FN:221,(anonymous_13)
FN:241,(anonymous_14)
FN:261,(anonymous_15)
FN:304,(anonymous_17)
FN:339,(anonymous_19)
FN:348,(anonymous_20)
FN:364,(anonymous_21)
FN:379,(anonymous_22)
FN:414,(anonymous_23)
FN:449,(anonymous_24)
FN:474,(anonymous_25)
FN:565,(anonymous_26)
FN:579,(anonymous_27)
FN:591,(anonymous_28)
FNF:23
FNH:0
FNDA:0,(anonymous_4)
FNDA:0,(anonymous_5)
FNDA:0,(anonymous_6)
FNDA:0,(anonymous_7)
FNDA:0,(anonymous_8)
FNDA:0,(anonymous_9)
FNDA:0,(anonymous_10)
FNDA:0,(anonymous_11)
FNDA:0,(anonymous_12)
FNDA:0,(anonymous_13)
FNDA:0,(anonymous_14)
FNDA:0,(anonymous_15)
FNDA:0,(anonymous_17)
FNDA:0,(anonymous_19)
FNDA:0,(anonymous_20)
FNDA:0,(anonymous_21)
FNDA:0,(anonymous_22)
FNDA:0,(anonymous_23)
FNDA:0,(anonymous_24)
FNDA:0,(anonymous_25)
FNDA:0,(anonymous_26)
FNDA:0,(anonymous_27)
FNDA:0,(anonymous_28)
DA:1,0
DA:2,0
DA:15,0
DA:16,0
DA:17,0
DA:41,0
DA:47,0
DA:48,0
DA:49,0
DA:50,0
DA:51,0
DA:53,0
DA:67,0
DA:68,0
DA:69,0
DA:81,0
DA:82,0
DA:86,0
DA:87,0
DA:90,0
DA:91,0
DA:92,0
DA:93,0
DA:97,0
DA:98,0
DA:101,0
DA:102,0
DA:103,0
DA:106,0
DA:107,0
DA:110,0
DA:111,0
DA:114,0
DA:115,0
DA:118,0
DA:119,0
DA:122,0
DA:123,0
DA:127,0
DA:128,0
DA:131,0
DA:132,0
DA:133,0
DA:134,0
DA:135,0
DA:138,0
DA:139,0
DA:143,0
DA:144,0
DA:147,0
DA:148,0
DA:150,0
DA:151,0
DA:155,0
DA:156,0
DA:158,0
DA:159,0
DA:160,0
DA:165,0
DA:166,0
DA:167,0
DA:169,0
DA:170,0
DA:172,0
DA:173,0
DA:176,0
DA:180,0
DA:181,0
DA:183,0
DA:184,0
DA:185,0
DA:195,0
DA:196,0
DA:198,0
DA:199,0
DA:201,0
DA:205,0
DA:206,0
DA:208,0
DA:209,0
DA:210,0
DA:211,0
DA:212,0
DA:214,0
DA:215,0
DA:217,0
DA:221,0
DA:222,0
DA:224,0
DA:225,0
DA:226,0
DA:230,0
DA:231,0
DA:232,0
DA:234,0
DA:235,0
DA:237,0
DA:241,0
DA:242,0
DA:244,0
DA:245,0
DA:246,0
DA:251,0
DA:252,0
DA:254,0
DA:255,0
DA:257,0
DA:261,0
DA:262,0
DA:264,0
DA:266,0
DA:267,0
DA:269,0
DA:270,0
DA:272,0
DA:273,0
DA:275,0
DA:276,0
DA:278,0
DA:279,0
DA:304,0
DA:339,0
DA:348,0
DA:364,0
DA:365,0
DA:367,0
DA:369,0
DA:371,0
DA:373,0
DA:375,0
DA:379,0
DA:380,0
DA:382,0
DA:384,0
DA:386,0
DA:388,0
DA:390,0
DA:394,0
DA:414,0
DA:449,0
DA:474,0
DA:565,0
DA:579,0
DA:591,0
DA:606,0
LF:145
LH:0
BRDA:44,0,0,0
BRDA:68,1,0,0
BRDA:90,2,0,0
BRDA:90,2,1,0
BRDA:92,3,0,0
BRDA:97,4,0,0
BRDA:97,5,0,0
BRDA:97,5,1,0
BRDA:97,5,2,0
BRDA:101,6,0,0
BRDA:102,7,0,0
BRDA:106,8,0,0
BRDA:110,9,0,0
BRDA:114,10,0,0
BRDA:118,11,0,0
BRDA:122,12,0,0
BRDA:127,13,0,0
BRDA:127,14,0,0
BRDA:127,14,1,0
BRDA:131,15,0,0
BRDA:132,16,0,0
BRDA:132,16,1,0
BRDA:134,17,0,0
BRDA:138,18,0,0
BRDA:150,19,0,0
BRDA:156,20,0,0
BRDA:169,21,0,0
BRDA:169,21,1,0
BRDA:172,22,0,0
BRDA:181,23,0,0
BRDA:198,24,0,0
BRDA:198,24,1,0
BRDA:206,25,0,0
BRDA:214,26,0,0
BRDA:214,26,1,0
BRDA:222,27,0,0
BRDA:234,28,0,0
BRDA:234,28,1,0
BRDA:242,29,0,0
BRDA:254,30,0,0
BRDA:254,30,1,0
BRDA:264,31,0,0
BRDA:264,31,1,0
BRDA:264,31,2,0
BRDA:264,31,3,0
BRDA:264,31,4,0
BRDA:286,32,0,0
BRDA:295,33,0,0
BRDA:305,34,0,0
BRDA:305,34,1,0
BRDA:306,35,0,0
BRDA:306,35,1,0
BRDA:308,36,0,0
BRDA:308,36,1,0
BRDA:311,37,0,0
BRDA:317,38,0,0
BRDA:336,39,0,0
BRDA:336,39,1,0
BRDA:341,40,0,0
BRDA:341,40,1,0
BRDA:352,41,0,0
BRDA:354,42,0,0
BRDA:360,43,0,0
BRDA:365,44,0,0
BRDA:365,44,1,0
BRDA:365,44,2,0
BRDA:365,44,3,0
BRDA:365,44,4,0
BRDA:380,45,0,0
BRDA:380,45,1,0
BRDA:380,45,2,0
BRDA:380,45,3,0
BRDA:380,45,4,0
BRDA:394,46,0,0
BRDA:442,47,0,0
BRDA:459,48,0,0
BRDA:495,49,0,0
BRDA:500,50,0,0
BRDA:519,51,0,0
BRDA:539,52,0,0
BRDA:543,53,0,0
BRDA:543,53,1,0
BRDA:545,54,0,0
BRDA:545,54,1,0
BRDA:547,55,0,0
BRDA:547,55,1,0
BRDA:549,56,0,0
BRDA:549,56,1,0
BRDA:560,57,0,0
BRDA:574,58,0,0
BRDA:588,59,0,0
BRDA:588,59,1,0
BRF:92
BRH:0
end_of_record
TN:
SF:src/components/DailyMenuDisplay.tsx
FN:35,(anonymous_5)
FN:56,(anonymous_6)
FN:62,(anonymous_7)
FN:67,(anonymous_8)
FN:72,(anonymous_9)
FN:77,(anonymous_10)
FN:81,(anonymous_11)
FN:100,(anonymous_12)
FN:104,(anonymous_13)
FN:151,(anonymous_14)
FN:168,(anonymous_15)
FN:180,(anonymous_16)
FN:227,(anonymous_17)
FN:262,(anonymous_18)
FNF:14
FNH:0
FNDA:0,(anonymous_5)
FNDA:0,(anonymous_6)
FNDA:0,(anonymous_7)
FNDA:0,(anonymous_8)
FNDA:0,(anonymous_9)
FNDA:0,(anonymous_10)
FNDA:0,(anonymous_11)
FNDA:0,(anonymous_12)
FNDA:0,(anonymous_13)
FNDA:0,(anonymous_14)
FNDA:0,(anonymous_15)
FNDA:0,(anonymous_16)
FNDA:0,(anonymous_17)
FNDA:0,(anonymous_18)
DA:5,0
DA:19,0
DA:21,0
DA:22,0
DA:23,0
DA:24,0
DA:25,0
DA:27,0
DA:28,0
DA:35,0
DA:36,0
DA:51,0
DA:53,0
DA:56,0
DA:57,0
DA:58,0
DA:62,0
DA:63,0
DA:64,0
DA:67,0
DA:68,0
DA:69,0
DA:72,0
DA:73,0
DA:74,0
DA:77,0
DA:78,0
DA:81,0
DA:82,0
DA:83,0
DA:84,0
DA:85,0
DA:87,0
DA:88,0
DA:90,0
DA:91,0
DA:93,0
DA:94,0
DA:97,0
DA:100,0
DA:101,0
DA:104,0
DA:105,0
DA:108,0
DA:151,0
DA:169,0
DA:170,0
DA:171,0
DA:172,0
DA:174,0
DA:180,0
DA:228,0
DA:263,0
LF:53
LH:0
BRDA:35,0,0,0
BRDA:57,1,0,0
BRDA:57,2,0,0
BRDA:57,2,1,0
BRDA:87,3,0,0
BRDA:90,4,0,0
BRDA:93,5,0,0
BRDA:101,6,0,0
BRDA:101,6,1,0
BRDA:105,7,0,0
BRDA:105,7,1,0
BRDA:108,8,0,0
BRDA:108,9,0,0
BRDA:108,9,1,0
BRDA:158,10,0,0
BRDA:158,10,1,0
BRDA:165,11,0,0
BRDA:177,12,0,0
BRDA:177,12,1,0
BRDA:179,13,0,0
BRDA:179,13,1,0
BRDA:193,14,0,0
BRDA:206,15,0,0
BRDA:216,16,0,0
BRDA:238,17,0,0
BRDA:257,18,0,0
BRDA:269,19,0,0
BRDA:277,20,0,0
BRDA:277,20,1,0
BRDA:287,21,0,0
BRDA:297,22,0,0
BRF:31
BRH:0
end_of_record
TN:
SF:src/components/DashboardOverview.tsx
FN:66,(anonymous_4)
FN:72,(anonymous_5)
FN:76,(anonymous_6)
FN:80,(anonymous_7)
FN:83,(anonymous_8)
FN:139,(anonymous_9)
FN:144,(anonymous_10)
FN:162,(anonymous_11)
FN:171,(anonymous_12)
FN:179,(anonymous_13)
FN:220,(anonymous_14)
FN:231,(anonymous_15)
FN:246,(anonymous_16)
FN:295,(anonymous_17)
FN:326,(anonymous_18)
FN:335,(anonymous_19)
FN:430,(anonymous_20)
FN:464,(anonymous_21)
FN:466,(anonymous_22)
FN:493,(anonymous_23)
FNF:20
FNH:0
FNDA:0,(anonymous_4)
FNDA:0,(anonymous_5)
FNDA:0,(anonymous_6)
FNDA:0,(anonymous_7)
FNDA:0,(anonymous_8)
FNDA:0,(anonymous_9)
FNDA:0,(anonymous_10)
FNDA:0,(anonymous_11)
FNDA:0,(anonymous_12)
FNDA:0,(anonymous_13)
FNDA:0,(anonymous_14)
FNDA:0,(anonymous_15)
FNDA:0,(anonymous_16)
FNDA:0,(anonymous_17)
FNDA:0,(anonymous_18)
FNDA:0,(anonymous_19)
FNDA:0,(anonymous_20)
FNDA:0,(anonymous_21)
FNDA:0,(anonymous_22)
FNDA:0,(anonymous_23)
DA:1,0
DA:2,0
DA:14,0
DA:28,0
DA:29,0
DA:30,0
DA:66,0
DA:67,0
DA:68,0
DA:69,0
DA:70,0
DA:72,0
DA:73,0
DA:76,0
DA:77,0
DA:80,0
DA:83,0
DA:84,0
DA:85,0
DA:86,0
DA:92,0
DA:111,0
DA:113,0
DA:116,0
DA:135,0
DA:139,0
DA:140,0
DA:141,0
DA:142,0
DA:143,0
DA:144,0
DA:145,0
DA:158,0
DA:162,0
DA:171,0
DA:179,0
DA:217,0
DA:221,0
DA:229,0
DA:231,0
DA:246,0
DA:247,0
DA:249,0
DA:251,0
DA:253,0
DA:255,0
DA:259,0
DA:295,0
DA:296,0
DA:310,0
DA:326,0
DA:335,0
DA:430,0
DA:464,0
DA:467,0
DA:494,0
DA:572,0
LF:57
LH:0
BRDA:93,0,0,0
BRDA:93,0,1,0
BRDA:94,1,0,0
BRDA:94,1,1,0
BRDA:95,2,0,0
BRDA:95,2,1,0
BRDA:96,3,0,0
BRDA:96,3,1,0
BRDA:97,4,0,0
BRDA:97,4,1,0
BRDA:98,5,0,0
BRDA:98,5,1,0
BRDA:99,6,0,0
BRDA:99,6,1,0
BRDA:100,7,0,0
BRDA:100,7,1,0
BRDA:101,8,0,0
BRDA:101,8,1,0
BRDA:102,9,0,0
BRDA:102,9,1,0
BRDA:103,10,0,0
BRDA:103,10,1,0
BRDA:143,11,0,0
BRDA:145,12,0,0
BRDA:145,12,1,0
BRDA:148,13,0,0
BRDA:148,13,1,0
BRDA:149,14,0,0
BRDA:149,14,1,0
BRDA:150,15,0,0
BRDA:150,15,1,0
BRDA:217,16,0,0
BRDA:229,17,0,0
BRDA:236,18,0,0
BRDA:237,19,0,0
BRDA:247,20,0,0
BRDA:247,20,1,0
BRDA:247,20,2,0
BRDA:247,20,3,0
BRDA:276,21,0,0
BRDA:278,22,0,0
BRDA:278,22,1,0
BRDA:281,23,0,0
BRDA:339,24,0,0
BRDA:339,24,1,0
BRF:45
BRH:0
end_of_record
TN:
SF:src/components/DatePicker.tsx
FN:18,(anonymous_2)
FN:29,(anonymous_3)
FN:33,(anonymous_4)
FN:37,(anonymous_5)
FN:42,(anonymous_6)
FN:46,(anonymous_7)
FN:69,(anonymous_8)
FN:78,(anonymous_9)
FN:84,(anonymous_10)
FNF:9
FNH:0
FNDA:0,(anonymous_2)
FNDA:0,(anonymous_3)
FNDA:0,(anonymous_4)
FNDA:0,(anonymous_5)
FNDA:0,(anonymous_6)
FNDA:0,(anonymous_7)
FNDA:0,(anonymous_8)
FNDA:0,(anonymous_9)
FNDA:0,(anonymous_10)
DA:5,0
DA:7,0
DA:9,0
DA:10,0
DA:18,0
DA:23,0
DA:25,0
DA:26,0
DA:27,0
DA:29,0
DA:30,0
DA:33,0
DA:34,0
DA:37,0
DA:38,0
DA:39,0
DA:42,0
DA:43,0
DA:46,0
DA:47,0
DA:70,0
DA:79,0
DA:84,0
LF:23
LH:0
BRDA:21,0,0,0
BRDA:81,1,0,0
BRDA:81,1,1,0
BRDA:83,2,0,0
BRDA:83,2,1,0
BRF:5
BRH:0
end_of_record
TN:
SF:src/components/ErrorBoundary.tsx
FN:18,(anonymous_4)
FN:39,(anonymous_5)
FN:62,(anonymous_6)
FN:23,(anonymous_7)
FN:27,(anonymous_8)
FN:66,(anonymous_9)
FN:95,(anonymous_10)
FNF:7
FNH:0
FNDA:0,(anonymous_4)
FNDA:0,(anonymous_5)
FNDA:0,(anonymous_6)
FNDA:0,(anonymous_7)
FNDA:0,(anonymous_8)
FNDA:0,(anonymous_9)
FNDA:0,(anonymous_10)
DA:1,0
DA:2,0
DA:3,0
DA:4,0
DA:17,0
DA:19,0
DA:20,0
DA:24,0
DA:28,0
DA:31,0
DA:32,0
DA:36,0
DA:39,0
DA:42,0
DA:52,0
DA:62,0
DA:63,0
DA:67,0
DA:69,0
DA:70,0
DA:95,0
DA:102,0
LF:22
LH:0
BRDA:31,0,0,0
BRDA:67,1,0,0
BRDA:69,2,0,0
BRDA:88,3,0,0
BRDA:88,3,1,0
BRF:5
BRH:0
end_of_record
TN:
SF:src/components/MobileResponsiveNavigation.tsx
FN:43,(anonymous_5)
FN:57,(anonymous_6)
FN:157,(anonymous_7)
FN:158,(anonymous_8)
FN:177,(anonymous_9)
FN:181,(anonymous_10)
FN:186,(anonymous_11)
FN:194,(anonymous_12)
FN:204,(anonymous_13)
FN:208,(anonymous_14)
FN:212,(anonymous_15)
FN:249,(anonymous_17)
FN:255,(anonymous_18)
FN:277,(anonymous_19)
FN:280,(anonymous_20)
FN:305,(anonymous_21)
FN:306,(anonymous_22)
FN:307,(anonymous_23)
FN:307,(anonymous_24)
FN:328,(anonymous_25)
FN:345,(anonymous_26)
FN:352,(anonymous_27)
FN:372,(anonymous_28)
FN:381,(anonymous_29)
FN:410,(anonymous_30)
FN:417,(anonymous_31)
FN:423,(anonymous_32)
FN:460,(anonymous_33)
FN:463,(anonymous_34)
FN:486,(anonymous_35)
FN:511,(anonymous_36)
FN:512,(anonymous_37)
FNF:32
FNH:0
FNDA:0,(anonymous_5)
FNDA:0,(anonymous_6)
FNDA:0,(anonymous_7)
FNDA:0,(anonymous_8)
FNDA:0,(anonymous_9)
FNDA:0,(anonymous_10)
FNDA:0,(anonymous_11)
FNDA:0,(anonymous_12)
FNDA:0,(anonymous_13)
FNDA:0,(anonymous_14)
FNDA:0,(anonymous_15)
FNDA:0,(anonymous_17)
FNDA:0,(anonymous_18)
FNDA:0,(anonymous_19)
FNDA:0,(anonymous_20)
FNDA:0,(anonymous_21)
FNDA:0,(anonymous_22)
FNDA:0,(anonymous_23)
FNDA:0,(anonymous_24)
FNDA:0,(anonymous_25)
FNDA:0,(anonymous_26)
FNDA:0,(anonymous_27)
FNDA:0,(anonymous_28)
FNDA:0,(anonymous_29)
FNDA:0,(anonymous_30)
FNDA:0,(anonymous_31)
FNDA:0,(anonymous_32)
FNDA:0,(anonymous_33)
FNDA:0,(anonymous_34)
FNDA:0,(anonymous_35)
FNDA:0,(anonymous_36)
FNDA:0,(anonymous_37)
DA:1,0
DA:2,0
DA:21,0
DA:22,0
DA:23,0
DA:24,0
DA:25,0
DA:43,0
DA:48,0
DA:49,0
DA:50,0
DA:51,0
DA:52,0
DA:53,0
DA:54,0
DA:57,0
DA:58,0
DA:73,0
DA:74,0
DA:77,0
DA:125,0
DA:126,0
DA:144,0
DA:151,0
DA:154,0
DA:157,0
DA:158,0
DA:159,0
DA:160,0
DA:165,0
DA:167,0
DA:172,0
DA:176,0
DA:177,0
DA:181,0
DA:182,0
DA:183,0
DA:186,0
DA:187,0
DA:188,0
DA:190,0
DA:194,0
DA:195,0
DA:196,0
DA:197,0
DA:198,0
DA:200,0
DA:204,0
DA:205,0
DA:208,0
DA:209,0
DA:210,0
DA:212,0
DA:251,0
DA:252,0
DA:256,0
DA:278,0
DA:280,0
DA:305,0
DA:306,0
DA:307,0
DA:328,0
DA:345,0
DA:352,0
DA:372,0
DA:381,0
DA:410,0
DA:419,0
DA:420,0
DA:424,0
DA:461,0
DA:463,0
DA:486,0
DA:511,0
DA:513,0
DA:514,0
DA:522,0
LF:77
LH:0
BRDA:44,0,0,0
BRDA:46,1,0,0
BRDA:73,2,0,0
BRDA:125,3,0,0
BRDA:125,4,0,0
BRDA:125,4,1,0
BRDA:160,5,0,0
BRDA:161,6,0,0
BRDA:161,6,1,0
BRDA:161,6,2,0
BRDA:167,7,0,0
BRDA:168,8,0,0
BRDA:168,8,1,0
BRDA:168,8,2,0
BRDA:187,9,0,0
BRDA:187,9,1,0
BRDA:205,10,0,0
BRDA:205,10,1,0
BRDA:209,11,0,0
BRDA:211,12,0,0
BRDA:211,12,1,0
BRDA:251,13,0,0
BRDA:251,13,1,0
BRDA:256,14,0,0
BRDA:256,14,1,0
BRDA:259,15,0,0
BRDA:259,15,1,0
BRDA:266,16,0,0
BRDA:271,17,0,0
BRDA:275,18,0,0
BRDA:316,19,0,0
BRDA:326,20,0,0
BRDA:337,21,0,0
BRDA:384,22,0,0
BRDA:392,23,0,0
BRDA:419,24,0,0
BRDA:419,24,1,0
BRDA:424,25,0,0
BRDA:424,25,1,0
BRDA:427,26,0,0
BRDA:427,26,1,0
BRDA:435,27,0,0
BRDA:441,28,0,0
BRDA:443,29,0,0
BRDA:443,29,1,0
BRDA:453,30,0,0
BRDA:453,30,1,0
BRDA:479,31,0,0
BRDA:508,32,0,0
BRF:49
BRH:0
end_of_record
TN:
SF:src/components/NotificationSystem.tsx
FN:54,(anonymous_4)
FN:74,(anonymous_5)
FN:81,(anonymous_6)
FN:87,(anonymous_7)
FN:88,(anonymous_8)
FN:92,(anonymous_9)
FN:104,(anonymous_10)
FN:114,(anonymous_11)
FN:120,(anonymous_12)
FN:127,(anonymous_13)
FN:136,(anonymous_14)
FN:149,(anonymous_15)
FN:158,(anonymous_16)
FN:170,(anonymous_17)
FN:187,(anonymous_18)
FN:217,(anonymous_19)
FN:218,(anonymous_20)
FN:220,(anonymous_21)
FN:229,(anonymous_22)
FN:230,(anonymous_23)
FN:231,(anonymous_24)
FN:235,(anonymous_25)
FN:236,(anonymous_26)
FN:236,(anonymous_27)
FN:239,(anonymous_28)
FN:260,(anonymous_29)
FN:263,(anonymous_30)
FN:263,(anonymous_31)
FN:272,(anonymous_32)
FN:274,(anonymous_33)
FN:274,(anonymous_34)
FN:284,(anonymous_35)
FN:293,(anonymous_36)
FN:353,(anonymous_37)
FN:376,(anonymous_38)
FN:389,(anonymous_39)
FN:411,(anonymous_40)
FN:460,(anonymous_41)
FN:499,(anonymous_42)
FN:507,(anonymous_43)
FN:558,(anonymous_44)
FN:578,(anonymous_45)
FN:591,(anonymous_46)
FNF:43
FNH:0
FNDA:0,(anonymous_4)
FNDA:0,(anonymous_5)
FNDA:0,(anonymous_6)
FNDA:0,(anonymous_7)
FNDA:0,(anonymous_8)
FNDA:0,(anonymous_9)
FNDA:0,(anonymous_10)
FNDA:0,(anonymous_11)
FNDA:0,(anonymous_12)
FNDA:0,(anonymous_13)
FNDA:0,(anonymous_14)
FNDA:0,(anonymous_15)
FNDA:0,(anonymous_16)
FNDA:0,(anonymous_17)
FNDA:0,(anonymous_18)
FNDA:0,(anonymous_19)
FNDA:0,(anonymous_20)
FNDA:0,(anonymous_21)
FNDA:0,(anonymous_22)
FNDA:0,(anonymous_23)
FNDA:0,(anonymous_24)
FNDA:0,(anonymous_25)
FNDA:0,(anonymous_26)
FNDA:0,(anonymous_27)
FNDA:0,(anonymous_28)
FNDA:0,(anonymous_29)
FNDA:0,(anonymous_30)
FNDA:0,(anonymous_31)
FNDA:0,(anonymous_32)
FNDA:0,(anonymous_33)
FNDA:0,(anonymous_34)
FNDA:0,(anonymous_35)
FNDA:0,(anonymous_36)
FNDA:0,(anonymous_37)
FNDA:0,(anonymous_38)
FNDA:0,(anonymous_39)
FNDA:0,(anonymous_40)
FNDA:0,(anonymous_41)
FNDA:0,(anonymous_42)
FNDA:0,(anonymous_43)
FNDA:0,(anonymous_44)
FNDA:0,(anonymous_45)
FNDA:0,(anonymous_46)
DA:1,0
DA:2,0
DA:15,0
DA:16,0
DA:54,0
DA:61,0
DA:62,0
DA:63,0
DA:64,0
DA:65,0
DA:67,0
DA:68,0
DA:69,0
DA:70,0
DA:71,0
DA:74,0
DA:75,0
DA:77,0
DA:78,0
DA:81,0
DA:82,0
DA:87,0
DA:88,0
DA:89,0
DA:92,0
DA:93,0
DA:96,0
DA:97,0
DA:99,0
DA:100,0
DA:104,0
DA:105,0
DA:106,0
DA:109,0
DA:111,0
DA:112,0
DA:114,0
DA:115,0
DA:116,0
DA:117,0
DA:120,0
DA:121,0
DA:122,0
DA:127,0
DA:128,0
DA:129,0
DA:130,0
DA:132,0
DA:136,0
DA:137,0
DA:138,0
DA:140,0
DA:141,0
DA:145,0
DA:146,0
DA:147,0
DA:149,0
DA:150,0
DA:153,0
DA:158,0
DA:159,0
DA:160,0
DA:163,0
DA:165,0
DA:166,0
DA:170,0
DA:171,0
DA:172,0
DA:175,0
DA:176,0
DA:179,0
DA:180,0
DA:181,0
DA:184,0
DA:187,0
DA:188,0
DA:190,0
DA:191,0
DA:192,0
DA:194,0
DA:197,0
DA:198,0
DA:200,0
DA:203,0
DA:204,0
DA:206,0
DA:210,0
DA:213,0
DA:217,0
DA:218,0
DA:220,0
DA:221,0
DA:224,0
DA:225,0
DA:229,0
DA:230,0
DA:231,0
DA:235,0
DA:236,0
DA:239,0
DA:240,0
DA:245,0
DA:247,0
DA:248,0
DA:250,0
DA:251,0
DA:253,0
DA:254,0
DA:256,0
DA:260,0
DA:261,0
DA:263,0
DA:266,0
DA:268,0
DA:272,0
DA:273,0
DA:274,0
DA:276,0
DA:277,0
DA:279,0
DA:280,0
DA:284,0
DA:285,0
DA:286,0
DA:287,0
DA:289,0
DA:293,0
DA:294,0
DA:295,0
DA:350,0
DA:353,0
DA:354,0
DA:356,0
DA:376,0
DA:377,0
DA:379,0
DA:381,0
DA:383,0
DA:385,0
DA:389,0
DA:390,0
DA:391,0
DA:392,0
DA:394,0
DA:395,0
DA:396,0
DA:398,0
DA:399,0
DA:400,0
DA:401,0
DA:404,0
DA:411,0
DA:460,0
DA:500,0
DA:508,0
DA:509,0
DA:511,0
DA:512,0
DA:514,0
DA:515,0
DA:559,0
DA:560,0
DA:578,0
DA:591,0
DA:596,0
LF:165
LH:0
BRDA:58,0,0,0
BRDA:59,1,0,0
BRDA:77,2,0,0
BRDA:105,3,0,0
BRDA:111,4,0,0
BRDA:111,4,1,0
BRDA:121,5,0,0
BRDA:140,6,0,0
BRDA:145,7,0,0
BRDA:145,8,0,0
BRDA:145,8,1,0
BRDA:171,9,0,0
BRDA:175,10,0,0
BRDA:179,11,0,0
BRDA:188,12,0,0
BRDA:188,12,1,0
BRDA:188,12,2,0
BRDA:188,12,3,0
BRDA:188,12,4,0
BRDA:190,13,0,0
BRDA:197,14,0,0
BRDA:203,15,0,0
BRDA:221,16,0,0
BRDA:231,17,0,0
BRDA:231,17,1,0
BRDA:241,18,0,0
BRDA:241,18,1,0
BRDA:245,19,0,0
BRDA:245,19,1,0
BRDA:245,19,2,0
BRDA:245,19,3,0
BRDA:263,20,0,0
BRDA:263,20,1,0
BRDA:377,21,0,0
BRDA:377,21,1,0
BRDA:377,21,2,0
BRDA:377,21,3,0
BRDA:398,22,0,0
BRDA:399,23,0,0
BRDA:400,24,0,0
BRDA:404,25,0,0
BRDA:404,25,1,0
BRDA:415,26,0,0
BRDA:421,27,0,0
BRDA:421,27,1,0
BRDA:424,28,0,0
BRDA:424,28,1,0
BRDA:431,29,0,0
BRDA:442,30,0,0
BRDA:450,31,0,0
BRDA:469,32,0,0
BRDA:472,33,0,0
BRDA:472,33,1,0
BRDA:478,34,0,0
BRDA:478,34,1,0
BRDA:482,35,0,0
BRDA:482,35,1,0
BRDA:493,36,0,0
BRDA:505,37,0,0
BRDA:505,37,1,0
BRDA:508,38,0,0
BRDA:511,39,0,0
BRDA:514,40,0,0
BRDA:528,41,0,0
BRDA:528,41,1,0
BRDA:538,42,0,0
BRDA:548,43,0,0
BRDA:575,44,0,0
BRDA:581,45,0,0
BRDA:581,45,1,0
BRDA:591,46,0,0
BRF:71
BRH:0
end_of_record
TN:
SF:src/components/OnboardingFlow.tsx
FN:71,(anonymous_4)
FN:187,(anonymous_5)
FN:188,(anonymous_6)
FN:203,(anonymous_7)
FN:207,(anonymous_8)
FN:224,(anonymous_9)
FN:255,(anonymous_10)
FN:264,(anonymous_11)
FN:279,(anonymous_12)
FN:285,(anonymous_13)
FN:304,(anonymous_14)
FN:322,(anonymous_15)
FN:324,(anonymous_16)
FN:400,(anonymous_19)
FN:400,(anonymous_20)
FN:414,(anonymous_21)
FN:415,(anonymous_22)
FN:432,(anonymous_23)
FN:432,(anonymous_24)
FN:443,(anonymous_25)
FN:443,(anonymous_26)
FN:453,(anonymous_27)
FN:453,(anonymous_28)
FN:470,(anonymous_29)
FN:470,(anonymous_30)
FN:484,(anonymous_31)
FN:484,(anonymous_32)
FN:497,(anonymous_33)
FN:497,(anonymous_34)
FN:512,(anonymous_35)
FN:512,(anonymous_36)
FN:607,(anonymous_38)
FNF:32
FNH:0
FNDA:0,(anonymous_4)
FNDA:0,(anonymous_5)
FNDA:0,(anonymous_6)
FNDA:0,(anonymous_7)
FNDA:0,(anonymous_8)
FNDA:0,(anonymous_9)
FNDA:0,(anonymous_10)
FNDA:0,(anonymous_11)
FNDA:0,(anonymous_12)
FNDA:0,(anonymous_13)
FNDA:0,(anonymous_14)
FNDA:0,(anonymous_15)
FNDA:0,(anonymous_16)
FNDA:0,(anonymous_19)
FNDA:0,(anonymous_20)
FNDA:0,(anonymous_21)
FNDA:0,(anonymous_22)
FNDA:0,(anonymous_23)
FNDA:0,(anonymous_24)
FNDA:0,(anonymous_25)
FNDA:0,(anonymous_26)
FNDA:0,(anonymous_27)
FNDA:0,(anonymous_28)
FNDA:0,(anonymous_29)
FNDA:0,(anonymous_30)
FNDA:0,(anonymous_31)
FNDA:0,(anonymous_32)
FNDA:0,(anonymous_33)
FNDA:0,(anonymous_34)
FNDA:0,(anonymous_35)
FNDA:0,(anonymous_36)
FNDA:0,(anonymous_38)
DA:1,0
DA:2,0
DA:19,0
DA:20,0
DA:21,0
DA:71,0
DA:75,0
DA:76,0
DA:77,0
DA:91,0
DA:100,0
DA:108,0
DA:116,0
DA:117,0
DA:119,0
DA:187,0
DA:188,0
DA:189,0
DA:202,0
DA:203,0
DA:207,0
DA:208,0
DA:209,0
DA:210,0
DA:211,0
DA:212,0
DA:213,0
DA:214,0
DA:215,0
DA:216,0
DA:217,0
DA:219,0
DA:224,0
DA:225,0
DA:227,0
DA:229,0
DA:230,0
DA:231,0
DA:232,0
DA:233,0
DA:234,0
DA:237,0
DA:238,0
DA:239,0
DA:240,0
DA:243,0
DA:244,0
DA:245,0
DA:246,0
DA:248,0
DA:251,0
DA:252,0
DA:255,0
DA:256,0
DA:258,0
DA:260,0
DA:262,0
DA:264,0
DA:266,0
DA:267,0
DA:269,0
DA:272,0
DA:273,0
DA:275,0
DA:279,0
DA:280,0
DA:281,0
DA:285,0
DA:286,0
DA:288,0
DA:290,0
DA:291,0
DA:293,0
DA:294,0
DA:296,0
DA:297,0
DA:299,0
DA:300,0
DA:304,0
DA:305,0
DA:306,0
DA:313,0
DA:314,0
DA:315,0
DA:317,0
DA:318,0
DA:322,0
DA:323,0
DA:324,0
DA:325,0
DA:326,0
DA:400,0
DA:415,0
DA:432,0
DA:443,0
DA:453,0
DA:470,0
DA:484,0
DA:497,0
DA:512,0
DA:607,0
DA:675,0
LF:102
LH:0
BRDA:209,0,0,0
BRDA:212,1,0,0
BRDA:212,1,1,0
BRDA:213,2,0,0
BRDA:213,2,1,0
BRDA:214,3,0,0
BRDA:214,3,1,0
BRDA:215,4,0,0
BRDA:215,4,1,0
BRDA:216,5,0,0
BRDA:216,5,1,0
BRDA:217,6,0,0
BRDA:217,6,1,0
BRDA:227,7,0,0
BRDA:227,7,1,0
BRDA:227,7,2,0
BRDA:229,8,0,0
BRDA:230,9,0,0
BRDA:231,10,0,0
BRDA:232,11,0,0
BRDA:237,12,0,0
BRDA:238,13,0,0
BRDA:239,14,0,0
BRDA:243,15,0,0
BRDA:244,16,0,0
BRDA:245,17,0,0
BRDA:256,18,0,0
BRDA:266,19,0,0
BRDA:266,19,1,0
BRDA:280,20,0,0
BRDA:288,21,0,0
BRDA:288,21,1,0
BRDA:288,21,2,0
BRDA:288,21,3,0
BRDA:323,22,0,0
BRDA:325,23,0,0
BRDA:402,24,0,0
BRDA:402,24,1,0
BRDA:406,25,0,0
BRDA:413,26,0,0
BRDA:413,26,1,0
BRDA:415,27,0,0
BRDA:415,27,1,0
BRDA:418,28,0,0
BRDA:418,28,1,0
BRDA:422,29,0,0
BRDA:472,30,0,0
BRDA:472,30,1,0
BRDA:476,31,0,0
BRDA:486,32,0,0
BRDA:486,32,1,0
BRDA:490,33,0,0
BRDA:605,34,0,0
BRDA:605,34,1,0
BRDA:629,35,0,0
BRDA:629,35,1,0
BRDA:630,36,0,0
BRDA:630,36,1,0
BRDA:631,37,0,0
BRDA:631,37,1,0
BRDA:648,38,0,0
BRDA:648,38,1,0
BRDA:660,39,0,0
BRDA:663,40,0,0
BRDA:663,40,1,0
BRF:65
BRH:0
end_of_record
TN:
SF:src/components/ProgressiveLoading.tsx
FN:36,(anonymous_16)
FN:39,(anonymous_17)
FN:65,(anonymous_20)
FN:101,(anonymous_21)
FN:121,(anonymous_22)
FN:126,(anonymous_23)
FN:130,(anonymous_24)
FN:136,(anonymous_25)
FN:143,(anonymous_26)
FN:170,(anonymous_27)
FN:189,(anonymous_28)
FN:303,(anonymous_32)
FN:318,(anonymous_33)
FN:329,(anonymous_34)
FN:331,(anonymous_35)
FN:349,(anonymous_36)
FN:367,(anonymous_37)
FN:407,(anonymous_38)
FN:410,(anonymous_39)
FN:411,(anonymous_40)
FN:418,(anonymous_41)
FN:424,(anonymous_42)
FN:425,(anonymous_43)
FNF:23
FNH:0
FNDA:0,(anonymous_16)
FNDA:0,(anonymous_17)
FNDA:0,(anonymous_20)
FNDA:0,(anonymous_21)
FNDA:0,(anonymous_22)
FNDA:0,(anonymous_23)
FNDA:0,(anonymous_24)
FNDA:0,(anonymous_25)
FNDA:0,(anonymous_26)
FNDA:0,(anonymous_27)
FNDA:0,(anonymous_28)
FNDA:0,(anonymous_32)
FNDA:0,(anonymous_33)
FNDA:0,(anonymous_34)
FNDA:0,(anonymous_35)
FNDA:0,(anonymous_36)
FNDA:0,(anonymous_37)
FNDA:0,(anonymous_38)
FNDA:0,(anonymous_39)
FNDA:0,(anonymous_40)
FNDA:0,(anonymous_41)
FNDA:0,(anonymous_42)
FNDA:0,(anonymous_43)
DA:1,0
DA:2,0
DA:3,0
DA:6,0
DA:25,0
DA:37,0
DA:40,0
DA:51,0
DA:63,0
DA:66,0
DA:101,0
DA:117,0
DA:118,0
DA:121,0
DA:122,0
DA:123,0
DA:124,0
DA:126,0
DA:127,0
DA:130,0
DA:131,0
DA:132,0
DA:136,0
DA:137,0
DA:138,0
DA:143,0
DA:144,0
DA:170,0
DA:171,0
DA:189,0
DA:190,0
DA:205,0
DA:206,0
DA:231,0
DA:232,0
DA:248,0
DA:273,0
DA:296,0
DA:301,0
DA:304,0
DA:318,0
DA:325,0
DA:326,0
DA:327,0
DA:329,0
DA:330,0
DA:332,0
DA:333,0
DA:334,0
DA:335,0
DA:336,0
DA:339,0
DA:345,0
DA:346,0
DA:349,0
DA:367,0
DA:377,0
DA:407,0
DA:408,0
DA:410,0
DA:411,0
DA:417,0
DA:419,0
DA:424,0
DA:425,0
DA:428,0
DA:431,0
LF:67
LH:0
BRDA:6,0,0,0
BRDA:26,1,0,0
BRDA:27,2,0,0
BRDA:51,3,0,0
BRDA:63,4,0,0
BRDA:104,5,0,0
BRDA:105,6,0,0
BRDA:106,7,0,0
BRDA:107,8,0,0
BRDA:113,9,0,0
BRDA:114,10,0,0
BRDA:115,11,0,0
BRDA:122,12,0,0
BRDA:122,12,1,0
BRDA:131,13,0,0
BRDA:137,14,0,0
BRDA:137,15,0,0
BRDA:137,15,1,0
BRDA:144,16,0,0
BRDA:152,17,0,0
BRDA:152,17,1,0
BRDA:158,18,0,0
BRDA:163,19,0,0
BRDA:163,19,1,0
BRDA:171,20,0,0
BRDA:190,21,0,0
BRDA:190,22,0,0
BRDA:190,22,1,0
BRDA:205,23,0,0
BRDA:205,24,0,0
BRDA:205,24,1,0
BRDA:206,25,0,0
BRDA:217,26,0,0
BRDA:231,27,0,0
BRDA:231,28,0,0
BRDA:231,28,1,0
BRDA:231,28,2,0
BRDA:232,29,0,0
BRDA:248,30,0,0
BRDA:252,31,0,0
BRDA:297,32,0,0
BRDA:298,33,0,0
BRDA:301,34,0,0
BRDA:320,35,0,0
BRDA:321,36,0,0
BRDA:322,37,0,0
BRDA:332,38,0,0
BRDA:332,38,1,0
BRDA:334,39,0,0
BRDA:345,40,0,0
BRDA:352,41,0,0
BRDA:352,41,1,0
BRDA:368,42,0,0
BRDA:369,43,0,0
BRDA:371,44,0,0
BRDA:372,45,0,0
BRDA:374,46,0,0
BRDA:375,47,0,0
BRDA:377,48,0,0
BRDA:377,48,1,0
BRDA:384,49,0,0
BRDA:384,49,1,0
BRDA:388,50,0,0
BRDA:388,50,1,0
BRDA:399,51,0,0
BRDA:400,52,0,0
BRDA:400,52,1,0
BRDA:419,53,0,0
BRDA:419,53,1,0
BRF:69
BRH:0
end_of_record
TN:
SF:src/components/RFIDManagementDashboard.tsx
FN:95,(anonymous_4)
FN:105,(anonymous_5)
FN:110,(anonymous_6)
FN:113,(anonymous_7)
FN:172,(anonymous_8)
FN:208,(anonymous_9)
FN:240,(anonymous_10)
FN:273,(anonymous_11)
FN:283,(anonymous_12)
FN:291,(anonymous_13)
FN:299,(anonymous_14)
FN:307,(anonymous_15)
FN:334,(anonymous_16)
FN:358,(anonymous_17)
FN:454,(anonymous_18)
FN:457,(anonymous_19)
FN:499,(anonymous_20)
FN:501,(anonymous_21)
FN:523,(anonymous_22)
FN:531,(anonymous_23)
FN:543,(anonymous_24)
FN:658,(anonymous_25)
FNF:22
FNH:0
FNDA:0,(anonymous_4)
FNDA:0,(anonymous_5)
FNDA:0,(anonymous_6)
FNDA:0,(anonymous_7)
FNDA:0,(anonymous_8)
FNDA:0,(anonymous_9)
FNDA:0,(anonymous_10)
FNDA:0,(anonymous_11)
FNDA:0,(anonymous_12)
FNDA:0,(anonymous_13)
FNDA:0,(anonymous_14)
FNDA:0,(anonymous_15)
FNDA:0,(anonymous_16)
FNDA:0,(anonymous_17)
FNDA:0,(anonymous_18)
FNDA:0,(anonymous_19)
FNDA:0,(anonymous_20)
FNDA:0,(anonymous_21)
FNDA:0,(anonymous_22)
FNDA:0,(anonymous_23)
FNDA:0,(anonymous_24)
FNDA:0,(anonymous_25)
DA:1,0
DA:2,0
DA:14,0
DA:27,0
DA:28,0
DA:95,0
DA:96,0
DA:97,0
DA:98,0
DA:99,0
DA:100,0
DA:103,0
DA:105,0
DA:106,0
DA:109,0
DA:110,0
DA:113,0
DA:114,0
DA:115,0
DA:117,0
DA:124,0
DA:143,0
DA:145,0
DA:146,0
DA:148,0
DA:168,0
DA:172,0
DA:208,0
DA:240,0
DA:273,0
DA:283,0
DA:291,0
DA:299,0
DA:301,0
DA:303,0
DA:304,0
DA:307,0
DA:308,0
DA:329,0
DA:331,0
DA:335,0
DA:343,0
DA:358,0
DA:455,0
DA:457,0
DA:499,0
DA:502,0
DA:523,0
DA:531,0
DA:544,0
DA:659,0
DA:689,0
LF:52
LH:0
BRDA:115,0,0,0
BRDA:126,1,0,0
BRDA:126,1,1,0
BRDA:127,2,0,0
BRDA:127,2,1,0
BRDA:128,3,0,0
BRDA:128,3,1,0
BRDA:129,4,0,0
BRDA:129,4,1,0
BRDA:130,5,0,0
BRDA:130,5,1,0
BRDA:131,6,0,0
BRDA:131,6,1,0
BRDA:133,7,0,0
BRDA:133,7,1,0
BRDA:134,8,0,0
BRDA:134,8,1,0
BRDA:135,9,0,0
BRDA:135,9,1,0
BRDA:136,10,0,0
BRDA:136,10,1,0
BRDA:146,11,0,0
BRDA:299,12,0,0
BRDA:299,12,1,0
BRDA:301,13,0,0
BRDA:301,13,1,0
BRDA:303,14,0,0
BRDA:303,14,1,0
BRDA:304,15,0,0
BRDA:304,15,1,0
BRDA:322,16,0,0
BRDA:322,16,1,0
BRDA:331,17,0,0
BRDA:343,18,0,0
BRDA:459,19,0,0
BRDA:459,19,1,0
BRDA:471,20,0,0
BRDA:512,21,0,0
BRDA:553,22,0,0
BRDA:553,22,1,0
BRDA:553,23,0,0
BRDA:553,23,1,0
BRDA:556,24,0,0
BRDA:556,24,1,0
BRDA:556,25,0,0
BRDA:556,25,1,0
BRDA:592,26,0,0
BRDA:598,27,0,0
BRDA:598,27,1,0
BRDA:627,28,0,0
BRF:50
BRH:0
end_of_record
TN:
SF:src/components/accessibility/AccessibilityProvider.tsx
FN:28,AccessibilityProvider
FN:42,(anonymous_8)
FN:47,(anonymous_9)
FN:57,(anonymous_10)
FN:77,(anonymous_11)
FN:84,(anonymous_12)
FN:93,(anonymous_13)
FN:101,(anonymous_14)
FN:102,(anonymous_15)
FN:148,(anonymous_16)
FN:152,(anonymous_17)
FN:154,(anonymous_18)
FN:157,(anonymous_19)
FN:158,(anonymous_20)
FN:158,(anonymous_21)
FN:164,(anonymous_22)
FN:168,(anonymous_23)
FN:180,(anonymous_24)
FN:191,(anonymous_25)
FN:213,useAccessibility
FN:221,getPageName
FNF:21
FNH:15
FNDA:24,AccessibilityProvider
FNDA:10,(anonymous_8)
FNDA:0,(anonymous_9)
FNDA:0,(anonymous_10)
FNDA:10,(anonymous_11)
FNDA:12,(anonymous_12)
FNDA:10,(anonymous_13)
FNDA:12,(anonymous_14)
FNDA:5,(anonymous_15)
FNDA:12,(anonymous_16)
FNDA:4,(anonymous_17)
FNDA:4,(anonymous_18)
FNDA:0,(anonymous_19)
FNDA:0,(anonymous_20)
FNDA:0,(anonymous_21)
FNDA:10,(anonymous_22)
FNDA:0,(anonymous_23)
FNDA:1,(anonymous_24)
FNDA:4,(anonymous_25)
FNDA:24,useAccessibility
FNDA:10,getPageName
DA:8,1
DA:9,1
DA:10,1
DA:22,1
DA:28,10
DA:29,24
DA:32,24
DA:33,24
DA:34,24
DA:35,24
DA:36,24
DA:38,24
DA:39,24
DA:42,24
DA:44,10
DA:45,10
DA:47,10
DA:48,0
DA:51,10
DA:54,10
DA:55,10
DA:57,10
DA:58,0
DA:61,10
DA:64,10
DA:69,10
DA:70,0
DA:71,0
DA:72,0
DA:77,10
DA:78,10
DA:79,10
DA:84,24
DA:85,12
DA:86,12
DA:87,12
DA:93,24
DA:94,10
DA:95,10
DA:96,10
DA:101,24
DA:102,12
DA:104,5
DA:105,1
DA:106,1
DA:107,1
DA:108,0
DA:109,0
DA:110,0
DA:115,5
DA:116,0
DA:117,0
DA:118,0
DA:119,0
DA:122,0
DA:123,0
DA:124,0
DA:125,0
DA:131,5
DA:132,1
DA:133,1
DA:134,1
DA:135,1
DA:139,5
DA:140,0
DA:141,0
DA:142,0
DA:143,0
DA:147,12
DA:148,12
DA:151,24
DA:153,4
DA:154,4
DA:157,4
DA:158,0
DA:164,24
DA:165,10
DA:168,10
DA:169,0
DA:173,24
DA:181,1
DA:182,1
DA:192,4
DA:213,24
DA:214,24
DA:215,24
DA:216,0
DA:218,24
DA:222,10
DA:237,10
DA:240,1
LF:91
LH:68
BRDA:69,0,0,0
BRDA:73,1,0,0
BRDA:73,1,1,0
BRDA:73,2,0,0
BRDA:73,2,1,0
BRDA:88,3,0,0
BRDA:88,3,1,12
BRDA:88,4,0,2
BRDA:88,4,1,10
BRDA:95,5,0,10
BRDA:104,6,0,1
BRDA:104,7,0,5
BRDA:104,7,1,4
BRDA:107,8,0,0
BRDA:115,9,0,0
BRDA:115,10,0,5
BRDA:115,10,1,4
BRDA:117,11,0,0
BRDA:117,11,1,0
BRDA:118,12,0,0
BRDA:122,13,0,0
BRDA:131,14,0,1
BRDA:131,15,0,5
BRDA:131,15,1,4
BRDA:133,16,0,0
BRDA:133,16,1,1
BRDA:134,17,0,1
BRDA:135,18,0,0
BRDA:135,18,1,1
BRDA:139,19,0,0
BRDA:139,20,0,5
BRDA:139,20,1,4
BRDA:141,21,0,0
BRDA:141,21,1,0
BRDA:142,22,0,0
BRDA:143,23,0,0
BRDA:143,23,1,0
BRDA:152,24,0,2
BRDA:197,25,0,24
BRDA:215,26,0,0
BRDA:237,27,0,10
BRDA:237,27,1,0
BRDA:237,28,0,0
BRDA:237,28,1,0
BRF:44
BRH:20
end_of_record
TN:
SF:src/components/accessibility/AriaUtils.tsx
FN:20,FocusTrap
FN:29,(anonymous_11)
FN:39,(anonymous_12)
FN:45,(anonymous_13)
FN:73,(anonymous_14)
FN:95,Breadcrumb
FN:99,(anonymous_16)
FN:139,ProgressIndicator
FN:209,Tabs
FN:214,(anonymous_19)
FN:215,(anonymous_20)
FN:221,(anonymous_21)
FN:222,(anonymous_22)
FN:242,(anonymous_23)
FN:258,(anonymous_24)
FN:276,(anonymous_25)
FN:293,(anonymous_26)
FN:294,(anonymous_27)
FN:301,(anonymous_28)
FN:327,Alert
FNF:20
FNH:0
FNDA:0,FocusTrap
FNDA:0,(anonymous_11)
FNDA:0,(anonymous_12)
FNDA:0,(anonymous_13)
FNDA:0,(anonymous_14)
FNDA:0,Breadcrumb
FNDA:0,(anonymous_16)
FNDA:0,ProgressIndicator
FNDA:0,Tabs
FNDA:0,(anonymous_19)
FNDA:0,(anonymous_20)
FNDA:0,(anonymous_21)
FNDA:0,(anonymous_22)
FNDA:0,(anonymous_23)
FNDA:0,(anonymous_24)
FNDA:0,(anonymous_25)
FNDA:0,(anonymous_26)
FNDA:0,(anonymous_27)
FNDA:0,(anonymous_28)
FNDA:0,Alert
DA:8,0
DA:9,0
DA:10,0
DA:20,0
DA:26,0
DA:27,0
DA:29,0
DA:30,0
DA:33,0
DA:35,0
DA:36,0
DA:39,0
DA:40,0
DA:45,0
DA:46,0
DA:48,0
DA:49,0
DA:50,0
DA:52,0
DA:53,0
DA:54,0
DA:55,0
DA:58,0
DA:59,0
DA:60,0
DA:65,0
DA:68,0
DA:69,0
DA:70,0
DA:73,0
DA:74,0
DA:76,0
DA:77,0
DA:95,0
DA:100,0
DA:139,0
DA:147,0
DA:148,0
DA:150,0
DA:209,0
DA:210,0
DA:211,0
DA:212,0
DA:214,0
DA:215,0
DA:216,0
DA:217,0
DA:221,0
DA:222,0
DA:223,0
DA:225,0
DA:228,0
DA:229,0
DA:230,0
DA:232,0
DA:235,0
DA:236,0
DA:237,0
DA:239,0
DA:241,0
DA:242,0
DA:243,0
DA:245,0
DA:246,0
DA:247,0
DA:248,0
DA:250,0
DA:252,0
DA:255,0
DA:256,0
DA:258,0
DA:259,0
DA:262,0
DA:277,0
DA:293,0
DA:294,0
DA:302,0
DA:327,0
DA:335,0
DA:337,0
DA:344,0
DA:374,0
LF:82
LH:0
BRDA:22,0,0,0
BRDA:23,1,0,0
BRDA:30,2,0,0
BRDA:36,3,0,0
BRDA:46,4,0,0
BRDA:52,5,0,0
BRDA:52,5,1,0
BRDA:53,6,0,0
BRDA:58,7,0,0
BRDA:69,8,0,0
BRDA:76,9,0,0
BRDA:76,10,0,0
BRDA:76,10,1,0
BRDA:101,11,0,0
BRDA:107,12,0,0
BRDA:106,13,0,0
BRDA:106,13,1,0
BRDA:110,14,0,0
BRDA:110,14,1,0
BRDA:116,15,0,0
BRDA:116,15,1,0
BRDA:117,16,0,0
BRDA:117,16,1,0
BRDA:141,17,0,0
BRDA:142,18,0,0
BRDA:143,19,0,0
BRDA:145,20,0,0
BRDA:166,21,0,0
BRDA:180,22,0,0
BRDA:180,22,1,0
BRDA:183,23,0,0
BRDA:183,23,1,0
BRDA:210,24,0,0
BRDA:210,24,1,0
BRDA:210,24,2,0
BRDA:215,25,0,0
BRDA:215,26,0,0
BRDA:215,26,1,0
BRDA:225,27,0,0
BRDA:225,27,1,0
BRDA:225,27,2,0
BRDA:225,27,3,0
BRDA:225,27,4,0
BRDA:225,27,5,0
BRDA:225,27,6,0
BRDA:231,28,0,0
BRDA:231,28,1,0
BRDA:237,29,0,0
BRDA:237,29,1,0
BRDA:238,30,0,0
BRDA:238,30,1,0
BRDA:247,31,0,0
BRDA:247,31,1,0
BRDA:255,32,0,0
BRDA:255,33,0,0
BRDA:255,33,1,0
BRDA:283,34,0,0
BRDA:283,34,1,0
BRDA:288,35,0,0
BRDA:288,35,1,0
BRDA:291,36,0,0
BRDA:291,36,1,0
BRDA:308,37,0,0
BRDA:308,37,1,0
BRDA:331,38,0,0
BRDA:344,39,0,0
BRDA:344,39,1,0
BRDA:350,40,0,0
BRDA:350,40,1,0
BRDA:356,41,0,0
BRDA:359,42,0,0
BRDA:359,42,1,0
BRF:72
BRH:0
end_of_record
TN:
SF:src/components/accessibility/FocusManager.tsx
FN:20,(anonymous_9)
FN:29,(anonymous_10)
FN:39,(anonymous_11)
FN:53,(anonymous_12)
FN:88,(anonymous_13)
FN:139,(anonymous_15)
FN:142,(anonymous_16)
FN:145,(anonymous_17)
FN:151,(anonymous_18)
FN:155,(anonymous_19)
FN:178,(anonymous_20)
FN:187,(anonymous_21)
FN:275,(anonymous_22)
FN:279,(anonymous_23)
FN:280,(anonymous_24)
FN:285,(anonymous_25)
FN:289,(anonymous_26)
FN:293,(anonymous_27)
FN:304,(anonymous_28)
FN:328,(anonymous_29)
FNF:20
FNH:0
FNDA:0,(anonymous_9)
FNDA:0,(anonymous_10)
FNDA:0,(anonymous_11)
FNDA:0,(anonymous_12)
FNDA:0,(anonymous_13)
FNDA:0,(anonymous_15)
FNDA:0,(anonymous_16)
FNDA:0,(anonymous_17)
FNDA:0,(anonymous_18)
FNDA:0,(anonymous_19)
FNDA:0,(anonymous_20)
FNDA:0,(anonymous_21)
FNDA:0,(anonymous_22)
FNDA:0,(anonymous_23)
FNDA:0,(anonymous_24)
FNDA:0,(anonymous_25)
FNDA:0,(anonymous_26)
FNDA:0,(anonymous_27)
FNDA:0,(anonymous_28)
FNDA:0,(anonymous_29)
DA:6,0
DA:7,0
DA:20,0
DA:26,0
DA:27,0
DA:29,0
DA:30,0
DA:33,0
DA:35,0
DA:36,0
DA:39,0
DA:40,0
DA:50,0
DA:53,0
DA:54,0
DA:56,0
DA:57,0
DA:58,0
DA:59,0
DA:62,0
DA:63,0
DA:65,0
DA:67,0
DA:68,0
DA:69,0
DA:73,0
DA:74,0
DA:75,0
DA:81,0
DA:82,0
DA:83,0
DA:86,0
DA:88,0
DA:89,0
DA:92,0
DA:93,0
DA:109,0
DA:139,0
DA:140,0
DA:142,0
DA:143,0
DA:145,0
DA:146,0
DA:147,0
DA:151,0
DA:154,0
DA:156,0
DA:158,0
DA:159,0
DA:160,0
DA:161,0
DA:178,0
DA:184,0
DA:186,0
DA:188,0
DA:189,0
DA:191,0
DA:197,0
DA:198,0
DA:200,0
DA:202,0
DA:204,0
DA:205,0
DA:206,0
DA:207,0
DA:208,0
DA:211,0
DA:214,0
DA:215,0
DA:216,0
DA:217,0
DA:218,0
DA:221,0
DA:224,0
DA:225,0
DA:226,0
DA:227,0
DA:228,0
DA:231,0
DA:234,0
DA:235,0
DA:236,0
DA:237,0
DA:238,0
DA:241,0
DA:244,0
DA:245,0
DA:246,0
DA:249,0
DA:250,0
DA:251,0
DA:254,0
DA:257,0
DA:258,0
DA:275,0
DA:276,0
DA:277,0
DA:279,0
DA:280,0
DA:281,0
DA:282,0
DA:285,0
DA:286,0
DA:289,0
DA:290,0
DA:293,0
DA:294,0
DA:297,0
DA:298,0
DA:299,0
DA:300,0
DA:301,0
DA:302,0
DA:304,0
[...]
DA:84,0
DA:85,0
DA:95,0
DA:96,0
DA:100,0
DA:101,0
DA:105,0
DA:106,0
DA:110,0
DA:111,0
DA:116,78
DA:125,39
DA:126,0
DA:130,0
DA:131,0
DA:135,0
DA:136,0
DA:140,0
DA:141,0
DA:146,39
DA:147,0
DA:152,78
DA:161,39
DA:162,0
DA:166,0
DA:167,0
DA:171,0
DA:172,0
DA:176,0
DA:177,0
DA:185,0
DA:186,0
DA:191,0
DA:192,0
DA:196,0
DA:197,0
DA:201,0
DA:202,0
DA:210,0
DA:211,0
DA:215,0
DA:216,0
DA:220,0
DA:223,0
DA:228,0
DA:229,0
DA:233,39
DA:234,0
DA:239,39
DA:249,39
DA:250,0
DA:254,0
DA:255,0
DA:259,0
DA:260,0
DA:264,0
DA:265,0
DA:276,0
DA:277,0
DA:281,0
DA:282,0
DA:286,0
DA:287,0
DA:291,0
DA:292,0
DA:301,0
DA:302,0
DA:306,0
DA:307,0
DA:311,0
DA:312,0
DA:317,0
DA:318,0
DA:326,0
DA:327,0
DA:332,1
DA:335,0
DA:336,0
DA:340,0
DA:341,0
DA:354,0
DA:355,0
DA:359,0
DA:360,0
DA:365,0
DA:366,0
DA:371,0
DA:372,0
DA:376,0
DA:377,0
DA:381,0
DA:382,0
DA:386,0
DA:387,0
DA:391,0
DA:392,0
DA:397,1
DA:405,0
DA:406,0
DA:410,0
DA:411,0
DA:415,0
DA:416,0
DA:420,0
DA:421,0
DA:426,0
DA:427,0
DA:431,0
DA:432,0
DA:437,1
DA:446,0
DA:447,0
DA:451,0
DA:452,0
DA:456,0
DA:457,0
DA:461,0
DA:462,0
DA:467,0
DA:468,0
DA:472,0
DA:473,0
DA:481,0
DA:482,0
DA:486,0
DA:487,0
DA:492,1
DA:495,0
DA:496,0
DA:505,0
DA:506,0
DA:515,0
DA:516,0
DA:524,0
DA:525,0
DA:530,0
DA:531,0
DA:536,0
DA:540,0
DA:545,1
DA:550,0
DA:551,0
DA:552,0
DA:554,0
DA:559,0
DA:566,0
DA:567,0
DA:568,0
DA:570,0
DA:575,0
DA:579,0
DA:580,0
DA:585,0
DA:586,1
DA:587,1
DA:588,1
DA:589,1
DA:590,1
DA:593,0
DA:594,0
DA:597,0
DA:598,0
DA:600,0
DA:601,0
DA:602,0
DA:605,0
DA:606,0
DA:610,0
DA:611,0
DA:612,0
DA:613,0
DA:614,0
DA:615,0
DA:618,0
DA:622,0
DA:623,0
DA:624,0
DA:627,0
DA:628,0
DA:631,0
DA:632,0
DA:637,0
DA:638,0
DA:639,0
DA:640,0
DA:643,0
DA:649,0
DA:650,0
DA:655,34
DA:659,34
DA:663,0
DA:664,0
DA:665,0
DA:667,0
DA:671,17
DA:676,85
DA:679,1
DA:681,0
DA:685,169
DA:686,169
DA:687,0
DA:689,169
DA:690,169
DA:692,0
DA:696,1
DA:697,0
DA:698,0
DA:699,0
DA:701,0
DA:705,1
LF:231
LH:39
BRDA:5,0,0,1
BRDA:5,0,1,1
BRDA:6,1,0,1
BRDA:6,1,1,1
BRDA:33,2,0,0
BRDA:552,3,0,0
BRDA:568,4,0,0
BRDA:593,5,0,0
BRDA:605,6,0,0
BRDA:614,7,0,0
BRDA:637,8,0,0
BRDA:649,9,0,0
BRDA:663,10,0,0
BRDA:686,11,0,0
BRDA:689,12,0,169
BRF:15
BRH:5
end_of_record
TN:
SF:src/services/api/hasivu-api.service.ts
FN:155,(anonymous_2)
FN:169,(anonymous_3)
FN:172,(anonymous_4)
FN:187,(anonymous_5)
FN:192,(anonymous_6)
FN:193,(anonymous_7)
FN:218,(anonymous_8)
FN:222,(anonymous_9)
FN:239,(anonymous_10)
FN:253,(anonymous_11)
FN:275,(anonymous_12)
FN:283,(anonymous_13)
FN:288,(anonymous_14)
FN:294,(anonymous_15)
FN:299,(anonymous_16)
FN:308,(anonymous_17)
FN:314,(anonymous_18)
FN:319,(anonymous_19)
FN:324,(anonymous_20)
FN:330,(anonymous_21)
FN:335,(anonymous_22)
FN:341,(anonymous_23)
FN:348,(anonymous_24)
FN:353,(anonymous_25)
FN:360,(anonymous_26)
FN:368,(anonymous_27)
FN:373,(anonymous_28)
FN:379,(anonymous_29)
FN:385,(anonymous_30)
FN:391,(anonymous_31)
FN:397,(anonymous_32)
FN:408,(anonymous_33)
FN:417,(anonymous_34)
FN:425,(anonymous_35)
FN:439,(anonymous_36)
FN:450,(anonymous_37)
FN:458,(anonymous_38)
FN:464,(anonymous_39)
FN:478,(anonymous_40)
FN:490,(anonymous_41)
FN:507,(anonymous_42)
FNF:41
FNH:0
FNDA:0,(anonymous_2)
FNDA:0,(anonymous_3)
FNDA:0,(anonymous_4)
FNDA:0,(anonymous_5)
FNDA:0,(anonymous_6)
FNDA:0,(anonymous_7)
FNDA:0,(anonymous_8)
FNDA:0,(anonymous_9)
FNDA:0,(anonymous_10)
FNDA:0,(anonymous_11)
FNDA:0,(anonymous_12)
FNDA:0,(anonymous_13)
FNDA:0,(anonymous_14)
FNDA:0,(anonymous_15)
FNDA:0,(anonymous_16)
FNDA:0,(anonymous_17)
FNDA:0,(anonymous_18)
FNDA:0,(anonymous_19)
FNDA:0,(anonymous_20)
FNDA:0,(anonymous_21)
FNDA:0,(anonymous_22)
FNDA:0,(anonymous_23)
FNDA:0,(anonymous_24)
FNDA:0,(anonymous_25)
FNDA:0,(anonymous_26)
FNDA:0,(anonymous_27)
FNDA:0,(anonymous_28)
FNDA:0,(anonymous_29)
FNDA:0,(anonymous_30)
FNDA:0,(anonymous_31)
FNDA:0,(anonymous_32)
FNDA:0,(anonymous_33)
FNDA:0,(anonymous_34)
FNDA:0,(anonymous_35)
FNDA:0,(anonymous_36)
FNDA:0,(anonymous_37)
FNDA:0,(anonymous_38)
FNDA:0,(anonymous_39)
FNDA:0,(anonymous_40)
FNDA:0,(anonymous_41)
FNDA:0,(anonymous_42)
DA:7,0
DA:8,0
DA:11,0
DA:153,0
DA:156,0
DA:166,0
DA:171,0
DA:173,0
DA:175,0
DA:176,0
DA:180,0
DA:183,0
DA:185,0
DA:187,0
DA:191,0
DA:192,0
DA:194,0
DA:197,0
DA:198,0
DA:200,0
DA:201,0
DA:202,0
DA:203,0
DA:204,0
DA:208,0
DA:209,0
DA:213,0
DA:219,0
DA:223,0
DA:224,0
DA:227,0
DA:229,0
DA:230,0
DA:231,0
DA:232,0
DA:234,0
DA:235,0
DA:240,0
DA:242,0
DA:243,0
DA:246,0
DA:250,0
DA:254,0
DA:257,0
DA:259,0
DA:261,0
DA:267,0
DA:268,0
DA:269,0
DA:271,0
DA:276,0
DA:280,0
DA:284,0
DA:285,0
DA:289,0
DA:290,0
DA:295,0
DA:296,0
DA:300,0
DA:305,0
DA:309,0
DA:310,0
DA:315,0
DA:316,0
DA:320,0
DA:321,0
DA:325,0
DA:326,0
DA:331,0
DA:332,0
DA:336,0
DA:337,0
DA:338,0
DA:342,0
DA:343,0
DA:344,0
DA:349,0
DA:350,0
DA:354,0
DA:357,0
DA:361,0
DA:364,0
DA:369,0
DA:370,0
DA:374,0
DA:375,0
DA:376,0
DA:380,0
DA:381,0
DA:386,0
DA:387,0
DA:388,0
DA:392,0
DA:393,0
DA:398,0
DA:405,0
DA:409,0
DA:410,0
DA:414,0
DA:418,0
DA:422,0
DA:426,0
DA:436,0
DA:440,0
DA:447,0
DA:451,0
DA:455,0
DA:459,0
DA:460,0
DA:474,0
DA:475,0
DA:485,0
DA:486,0
DA:502,0
DA:503,0
DA:508,0
DA:509,0
DA:514,0
LF:118
LH:0
BRDA:12,0,0,0
BRDA:12,0,1,0
BRDA:13,1,0,0
BRDA:13,1,1,0
BRDA:175,2,0,0
BRDA:197,3,0,0
BRDA:197,4,0,0
BRDA:197,4,1,0
BRDA:202,5,0,0
BRDA:223,6,0,0
BRDA:242,7,0,0
BRDA:257,8,0,0
BRDA:257,8,1,0
BRDA:257,8,2,0
BRDA:259,9,0,0
BRDA:259,9,1,0
BRDA:259,10,0,0
BRDA:259,10,1,0
BRDA:268,11,0,0
BRDA:268,11,1,0
BRDA:399,12,0,0
BRDA:399,12,1,0
BRDA:409,13,0,0
BRDA:409,13,1,0
BRDA:429,14,0,0
BRDA:429,14,1,0
BRDA:441,15,0,0
BRDA:441,15,1,0
BRF:28
BRH:0
end_of_record
TN:
SF:src/store/slices/analyticsSlice.ts
FN:17,(anonymous_3)
FNF:1
FNH:0
FNDA:0,(anonymous_3)
DA:1,0
DA:8,0
DA:13,0
DA:18,0
DA:23,0
DA:24,0
LF:6
LH:0
BRF:0
BRH:0
end_of_record
TN:
SF:src/store/slices/authSlice.ts
FN:40,(anonymous_12)
FN:65,(anonymous_13)
FN:85,(anonymous_14)
FN:99,(anonymous_15)
FN:130,(anonymous_16)
FN:133,(anonymous_17)
FN:136,(anonymous_18)
FN:141,(anonymous_19)
FN:149,(anonymous_20)
FN:153,(anonymous_21)
FN:156,(anonymous_22)
FN:160,(anonymous_23)
FN:169,(anonymous_24)
FN:180,(anonymous_25)
FN:183,(anonymous_26)
FN:190,(anonymous_27)
FN:201,(anonymous_28)
FN:204,(anonymous_29)
FN:212,(anonymous_30)
FN:224,(anonymous_31)
FN:227,(anonymous_32)
FN:234,(anonymous_33)
FNF:22
FNH:0
FNDA:0,(anonymous_12)
FNDA:0,(anonymous_13)
FNDA:0,(anonymous_14)
FNDA:0,(anonymous_15)
FNDA:0,(anonymous_16)
FNDA:0,(anonymous_17)
FNDA:0,(anonymous_18)
FNDA:0,(anonymous_19)
FNDA:0,(anonymous_20)
FNDA:0,(anonymous_21)
FNDA:0,(anonymous_22)
FNDA:0,(anonymous_23)
FNDA:0,(anonymous_24)
FNDA:0,(anonymous_25)
FNDA:0,(anonymous_26)
FNDA:0,(anonymous_27)
FNDA:0,(anonymous_28)
FNDA:0,(anonymous_29)
FNDA:0,(anonymous_30)
FNDA:0,(anonymous_31)
FNDA:0,(anonymous_32)
FNDA:0,(anonymous_33)
DA:6,0
DA:7,0
DA:38,0
DA:44,0
DA:45,0
DA:47,0
DA:48,0
DA:55,0
DA:58,0
DA:63,0
DA:66,0
DA:67,0
DA:69,0
DA:70,0
DA:75,0
DA:78,0
DA:83,0
DA:86,0
DA:87,0
DA:88,0
DA:91,0
DA:92,0
DA:97,0
DA:100,0
DA:101,0
DA:103,0
DA:104,0
DA:106,0
DA:109,0
DA:115,0
DA:126,0
DA:131,0
DA:134,0
DA:137,0
DA:138,0
DA:142,0
DA:143,0
DA:144,0
DA:145,0
DA:146,0
DA:147,0
DA:150,0
DA:155,0
DA:157,0
DA:158,0
DA:161,0
DA:162,0
DA:163,0
DA:164,0
DA:165,0
DA:166,0
DA:167,0
DA:170,0
DA:171,0
DA:172,0
DA:173,0
DA:174,0
DA:175,0
DA:179,0
DA:181,0
DA:184,0
DA:185,0
DA:186,0
DA:187,0
DA:188,0
DA:191,0
DA:192,0
DA:193,0
DA:194,0
DA:195,0
DA:196,0
DA:200,0
DA:202,0
DA:205,0
DA:206,0
DA:207,0
DA:208,0
DA:209,0
DA:210,0
DA:214,0
DA:215,0
DA:216,0
DA:217,0
DA:218,0
DA:219,0
DA:223,0
DA:225,0
DA:228,0
DA:229,0
DA:230,0
DA:231,0
DA:232,0
DA:235,0
DA:236,0
DA:242,0
DA:243,0
DA:245,0
LF:97
LH:0
BRDA:47,0,0,0
BRDA:47,0,1,0
BRDA:47,1,0,0
BRDA:47,1,1,0
BRDA:50,2,0,0
BRDA:50,2,1,0
BRDA:51,3,0,0
BRDA:51,3,1,0
BRDA:55,4,0,0
BRDA:55,4,1,0
BRDA:58,5,0,0
BRDA:58,5,1,0
BRDA:69,6,0,0
BRDA:69,6,1,0
BRDA:75,7,0,0
BRDA:75,7,1,0
BRDA:78,8,0,0
BRDA:78,8,1,0
BRDA:103,9,0,0
BRDA:103,9,1,0
BRDA:103,10,0,0
BRDA:103,10,1,0
BRDA:106,11,0,0
BRDA:106,11,1,0
BRDA:109,12,0,0
BRDA:109,12,1,0
BRDA:137,13,0,0
BRF:27
BRH:0
end_of_record
TN:
SF:src/store/slices/menuSlice.ts
FN:26,(anonymous_5)
FN:47,(anonymous_6)
FN:51,(anonymous_7)
FN:53,(anonymous_8)
FN:57,(anonymous_9)
FN:60,(anonymous_10)
FN:62,(anonymous_11)
FNF:7
FNH:0
FNDA:0,(anonymous_5)
FNDA:0,(anonymous_6)
FNDA:0,(anonymous_7)
FNDA:0,(anonymous_8)
FNDA:0,(anonymous_9)
FNDA:0,(anonymous_10)
FNDA:0,(anonymous_11)
DA:4,0
DA:5,0
DA:24,0
DA:27,0
DA:28,0
DA:29,0
DA:31,0
DA:36,0
DA:43,0
DA:48,0
DA:52,0
DA:54,0
DA:55,0
DA:58,0
DA:59,0
DA:60,0
DA:63,0
DA:64,0
DA:69,0
DA:70,0
LF:20
LH:0
BRDA:29,0,0,0
BRDA:29,0,1,0
BRDA:29,1,0,0
BRDA:29,1,1,0
BRF:4
BRH:0
end_of_record
TN:
SF:src/store/slices/notificationSlice.ts
FN:17,(anonymous_3)
FNF:1
FNH:0
FNDA:0,(anonymous_3)
DA:1,0
DA:8,0
DA:13,0
DA:18,0
DA:19,0
DA:24,0
DA:25,0
LF:7
LH:0
BRF:0
BRH:0
end_of_record
TN:
SF:src/store/slices/orderSlice.ts
FN:43,(anonymous_14)
FN:59,(anonymous_15)
FN:89,(anonymous_16)
FN:92,(anonymous_17)
FN:95,(anonymous_18)
FN:102,(anonymous_19)
FN:113,(anonymous_20)
FN:121,(anonymous_21)
FN:124,(anonymous_22)
FN:128,(anonymous_23)
FN:132,(anonymous_24)
FN:136,(anonymous_25)
FN:143,(anonymous_26)
FN:147,(anonymous_27)
FN:154,(anonymous_28)
FN:164,(anonymous_29)
FN:165,(anonymous_30)
FN:166,(anonymous_31)
FN:167,(anonymous_32)
FN:168,(anonymous_33)
FN:169,(anonymous_34)
FNF:21
FNH:0
FNDA:0,(anonymous_14)
FNDA:0,(anonymous_15)
FNDA:0,(anonymous_16)
FNDA:0,(anonymous_17)
FNDA:0,(anonymous_18)
FNDA:0,(anonymous_19)
FNDA:0,(anonymous_20)
FNDA:0,(anonymous_21)
FNDA:0,(anonymous_22)
FNDA:0,(anonymous_23)
FNDA:0,(anonymous_24)
FNDA:0,(anonymous_25)
FNDA:0,(anonymous_26)
FNDA:0,(anonymous_27)
FNDA:0,(anonymous_28)
FNDA:0,(anonymous_29)
FNDA:0,(anonymous_30)
FNDA:0,(anonymous_31)
FNDA:0,(anonymous_32)
FNDA:0,(anonymous_33)
FNDA:0,(anonymous_34)
DA:5,0
DA:6,0
DA:41,0
DA:44,0
DA:45,0
DA:46,0
DA:47,0
DA:49,0
DA:52,0
DA:57,0
DA:60,0
DA:61,0
DA:62,0
DA:63,0
DA:65,0
DA:68,0
DA:74,0
DA:85,0
DA:90,0
DA:93,0
DA:99,0
DA:102,0
DA:103,0
DA:104,0
DA:108,0
DA:109,0
DA:113,0
DA:114,0
DA:115,0
DA:118,0
DA:123,0
DA:125,0
DA:126,0
DA:129,0
DA:130,0
DA:131,0
DA:132,0
DA:134,0
DA:137,0
DA:138,0
DA:142,0
DA:144,0
DA:145,0
DA:148,0
DA:149,0
DA:150,0
DA:151,0
DA:152,0
DA:155,0
DA:156,0
DA:161,0
DA:164,0
DA:165,0
DA:166,0
DA:167,0
DA:168,0
DA:169,0
DA:171,0
LF:58
LH:0
BRDA:46,0,0,0
BRDA:46,0,1,0
BRDA:47,1,0,0
BRDA:47,1,1,0
BRDA:49,2,0,0
BRDA:49,2,1,0
BRDA:52,3,0,0
BRDA:52,3,1,0
BRDA:62,4,0,0
BRDA:62,4,1,0
BRDA:65,5,0,0
BRDA:65,5,1,0
BRDA:68,6,0,0
BRDA:68,6,1,0
BRDA:103,7,0,0
BRDA:108,8,0,0
BRDA:114,9,0,0
BRF:17
BRH:0
end_of_record
TN:
SF:src/store/slices/paymentSlice.ts
FN:17,(anonymous_3)
FNF:1
FNH:0
FNDA:0,(anonymous_3)
DA:1,0
DA:8,0
DA:13,0
DA:18,0
DA:23,0
DA:24,0
LF:6
LH:0
BRF:0
BRH:0
end_of_record
TN:
SF:src/store/slices/rfidSlice.ts
FN:17,(anonymous_3)
FNF:1
FNH:0
FNDA:0,(anonymous_3)
DA:1,0
DA:8,0
DA:13,0
DA:18,0
DA:23,0
DA:24,0
LF:6
LH:0
BRF:0
BRH:0
end_of_record
TN:
SF:src/store/slices/uiSlice.ts
FN:26,(anonymous_7)
FN:29,(anonymous_8)
FN:32,(anonymous_9)
FN:35,(anonymous_10)
FN:38,(anonymous_11)
FNF:5
FNH:0
FNDA:0,(anonymous_7)
FNDA:0,(anonymous_8)
FNDA:0,(anonymous_9)
FNDA:0,(anonymous_10)
FNDA:0,(anonymous_11)
DA:1,0
DA:14,0
DA:22,0
DA:27,0
DA:30,0
DA:33,0
DA:36,0
DA:39,0
DA:44,0
DA:46,0
LF:10
LH:0
BRF:0
BRH:0
end_of_record
TN:
SF:src/types/auth.ts
FN:7,(anonymous_7)
FN:18,(anonymous_8)
FN:292,(anonymous_9)
FN:299,(anonymous_10)
FN:302,(anonymous_11)
FN:305,(anonymous_12)
FN:308,(anonymous_13)
FN:311,(anonymous_14)
FN:316,(anonymous_15)
FN:321,(anonymous_16)
FN:325,(anonymous_17)
FN:329,(anonymous_18)
FN:333,(anonymous_19)
FN:339,isValidUserRole
FN:343,isValidPermission
FNF:15
FNH:0
FNDA:0,(anonymous_7)
FNDA:0,(anonymous_8)
FNDA:0,(anonymous_9)
FNDA:0,(anonymous_10)
FNDA:0,(anonymous_11)
FNDA:0,(anonymous_12)
FNDA:0,(anonymous_13)
FNDA:0,(anonymous_14)
FNDA:0,(anonymous_15)
FNDA:0,(anonymous_16)
FNDA:0,(anonymous_17)
FNDA:0,(anonymous_18)
FNDA:0,(anonymous_19)
FNDA:0,isValidUserRole
FNDA:0,isValidPermission
DA:7,0
DA:18,0
DA:72,0
DA:291,0
DA:293,0
DA:295,0
DA:296,0
DA:300,0
DA:302,0
DA:306,0
DA:308,0
DA:312,0
DA:313,0
DA:317,0
DA:318,0
DA:322,0
DA:326,0
DA:330,0
DA:334,0
DA:339,0
DA:340,0
DA:343,0
DA:344,0
LF:23
LH:0
BRDA:7,0,0,0
BRDA:7,0,1,0
BRDA:18,1,0,0
BRDA:18,1,1,0
BRDA:293,2,0,0
BRDA:295,3,0,0
BRDA:295,3,1,0
BRDA:300,4,0,0
BRDA:306,5,0,0
BRDA:312,6,0,0
BRDA:317,7,0,0
BRF:11
BRH:0
end_of_record
TN:
SF:src/types/feature-flags.ts
FNF:0
FNH:0
DA:85,0
LF:1
LH:0
BRF:0
BRH:0
end_of_record
TN:
SF:src/utils/dataMigration.ts
FN:77,(anonymous_6)
FN:96,(anonymous_7)
FN:103,(anonymous_8)
FN:114,(anonymous_9)
FN:139,(anonymous_10)
FN:164,(anonymous_11)
FN:191,(anonymous_12)
FN:217,(anonymous_13)
FN:241,(anonymous_14)
FN:335,(anonymous_15)
FN:341,(anonymous_16)
FN:385,(anonymous_18)
FN:392,(anonymous_19)
FN:398,(anonymous_20)
FN:405,(anonymous_21)
FN:406,(anonymous_22)
FN:411,(anonymous_23)
FN:416,(anonymous_24)
FN:428,(anonymous_25)
FNF:19
FNH:0
FNDA:0,(anonymous_6)
FNDA:0,(anonymous_7)
FNDA:0,(anonymous_8)
FNDA:0,(anonymous_9)
FNDA:0,(anonymous_10)
FNDA:0,(anonymous_11)
FNDA:0,(anonymous_12)
FNDA:0,(anonymous_13)
FNDA:0,(anonymous_14)
FNDA:0,(anonymous_15)
FNDA:0,(anonymous_16)
FNDA:0,(anonymous_18)
FNDA:0,(anonymous_19)
FNDA:0,(anonymous_20)
FNDA:0,(anonymous_21)
FNDA:0,(anonymous_22)
FNDA:0,(anonymous_23)
FNDA:0,(anonymous_24)
FNDA:0,(anonymous_25)
DA:2,0
DA:11,0
DA:73,0
DA:74,0
DA:78,0
DA:79,0
DA:97,0
DA:98,0
DA:99,0
DA:104,0
DA:105,0
DA:106,0
DA:108,0
DA:109,0
DA:115,0
DA:117,0
DA:118,0
DA:119,0
DA:129,0
DA:131,0
DA:135,0
DA:140,0
DA:142,0
DA:143,0
DA:144,0
DA:154,0
DA:156,0
DA:160,0
DA:165,0
DA:167,0
DA:168,0
DA:169,0
DA:181,0
DA:183,0
DA:187,0
DA:192,0
DA:194,0
DA:195,0
DA:196,0
DA:207,0
DA:209,0
DA:213,0
DA:218,0
DA:220,0
DA:221,0
DA:222,0
DA:231,0
DA:233,0
DA:237,0
DA:249,0
DA:250,0
DA:251,0
DA:252,0
DA:256,0
DA:257,0
DA:258,0
DA:259,0
DA:260,0
DA:264,0
DA:266,0
DA:275,0
DA:277,0
DA:278,0
DA:279,0
DA:280,0
DA:284,0
DA:285,0
DA:286,0
DA:287,0
DA:291,0
DA:292,0
DA:293,0
DA:294,0
DA:298,0
DA:299,0
DA:300,0
DA:301,0
DA:305,0
DA:306,0
DA:307,0
DA:308,0
DA:312,0
DA:319,0
DA:320,0
DA:322,0
DA:324,0
DA:325,0
DA:330,0
DA:336,0
DA:337,0
DA:346,0
DA:347,0
DA:349,0
DA:351,0
DA:352,0
DA:353,0
DA:354,0
DA:358,0
DA:359,0
DA:360,0
DA:361,0
DA:365,0
DA:366,0
DA:367,0
DA:368,0
DA:371,0
DA:374,0
DA:383,0
DA:386,0
DA:387,0
DA:388,0
DA:393,0
DA:394,0
DA:399,0
DA:400,0
DA:405,0
DA:406,0
DA:407,0
DA:408,0
DA:411,0
DA:412,0
DA:413,0
DA:416,0
DA:417,0
DA:418,0
DA:419,0
DA:420,0
DA:421,0
DA:423,0
DA:424,0
DA:428,0
DA:429,0
DA:430,0
DA:431,0
DA:434,0
DA:443,0
LF:136
LH:0
BRDA:79,0,0,0
BRDA:79,0,1,0
BRDA:228,1,0,0
BRDA:228,1,1,0
BRDA:250,2,0,0
BRDA:257,3,0,0
BRDA:277,4,0,0
BRDA:284,5,0,0
BRDA:291,6,0,0
BRDA:298,7,0,0
BRDA:305,8,0,0
BRDA:352,9,0,0
BRDA:352,9,1,0
BRDA:353,10,0,0
BRDA:359,11,0,0
BRDA:359,11,1,0
BRDA:360,12,0,0
BRDA:366,13,0,0
BRDA:366,13,1,0
BRDA:367,14,0,0
BRF:20
BRH:0
end_of_record
TN:
SF:src/utils/formatCurrency.ts
FN:8,(anonymous_1)
FNF:1
FNH:0
FNDA:0,(anonymous_1)
DA:8,0
DA:13,0
LF:2
LH:0
BRDA:10,0,0,0
BRDA:11,1,0,0
BRF:2
BRH:0
end_of_record
TN:
SF:src/utils/helpers.ts
FN:6,(anonymous_6)
FN:9,(anonymous_7)
FN:16,(anonymous_8)
FN:19,(anonymous_9)
FN:25,(anonymous_10)
FN:32,(anonymous_11)
FN:38,(anonymous_12)
FN:43,(anonymous_13)
FN:49,(anonymous_14)
FN:51,(anonymous_15)
FN:53,(anonymous_16)
FN:56,(anonymous_17)
FN:58,(anonymous_18)
FN:62,(anonymous_19)
FNF:14
FNH:0
FNDA:0,(anonymous_6)
FNDA:0,(anonymous_7)
FNDA:0,(anonymous_8)
FNDA:0,(anonymous_9)
FNDA:0,(anonymous_10)
FNDA:0,(anonymous_11)
FNDA:0,(anonymous_12)
FNDA:0,(anonymous_13)
FNDA:0,(anonymous_14)
FNDA:0,(anonymous_15)
FNDA:0,(anonymous_16)
FNDA:0,(anonymous_17)
FNDA:0,(anonymous_18)
FNDA:0,(anonymous_19)
DA:5,0
DA:7,0
DA:10,0
DA:11,0
DA:15,0
DA:17,0
DA:20,0
DA:24,0
DA:26,0
DA:27,0
DA:28,0
DA:30,0
DA:33,0
DA:37,0
DA:39,0
DA:40,0
DA:41,0
DA:44,0
DA:48,0
DA:51,0
DA:52,0
DA:53,0
DA:58,0
DA:59,0
DA:60,0
DA:61,0
DA:62,0
LF:27
LH:0
BRDA:7,0,0,0
BRDA:7,0,1,0
BRDA:9,1,0,0
BRDA:10,2,0,0
BRDA:17,3,0,0
BRDA:17,3,1,0
BRDA:43,4,0,0
BRDA:59,5,0,0
BRF:8
BRH:0
end_of_record
TN:
SF:src/utils/password-validation.ts
FN:42,validatePassword
FN:100,calculatePasswordStrength
FN:145,getPasswordStrengthColor
FN:160,getPasswordStrengthLabel
FN:175,validatePasswordMatch
FN:191,isCommonPassword
FN:207,(anonymous_19)
FN:213,getPasswordRequirementsText
FN:246,validatePasswordRealtime
FN:265,(anonymous_22)
FN:278,generateStrongPassword
FN:302,(anonymous_24)
FNF:12
FNH:0
FNDA:0,validatePassword
FNDA:0,calculatePasswordStrength
FNDA:0,getPasswordStrengthColor
FNDA:0,getPasswordStrengthLabel
FNDA:0,validatePasswordMatch
FNDA:0,isCommonPassword
FNDA:0,(anonymous_19)
FNDA:0,getPasswordRequirementsText
FNDA:0,validatePasswordRealtime
FNDA:0,(anonymous_22)
FNDA:0,generateStrongPassword
FNDA:0,(anonymous_24)
DA:29,0
DA:42,0
DA:46,0
DA:49,0
DA:50,0
DA:54,0
DA:55,0
DA:59,0
DA:60,0
DA:64,0
DA:65,0
DA:69,0
DA:70,0
DA:74,0
DA:75,0
DA:79,0
DA:82,0
DA:83,0
DA:86,0
DA:88,0
DA:100,0
DA:104,0
DA:107,0
DA:108,0
DA:111,0
DA:112,0
DA:113,0
DA:114,0
DA:117,0
DA:118,0
DA:122,0
DA:125,0
DA:129,0
DA:130,0
DA:131,0
DA:132,0
DA:133,0
DA:134,0
DA:136,0
DA:139,0
DA:145,0
DA:148,0
DA:154,0
DA:160,0
DA:163,0
DA:169,0
DA:175,0
DA:179,0
DA:180,0
DA:185,0
DA:191,0
DA:192,0
DA:207,0
DA:213,0
DA:216,0
DA:218,0
DA:220,0
DA:221,0
DA:224,0
DA:225,0
DA:228,0
DA:229,0
DA:232,0
DA:233,0
DA:236,0
DA:237,0
DA:240,0
DA:246,0
DA:257,0
DA:265,0
DA:266,0
DA:268,0
DA:278,0
DA:279,0
DA:280,0
DA:281,0
DA:282,0
DA:284,0
DA:286,0
DA:289,0
DA:290,0
DA:291,0
DA:292,0
DA:295,0
DA:296,0
DA:300,0
DA:302,0
DA:309,0
DA:322,0
LF:89
LH:0
BRDA:44,0,0,0
BRDA:49,1,0,0
BRDA:54,2,0,0
BRDA:54,3,0,0
BRDA:54,3,1,0
BRDA:59,4,0,0
BRDA:59,5,0,0
BRDA:59,5,1,0
BRDA:64,6,0,0
BRDA:64,7,0,0
BRDA:64,7,1,0
BRDA:69,8,0,0
BRDA:69,9,0,0
BRDA:69,9,1,0
BRDA:74,10,0,0
BRDA:74,11,0,0
BRDA:74,11,1,0
BRDA:82,12,0,0
BRDA:82,13,0,0
BRDA:82,13,1,0
BRDA:90,14,0,0
BRDA:90,14,1,0
BRDA:91,15,0,0
BRDA:91,15,1,0
BRDA:107,16,0,0
BRDA:108,17,0,0
BRDA:111,18,0,0
BRDA:112,19,0,0
BRDA:113,20,0,0
BRDA:114,21,0,0
BRDA:117,22,0,0
BRDA:122,23,0,0
BRDA:129,24,0,0
BRDA:129,24,1,0
BRDA:131,25,0,0
BRDA:131,25,1,0
BRDA:133,26,0,0
BRDA:133,26,1,0
BRDA:179,27,0,0
BRDA:214,28,0,0
BRDA:220,29,0,0
BRDA:224,30,0,0
BRDA:228,31,0,0
BRDA:232,32,0,0
BRDA:236,33,0,0
BRDA:278,34,0,0
BRF:46
BRH:0
end_of_record
TN:
SF:src/utils/validators.ts
FN:43,(anonymous_11)
FN:44,(anonymous_12)
FN:45,(anonymous_13)
FN:57,(anonymous_14)
FN:67,(anonymous_15)
FN:77,(anonymous_16)
FN:174,(anonymous_17)
FN:189,(anonymous_18)
FN:194,(anonymous_19)
FN:199,(anonymous_20)
FN:204,(anonymous_21)
FN:209,(anonymous_22)
FN:215,(anonymous_23)
FN:228,(anonymous_24)
FN:242,(anonymous_25)
FN:249,(anonymous_26)
FN:261,(anonymous_27)
FN:266,(anonymous_28)
FN:271,(anonymous_29)
FNF:19
FNH:0
FNDA:0,(anonymous_11)
FNDA:0,(anonymous_12)
FNDA:0,(anonymous_13)
FNDA:0,(anonymous_14)
FNDA:0,(anonymous_15)
FNDA:0,(anonymous_16)
FNDA:0,(anonymous_17)
FNDA:0,(anonymous_18)
FNDA:0,(anonymous_19)
FNDA:0,(anonymous_20)
FNDA:0,(anonymous_21)
FNDA:0,(anonymous_22)
FNDA:0,(anonymous_23)
FNDA:0,(anonymous_24)
FNDA:0,(anonymous_25)
FNDA:0,(anonymous_26)
FNDA:0,(anonymous_27)
FNDA:0,(anonymous_28)
FNDA:0,(anonymous_29)
DA:6,0
DA:11,0
DA:37,0
DA:43,0
DA:44,0
DA:45,0
DA:56,0
DA:58,0
DA:59,0
DA:64,0
DA:68,0
DA:69,0
DA:74,0
DA:78,0
DA:79,0
DA:80,0
DA:85,0
DA:92,0
DA:175,0
DA:187,0
DA:190,0
DA:195,0
DA:200,0
DA:205,0
DA:210,0
DA:211,0
DA:216,0
DA:217,0
DA:218,0
DA:220,0
DA:221,0
DA:224,0
DA:229,0
DA:230,0
DA:231,0
DA:233,0
DA:240,0
DA:243,0
DA:244,0
DA:245,0
DA:247,0
DA:248,0
DA:249,0
DA:250,0
DA:251,0
DA:254,0
DA:256,0
DA:262,0
DA:267,0
DA:272,0
DA:273,0
DA:277,0
LF:52
LH:0
BRDA:58,0,0,0
BRDA:68,1,0,0
BRDA:79,2,0,0
BRDA:79,3,0,0
BRDA:79,3,1,0
BRDA:175,4,0,0
BRDA:175,4,1,0
BRDA:210,5,0,0
BRDA:210,5,1,0
BRDA:220,6,0,0
BRDA:220,7,0,0
BRDA:220,7,1,0
BRDA:220,7,2,0
BRDA:221,8,0,0
BRDA:221,8,1,0
BRDA:224,9,0,0
BRDA:224,9,1,0
BRDA:228,10,0,0
BRDA:247,11,0,0
BRDA:250,12,0,0
BRDA:272,13,0,0
BRDA:272,13,1,0
BRDA:273,14,0,0
BRDA:273,14,1,0
BRF:24
BRH:0
end_of_record
