TN:
SF:src/app.ts
FN:30,(anonymous_7)
FN:35,(anonymous_8)
FN:84,(anonymous_9)
FN:98,(anonymous_10)
FN:100,(anonymous_11)
FN:113,(anonymous_12)
FN:115,(anonymous_13)
FN:123,(anonymous_14)
FN:125,(anonymous_15)
FN:134,(anonymous_16)
FN:146,(anonymous_17)
FN:160,(anonymous_18)
FN:172,(anonymous_19)
FN:174,(anonymous_20)
FN:190,(anonymous_21)
FN:204,(anonymous_22)
FN:218,(anonymous_23)
FN:220,(anonymous_24)
FN:225,(anonymous_25)
FN:227,(anonymous_26)
FN:246,(anonymous_27)
FNF:21
FNH:0
FNDA:0,(anonymous_7)
FNDA:0,(anonymous_8)
FNDA:0,(anonymous_9)
FNDA:0,(anonymous_10)
FNDA:0,(anonymous_11)
FNDA:0,(anonymous_12)
FNDA:0,(anonymous_13)
FNDA:0,(anonymous_14)
FNDA:0,(anonymous_15)
FNDA:0,(anonymous_16)
FNDA:0,(anonymous_17)
FNDA:0,(anonymous_18)
FNDA:0,(anonymous_19)
FNDA:0,(anonymous_20)
FNDA:0,(anonymous_21)
FNDA:0,(anonymous_22)
FNDA:0,(anonymous_23)
FNDA:0,(anonymous_24)
FNDA:0,(anonymous_25)
FNDA:0,(anonymous_26)
FNDA:0,(anonymous_27)
DA:7,0
DA:9,0
DA:10,0
DA:11,0
DA:12,0
DA:13,0
DA:14,0
DA:15,0
DA:16,0
DA:19,0
DA:20,0
DA:21,0
DA:24,0
DA:27,0
DA:28,0
DA:31,0
DA:32,0
DA:37,0
DA:51,0
DA:68,0
DA:71,0
DA:72,0
DA:75,0
DA:78,0
DA:81,0
DA:85,0
DA:95,0
DA:99,0
DA:100,0
DA:103,0
DA:104,0
DA:106,0
DA:114,0
DA:115,0
DA:116,0
DA:117,0
DA:119,0
DA:124,0
DA:125,0
DA:126,0
DA:127,0
DA:128,0
DA:130,0
DA:136,0
DA:137,0
DA:140,0
DA:143,0
DA:146,0
DA:147,0
DA:160,0
DA:161,0
DA:174,0
DA:175,0
DA:179,0
DA:191,0
DA:193,0
DA:194,0
DA:197,0
DA:198,0
DA:199,0
DA:201,0
DA:202,0
DA:204,0
DA:205,0
DA:218,0
DA:219,0
DA:220,0
DA:221,0
DA:225,0
DA:226,0
DA:227,0
DA:228,0
DA:232,0
DA:236,0
DA:242,0
DA:245,0
DA:246,0
DA:247,0
DA:250,0
DA:254,0
LF:80
LH:0
BRDA:53,0,0,0
BRDA:53,0,1,0
BRDA:176,1,0,0
BRDA:176,1,1,0
BRDA:208,2,0,0
BRDA:208,2,1,0
BRDA:234,3,0,0
BRDA:234,3,1,0
BRDA:245,4,0,0
BRDA:248,5,0,0
BRDA:248,5,1,0
BRF:11
BRH:0
end_of_record
TN:
SF:src/analytics/data-warehouse/integration/gateway/api-gateway.ts
FN:16,(anonymous_0)
FN:21,(anonymous_1)
FN:25,(anonymous_2)
FN:29,(anonymous_3)
FNF:4
FNH:0
FNDA:0,(anonymous_0)
FNDA:0,(anonymous_1)
FNDA:0,(anonymous_2)
FNDA:0,(anonymous_3)
DA:10,0
DA:13,0
DA:14,0
DA:17,0
DA:18,0
DA:22,0
DA:26,0
DA:33,0
DA:34,0
DA:38,0
LF:10
LH:0
BRF:0
BRH:0
end_of_record
TN:
SF:src/analytics/data-warehouse/integration/health/health-monitor.ts
FN:8,(anonymous_0)
FN:12,(anonymous_1)
FNF:2
FNH:0
FNDA:0,(anonymous_0)
FNDA:0,(anonymous_1)
DA:5,0
DA:7,0
DA:9,0
DA:13,0
DA:17,0
LF:5
LH:0
BRF:0
BRH:0
end_of_record
TN:
SF:src/analytics/data-warehouse/integration/mesh/service-mesh-manager.ts
FN:9,(anonymous_0)
FN:13,(anonymous_1)
FN:17,(anonymous_2)
FNF:3
FNH:0
FNDA:0,(anonymous_0)
FNDA:0,(anonymous_1)
FNDA:0,(anonymous_2)
DA:5,0
DA:8,0
DA:10,0
DA:14,0
DA:18,0
DA:22,0
LF:6
LH:0
BRF:0
BRH:0
end_of_record
TN:
SF:src/analytics/data-warehouse/integration/streaming/event-stream-manager.ts
FN:16,(anonymous_0)
FN:21,(anonymous_1)
FN:25,(anonymous_2)
FN:29,(anonymous_3)
FN:33,(anonymous_4)
FNF:5
FNH:0
FNDA:0,(anonymous_0)
FNDA:0,(anonymous_1)
FNDA:0,(anonymous_2)
FNDA:0,(anonymous_3)
FNDA:0,(anonymous_4)
DA:10,0
DA:13,0
DA:14,0
DA:17,0
DA:18,0
DA:22,0
DA:26,0
DA:30,0
DA:34,0
DA:38,0
LF:10
LH:0
BRF:0
BRH:0
end_of_record
TN:
SF:src/analytics/data-warehouse/integration/sync/data-synchronizer.ts
FN:16,(anonymous_0)
FN:21,(anonymous_1)
FN:25,(anonymous_2)
FN:29,(anonymous_3)
FNF:4
FNH:0
FNDA:0,(anonymous_0)
FNDA:0,(anonymous_1)
FNDA:0,(anonymous_2)
FNDA:0,(anonymous_3)
DA:10,0
DA:13,0
DA:14,0
DA:17,0
DA:18,0
DA:22,0
DA:26,0
DA:30,0
DA:34,0
LF:9
LH:0
BRF:0
BRH:0
end_of_record
TN:
SF:src/analytics/data-warehouse/security/access/access-control-engine.ts
FN:9,(anonymous_0)
FN:13,(anonymous_1)
FN:17,(anonymous_2)
FN:22,(anonymous_3)
FN:26,(anonymous_4)
FN:30,(anonymous_5)
FN:34,(anonymous_6)
FN:38,(anonymous_7)
FN:47,(anonymous_8)
FN:56,(anonymous_9)
FN:69,(anonymous_10)
FN:106,(anonymous_11)
FNF:12
FNH:0
FNDA:0,(anonymous_0)
FNDA:0,(anonymous_1)
FNDA:0,(anonymous_2)
FNDA:0,(anonymous_3)
FNDA:0,(anonymous_4)
FNDA:0,(anonymous_5)
FNDA:0,(anonymous_6)
FNDA:0,(anonymous_7)
FNDA:0,(anonymous_8)
FNDA:0,(anonymous_9)
FNDA:0,(anonymous_10)
FNDA:0,(anonymous_11)
DA:6,0
DA:8,0
DA:10,0
DA:14,0
DA:18,0
DA:19,0
DA:23,0
DA:27,0
DA:31,0
DA:35,0
DA:43,0
DA:44,0
DA:52,0
DA:53,0
DA:57,0
DA:66,0
DA:81,0
DA:83,0
DA:107,0
DA:111,0
LF:20
LH:0
BRDA:66,0,0,0
BRDA:66,0,1,0
BRF:2
BRH:0
end_of_record
TN:
SF:src/analytics/data-warehouse/security/audit/audit-trail-manager.ts
FN:83,(anonymous_0)
FN:87,(anonymous_1)
FN:91,(anonymous_2)
FN:95,(anonymous_3)
FN:99,(anonymous_4)
FN:104,(anonymous_5)
FN:109,(anonymous_6)
FN:118,(anonymous_7)
FN:157,(anonymous_8)
FN:182,(anonymous_9)
FNF:10
FNH:0
FNDA:0,(anonymous_0)
FNDA:0,(anonymous_1)
FNDA:0,(anonymous_2)
FNDA:0,(anonymous_3)
FNDA:0,(anonymous_4)
FNDA:0,(anonymous_5)
FNDA:0,(anonymous_6)
FNDA:0,(anonymous_7)
FNDA:0,(anonymous_8)
FNDA:0,(anonymous_9)
DA:6,0
DA:82,0
DA:84,0
DA:88,0
DA:92,0
DA:96,0
DA:100,0
DA:101,0
DA:105,0
DA:106,0
DA:114,0
DA:115,0
DA:119,0
DA:122,0
DA:158,0
DA:160,0
DA:183,0
DA:187,0
LF:18
LH:0
BRF:0
BRH:0
end_of_record
TN:
SF:src/analytics/data-warehouse/security/classification/data-classification-engine.ts
FN:9,(anonymous_0)
FN:13,(anonymous_1)
FN:17,(anonymous_2)
FN:27,(anonymous_3)
FN:31,(anonymous_4)
FN:36,(anonymous_5)
FN:40,(anonymous_6)
FN:66,(anonymous_7)
FNF:8
FNH:0
FNDA:0,(anonymous_0)
FNDA:0,(anonymous_1)
FNDA:0,(anonymous_2)
FNDA:0,(anonymous_3)
FNDA:0,(anonymous_4)
FNDA:0,(anonymous_5)
FNDA:0,(anonymous_6)
FNDA:0,(anonymous_7)
DA:6,0
DA:8,0
DA:10,0
DA:14,0
DA:18,0
DA:19,0
DA:28,0
DA:32,0
DA:33,0
DA:37,0
DA:41,0
DA:43,0
DA:67,0
DA:71,0
LF:14
LH:0
BRF:0
BRH:0
end_of_record
TN:
SF:src/analytics/data-warehouse/security/cls/column-level-security-manager.ts
FN:9,(anonymous_0)
FN:13,(anonymous_1)
FN:17,(anonymous_2)
FN:22,(anonymous_3)
FN:26,(anonymous_4)
FN:30,(anonymous_5)
FN:34,(anonymous_6)
FN:39,(anonymous_7)
FN:64,(anonymous_8)
FNF:9
FNH:0
FNDA:0,(anonymous_0)
FNDA:0,(anonymous_1)
FNDA:0,(anonymous_2)
FNDA:0,(anonymous_3)
FNDA:0,(anonymous_4)
FNDA:0,(anonymous_5)
FNDA:0,(anonymous_6)
FNDA:0,(anonymous_7)
FNDA:0,(anonymous_8)
DA:6,0
DA:8,0
DA:10,0
DA:14,0
DA:18,0
DA:19,0
DA:23,0
DA:27,0
DA:31,0
DA:35,0
DA:36,0
DA:40,0
DA:42,0
DA:65,0
DA:69,0
LF:15
LH:0
BRF:0
BRH:0
end_of_record
TN:
SF:src/analytics/data-warehouse/security/coppa/coppa-compliance-manager.ts
FN:9,(anonymous_0)
FN:13,(anonymous_1)
FN:17,(anonymous_2)
FN:22,(anonymous_3)
FN:26,(anonymous_4)
FN:30,(anonymous_5)
FN:35,(anonymous_6)
FN:68,(anonymous_7)
FN:85,(anonymous_8)
FN:107,(anonymous_9)
FN:113,(anonymous_10)
FN:138,(anonymous_11)
FNF:12
FNH:0
FNDA:0,(anonymous_0)
FNDA:0,(anonymous_1)
FNDA:0,(anonymous_2)
FNDA:0,(anonymous_3)
FNDA:0,(anonymous_4)
FNDA:0,(anonymous_5)
FNDA:0,(anonymous_6)
FNDA:0,(anonymous_7)
FNDA:0,(anonymous_8)
FNDA:0,(anonymous_9)
FNDA:0,(anonymous_10)
FNDA:0,(anonymous_11)
DA:6,0
DA:8,0
DA:10,0
DA:14,0
DA:18,0
DA:19,0
DA:23,0
DA:27,0
DA:31,0
DA:32,0
DA:36,0
DA:39,0
DA:69,0
DA:77,0
DA:78,0
DA:80,0
DA:82,0
DA:86,0
DA:94,0
DA:108,0
DA:110,0
DA:114,0
DA:116,0
DA:139,0
DA:143,0
LF:25
LH:0
BRDA:78,0,0,0
BRF:1
BRH:0
end_of_record
TN:
SF:src/analytics/data-warehouse/security/gdpr/gdpr-compliance-manager.ts
FN:9,(anonymous_0)
FN:13,(anonymous_1)
FN:17,(anonymous_2)
FN:22,(anonymous_3)
FN:26,(anonymous_4)
FN:31,(anonymous_5)
FN:35,(anonymous_6)
FN:40,(anonymous_7)
FN:64,(anonymous_8)
FN:97,(anonymous_9)
FN:109,(anonymous_10)
FN:131,(anonymous_11)
FN:156,(anonymous_12)
FNF:13
FNH:0
FNDA:0,(anonymous_0)
FNDA:0,(anonymous_1)
FNDA:0,(anonymous_2)
FNDA:0,(anonymous_3)
FNDA:0,(anonymous_4)
FNDA:0,(anonymous_5)
FNDA:0,(anonymous_6)
FNDA:0,(anonymous_7)
FNDA:0,(anonymous_8)
FNDA:0,(anonymous_9)
FNDA:0,(anonymous_10)
FNDA:0,(anonymous_11)
FNDA:0,(anonymous_12)
DA:6,0
DA:8,0
DA:10,0
DA:14,0
DA:18,0
DA:19,0
DA:23,0
DA:27,0
DA:28,0
DA:32,0
DA:36,0
DA:37,0
DA:41,0
DA:52,0
DA:61,0
DA:65,0
DA:68,0
DA:98,0
DA:106,0
DA:110,0
DA:118,0
DA:132,0
DA:134,0
DA:157,0
DA:161,0
LF:25
LH:0
BRF:0
BRH:0
end_of_record
TN:
SF:src/analytics/data-warehouse/security/masking/data-masking-engine.ts
FN:9,(anonymous_0)
FN:13,(anonymous_1)
FN:17,(anonymous_2)
FN:22,(anonymous_3)
FN:26,(anonymous_4)
FN:31,(anonymous_5)
FN:57,(anonymous_6)
FNF:7
FNH:0
FNDA:0,(anonymous_0)
FNDA:0,(anonymous_1)
FNDA:0,(anonymous_2)
FNDA:0,(anonymous_3)
FNDA:0,(anonymous_4)
FNDA:0,(anonymous_5)
FNDA:0,(anonymous_6)
DA:6,0
DA:8,0
DA:10,0
DA:14,0
DA:18,0
DA:19,0
DA:23,0
DA:27,0
DA:28,0
DA:32,0
DA:34,0
DA:58,0
DA:62,0
LF:13
LH:0
BRDA:18,0,0,0
BRDA:18,0,1,0
BRF:2
BRH:0
end_of_record
TN:
SF:src/analytics/data-warehouse/security/privacy/privacy-preserving-analytics.ts
FN:9,(anonymous_0)
FN:13,(anonymous_1)
FN:17,(anonymous_2)
FN:22,(anonymous_3)
FN:27,(anonymous_4)
FN:32,(anonymous_5)
FN:37,(anonymous_6)
FN:85,(anonymous_7)
FN:111,(anonymous_8)
FNF:9
FNH:0
FNDA:0,(anonymous_0)
FNDA:0,(anonymous_1)
FNDA:0,(anonymous_2)
FNDA:0,(anonymous_3)
FNDA:0,(anonymous_4)
FNDA:0,(anonymous_5)
FNDA:0,(anonymous_6)
FNDA:0,(anonymous_7)
FNDA:0,(anonymous_8)
DA:6,0
DA:8,0
DA:10,0
DA:14,0
DA:18,0
DA:19,0
DA:23,0
DA:24,0
DA:28,0
DA:29,0
DA:33,0
DA:34,0
DA:38,0
DA:46,0
DA:86,0
DA:88,0
DA:112,0
DA:116,0
LF:18
LH:0
BRDA:24,0,0,0
BRDA:24,0,1,0
BRDA:29,1,0,0
BRDA:29,1,1,0
BRDA:49,2,0,0
BRDA:49,2,1,0
BRDA:72,3,0,0
BRDA:72,3,1,0
BRDA:73,4,0,0
BRDA:73,4,1,0
BRF:10
BRH:0
end_of_record
TN:
SF:src/analytics/data-warehouse/security/rls/row-level-security-manager.ts
FN:9,(anonymous_0)
FN:13,(anonymous_1)
FN:17,(anonymous_2)
FN:22,(anonymous_3)
FN:26,(anonymous_4)
FN:30,(anonymous_5)
FN:34,(anonymous_6)
FN:39,(anonymous_7)
FN:64,(anonymous_8)
FNF:9
FNH:0
FNDA:0,(anonymous_0)
FNDA:0,(anonymous_1)
FNDA:0,(anonymous_2)
FNDA:0,(anonymous_3)
FNDA:0,(anonymous_4)
FNDA:0,(anonymous_5)
FNDA:0,(anonymous_6)
FNDA:0,(anonymous_7)
FNDA:0,(anonymous_8)
DA:6,0
DA:8,0
DA:10,0
DA:14,0
DA:18,0
DA:19,0
DA:23,0
DA:27,0
DA:31,0
DA:35,0
DA:36,0
DA:40,0
DA:42,0
DA:65,0
DA:69,0
LF:15
LH:0
BRF:0
BRH:0
end_of_record
TN:
SF:src/analytics/data-warehouse/security/threats/threat-detection-engine.ts
FN:9,(anonymous_0)
FN:13,(anonymous_1)
FN:17,(anonymous_2)
FN:27,(anonymous_3)
FN:32,(anonymous_4)
FN:36,(anonymous_5)
FN:46,(anonymous_6)
FN:87,(anonymous_7)
FN:113,(anonymous_8)
FN:153,(anonymous_9)
FN:213,(anonymous_10)
FNF:11
FNH:0
FNDA:0,(anonymous_0)
FNDA:0,(anonymous_1)
FNDA:0,(anonymous_2)
FNDA:0,(anonymous_3)
FNDA:0,(anonymous_4)
FNDA:0,(anonymous_5)
FNDA:0,(anonymous_6)
FNDA:0,(anonymous_7)
FNDA:0,(anonymous_8)
FNDA:0,(anonymous_9)
FNDA:0,(anonymous_10)
DA:6,0
DA:8,0
DA:10,0
DA:14,0
DA:18,0
DA:19,0
DA:28,0
DA:29,0
DA:33,0
DA:37,0
DA:38,0
DA:47,0
DA:57,0
DA:84,0
DA:88,0
DA:98,0
DA:105,0
DA:114,0
DA:124,0
DA:154,0
DA:162,0
DA:210,0
DA:214,0
DA:218,0
LF:24
LH:0
BRDA:33,0,0,0
BRDA:33,0,1,0
BRF:2
BRH:0
end_of_record
TN:
SF:src/analytics/data-warehouse/security/zerotrust/zero-trust-manager.ts
FN:9,(anonymous_0)
FN:13,(anonymous_1)
FN:17,(anonymous_2)
FN:26,(anonymous_3)
FN:31,(anonymous_4)
FN:36,(anonymous_5)
FN:41,(anonymous_6)
FN:45,(anonymous_7)
FN:71,(anonymous_8)
FNF:9
FNH:0
FNDA:0,(anonymous_0)
FNDA:0,(anonymous_1)
FNDA:0,(anonymous_2)
FNDA:0,(anonymous_3)
FNDA:0,(anonymous_4)
FNDA:0,(anonymous_5)
FNDA:0,(anonymous_6)
FNDA:0,(anonymous_7)
FNDA:0,(anonymous_8)
DA:6,0
DA:8,0
DA:10,0
DA:14,0
DA:18,0
DA:19,0
DA:27,0
DA:28,0
DA:32,0
DA:33,0
DA:37,0
DA:38,0
DA:42,0
DA:46,0
DA:48,0
DA:72,0
DA:76,0
LF:17
LH:0
BRF:0
BRH:0
end_of_record
TN:
SF:src/config/cloudwatch.config.ts
FN:239,(anonymous_0)
FNF:1
FNH:1
FNDA:6,(anonymous_0)
DA:4,1
DA:5,1
DA:7,1
DA:10,1
DA:16,1
DA:22,1
DA:149,1
DA:200,1
DA:232,1
DA:239,1
DA:240,6
DA:243,1
LF:12
LH:12
BRDA:7,0,0,1
BRDA:7,0,1,0
BRDA:24,1,0,1
BRDA:24,1,1,0
BRDA:38,2,0,1
BRDA:38,2,1,0
BRF:6
BRH:3
end_of_record
TN:
SF:src/config/cors.config.ts
FN:14,(anonymous_0)
FN:45,(anonymous_1)
FN:109,(anonymous_2)
FN:137,(anonymous_3)
FN:199,(anonymous_4)
FNF:5
FNH:0
FNDA:0,(anonymous_0)
FNDA:0,(anonymous_1)
FNDA:0,(anonymous_2)
FNDA:0,(anonymous_3)
FNDA:0,(anonymous_4)
DA:6,0
DA:7,0
DA:14,0
DA:15,0
DA:23,0
DA:24,0
DA:34,0
DA:35,0
DA:39,0
DA:45,0
DA:49,0
DA:52,0
DA:53,0
DA:54,0
DA:58,0
DA:59,0
DA:60,0
DA:64,0
DA:70,0
DA:76,0
DA:108,0
DA:110,0
DA:115,0
DA:116,0
DA:119,0
DA:120,0
DA:122,0
DA:123,0
DA:136,0
DA:138,0
DA:140,0
DA:141,0
DA:144,0
DA:145,0
DA:148,0
DA:149,0
DA:151,0
DA:152,0
DA:165,0
DA:176,0
DA:187,0
DA:199,0
DA:200,0
DA:201,0
DA:202,0
DA:205,0
DA:206,0
DA:212,0
DA:213,0
DA:216,0
LF:50
LH:0
BRDA:16,0,0,0
BRDA:16,0,1,0
BRDA:23,1,0,0
BRDA:23,2,0,0
BRDA:23,2,1,0
BRDA:34,3,0,0
BRDA:52,4,0,0
BRDA:58,5,0,0
BRDA:111,6,0,0
BRDA:111,6,1,0
BRDA:115,7,0,0
BRDA:119,8,0,0
BRDA:119,8,1,0
BRDA:119,9,0,0
BRDA:119,9,1,0
BRDA:140,10,0,0
BRDA:144,11,0,0
BRDA:148,12,0,0
BRDA:148,12,1,0
BRDA:148,13,0,0
BRDA:148,13,1,0
BRDA:200,14,0,0
BRDA:205,15,0,0
BRF:23
BRH:0
end_of_record
TN:
SF:src/config/environment.ts
FN:58,(anonymous_0)
FN:62,(anonymous_1)
FN:69,(anonymous_2)
FN:119,(anonymous_3)
FN:123,(anonymous_4)
FN:127,(anonymous_5)
FN:131,(anonymous_6)
FN:135,(anonymous_7)
FN:139,(anonymous_8)
FN:148,(anonymous_9)
FNF:10
FNH:4
FNDA:7,(anonymous_0)
FNDA:7,(anonymous_1)
FNDA:7,(anonymous_2)
FNDA:63,(anonymous_3)
FNDA:0,(anonymous_4)
FNDA:0,(anonymous_5)
FNDA:0,(anonymous_6)
FNDA:0,(anonymous_7)
FNDA:0,(anonymous_8)
FNDA:0,(anonymous_9)
DA:56,7
DA:59,7
DA:63,7
DA:64,7
DA:66,7
DA:70,7
DA:120,63
DA:124,0
DA:128,0
DA:132,0
DA:136,0
DA:140,0
DA:146,0
DA:148,0
DA:149,0
DA:150,0
DA:154,0
DA:161,7
DA:162,7
DA:165,7
LF:20
LH:10
BRDA:63,0,0,7
BRDA:72,1,0,7
BRDA:72,1,1,0
BRDA:73,2,0,7
BRDA:73,2,1,7
BRDA:74,3,0,7
BRDA:74,3,1,7
BRDA:75,4,0,7
BRDA:75,4,1,7
BRDA:78,5,0,7
BRDA:78,5,1,0
BRDA:81,6,0,7
BRDA:81,6,1,0
BRDA:82,7,0,7
BRDA:82,7,1,0
BRDA:83,8,0,7
BRDA:83,8,1,7
BRDA:84,9,0,7
BRDA:84,9,1,7
BRDA:85,10,0,7
BRDA:85,10,1,7
BRDA:86,11,0,7
BRDA:86,11,1,7
BRDA:90,12,0,7
BRDA:90,12,1,7
BRDA:91,13,0,7
BRDA:91,13,1,7
BRDA:95,14,0,7
BRDA:95,14,1,0
BRDA:105,15,0,7
BRDA:105,15,1,7
BRDA:149,16,0,0
BRDA:176,17,0,7
BRDA:176,17,1,0
BRDA:177,18,0,0
BRDA:177,18,1,0
BRDA:177,19,0,0
BRDA:177,19,1,0
BRF:38
BRH:27
end_of_record
TN:
SF:src/config/razorpay.config.ts
FNF:0
FNH:0
DA:50,0
DA:68,0
DA:90,0
DA:102,0
DA:114,0
DA:133,0
LF:6
LH:0
BRDA:51,0,0,0
BRDA:51,0,1,0
BRDA:52,1,0,0
BRDA:52,1,1,0
BRDA:53,2,0,0
BRDA:53,2,1,0
BRF:6
BRH:0
end_of_record
TN:
SF:src/config/redis.ts
FN:14,(anonymous_1)
FN:28,(anonymous_2)
FN:32,(anonymous_3)
FN:36,(anonymous_4)
FN:40,(anonymous_5)
FN:44,(anonymous_6)
FN:49,(anonymous_7)
FN:54,(anonymous_8)
FNF:8
FNH:0
FNDA:0,(anonymous_1)
FNDA:0,(anonymous_2)
FNDA:0,(anonymous_3)
FNDA:0,(anonymous_4)
FNDA:0,(anonymous_5)
FNDA:0,(anonymous_6)
FNDA:0,(anonymous_7)
FNDA:0,(anonymous_8)
DA:6,0
DA:7,0
DA:10,0
DA:15,0
DA:16,0
DA:25,0
DA:28,0
DA:29,0
DA:32,0
DA:33,0
DA:36,0
DA:37,0
DA:40,0
DA:41,0
DA:44,0
DA:45,0
DA:49,0
DA:50,0
DA:51,0
DA:54,0
DA:55,0
DA:56,0
DA:59,0
DA:60,0
LF:24
LH:0
BRDA:11,0,0,0
BRDA:11,0,1,0
BRDA:12,1,0,0
BRDA:12,1,1,0
BRF:4
BRH:0
end_of_record
TN:
SF:src/container/ServiceContainer.ts
FN:59,(anonymous_0)
FN:77,(anonymous_1)
FN:95,(anonymous_2)
FN:116,createMockOrderRepository
FN:148,createMockOrderItemRepository
FN:162,createMockMenuItemRepository
FN:178,createMockUserRepository
FN:197,createMockPaymentOrderRepository
FN:213,createMockDatabaseService
FN:226,(anonymous_9)
FN:228,(anonymous_10)
FN:302,createMockNotificationService
FN:309,createMockPaymentService
FN:321,createMockRedisService
FN:336,getProductionContainer
FN:346,getTestContainer
FN:354,resetContainers
FNF:17
FNH:12
FNDA:19,(anonymous_0)
FNDA:0,(anonymous_1)
FNDA:19,(anonymous_2)
FNDA:19,createMockOrderRepository
FNDA:19,createMockOrderItemRepository
FNDA:19,createMockMenuItemRepository
FNDA:19,createMockUserRepository
FNDA:19,createMockPaymentOrderRepository
FNDA:19,createMockDatabaseService
FNDA:0,(anonymous_9)
FNDA:0,(anonymous_10)
FNDA:19,createMockNotificationService
FNDA:19,createMockPaymentService
FNDA:19,createMockRedisService
FNDA:0,getProductionContainer
FNDA:19,getTestContainer
FNDA:0,resetContainers
DA:18,1
DA:19,1
DA:20,1
DA:21,1
DA:22,1
DA:23,1
DA:24,1
DA:25,1
DA:26,1
DA:47,1
DA:48,19
DA:49,19
DA:50,19
DA:51,19
DA:52,19
DA:54,19
DA:55,19
DA:56,19
DA:57,19
DA:61,19
DA:62,19
DA:63,19
DA:64,19
DA:65,19
DA:68,19
DA:69,19
DA:70,19
DA:71,19
DA:78,0
DA:96,19
DA:111,19
DA:117,19
DA:149,19
DA:163,19
DA:179,19
DA:198,19
DA:214,19
DA:226,0
DA:228,0
DA:303,19
DA:310,19
DA:322,19
DA:330,1
DA:331,1
DA:336,1
DA:337,0
DA:338,0
DA:340,0
DA:346,1
DA:347,19
DA:348,19
DA:354,1
DA:355,0
DA:356,0
LF:54
LH:46
BRDA:95,0,0,17
BRDA:337,1,0,0
BRF:2
BRH:1
end_of_record
TN:
SF:src/database/DatabaseManager.ts
FN:32,(anonymous_0)
FN:45,(anonymous_1)
FN:58,(anonymous_2)
FN:65,(anonymous_3)
FN:78,(anonymous_4)
FN:91,(anonymous_5)
FN:110,(anonymous_6)
FN:122,(anonymous_7)
FN:141,(anonymous_8)
FN:154,(anonymous_9)
FN:161,(anonymous_10)
FNF:11
FNH:5
FNDA:5,(anonymous_0)
FNDA:6,(anonymous_1)
FNDA:5,(anonymous_2)
FNDA:1,(anonymous_3)
FNDA:1,(anonymous_4)
FNDA:0,(anonymous_5)
FNDA:0,(anonymous_6)
FNDA:0,(anonymous_7)
FNDA:0,(anonymous_8)
FNDA:0,(anonymous_9)
FNDA:0,(anonymous_10)
DA:6,5
DA:7,5
DA:8,5
DA:26,5
DA:28,5
DA:29,5
DA:30,5
DA:33,5
DA:34,5
DA:42,5
DA:46,6
DA:47,5
DA:48,0
DA:50,5
DA:52,6
DA:59,5
DA:66,1
DA:67,1
DA:68,1
DA:70,0
DA:71,0
DA:79,1
DA:80,1
DA:81,1
DA:83,0
DA:84,0
DA:92,0
DA:93,0
DA:94,0
DA:99,0
DA:100,0
DA:111,0
DA:112,0
DA:114,0
DA:115,0
DA:126,0
DA:127,0
DA:133,0
DA:134,0
DA:142,0
DA:143,0
DA:144,0
DA:146,0
DA:147,0
DA:155,0
DA:162,0
DA:169,5
LF:47
LH:22
BRDA:40,0,0,0
BRDA:40,0,1,5
BRDA:46,1,0,5
BRDA:47,2,0,0
BRDA:110,3,0,0
BRDA:128,4,0,0
BRDA:128,4,1,0
BRDA:130,5,0,0
BRDA:130,5,1,0
BRDA:170,6,0,5
BRDA:170,6,1,0
BRF:11
BRH:3
end_of_record
TN:
SF:src/database/seed.ts
FN:8,main
FN:240,(anonymous_2)
FN:243,(anonymous_3)
FNF:3
FNH:0
FNDA:0,main
FNDA:0,(anonymous_2)
FNDA:0,(anonymous_3)
DA:3,0
DA:4,0
DA:6,0
DA:10,0
DA:32,0
DA:34,0
DA:96,0
DA:101,0
DA:106,0
DA:114,0
DA:119,0
DA:124,0
DA:137,0
DA:194,0
DA:195,0
DA:201,0
DA:212,0
DA:228,0
DA:239,0
DA:241,0
DA:244,0
LF:21
LH:0
BRF:0
BRH:0
end_of_record
TN:
SF:src/functions/analytics/analytics-orchestrator.ts
FN:54,(anonymous_0)
FN:174,(anonymous_1)
FN:189,(anonymous_2)
FN:245,(anonymous_3)
FN:247,(anonymous_4)
FN:252,(anonymous_5)
FN:257,(anonymous_6)
FN:265,(anonymous_7)
FN:305,(anonymous_8)
FN:340,(anonymous_9)
FN:343,(anonymous_10)
FN:347,(anonymous_11)
FN:350,(anonymous_12)
FN:368,(anonymous_13)
FN:393,(anonymous_14)
FN:397,(anonymous_15)
FN:411,(anonymous_16)
FN:493,(anonymous_17)
FN:528,(anonymous_18)
FN:558,(anonymous_19)
FN:601,(anonymous_20)
FN:645,(anonymous_21)
FN:701,(anonymous_22)
FN:702,(anonymous_23)
FN:708,(anonymous_24)
FN:720,(anonymous_25)
FN:738,(anonymous_26)
FN:767,(anonymous_27)
FN:785,(anonymous_28)
FN:792,(anonymous_29)
FN:799,(anonymous_30)
FN:844,(anonymous_31)
FN:922,handleGetRequest
FN:969,handlePostRequest
FN:1044,(anonymous_34)
FN:1090,(anonymous_35)
FNF:36
FNH:0
FNDA:0,(anonymous_0)
FNDA:0,(anonymous_1)
FNDA:0,(anonymous_2)
FNDA:0,(anonymous_3)
FNDA:0,(anonymous_4)
FNDA:0,(anonymous_5)
FNDA:0,(anonymous_6)
FNDA:0,(anonymous_7)
FNDA:0,(anonymous_8)
FNDA:0,(anonymous_9)
FNDA:0,(anonymous_10)
FNDA:0,(anonymous_11)
FNDA:0,(anonymous_12)
FNDA:0,(anonymous_13)
FNDA:0,(anonymous_14)
FNDA:0,(anonymous_15)
FNDA:0,(anonymous_16)
FNDA:0,(anonymous_17)
FNDA:0,(anonymous_18)
FNDA:0,(anonymous_19)
FNDA:0,(anonymous_20)
FNDA:0,(anonymous_21)
FNDA:0,(anonymous_22)
FNDA:0,(anonymous_23)
FNDA:0,(anonymous_24)
FNDA:0,(anonymous_25)
FNDA:0,(anonymous_26)
FNDA:0,(anonymous_27)
FNDA:0,(anonymous_28)
FNDA:0,(anonymous_29)
FNDA:0,(anonymous_30)
FNDA:0,(anonymous_31)
FNDA:0,handleGetRequest
FNDA:0,handlePostRequest
FNDA:0,(anonymous_34)
FNDA:0,(anonymous_35)
DA:14,0
DA:15,0
DA:16,0
DA:22,0
DA:26,0
DA:30,0
DA:31,0
DA:32,0
DA:35,0
DA:54,0
DA:167,0
DA:168,0
DA:169,0
DA:170,0
DA:171,0
DA:172,0
DA:175,0
DA:176,0
DA:177,0
DA:178,0
DA:179,0
DA:180,0
DA:183,0
DA:190,0
DA:247,0
DA:248,0
DA:252,0
DA:253,0
DA:257,0
DA:258,0
DA:266,0
DA:268,0
DA:269,0
DA:272,0
DA:273,0
DA:281,0
DA:282,0
DA:295,0
DA:296,0
DA:305,0
DA:306,0
DA:307,0
DA:308,0
DA:309,0
DA:311,0
DA:315,0
DA:317,0
DA:326,0
DA:342,0
DA:343,0
DA:346,0
DA:347,0
DA:348,0
DA:350,0
DA:351,0
DA:353,0
DA:357,0
DA:369,0
DA:370,0
DA:372,0
DA:373,0
DA:374,0
DA:378,0
DA:379,0
DA:382,0
DA:383,0
DA:395,0
DA:396,0
DA:397,0
DA:400,0
DA:401,0
DA:402,0
DA:403,0
DA:412,0
DA:413,0
DA:414,0
DA:415,0
DA:417,0
DA:425,0
DA:427,0
DA:428,0
DA:431,0
DA:432,0
DA:435,0
DA:436,0
DA:439,0
DA:440,0
DA:443,0
DA:444,0
DA:447,0
DA:450,0
DA:451,0
DA:452,0
DA:453,0
DA:454,0
DA:456,0
DA:462,0
DA:463,0
DA:469,0
DA:470,0
DA:472,0
DA:479,0
DA:497,0
DA:498,0
DA:500,0
DA:501,0
DA:503,0
DA:504,0
DA:506,0
DA:508,0
DA:529,0
DA:530,0
DA:532,0
DA:533,0
DA:535,0
DA:537,0
DA:559,0
DA:560,0
DA:562,0
DA:563,0
DA:565,0
DA:566,0
DA:568,0
DA:570,0
DA:602,0
DA:603,0
DA:605,0
DA:606,0
DA:608,0
DA:609,0
DA:611,0
DA:612,0
DA:614,0
DA:616,0
DA:647,0
DA:648,0
DA:650,0
DA:651,0
DA:653,0
DA:654,0
DA:656,0
DA:657,0
DA:659,0
DA:661,0
DA:702,0
DA:709,0
DA:710,0
DA:711,0
DA:712,0
DA:714,0
DA:721,0
DA:722,0
DA:724,0
DA:745,0
DA:747,0
DA:766,0
DA:767,0
DA:768,0
DA:769,0
DA:772,0
DA:779,0
DA:786,0
DA:793,0
DA:806,0
DA:807,0
DA:808,0
DA:809,0
DA:810,0
DA:812,0
DA:813,0
DA:814,0
DA:815,0
DA:817,0
DA:818,0
DA:821,0
DA:832,0
DA:835,0
DA:844,0
DA:848,0
DA:849,0
DA:851,0
DA:852,0
DA:859,0
DA:861,0
DA:862,0
DA:866,0
DA:869,0
DA:872,0
DA:873,0
DA:878,0
DA:885,0
DA:886,0
DA:887,0
DA:889,0
DA:892,0
DA:893,0
DA:894,0
DA:895,0
DA:896,0
DA:900,0
DA:903,0
DA:906,0
DA:909,0
DA:915,0
DA:928,0
DA:930,0
DA:932,0
DA:933,0
DA:939,0
DA:940,0
DA:941,0
DA:944,0
DA:945,0
DA:946,0
DA:949,0
DA:955,0
DA:956,0
DA:962,0
DA:975,0
DA:977,0
DA:978,0
DA:981,0
DA:983,0
DA:985,0
DA:986,0
DA:988,0
DA:996,0
DA:998,0
DA:999,0
DA:1000,0
DA:1001,0
DA:1006,0
DA:1019,0
DA:1027,0
DA:1036,0
DA:1042,0
DA:1043,0
DA:1044,0
DA:1049,0
DA:1054,0
DA:1055,0
DA:1056,0
DA:1059,0
DA:1060,0
DA:1062,0
DA:1063,0
DA:1064,0
DA:1072,0
DA:1078,0
DA:1085,0
DA:1090,0
DA:1095,0
DA:1100,0
LF:253
LH:0
BRDA:284,0,0,0
BRDA:284,0,1,0
BRDA:286,1,0,0
BRDA:286,1,1,0
BRDA:306,2,0,0
BRDA:306,2,1,0
BRDA:308,3,0,0
BRDA:308,3,1,0
BRDA:319,4,0,0
BRDA:319,4,1,0
BRDA:320,5,0,0
BRDA:320,5,1,0
BRDA:343,6,0,0
BRDA:343,6,1,0
BRDA:346,7,0,0
BRDA:347,8,0,0
BRDA:347,8,1,0
BRDA:373,9,0,0
BRDA:382,10,0,0
BRDA:400,11,0,0
BRDA:400,12,0,0
BRDA:400,12,1,0
BRDA:402,13,0,0
BRDA:425,14,0,0
BRDA:425,14,1,0
BRDA:425,14,2,0
BRDA:425,14,3,0
BRDA:425,14,4,0
BRDA:425,14,5,0
BRDA:464,15,0,0
BRDA:464,15,1,0
BRDA:465,16,0,0
BRDA:465,16,1,0
BRDA:710,17,0,0
BRDA:710,18,0,0
BRDA:710,18,1,0
BRDA:720,19,0,0
BRDA:743,20,0,0
BRDA:786,21,0,0
BRDA:786,21,1,0
BRDA:817,22,0,0
BRDA:818,23,0,0
BRDA:824,24,0,0
BRDA:824,24,1,0
BRDA:861,25,0,0
BRDA:872,26,0,0
BRDA:872,27,0,0
BRDA:872,27,1,0
BRDA:889,28,0,0
BRDA:889,28,1,0
BRDA:889,28,2,0
BRDA:893,29,0,0
BRDA:895,30,0,0
BRDA:911,31,0,0
BRDA:911,31,1,0
BRDA:912,32,0,0
BRDA:912,32,1,0
BRDA:930,33,0,0
BRDA:930,33,1,0
BRDA:930,33,2,0
BRDA:930,33,3,0
BRDA:940,34,0,0
BRDA:945,35,0,0
BRDA:977,36,0,0
BRDA:983,37,0,0
BRDA:983,37,1,0
BRDA:983,37,2,0
BRDA:992,38,0,0
BRDA:992,38,1,0
BRDA:996,39,0,0
BRDA:996,39,1,0
BRDA:998,40,0,0
BRDA:1000,41,0,0
BRDA:1038,42,0,0
BRDA:1038,42,1,0
BRDA:1042,43,0,0
BRDA:1055,44,0,0
BRDA:1079,45,0,0
BRDA:1079,45,1,0
BRDA:1080,46,0,0
BRDA:1080,46,1,0
BRF:81
BRH:0
end_of_record
TN:
SF:src/functions/analytics/business-intelligence-aggregator.ts
FN:397,(anonymous_0)
FN:419,(anonymous_1)
FN:422,(anonymous_2)
FN:429,(anonymous_3)
FN:430,(anonymous_4)
FN:436,(anonymous_5)
FN:451,(anonymous_6)
FN:472,(anonymous_7)
FN:500,(anonymous_8)
FN:519,(anonymous_9)
FN:536,(anonymous_10)
FN:552,(anonymous_11)
FN:566,(anonymous_12)
FN:731,(anonymous_13)
FN:842,(anonymous_14)
FN:855,(anonymous_15)
FN:856,(anonymous_16)
FN:886,(anonymous_17)
FN:892,(anonymous_18)
FN:893,(anonymous_19)
FN:902,(anonymous_20)
FN:1028,(anonymous_21)
FN:1096,(anonymous_22)
FN:1180,(anonymous_23)
FN:1202,(anonymous_24)
FN:1231,(anonymous_25)
FN:1267,(anonymous_26)
FN:1271,(anonymous_27)
FN:1281,(anonymous_28)
FN:1305,(anonymous_29)
FN:1328,(anonymous_30)
FN:1348,(anonymous_31)
FN:1359,(anonymous_32)
FN:1361,(anonymous_33)
FN:1364,(anonymous_34)
FN:1365,(anonymous_35)
FN:1372,(anonymous_36)
FN:1383,(anonymous_37)
FN:1383,(anonymous_38)
FN:1386,(anonymous_39)
FN:1391,(anonymous_40)
FN:1392,(anonymous_41)
FN:1422,(anonymous_42)
FN:1474,(anonymous_43)
FN:1475,(anonymous_44)
FN:1476,(anonymous_45)
FN:1484,(anonymous_46)
FN:1485,(anonymous_47)
FN:1491,(anonymous_48)
FN:1501,(anonymous_49)
FN:1507,(anonymous_50)
FN:1507,(anonymous_51)
FN:1530,(anonymous_52)
FN:1530,(anonymous_53)
FN:1564,(anonymous_54)
FN:1570,(anonymous_55)
FN:1572,(anonymous_56)
FN:1574,(anonymous_57)
FN:1575,(anonymous_58)
FN:1577,(anonymous_59)
FN:1578,(anonymous_60)
FN:1583,(anonymous_61)
FN:1584,(anonymous_62)
FN:1585,(anonymous_63)
FN:1594,(anonymous_64)
FN:1595,(anonymous_65)
FN:1597,(anonymous_66)
FN:1600,(anonymous_67)
FN:1606,(anonymous_68)
FN:1617,(anonymous_69)
FN:1617,(anonymous_70)
FN:1618,(anonymous_71)
FN:1618,(anonymous_72)
FN:1633,(anonymous_73)
FN:1635,(anonymous_74)
FN:1636,(anonymous_75)
FN:1637,(anonymous_76)
FN:1638,(anonymous_77)
FN:1639,(anonymous_78)
FN:1650,(anonymous_79)
FN:1695,(anonymous_80)
FN:1743,(anonymous_81)
FN:1812,(anonymous_82)
FN:1819,(anonymous_83)
FN:1826,(anonymous_84)
FN:1845,(anonymous_85)
FN:1926,handleGetRequest
FN:2011,(anonymous_87)
FN:2032,handlePostRequest
FN:2070,(anonymous_89)
FNF:90
FNH:0
FNDA:0,(anonymous_0)
FNDA:0,(anonymous_1)
FNDA:0,(anonymous_2)
FNDA:0,(anonymous_3)
FNDA:0,(anonymous_4)
FNDA:0,(anonymous_5)
FNDA:0,(anonymous_6)
FNDA:0,(anonymous_7)
FNDA:0,(anonymous_8)
FNDA:0,(anonymous_9)
FNDA:0,(anonymous_10)
FNDA:0,(anonymous_11)
FNDA:0,(anonymous_12)
FNDA:0,(anonymous_13)
FNDA:0,(anonymous_14)
FNDA:0,(anonymous_15)
FNDA:0,(anonymous_16)
FNDA:0,(anonymous_17)
FNDA:0,(anonymous_18)
FNDA:0,(anonymous_19)
FNDA:0,(anonymous_20)
FNDA:0,(anonymous_21)
FNDA:0,(anonymous_22)
FNDA:0,(anonymous_23)
FNDA:0,(anonymous_24)
FNDA:0,(anonymous_25)
FNDA:0,(anonymous_26)
FNDA:0,(anonymous_27)
FNDA:0,(anonymous_28)
FNDA:0,(anonymous_29)
FNDA:0,(anonymous_30)
FNDA:0,(anonymous_31)
FNDA:0,(anonymous_32)
FNDA:0,(anonymous_33)
FNDA:0,(anonymous_34)
FNDA:0,(anonymous_35)
FNDA:0,(anonymous_36)
FNDA:0,(anonymous_37)
FNDA:0,(anonymous_38)
FNDA:0,(anonymous_39)
FNDA:0,(anonymous_40)
FNDA:0,(anonymous_41)
FNDA:0,(anonymous_42)
FNDA:0,(anonymous_43)
FNDA:0,(anonymous_44)
FNDA:0,(anonymous_45)
FNDA:0,(anonymous_46)
FNDA:0,(anonymous_47)
FNDA:0,(anonymous_48)
FNDA:0,(anonymous_49)
FNDA:0,(anonymous_50)
FNDA:0,(anonymous_51)
FNDA:0,(anonymous_52)
FNDA:0,(anonymous_53)
FNDA:0,(anonymous_54)
FNDA:0,(anonymous_55)
FNDA:0,(anonymous_56)
FNDA:0,(anonymous_57)
FNDA:0,(anonymous_58)
FNDA:0,(anonymous_59)
FNDA:0,(anonymous_60)
FNDA:0,(anonymous_61)
FNDA:0,(anonymous_62)
FNDA:0,(anonymous_63)
FNDA:0,(anonymous_64)
FNDA:0,(anonymous_65)
FNDA:0,(anonymous_66)
FNDA:0,(anonymous_67)
FNDA:0,(anonymous_68)
FNDA:0,(anonymous_69)
FNDA:0,(anonymous_70)
FNDA:0,(anonymous_71)
FNDA:0,(anonymous_72)
FNDA:0,(anonymous_73)
FNDA:0,(anonymous_74)
FNDA:0,(anonymous_75)
FNDA:0,(anonymous_76)
FNDA:0,(anonymous_77)
FNDA:0,(anonymous_78)
FNDA:0,(anonymous_79)
FNDA:0,(anonymous_80)
FNDA:0,(anonymous_81)
FNDA:0,(anonymous_82)
FNDA:0,(anonymous_83)
FNDA:0,(anonymous_84)
FNDA:0,(anonymous_85)
FNDA:0,handleGetRequest
FNDA:0,(anonymous_87)
FNDA:0,handlePostRequest
FNDA:0,(anonymous_89)
DA:14,0
DA:15,0
DA:16,0
DA:22,0
DA:26,0
DA:27,0
DA:28,0
DA:31,0
DA:49,0
DA:382,0
DA:383,0
DA:384,0
DA:385,0
DA:386,0
DA:387,0
DA:391,0
DA:392,0
DA:393,0
DA:394,0
DA:395,0
DA:398,0
DA:399,0
DA:400,0
DA:401,0
DA:407,0
DA:408,0
DA:409,0
DA:411,0
DA:412,0
DA:413,0
DA:421,0
DA:423,0
DA:429,0
DA:430,0
DA:437,0
DA:438,0
DA:441,0
DA:442,0
DA:443,0
DA:444,0
DA:449,0
DA:450,0
DA:451,0
DA:454,0
DA:455,0
DA:456,0
DA:457,0
DA:461,0
DA:462,0
DA:480,0
DA:491,0
DA:501,0
DA:502,0
DA:503,0
DA:504,0
DA:505,0
DA:506,0
DA:509,0
DA:513,0
DA:520,0
DA:521,0
DA:522,0
DA:527,0
DA:537,0
DA:538,0
DA:539,0
DA:540,0
DA:543,0
DA:544,0
DA:546,0
DA:553,0
DA:554,0
DA:555,0
DA:557,0
DA:558,0
DA:559,0
DA:560,0
DA:568,0
DA:650,0
DA:653,0
DA:725,0
DA:732,0
DA:835,0
DA:850,0
DA:851,0
DA:854,0
DA:855,0
DA:856,0
DA:859,0
DA:869,0
DA:872,0
DA:888,0
DA:889,0
DA:891,0
DA:892,0
DA:893,0
DA:911,0
DA:920,0
DA:929,0
DA:931,0
DA:932,0
DA:933,0
DA:934,0
DA:935,0
DA:939,0
DA:942,0
DA:945,0
DA:954,0
DA:958,0
DA:959,0
DA:969,0
DA:971,0
DA:990,0
DA:991,0
DA:999,0
DA:1000,0
DA:1003,0
DA:1004,0
DA:1010,0
DA:1012,0
DA:1013,0
DA:1015,0
DA:1021,0
DA:1035,0
DA:1036,0
DA:1039,0
DA:1040,0
DA:1047,0
DA:1048,0
DA:1051,0
DA:1052,0
DA:1053,0
DA:1056,0
DA:1057,0
DA:1058,0
DA:1063,0
DA:1064,0
DA:1065,0
DA:1070,0
DA:1071,0
DA:1074,0
DA:1075,0
DA:1078,0
DA:1090,0
DA:1103,0
DA:1104,0
DA:1105,0
DA:1108,0
DA:1109,0
DA:1111,0
DA:1112,0
DA:1113,0
DA:1114,0
DA:1116,0
DA:1117,0
DA:1118,0
DA:1120,0
DA:1121,0
DA:1122,0
DA:1124,0
DA:1125,0
DA:1126,0
DA:1128,0
DA:1129,0
DA:1130,0
DA:1135,0
DA:1136,0
DA:1138,0
DA:1139,0
DA:1141,0
DA:1142,0
DA:1146,0
DA:1149,0
DA:1152,0
DA:1153,0
DA:1156,0
DA:1157,0
DA:1160,0
DA:1161,0
DA:1162,0
DA:1164,0
DA:1181,0
DA:1183,0
DA:1185,0
DA:1187,0
DA:1189,0
DA:1191,0
DA:1193,0
DA:1195,0
DA:1207,0
DA:1209,0
DA:1210,0
DA:1213,0
DA:1214,0
DA:1219,0
DA:1220,0
DA:1222,0
DA:1225,0
DA:1236,0
DA:1238,0
DA:1239,0
DA:1241,0
DA:1242,0
DA:1243,0
DA:1245,0
DA:1246,0
DA:1248,0
DA:1249,0
DA:1251,0
DA:1252,0
DA:1254,0
DA:1255,0
DA:1257,0
DA:1261,0
DA:1268,0
DA:1269,0
DA:1271,0
DA:1272,0
DA:1275,0
DA:1282,0
DA:1284,0
DA:1286,0
DA:1288,0
DA:1289,0
DA:1290,0
DA:1292,0
DA:1294,0
DA:1296,0
DA:1298,0
DA:1306,0
DA:1308,0
DA:1309,0
DA:1316,0
DA:1317,0
DA:1322,0
DA:1332,0
DA:1334,0
DA:1335,0
DA:1338,0
DA:1339,0
DA:1342,0
DA:1353,0
DA:1354,0
DA:1355,0
DA:1358,0
DA:1359,0
DA:1360,0
DA:1361,0
DA:1363,0
DA:1365,0
DA:1366,0
DA:1372,0
DA:1374,0
DA:1382,0
DA:1383,0
DA:1385,0
DA:1386,0
DA:1387,0
DA:1388,0
DA:1389,0
DA:1391,0
DA:1392,0
DA:1393,0
DA:1395,0
DA:1412,0
DA:1430,0
DA:1433,0
DA:1436,0
DA:1438,0
DA:1447,0
DA:1448,0
DA:1450,0
DA:1451,0
DA:1461,0
DA:1463,0
DA:1464,0
DA:1468,0
DA:1474,0
DA:1475,0
DA:1476,0
DA:1485,0
DA:1496,0
DA:1499,0
DA:1500,0
DA:1502,0
DA:1506,0
DA:1507,0
DA:1509,0
DA:1510,0
DA:1512,0
DA:1513,0
DA:1529,0
DA:1530,0
DA:1532,0
DA:1533,0
DA:1535,0
DA:1536,0
DA:1548,0
DA:1549,0
DA:1551,0
DA:1552,0
DA:1553,0
DA:1564,0
DA:1571,0
DA:1572,0
DA:1574,0
DA:1575,0
DA:1577,0
DA:1578,0
DA:1580,0
DA:1583,0
DA:1584,0
DA:1585,0
DA:1586,0
DA:1588,0
DA:1595,0
DA:1596,0
DA:1597,0
DA:1600,0
DA:1610,0
DA:1612,0
DA:1613,0
DA:1614,0
DA:1615,0
DA:1617,0
DA:1618,0
DA:1620,0
DA:1621,0
DA:1622,0
DA:1627,0
DA:1634,0
DA:1635,0
DA:1636,0
DA:1637,0
DA:1638,0
DA:1639,0
DA:1641,0
DA:1642,0
DA:1644,0
DA:1655,0
DA:1657,0
DA:1658,0
DA:1660,0
DA:1662,0
DA:1664,0
DA:1665,0
DA:1669,0
DA:1670,0
DA:1673,0
DA:1674,0
DA:1675,0
DA:1677,0
DA:1678,0
DA:1685,0
DA:1686,0
DA:1689,0
DA:1690,0
DA:1691,0
DA:1692,0
DA:1695,0
DA:1699,0
DA:1700,0
DA:1717,0
DA:1719,0
DA:1727,0
DA:1729,0
DA:1736,0
DA:1744,0
DA:1747,0
DA:1806,0
DA:1813,0
DA:1820,0
DA:1827,0
DA:1828,0
DA:1829,0
DA:1831,0
DA:1836,0
DA:1845,0
DA:1849,0
DA:1850,0
DA:1852,0
DA:1853,0
DA:1860,0
DA:1862,0
DA:1863,0
DA:1867,0
DA:1870,0
DA:1873,0
DA:1877,0
DA:1882,0
DA:1889,0
DA:1890,0
DA:1891,0
DA:1893,0
DA:1896,0
DA:1897,0
DA:1898,0
DA:1899,0
DA:1900,0
DA:1904,0
DA:1907,0
DA:1910,0
DA:1913,0
DA:1919,0
DA:1932,0
DA:1934,0
DA:1936,0
DA:1937,0
DA:1943,0
DA:1944,0
DA:1945,0
DA:1948,0
DA:1949,0
DA:1950,0
DA:1953,0
DA:1959,0
DA:1960,0
DA:1962,0
DA:1968,0
DA:1969,0
DA:1971,0
DA:1972,0
DA:1975,0
DA:1977,0
DA:1983,0
DA:1984,0
DA:1986,0
DA:1998,0
DA:2003,0
DA:2009,0
DA:2010,0
DA:2011,0
DA:2016,0
DA:2021,0
DA:2025,0
DA:2038,0
DA:2040,0
DA:2041,0
DA:2044,0
DA:2046,0
DA:2048,0
DA:2049,0
DA:2051,0
DA:2057,0
DA:2062,0
DA:2068,0
DA:2069,0
DA:2070,0
DA:2075,0
DA:2080,0
DA:2084,0
DA:2089,0
DA:2090,0
LF:453
LH:0
BRDA:442,0,0,0
BRDA:449,1,0,0
BRDA:461,2,0,0
BRDA:503,3,0,0
BRDA:510,4,0,0
BRDA:510,4,1,0
BRDA:528,5,0,0
BRDA:528,5,1,0
BRDA:538,6,0,0
BRDA:538,7,0,0
BRDA:538,7,1,0
BRDA:543,8,0,0
BRDA:553,9,0,0
BRDA:847,10,0,0
BRDA:848,11,0,0
BRDA:854,12,0,0
BRDA:892,13,0,0
BRDA:892,13,1,0
BRDA:892,13,2,0
BRDA:892,13,3,0
BRDA:932,14,0,0
BRDA:958,15,0,0
BRDA:1016,16,0,0
BRDA:1016,16,1,0
BRDA:1039,17,0,0
BRDA:1039,18,0,0
BRDA:1039,18,1,0
BRDA:1057,19,0,0
BRDA:1064,20,0,0
BRDA:1070,21,0,0
BRDA:1074,22,0,0
BRDA:1082,23,0,0
BRDA:1082,23,1,0
BRDA:1109,24,0,0
BRDA:1109,24,1,0
BRDA:1109,24,2,0
BRDA:1109,24,3,0
BRDA:1109,24,4,0
BRDA:1135,25,0,0
BRDA:1138,26,0,0
BRDA:1141,27,0,0
BRDA:1152,28,0,0
BRDA:1156,29,0,0
BRDA:1161,30,0,0
BRDA:1161,30,1,0
BRDA:1162,31,0,0
BRDA:1162,31,1,0
BRDA:1172,32,0,0
BRDA:1172,32,1,0
BRDA:1181,33,0,0
BRDA:1181,33,1,0
BRDA:1181,33,2,0
BRDA:1181,33,3,0
BRDA:1181,33,4,0
BRDA:1181,33,5,0
BRDA:1181,33,6,0
BRDA:1209,34,0,0
BRDA:1219,35,0,0
BRDA:1239,36,0,0
BRDA:1239,36,1,0
BRDA:1239,36,2,0
BRDA:1239,36,3,0
BRDA:1239,36,4,0
BRDA:1239,36,5,0
BRDA:1245,37,0,0
BRDA:1245,37,1,0
BRDA:1248,38,0,0
BRDA:1248,38,1,0
BRDA:1251,39,0,0
BRDA:1251,39,1,0
BRDA:1254,40,0,0
BRDA:1254,40,1,0
BRDA:1272,41,0,0
BRDA:1272,41,1,0
BRDA:1282,42,0,0
BRDA:1282,42,1,0
BRDA:1282,42,2,0
BRDA:1282,42,3,0
BRDA:1282,42,4,0
BRDA:1282,42,5,0
BRDA:1282,42,6,0
BRDA:1308,43,0,0
BRDA:1316,44,0,0
BRDA:1334,45,0,0
BRDA:1338,46,0,0
BRDA:1361,47,0,0
BRDA:1361,47,1,0
BRDA:1361,47,2,0
BRDA:1385,48,0,0
BRDA:1465,49,0,0
BRDA:1465,49,1,0
BRDA:1485,50,0,0
BRDA:1485,50,1,0
BRDA:1499,51,0,0
BRDA:1499,52,0,0
BRDA:1499,52,1,0
BRDA:1509,53,0,0
BRDA:1512,54,0,0
BRDA:1515,55,0,0
BRDA:1515,55,1,0
BRDA:1519,56,0,0
BRDA:1519,56,1,0
BRDA:1532,57,0,0
BRDA:1535,58,0,0
BRDA:1548,59,0,0
BRDA:1552,60,0,0
BRDA:1555,61,0,0
BRDA:1555,61,1,0
BRDA:1580,62,0,0
BRDA:1580,62,1,0
BRDA:1586,63,0,0
BRDA:1586,63,1,0
BRDA:1620,64,0,0
BRDA:1620,65,0,0
BRDA:1620,65,1,0
BRDA:1644,66,0,0
BRDA:1644,66,1,0
BRDA:1653,67,0,0
BRDA:1664,68,0,0
BRDA:1731,69,0,0
BRDA:1731,69,1,0
BRDA:1813,70,0,0
BRDA:1813,70,1,0
BRDA:1827,71,0,0
BRDA:1829,72,0,0
BRDA:1829,72,1,0
BRDA:1862,73,0,0
BRDA:1873,74,0,0
BRDA:1874,75,0,0
BRDA:1874,75,1,0
BRDA:1893,76,0,0
BRDA:1893,76,1,0
BRDA:1893,76,2,0
BRDA:1897,77,0,0
BRDA:1899,78,0,0
BRDA:1914,79,0,0
BRDA:1914,79,1,0
BRDA:1916,80,0,0
BRDA:1916,80,1,0
BRDA:1934,81,0,0
BRDA:1934,81,1,0
BRDA:1934,81,2,0
BRDA:1934,81,3,0
BRDA:1934,81,4,0
BRDA:1934,81,5,0
BRDA:1944,82,0,0
BRDA:1949,83,0,0
BRDA:1971,84,0,0
BRDA:1971,85,0,0
BRDA:1971,85,1,0
BRDA:2004,86,0,0
BRDA:2004,86,1,0
BRDA:2009,87,0,0
BRDA:2017,88,0,0
BRDA:2017,88,1,0
BRDA:2040,89,0,0
BRDA:2046,90,0,0
BRDA:2046,90,1,0
BRDA:2063,91,0,0
BRDA:2063,91,1,0
BRDA:2068,92,0,0
BRDA:2076,93,0,0
BRDA:2076,93,1,0
BRF:163
BRH:0
end_of_record
TN:
SF:src/functions/analytics/cross-school-analytics.ts
FN:508,applyDifferentialPrivacy
FN:527,gaussianRandom
FN:540,createAnonymousSchoolId
FN:549,generalizeSchoolData
FN:554,(anonymous_4)
FN:569,generateCrossSchoolAnalytics
FN:770,generatePerformanceBenchmarking
FN:779,(anonymous_7)
FN:780,(anonymous_8)
FN:786,(anonymous_9)
FN:788,(anonymous_10)
FN:789,(anonymous_11)
FN:876,generateCrossSchoolBenchmarkingInsights
FN:883,(anonymous_13)
FN:885,(anonymous_14)
FN:902,(anonymous_15)
FN:906,(anonymous_16)
FN:910,(anonymous_17)
FN:914,(anonymous_18)
FN:992,(anonymous_19)
FN:1054,generateNutritionIntelligenceAnalytics
FN:1060,(anonymous_21)
FN:1061,(anonymous_22)
FN:1208,generateOperationalExcellenceAnalytics
FN:1270,generatePredictiveInsightsEngine
FN:1406,generateExecutiveSummary
FN:1415,(anonymous_26)
FN:1484,generateActionableRecommendations
FN:1541,(anonymous_28)
FN:1625,handleCrossSchoolAnalyticsQuery
FN:1693,handleAdvancedAnalyticsRequest
FNF:31
FNH:0
FNDA:0,applyDifferentialPrivacy
FNDA:0,gaussianRandom
FNDA:0,createAnonymousSchoolId
FNDA:0,generalizeSchoolData
FNDA:0,(anonymous_4)
FNDA:0,generateCrossSchoolAnalytics
FNDA:0,generatePerformanceBenchmarking
FNDA:0,(anonymous_7)
FNDA:0,(anonymous_8)
FNDA:0,(anonymous_9)
FNDA:0,(anonymous_10)
FNDA:0,(anonymous_11)
FNDA:0,generateCrossSchoolBenchmarkingInsights
FNDA:0,(anonymous_13)
FNDA:0,(anonymous_14)
FNDA:0,(anonymous_15)
FNDA:0,(anonymous_16)
FNDA:0,(anonymous_17)
FNDA:0,(anonymous_18)
FNDA:0,(anonymous_19)
FNDA:0,generateNutritionIntelligenceAnalytics
FNDA:0,(anonymous_21)
FNDA:0,(anonymous_22)
FNDA:0,generateOperationalExcellenceAnalytics
FNDA:0,generatePredictiveInsightsEngine
FNDA:0,generateExecutiveSummary
FNDA:0,(anonymous_26)
FNDA:0,generateActionableRecommendations
FNDA:0,(anonymous_28)
FNDA:0,handleCrossSchoolAnalyticsQuery
FNDA:0,handleAdvancedAnalyticsRequest
DA:15,0
DA:17,0
DA:18,0
DA:22,0
DA:26,0
DA:513,0
DA:514,0
DA:518,0
DA:519,0
DA:521,0
DA:528,0
DA:529,0
DA:530,0
DA:531,0
DA:533,0
DA:534,0
DA:542,0
DA:543,0
DA:550,0
DA:554,0
DA:581,0
DA:582,0
DA:585,0
DA:586,0
DA:588,0
DA:590,0
DA:591,0
DA:593,0
DA:594,0
DA:596,0
DA:597,0
DA:599,0
DA:600,0
DA:604,0
DA:608,0
DA:610,0
DA:615,0
DA:616,0
DA:619,0
DA:620,0
DA:622,0
DA:623,0
DA:625,0
DA:626,0
DA:632,0
DA:692,0
DA:699,0
DA:705,0
DA:712,0
DA:719,0
DA:726,0
DA:735,0
DA:741,0
DA:755,0
DA:775,0
DA:776,0
DA:779,0
DA:780,0
DA:781,0
DA:782,0
DA:785,0
DA:786,0
DA:787,0
DA:788,0
DA:789,0
DA:792,0
DA:804,0
DA:825,0
DA:833,0
DA:843,0
DA:848,0
DA:881,0
DA:883,0
DA:885,0
DA:902,0
DA:906,0
DA:910,0
DA:914,0
DA:948,0
DA:989,0
DA:992,0
DA:993,0
DA:994,0
DA:1010,0
DA:1060,0
DA:1061,0
DA:1063,0
DA:1213,0
DA:1275,0
DA:1414,0
DA:1415,0
DA:1419,0
DA:1489,0
DA:1541,0
DA:1545,0
DA:1546,0
DA:1548,0
DA:1549,0
DA:1556,0
DA:1558,0
DA:1559,0
DA:1563,0
DA:1572,0
DA:1575,0
DA:1576,0
DA:1581,0
DA:1588,0
DA:1589,0
DA:1591,0
DA:1594,0
DA:1595,0
DA:1596,0
DA:1597,0
DA:1600,0
DA:1607,0
DA:1610,0
DA:1613,0
DA:1618,0
DA:1630,0
DA:1632,0
DA:1633,0
DA:1635,0
DA:1644,0
DA:1651,0
DA:1659,0
DA:1667,0
DA:1682,0
DA:1686,0
DA:1698,0
DA:1701,0
DA:1702,0
DA:1709,0
DA:1712,0
DA:1718,0
DA:1729,0
LF:135
LH:0
BRDA:511,0,0,0
BRDA:513,1,0,0
BRDA:527,2,0,0
BRDA:527,3,0,0
BRDA:551,4,0,0
BRDA:551,4,1,0
BRDA:555,5,0,0
BRDA:555,5,1,0
BRDA:556,6,0,0
BRDA:556,6,1,0
BRDA:573,7,0,0
BRDA:574,8,0,0
BRDA:588,9,0,0
BRDA:588,9,1,0
BRDA:588,9,2,0
BRDA:588,9,3,0
BRDA:608,10,0,0
BRDA:608,11,0,0
BRDA:608,11,1,0
BRDA:615,12,0,0
BRDA:616,13,0,0
BRDA:616,13,1,0
BRDA:616,13,2,0
BRDA:775,14,0,0
BRDA:775,15,0,0
BRDA:775,15,1,0
BRDA:781,16,0,0
BRDA:781,16,1,0
BRDA:782,17,0,0
BRDA:782,17,1,0
BRDA:789,18,0,0
BRDA:789,18,1,0
BRDA:794,19,0,0
BRDA:794,19,1,0
BRDA:813,20,0,0
BRDA:813,20,1,0
BRDA:818,21,0,0
BRDA:818,21,1,0
BRDA:850,22,0,0
BRDA:850,22,1,0
BRDA:867,23,0,0
BRDA:867,23,1,0
BRDA:867,24,0,0
BRDA:867,24,1,0
BRDA:993,25,0,0
BRDA:1060,26,0,0
BRDA:1060,26,1,0
BRDA:1060,27,0,0
BRDA:1060,27,1,0
BRDA:1061,28,0,0
BRDA:1061,28,1,0
BRDA:1422,29,0,0
BRDA:1422,29,1,0
BRDA:1457,30,0,0
BRDA:1457,30,1,0
BRDA:1558,31,0,0
BRDA:1565,32,0,0
BRDA:1565,32,1,0
BRDA:1567,33,0,0
BRDA:1567,33,1,0
BRDA:1575,34,0,0
BRDA:1575,35,0,0
BRDA:1575,35,1,0
BRDA:1589,36,0,0
BRDA:1589,36,1,0
BRDA:1591,37,0,0
BRDA:1591,37,1,0
BRDA:1591,37,2,0
BRDA:1596,38,0,0
BRDA:1614,39,0,0
BRDA:1614,39,1,0
BRDA:1645,40,0,0
BRDA:1645,40,1,0
BRDA:1683,41,0,0
BRDA:1683,41,1,0
BRDA:1701,42,0,0
BRDA:1709,43,0,0
BRDA:1709,43,1,0
BRF:78
BRH:0
end_of_record
TN:
SF:src/functions/analytics/executive-dashboard-engine.ts
FN:358,(anonymous_0)
FN:369,(anonymous_1)
FN:463,(anonymous_2)
FN:513,(anonymous_3)
FN:553,(anonymous_4)
FN:642,(anonymous_5)
FN:655,(anonymous_6)
FN:703,(anonymous_7)
FN:719,(anonymous_8)
FN:720,(anonymous_9)
FN:750,(anonymous_10)
FN:782,(anonymous_11)
FN:814,(anonymous_12)
FN:845,(anonymous_13)
FN:895,(anonymous_14)
FN:902,(anonymous_15)
FN:917,(anonymous_16)
FN:951,(anonymous_17)
FN:958,(anonymous_18)
FN:959,(anonymous_19)
FN:1014,(anonymous_20)
FN:1023,(anonymous_21)
FN:1094,(anonymous_22)
FN:1107,(anonymous_23)
FN:1116,(anonymous_24)
FN:1296,(anonymous_25)
FN:1327,(anonymous_26)
FN:1341,(anonymous_27)
FN:1344,(anonymous_28)
FN:1349,(anonymous_29)
FN:1377,(anonymous_30)
FN:1405,(anonymous_31)
FN:1430,(anonymous_32)
FN:1452,(anonymous_33)
FN:1530,handleGetRequest
FN:1583,handlePostRequest
FNF:36
FNH:0
FNDA:0,(anonymous_0)
FNDA:0,(anonymous_1)
FNDA:0,(anonymous_2)
FNDA:0,(anonymous_3)
FNDA:0,(anonymous_4)
FNDA:0,(anonymous_5)
FNDA:0,(anonymous_6)
FNDA:0,(anonymous_7)
FNDA:0,(anonymous_8)
FNDA:0,(anonymous_9)
FNDA:0,(anonymous_10)
FNDA:0,(anonymous_11)
FNDA:0,(anonymous_12)
FNDA:0,(anonymous_13)
FNDA:0,(anonymous_14)
FNDA:0,(anonymous_15)
FNDA:0,(anonymous_16)
FNDA:0,(anonymous_17)
FNDA:0,(anonymous_18)
FNDA:0,(anonymous_19)
FNDA:0,(anonymous_20)
FNDA:0,(anonymous_21)
FNDA:0,(anonymous_22)
FNDA:0,(anonymous_23)
FNDA:0,(anonymous_24)
FNDA:0,(anonymous_25)
FNDA:0,(anonymous_26)
FNDA:0,(anonymous_27)
FNDA:0,(anonymous_28)
FNDA:0,(anonymous_29)
FNDA:0,(anonymous_30)
FNDA:0,(anonymous_31)
FNDA:0,(anonymous_32)
FNDA:0,(anonymous_33)
FNDA:0,handleGetRequest
FNDA:0,handlePostRequest
DA:14,0
DA:15,0
DA:16,0
DA:17,0
DA:21,0
DA:24,0
DA:34,0
DA:352,0
DA:353,0
DA:354,0
DA:355,0
DA:356,0
DA:359,0
DA:360,0
DA:361,0
DA:362,0
DA:363,0
DA:376,0
DA:383,0
DA:385,0
DA:387,0
DA:391,0
DA:400,0
DA:405,0
DA:410,0
DA:418,0
DA:420,0
DA:436,0
DA:437,0
DA:444,0
DA:446,0
DA:456,0
DA:469,0
DA:470,0
DA:473,0
DA:495,0
DA:513,0
DA:514,0
DA:516,0
DA:518,0
DA:553,0
DA:555,0
DA:578,0
DA:580,0
DA:603,0
DA:605,0
DA:628,0
DA:629,0
DA:630,0
DA:631,0
DA:632,0
DA:633,0
DA:636,0
DA:646,0
DA:648,0
DA:655,0
DA:656,0
DA:658,0
DA:661,0
DA:707,0
DA:709,0
DA:710,0
DA:719,0
DA:720,0
DA:722,0
DA:755,0
DA:787,0
DA:818,0
DA:849,0
DA:902,0
DA:903,0
DA:905,0
DA:907,0
DA:909,0
DA:911,0
DA:913,0
DA:916,0
DA:917,0
DA:920,0
DA:955,0
DA:958,0
DA:959,0
DA:961,0
DA:962,0
DA:974,0
DA:975,0
DA:988,0
DA:989,0
DA:1001,0
DA:1002,0
DA:1014,0
DA:1015,0
DA:1016,0
DA:1027,0
DA:1028,0
DA:1031,0
DA:1034,0
DA:1054,0
DA:1074,0
DA:1094,0
DA:1095,0
DA:1097,0
DA:1099,0
DA:1101,0
DA:1103,0
DA:1107,0
DA:1108,0
DA:1109,0
DA:1117,0
DA:1119,0
DA:1120,0
DA:1121,0
DA:1123,0
DA:1128,0
DA:1285,0
DA:1291,0
DA:1297,0
DA:1298,0
DA:1300,0
DA:1302,0
DA:1303,0
DA:1305,0
DA:1306,0
DA:1308,0
DA:1309,0
DA:1311,0
DA:1312,0
DA:1314,0
DA:1315,0
DA:1317,0
DA:1318,0
DA:1319,0
DA:1321,0
DA:1324,0
DA:1328,0
DA:1329,0
DA:1331,0
DA:1332,0
DA:1334,0
DA:1341,0
DA:1346,0
DA:1353,0
DA:1356,0
DA:1374,0
DA:1381,0
DA:1384,0
DA:1402,0
DA:1406,0
DA:1409,0
DA:1427,0
DA:1431,0
DA:1438,0
DA:1443,0
DA:1452,0
DA:1456,0
DA:1457,0
DA:1459,0
DA:1460,0
DA:1467,0
DA:1469,0
DA:1470,0
DA:1474,0
DA:1477,0
DA:1480,0
DA:1484,0
DA:1489,0
DA:1496,0
DA:1497,0
DA:1499,0
DA:1502,0
DA:1503,0
DA:1504,0
DA:1505,0
DA:1508,0
DA:1511,0
DA:1514,0
DA:1517,0
DA:1523,0
DA:1535,0
DA:1537,0
DA:1538,0
DA:1540,0
DA:1547,0
DA:1558,0
DA:1572,0
DA:1576,0
DA:1588,0
DA:1590,0
DA:1591,0
DA:1594,0
DA:1595,0
DA:1596,0
DA:1598,0
DA:1604,0
DA:1606,0
DA:1619,0
DA:1623,0
DA:1628,0
DA:1629,0
LF:199
LH:0
BRDA:372,0,0,0
BRDA:373,1,0,0
BRDA:400,2,0,0
BRDA:400,2,1,0
BRDA:405,3,0,0
BRDA:405,3,1,0
BRDA:450,4,0,0
BRDA:450,4,1,0
BRDA:451,5,0,0
BRDA:451,5,1,0
BRDA:516,6,0,0
BRDA:516,6,1,0
BRDA:525,7,0,0
BRDA:525,7,1,0
BRDA:525,8,0,0
BRDA:525,8,1,0
BRDA:529,9,0,0
BRDA:529,9,1,0
BRDA:531,10,0,0
BRDA:531,10,1,0
BRDA:541,11,0,0
BRDA:541,11,1,0
BRDA:543,12,0,0
BRDA:543,12,1,0
BRDA:545,13,0,0
BRDA:545,13,1,0
BRDA:578,14,0,0
BRDA:578,14,1,0
BRDA:612,15,0,0
BRDA:612,15,1,0
BRDA:622,16,0,0
BRDA:622,16,1,0
BRDA:622,17,0,0
BRDA:622,17,1,0
BRDA:628,18,0,0
BRDA:628,18,1,0
BRDA:630,19,0,0
BRDA:630,19,1,0
BRDA:632,20,0,0
BRDA:658,21,0,0
BRDA:658,21,1,0
BRDA:903,22,0,0
BRDA:903,22,1,0
BRDA:903,22,2,0
BRDA:903,22,3,0
BRDA:903,22,4,0
BRDA:988,23,0,0
BRDA:1001,24,0,0
BRDA:1024,25,0,0
BRDA:1025,26,0,0
BRDA:1095,27,0,0
BRDA:1095,27,1,0
BRDA:1095,27,2,0
BRDA:1095,27,3,0
BRDA:1300,28,0,0
BRDA:1300,28,1,0
BRDA:1300,28,2,0
BRDA:1300,28,3,0
BRDA:1300,28,4,0
BRDA:1300,28,5,0
BRDA:1300,28,6,0
BRDA:1438,29,0,0
BRDA:1438,29,1,0
BRDA:1469,30,0,0
BRDA:1480,31,0,0
BRDA:1481,32,0,0
BRDA:1481,32,1,0
BRDA:1499,33,0,0
BRDA:1499,33,1,0
BRDA:1499,33,2,0
BRDA:1503,34,0,0
BRDA:1503,34,1,0
BRDA:1504,35,0,0
BRDA:1519,36,0,0
BRDA:1519,36,1,0
BRDA:1520,37,0,0
BRDA:1520,37,1,0
BRDA:1574,38,0,0
BRDA:1574,38,1,0
BRDA:1590,39,0,0
BRDA:1621,40,0,0
BRDA:1621,40,1,0
BRF:82
BRH:0
end_of_record
TN:
SF:src/functions/analytics/federated-learning-engine.ts
FN:196,(anonymous_0)
FN:207,(anonymous_1)
FN:282,(anonymous_2)
FN:283,(anonymous_3)
FN:305,(anonymous_4)
FN:388,(anonymous_5)
FN:417,(anonymous_6)
FN:437,(anonymous_7)
FN:499,(anonymous_8)
FN:504,(anonymous_9)
FN:516,(anonymous_10)
FN:522,(anonymous_11)
FN:536,(anonymous_12)
FN:541,(anonymous_13)
FN:542,(anonymous_14)
FN:566,(anonymous_15)
FN:584,(anonymous_16)
FN:594,(anonymous_17)
FN:603,(anonymous_18)
FN:668,(anonymous_19)
FN:676,(anonymous_20)
FN:686,(anonymous_21)
FN:692,(anonymous_22)
FN:720,(anonymous_23)
FN:724,(anonymous_24)
FN:724,(anonymous_25)
FN:730,(anonymous_26)
FN:747,(anonymous_27)
FN:755,(anonymous_28)
FN:763,(anonymous_29)
FN:764,(anonymous_30)
FN:766,(anonymous_31)
FN:780,(anonymous_32)
FN:789,(anonymous_33)
FN:870,(anonymous_34)
FN:903,(anonymous_35)
FN:911,(anonymous_36)
FN:911,(anonymous_37)
FN:914,(anonymous_38)
FN:916,(anonymous_39)
FN:945,(anonymous_40)
FN:957,(anonymous_41)
FN:970,(anonymous_42)
FN:970,(anonymous_43)
FN:971,(anonymous_44)
FN:971,(anonymous_45)
FN:1002,(anonymous_46)
FN:1014,(anonymous_47)
FN:1018,(anonymous_48)
FN:1019,(anonymous_49)
FN:1040,(anonymous_50)
FN:1044,(anonymous_51)
FN:1054,(anonymous_52)
FN:1074,(anonymous_53)
FN:1087,(anonymous_54)
FN:1099,(anonymous_55)
FN:1118,(anonymous_56)
FN:1136,(anonymous_57)
FN:1151,(anonymous_58)
FN:1163,(anonymous_59)
FN:1183,(anonymous_60)
FN:1192,(anonymous_61)
FN:1207,(anonymous_62)
FNF:63
FNH:0
FNDA:0,(anonymous_0)
FNDA:0,(anonymous_1)
FNDA:0,(anonymous_2)
FNDA:0,(anonymous_3)
FNDA:0,(anonymous_4)
FNDA:0,(anonymous_5)
FNDA:0,(anonymous_6)
FNDA:0,(anonymous_7)
FNDA:0,(anonymous_8)
FNDA:0,(anonymous_9)
FNDA:0,(anonymous_10)
FNDA:0,(anonymous_11)
FNDA:0,(anonymous_12)
FNDA:0,(anonymous_13)
FNDA:0,(anonymous_14)
FNDA:0,(anonymous_15)
FNDA:0,(anonymous_16)
FNDA:0,(anonymous_17)
FNDA:0,(anonymous_18)
FNDA:0,(anonymous_19)
FNDA:0,(anonymous_20)
FNDA:0,(anonymous_21)
FNDA:0,(anonymous_22)
FNDA:0,(anonymous_23)
FNDA:0,(anonymous_24)
FNDA:0,(anonymous_25)
FNDA:0,(anonymous_26)
FNDA:0,(anonymous_27)
FNDA:0,(anonymous_28)
FNDA:0,(anonymous_29)
FNDA:0,(anonymous_30)
FNDA:0,(anonymous_31)
FNDA:0,(anonymous_32)
FNDA:0,(anonymous_33)
FNDA:0,(anonymous_34)
FNDA:0,(anonymous_35)
FNDA:0,(anonymous_36)
FNDA:0,(anonymous_37)
FNDA:0,(anonymous_38)
FNDA:0,(anonymous_39)
FNDA:0,(anonymous_40)
FNDA:0,(anonymous_41)
FNDA:0,(anonymous_42)
FNDA:0,(anonymous_43)
FNDA:0,(anonymous_44)
FNDA:0,(anonymous_45)
FNDA:0,(anonymous_46)
FNDA:0,(anonymous_47)
FNDA:0,(anonymous_48)
FNDA:0,(anonymous_49)
FNDA:0,(anonymous_50)
FNDA:0,(anonymous_51)
FNDA:0,(anonymous_52)
FNDA:0,(anonymous_53)
FNDA:0,(anonymous_54)
FNDA:0,(anonymous_55)
FNDA:0,(anonymous_56)
FNDA:0,(anonymous_57)
FNDA:0,(anonymous_58)
FNDA:0,(anonymous_59)
FNDA:0,(anonymous_60)
FNDA:0,(anonymous_61)
FNDA:0,(anonymous_62)
DA:13,0
DA:14,0
DA:190,0
DA:191,0
DA:192,0
DA:193,0
DA:194,0
DA:197,0
DA:198,0
DA:199,0
DA:200,0
DA:201,0
DA:208,0
DA:209,0
DA:210,0
DA:213,0
DA:219,0
DA:220,0
DA:230,0
DA:234,0
DA:235,0
DA:236,0
DA:251,0
DA:255,0
DA:270,0
DA:272,0
DA:283,0
DA:284,0
DA:287,0
DA:290,0
DA:291,0
DA:292,0
DA:294,0
DA:309,0
DA:314,0
DA:316,0
DA:323,0
DA:326,0
DA:333,0
DA:336,0
DA:343,0
DA:346,0
DA:353,0
DA:356,0
DA:373,0
DA:375,0
DA:382,0
DA:389,0
DA:394,0
DA:396,0
DA:397,0
DA:398,0
DA:399,0
DA:402,0
DA:404,0
DA:405,0
DA:408,0
DA:411,0
DA:422,0
DA:423,0
DA:424,0
DA:427,0
DA:430,0
DA:432,0
DA:437,0
DA:459,0
DA:467,0
DA:468,0
DA:469,0
DA:473,0
DA:474,0
DA:477,0
DA:478,0
DA:479,0
DA:480,0
DA:484,0
DA:486,0
DA:493,0
DA:503,0
DA:504,0
DA:509,0
DA:511,0
DA:512,0
DA:515,0
DA:516,0
DA:517,0
DA:520,0
DA:521,0
DA:522,0
DA:524,0
DA:527,0
DA:530,0
DA:541,0
DA:542,0
DA:544,0
DA:545,0
DA:546,0
DA:551,0
DA:553,0
DA:569,0
DA:572,0
DA:573,0
DA:574,0
DA:575,0
DA:577,0
DA:578,0
DA:586,0
DA:587,0
DA:588,0
DA:596,0
DA:597,0
DA:608,0
DA:609,0
DA:610,0
DA:612,0
DA:614,0
DA:615,0
DA:616,0
DA:620,0
DA:624,0
DA:625,0
DA:627,0
DA:628,0
DA:632,0
DA:638,0
DA:641,0
DA:646,0
DA:670,0
DA:678,0
DA:679,0
DA:680,0
DA:690,0
DA:692,0
DA:693,0
DA:694,0
DA:696,0
DA:697,0
DA:698,0
DA:700,0
DA:701,0
DA:703,0
DA:704,0
DA:705,0
DA:708,0
DA:711,0
DA:714,0
DA:724,0
DA:731,0
DA:732,0
DA:734,0
DA:735,0
DA:736,0
DA:737,0
DA:741,0
DA:749,0
DA:756,0
DA:758,0
DA:759,0
DA:761,0
DA:762,0
DA:763,0
DA:764,0
DA:766,0
DA:768,0
DA:769,0
DA:773,0
DA:774,0
DA:781,0
DA:782,0
DA:783,0
DA:794,0
DA:796,0
DA:802,0
DA:834,0
DA:836,0
DA:837,0
DA:839,0
DA:840,0
DA:842,0
DA:843,0
DA:845,0
DA:846,0
DA:849,0
DA:851,0
DA:858,0
DA:864,0
DA:873,0
DA:897,0
DA:906,0
DA:907,0
DA:908,0
DA:910,0
DA:911,0
DA:913,0
DA:914,0
DA:915,0
DA:916,0
DA:920,0
DA:926,0
DA:928,0
DA:929,0
DA:936,0
DA:946,0
DA:947,0
DA:960,0
DA:966,0
DA:967,0
DA:969,0
DA:970,0
DA:971,0
DA:973,0
DA:974,0
DA:977,0
DA:983,0
DA:985,0
DA:986,0
DA:993,0
DA:1003,0
DA:1004,0
DA:1015,0
DA:1016,0
DA:1018,0
DA:1019,0
DA:1021,0
DA:1022,0
DA:1023,0
DA:1025,0
DA:1026,0
DA:1027,0
DA:1028,0
DA:1029,0
DA:1030,0
DA:1033,0
DA:1034,0
DA:1044,0
DA:1046,0
DA:1050,0
DA:1054,0
DA:1057,0
DA:1058,0
DA:1059,0
DA:1061,0
DA:1062,0
DA:1063,0
DA:1067,0
DA:1073,0
DA:1074,0
DA:1076,0
DA:1088,0
DA:1089,0
DA:1102,0
DA:1103,0
DA:1106,0
DA:1107,0
DA:1108,0
DA:1109,0
DA:1110,0
DA:1111,0
DA:1112,0
DA:1118,0
DA:1119,0
DA:1120,0
DA:1121,0
DA:1122,0
DA:1123,0
DA:1129,0
DA:1133,0
DA:1137,0
DA:1141,0
DA:1152,0
DA:1153,0
DA:1164,0
DA:1166,0
DA:1167,0
DA:1169,0
DA:1170,0
DA:1171,0
DA:1174,0
DA:1175,0
DA:1176,0
DA:1177,0
DA:1190,0
DA:1191,0
DA:1192,0
DA:1195,0
DA:1214,0
DA:1231,0
DA:1232,0
LF:288
LH:0
BRDA:208,0,0,0
BRDA:208,1,0,0
BRDA:208,1,1,0
BRDA:283,2,0,0
BRDA:283,2,1,0
BRDA:284,3,0,0
BRDA:284,3,1,0
BRDA:291,4,0,0
BRDA:292,5,0,0
BRDA:314,6,0,0
BRDA:314,6,1,0
BRDA:314,6,2,0
BRDA:314,6,3,0
BRDA:420,7,0,0
BRDA:423,8,0,0
BRDA:439,9,0,0
BRDA:439,9,1,0
BRDA:504,10,0,0
BRDA:504,10,1,0
BRDA:509,11,0,0
BRDA:509,11,1,0
BRDA:509,11,2,0
BRDA:509,11,3,0
BRDA:615,12,0,0
BRDA:670,13,0,0
BRDA:670,13,1,0
BRDA:690,14,0,0
BRDA:741,15,0,0
BRDA:741,15,1,0
BRDA:756,16,0,0
BRDA:781,17,0,0
BRDA:782,18,0,0
BRDA:834,19,0,0
BRDA:834,19,1,0
BRDA:834,19,2,0
BRDA:834,19,3,0
BRDA:897,20,0,0
BRDA:897,20,1,0
BRDA:913,21,0,0
BRDA:973,22,0,0
BRDA:973,23,0,0
BRDA:973,23,1,0
BRDA:1016,24,0,0
BRDA:1034,25,0,0
BRDA:1034,25,1,0
BRDA:1046,26,0,0
BRDA:1046,26,1,0
BRDA:1047,27,0,0
BRDA:1047,27,1,0
BRDA:1048,28,0,0
BRDA:1048,28,1,0
BRDA:1049,29,0,0
BRDA:1049,29,1,0
BRDA:1064,30,0,0
BRDA:1064,30,1,0
BRDA:1107,31,0,0
BRDA:1107,32,0,0
BRDA:1107,32,1,0
BRDA:1109,33,0,0
BRDA:1112,34,0,0
BRDA:1112,34,1,0
BRDA:1121,35,0,0
BRDA:1122,36,0,0
BRDA:1122,36,1,0
BRDA:1164,37,0,0
BRDA:1170,38,0,0
BRDA:1170,38,1,0
BRDA:1171,39,0,0
BRDA:1175,40,0,0
BRDA:1176,41,0,0
BRF:70
BRH:0
end_of_record
TN:
SF:src/functions/analytics/payments-dashboard.ts
FN:16,(anonymous_0)
FNF:1
FNH:0
FNDA:0,(anonymous_0)
DA:7,0
DA:8,0
DA:9,0
DA:16,0
DA:20,0
DA:21,0
DA:28,0
DA:30,0
DA:31,0
DA:34,0
DA:35,0
DA:36,0
DA:44,0
DA:47,0
DA:49,0
DA:56,0
DA:69,0
DA:79,0
DA:83,0
LF:19
LH:0
BRDA:28,0,0,0
BRDA:28,0,1,0
BRDA:30,1,0,0
BRDA:30,1,1,0
BRDA:35,2,0,0
BRDA:52,3,0,0
BRDA:52,3,1,0
BRDA:61,4,0,0
BRDA:61,4,1,0
BRDA:71,5,0,0
BRDA:71,5,1,0
BRDA:73,6,0,0
BRDA:73,6,1,0
BRF:13
BRH:0
end_of_record
TN:
SF:src/functions/analytics/performance-benchmarking.ts
FN:503,(anonymous_0)
FN:516,(anonymous_1)
FN:732,(anonymous_2)
FN:854,(anonymous_3)
FN:868,(anonymous_4)
FN:894,(anonymous_5)
FN:931,(anonymous_6)
FN:932,(anonymous_7)
FN:933,(anonymous_8)
FN:1042,(anonymous_9)
FN:1072,(anonymous_10)
FN:1110,(anonymous_11)
FN:1144,(anonymous_12)
FN:1163,(anonymous_13)
FN:1222,(anonymous_14)
FN:1270,(anonymous_15)
FN:1410,(anonymous_16)
FN:1494,(anonymous_17)
FN:1536,(anonymous_18)
FN:1583,(anonymous_19)
FN:1866,(anonymous_20)
FN:1872,(anonymous_21)
FN:1884,(anonymous_22)
FN:1891,(anonymous_23)
FN:1898,(anonymous_24)
FN:1913,(anonymous_25)
FN:1987,handleGetRequest
FN:2079,handlePostRequest
FNF:28
FNH:0
FNDA:0,(anonymous_0)
FNDA:0,(anonymous_1)
FNDA:0,(anonymous_2)
FNDA:0,(anonymous_3)
FNDA:0,(anonymous_4)
FNDA:0,(anonymous_5)
FNDA:0,(anonymous_6)
FNDA:0,(anonymous_7)
FNDA:0,(anonymous_8)
FNDA:0,(anonymous_9)
FNDA:0,(anonymous_10)
FNDA:0,(anonymous_11)
FNDA:0,(anonymous_12)
FNDA:0,(anonymous_13)
FNDA:0,(anonymous_14)
FNDA:0,(anonymous_15)
FNDA:0,(anonymous_16)
FNDA:0,(anonymous_17)
FNDA:0,(anonymous_18)
FNDA:0,(anonymous_19)
FNDA:0,(anonymous_20)
FNDA:0,(anonymous_21)
FNDA:0,(anonymous_22)
FNDA:0,(anonymous_23)
FNDA:0,(anonymous_24)
FNDA:0,(anonymous_25)
FNDA:0,handleGetRequest
FNDA:0,handlePostRequest
DA:14,0
DA:15,0
DA:16,0
DA:17,0
DA:22,0
DA:26,0
DA:40,0
DA:497,0
DA:498,0
DA:499,0
DA:500,0
DA:501,0
DA:504,0
DA:505,0
DA:506,0
DA:507,0
DA:508,0
DA:510,0
DA:518,0
DA:726,0
DA:733,0
DA:859,0
DA:861,0
DA:862,0
DA:863,0
DA:867,0
DA:868,0
DA:871,0
DA:878,0
DA:879,0
DA:888,0
DA:898,0
DA:900,0
DA:903,0
DA:904,0
DA:905,0
DA:930,0
DA:931,0
DA:932,0
DA:933,0
DA:935,0
DA:937,0
DA:1035,0
DA:1036,0
DA:1046,0
DA:1048,0
DA:1049,0
DA:1052,0
DA:1053,0
DA:1054,0
DA:1055,0
DA:1057,0
DA:1066,0
DA:1073,0
DA:1104,0
DA:1111,0
DA:1138,0
DA:1145,0
DA:1157,0
DA:1164,0
DA:1227,0
DA:1233,0
DA:1263,0
DA:1264,0
DA:1271,0
DA:1411,0
DA:1495,0
DA:1537,0
DA:1587,0
DA:1592,0
DA:1865,0
DA:1866,0
DA:1870,0
DA:1871,0
DA:1873,0
DA:1878,0
DA:1885,0
DA:1892,0
DA:1899,0
DA:1904,0
DA:1913,0
DA:1917,0
DA:1918,0
DA:1920,0
DA:1921,0
DA:1928,0
DA:1929,0
DA:1930,0
DA:1939,0
DA:1942,0
DA:1946,0
DA:1953,0
DA:1954,0
DA:1955,0
DA:1957,0
DA:1960,0
DA:1961,0
DA:1962,0
DA:1963,0
DA:1966,0
DA:1969,0
DA:1972,0
DA:1975,0
DA:1980,0
DA:1993,0
DA:1995,0
DA:1997,0
DA:1998,0
DA:2000,0
DA:2006,0
DA:2011,0
DA:2016,0
DA:2017,0
DA:2020,0
DA:2024,0
DA:2026,0
DA:2029,0
DA:2031,0
DA:2036,0
DA:2041,0
DA:2045,0
DA:2049,0
DA:2050,0
DA:2051,0
DA:2054,0
DA:2059,0
DA:2064,0
DA:2068,0
DA:2072,0
DA:2085,0
DA:2087,0
DA:2088,0
DA:2091,0
DA:2093,0
DA:2095,0
DA:2096,0
DA:2098,0
DA:2104,0
DA:2109,0
DA:2114,0
DA:2115,0
DA:2122,0
DA:2126,0
DA:2131,0
DA:2132,0
LF:145
LH:0
BRDA:857,0,0,0
BRDA:862,1,0,0
BRDA:868,2,0,0
BRDA:868,2,1,0
BRDA:878,3,0,0
BRDA:896,4,0,0
BRDA:904,5,0,0
BRDA:930,6,0,0
BRDA:930,6,1,0
BRDA:935,7,0,0
BRDA:935,7,1,0
BRDA:938,8,0,0
BRDA:938,8,1,0
BRDA:1052,9,0,0
BRDA:1052,9,1,0
BRDA:1053,10,0,0
BRDA:1053,10,1,0
BRDA:1054,11,0,0
BRDA:1054,11,1,0
BRDA:1058,12,0,0
BRDA:1058,12,1,0
BRDA:1104,13,0,0
BRDA:1104,13,1,0
BRDA:1138,14,0,0
BRDA:1138,14,1,0
BRDA:1157,15,0,0
BRDA:1157,15,1,0
BRDA:1224,16,0,0
BRDA:1225,17,0,0
BRDA:1865,18,0,0
BRDA:1870,19,0,0
BRDA:1874,20,0,0
BRDA:1874,20,1,0
BRDA:1874,21,0,0
BRDA:1874,21,1,0
BRDA:1885,22,0,0
BRDA:1885,22,1,0
BRDA:1892,23,0,0
BRDA:1892,23,1,0
BRDA:1899,24,0,0
BRDA:1899,24,1,0
BRDA:1929,25,0,0
BRDA:1932,26,0,0
BRDA:1932,26,1,0
BRDA:1934,27,0,0
BRDA:1934,27,1,0
BRDA:1942,28,0,0
BRDA:1943,29,0,0
BRDA:1943,29,1,0
BRDA:1957,30,0,0
BRDA:1957,30,1,0
BRDA:1957,30,2,0
BRDA:1961,31,0,0
BRDA:1961,31,1,0
BRDA:1962,32,0,0
BRDA:1977,33,0,0
BRDA:1977,33,1,0
BRDA:1995,34,0,0
BRDA:1995,34,1,0
BRDA:1995,34,2,0
BRDA:1995,34,3,0
BRDA:2013,35,0,0
BRDA:2013,35,1,0
BRDA:2016,36,0,0
BRDA:2026,37,0,0
BRDA:2026,37,1,0
BRDA:2043,38,0,0
BRDA:2043,38,1,0
BRDA:2066,39,0,0
BRDA:2066,39,1,0
BRDA:2087,40,0,0
BRDA:2093,41,0,0
BRDA:2093,41,1,0
BRDA:2111,42,0,0
BRDA:2111,42,1,0
BRDA:2114,43,0,0
BRF:76
BRH:0
end_of_record
TN:
SF:src/functions/analytics/predictive-insights-engine.ts
FN:667,(anonymous_0)
FN:678,(anonymous_1)
FN:702,(anonymous_2)
FN:824,(anonymous_3)
FN:861,(anonymous_4)
FN:910,(anonymous_5)
FN:958,(anonymous_6)
FN:1003,(anonymous_7)
FN:1029,(anonymous_8)
FN:1031,(anonymous_9)
FN:1104,(anonymous_10)
FN:1109,(anonymous_11)
FN:1134,(anonymous_12)
FN:1173,(anonymous_13)
FN:1184,(anonymous_14)
FN:1187,(anonymous_15)
FN:1206,(anonymous_16)
FN:1228,(anonymous_17)
FN:1250,(anonymous_18)
FN:1281,(anonymous_19)
FN:1285,(anonymous_20)
FN:1306,(anonymous_21)
FN:1384,(anonymous_22)
FN:1421,(anonymous_23)
FN:1441,(anonymous_24)
FN:1520,(anonymous_25)
FN:1527,(anonymous_26)
FN:1532,(anonymous_27)
FN:1548,(anonymous_28)
FN:1551,(anonymous_29)
FN:1555,(anonymous_30)
FN:1556,(anonymous_31)
FN:1560,(anonymous_32)
FN:1563,(anonymous_33)
FN:1604,(anonymous_34)
FN:1607,(anonymous_35)
FN:1613,(anonymous_36)
FN:1615,(anonymous_37)
FN:1676,(anonymous_38)
FN:1722,(anonymous_39)
FN:1774,(anonymous_40)
FN:1808,(anonymous_41)
FN:1834,(anonymous_42)
FN:1863,(anonymous_43)
FN:1883,(anonymous_44)
FN:1919,(anonymous_45)
FN:1938,(anonymous_46)
FN:1961,(anonymous_47)
FN:2008,(anonymous_48)
FNF:49
FNH:0
FNDA:0,(anonymous_0)
FNDA:0,(anonymous_1)
FNDA:0,(anonymous_2)
FNDA:0,(anonymous_3)
FNDA:0,(anonymous_4)
FNDA:0,(anonymous_5)
FNDA:0,(anonymous_6)
FNDA:0,(anonymous_7)
FNDA:0,(anonymous_8)
FNDA:0,(anonymous_9)
FNDA:0,(anonymous_10)
FNDA:0,(anonymous_11)
FNDA:0,(anonymous_12)
FNDA:0,(anonymous_13)
FNDA:0,(anonymous_14)
FNDA:0,(anonymous_15)
FNDA:0,(anonymous_16)
FNDA:0,(anonymous_17)
FNDA:0,(anonymous_18)
FNDA:0,(anonymous_19)
FNDA:0,(anonymous_20)
FNDA:0,(anonymous_21)
FNDA:0,(anonymous_22)
FNDA:0,(anonymous_23)
FNDA:0,(anonymous_24)
FNDA:0,(anonymous_25)
FNDA:0,(anonymous_26)
FNDA:0,(anonymous_27)
FNDA:0,(anonymous_28)
FNDA:0,(anonymous_29)
FNDA:0,(anonymous_30)
FNDA:0,(anonymous_31)
FNDA:0,(anonymous_32)
FNDA:0,(anonymous_33)
FNDA:0,(anonymous_34)
FNDA:0,(anonymous_35)
FNDA:0,(anonymous_36)
FNDA:0,(anonymous_37)
FNDA:0,(anonymous_38)
FNDA:0,(anonymous_39)
FNDA:0,(anonymous_40)
FNDA:0,(anonymous_41)
FNDA:0,(anonymous_42)
FNDA:0,(anonymous_43)
FNDA:0,(anonymous_44)
FNDA:0,(anonymous_45)
FNDA:0,(anonymous_46)
FNDA:0,(anonymous_47)
FNDA:0,(anonymous_48)
DA:13,0
DA:14,0
DA:661,0
DA:662,0
DA:663,0
DA:664,0
DA:665,0
DA:668,0
DA:669,0
DA:670,0
DA:671,0
DA:672,0
DA:679,0
DA:685,0
DA:688,0
DA:691,0
DA:693,0
DA:703,0
DA:816,0
DA:817,0
DA:825,0
DA:827,0
DA:828,0
DA:831,0
DA:832,0
DA:834,0
DA:835,0
DA:838,0
DA:839,0
DA:842,0
DA:843,0
DA:845,0
DA:862,0
DA:863,0
DA:864,0
DA:866,0
DA:868,0
DA:870,0
DA:873,0
DA:876,0
DA:879,0
DA:880,0
DA:883,0
DA:886,0
DA:888,0
DA:892,0
DA:904,0
DA:911,0
DA:912,0
DA:913,0
DA:915,0
DA:917,0
DA:918,0
DA:921,0
DA:922,0
DA:923,0
DA:924,0
DA:925,0
DA:928,0
DA:931,0
DA:934,0
DA:936,0
DA:938,0
DA:952,0
DA:959,0
DA:960,0
DA:961,0
DA:963,0
DA:965,0
DA:966,0
DA:969,0
DA:970,0
DA:971,0
DA:972,0
DA:973,0
DA:976,0
DA:979,0
DA:980,0
DA:982,0
DA:984,0
DA:997,0
DA:1004,0
DA:1005,0
DA:1006,0
DA:1007,0
DA:1013,0
DA:1031,0
DA:1032,0
DA:1035,0
DA:1036,0
DA:1039,0
DA:1040,0
DA:1041,0
DA:1042,0
DA:1045,0
DA:1046,0
DA:1047,0
DA:1050,0
DA:1051,0
DA:1052,0
DA:1053,0
DA:1056,0
DA:1063,0
DA:1064,0
DA:1065,0
DA:1067,0
DA:1068,0
DA:1070,0
DA:1071,0
DA:1072,0
DA:1076,0
DA:1078,0
DA:1079,0
DA:1080,0
DA:1081,0
DA:1083,0
DA:1084,0
DA:1085,0
DA:1109,0
DA:1110,0
DA:1113,0
DA:1114,0
DA:1116,0
DA:1117,0
DA:1120,0
DA:1123,0
DA:1124,0
DA:1127,0
DA:1128,0
DA:1131,0
DA:1133,0
DA:1134,0
DA:1139,0
DA:1142,0
DA:1147,0
DA:1151,0
DA:1154,0
DA:1174,0
DA:1177,0
DA:1181,0
DA:1184,0
DA:1187,0
DA:1191,0
DA:1194,0
DA:1195,0
DA:1198,0
DA:1200,0
DA:1207,0
DA:1209,0
DA:1210,0
DA:1211,0
DA:1212,0
DA:1214,0
DA:1215,0
DA:1217,0
DA:1218,0
DA:1222,0
DA:1229,0
DA:1231,0
DA:1232,0
DA:1234,0
DA:1235,0
DA:1236,0
DA:1238,0
DA:1239,0
DA:1240,0
DA:1244,0
DA:1251,0
DA:1253,0
DA:1254,0
DA:1255,0
DA:1256,0
DA:1259,0
DA:1282,0
DA:1285,0
DA:1287,0
DA:1288,0
DA:1290,0
DA:1292,0
DA:1295,0
DA:1300,0
DA:1307,0
DA:1308,0
DA:1309,0
DA:1312,0
DA:1313,0
DA:1315,0
DA:1317,0
DA:1318,0
DA:1321,0
DA:1322,0
DA:1326,0
DA:1327,0
DA:1328,0
DA:1330,0
DA:1337,0
DA:1344,0
DA:1352,0
DA:1355,0
DA:1357,0
DA:1390,0
DA:1391,0
DA:1394,0
DA:1396,0
DA:1397,0
DA:1398,0
DA:1400,0
DA:1401,0
DA:1403,0
DA:1415,0
DA:1426,0
DA:1429,0
DA:1435,0
DA:1446,0
DA:1449,0
DA:1453,0
DA:1455,0
DA:1462,0
DA:1463,0
DA:1464,0
DA:1472,0
DA:1473,0
DA:1475,0
DA:1482,0
DA:1484,0
DA:1492,0
DA:1493,0
DA:1500,0
DA:1525,0
DA:1527,0
DA:1530,0
DA:1532,0
DA:1535,0
DA:1536,0
DA:1537,0
DA:1540,0
DA:1541,0
DA:1543,0
DA:1544,0
DA:1548,0
DA:1551,0
DA:1555,0
DA:1556,0
DA:1558,0
DA:1560,0
DA:1563,0
DA:1607,0
DA:1608,0
DA:1613,0
DA:1615,0
DA:1616,0
DA:1621,0
DA:1623,0
DA:1624,0
DA:1626,0
DA:1629,0
DA:1634,0
DA:1635,0
DA:1636,0
DA:1637,0
DA:1640,0
DA:1641,0
DA:1645,0
DA:1648,0
DA:1649,0
DA:1652,0
DA:1677,0
DA:1678,0
DA:1679,0
DA:1682,0
DA:1683,0
DA:1685,0
DA:1686,0
DA:1687,0
DA:1690,0
DA:1691,0
DA:1695,0
DA:1698,0
DA:1701,0
DA:1704,0
DA:1706,0
DA:1726,0
DA:1727,0
DA:1728,0
DA:1730,0
DA:1736,0
DA:1743,0
DA:1744,0
DA:1745,0
DA:1747,0
DA:1748,0
DA:1750,0
DA:1751,0
DA:1752,0
DA:1754,0
DA:1768,0
DA:1777,0
DA:1802,0
DA:1811,0
DA:1812,0
DA:1814,0
DA:1815,0
DA:1816,0
DA:1819,0
DA:1820,0
DA:1828,0
DA:1829,0
DA:1830,0
DA:1833,0
DA:1834,0
DA:1837,0
DA:1838,0
DA:1839,0
DA:1843,0
DA:1857,0
DA:1867,0
DA:1883,0
DA:1885,0
DA:1886,0
DA:1887,0
DA:1889,0
DA:1922,0
DA:1923,0
DA:1926,0
DA:1927,0
DA:1928,0
DA:1929,0
DA:1930,0
DA:1932,0
DA:1936,0
DA:1937,0
DA:1938,0
DA:1941,0
DA:1943,0
DA:1957,0
DA:1959,0
DA:1960,0
DA:1961,0
DA:1963,0
DA:1964,0
DA:1965,0
DA:1967,0
DA:1969,0
DA:1970,0
DA:1971,0
DA:1973,0
DA:1974,0
DA:1975,0
DA:1977,0
DA:1978,0
DA:1979,0
DA:1981,0
DA:1982,0
DA:1983,0
DA:1985,0
DA:1986,0
DA:1987,0
DA:1990,0
DA:1999,0
DA:2015,0
DA:2016,0
DA:2018,0
DA:2019,0
DA:2020,0
DA:2023,0
DA:2025,0
DA:2036,0
DA:2037,0
LF:368
LH:0
BRDA:680,0,0,0
BRDA:680,0,1,0
BRDA:827,1,0,0
BRDA:827,2,0,0
BRDA:827,2,1,0
BRDA:848,3,0,0
BRDA:848,3,1,0
BRDA:849,4,0,0
BRDA:849,4,1,0
BRDA:880,5,0,0
BRDA:880,5,1,0
BRDA:880,6,0,0
BRDA:880,6,1,0
BRDA:898,7,0,0
BRDA:898,7,1,0
BRDA:923,8,0,0
BRDA:924,9,0,0
BRDA:925,10,0,0
BRDA:925,11,0,0
BRDA:925,11,1,0
BRDA:934,12,0,0
BRDA:934,12,1,0
BRDA:944,13,0,0
BRDA:944,13,1,0
BRDA:971,14,0,0
BRDA:972,15,0,0
BRDA:973,16,0,0
BRDA:973,17,0,0
BRDA:973,17,1,0
BRDA:980,18,0,0
BRDA:980,18,1,0
BRDA:990,19,0,0
BRDA:990,19,1,0
BRDA:1016,20,0,0
BRDA:1016,20,1,0
BRDA:1017,21,0,0
BRDA:1017,21,1,0
BRDA:1035,22,0,0
BRDA:1047,23,0,0
BRDA:1064,24,0,0
BRDA:1064,24,1,0
BRDA:1076,25,0,0
BRDA:1120,26,0,0
BRDA:1120,26,1,0
BRDA:1131,27,0,0
BRDA:1131,27,1,0
BRDA:1174,28,0,0
BRDA:1198,29,0,0
BRDA:1198,29,1,0
BRDA:1200,30,0,0
BRDA:1200,30,1,0
BRDA:1207,31,0,0
BRDA:1207,32,0,0
BRDA:1207,32,1,0
BRDA:1214,33,0,0
BRDA:1214,33,1,0
BRDA:1215,34,0,0
BRDA:1218,35,0,0
BRDA:1229,36,0,0
BRDA:1229,37,0,0
BRDA:1229,37,1,0
BRDA:1238,38,0,0
BRDA:1244,39,0,0
BRDA:1244,39,1,0
BRDA:1251,40,0,0
BRDA:1251,41,0,0
BRDA:1251,41,1,0
BRDA:1282,42,0,0
BRDA:1282,43,0,0
BRDA:1282,43,1,0
BRDA:1300,44,0,0
BRDA:1300,44,1,0
BRDA:1308,45,0,0
BRDA:1312,46,0,0
BRDA:1312,46,1,0
BRDA:1315,47,0,0
BRDA:1315,48,0,0
BRDA:1315,48,1,0
BRDA:1321,49,0,0
BRDA:1358,50,0,0
BRDA:1358,50,1,0
BRDA:1361,51,0,0
BRDA:1361,51,1,0
BRDA:1458,52,0,0
BRDA:1458,52,1,0
BRDA:1463,53,0,0
BRDA:1463,54,0,0
BRDA:1463,54,1,0
BRDA:1473,55,0,0
BRDA:1473,56,0,0
BRDA:1473,56,1,0
BRDA:1482,57,0,0
BRDA:1482,58,0,0
BRDA:1482,58,1,0
BRDA:1492,59,0,0
BRDA:1548,60,0,0
BRDA:1548,60,1,0
BRDA:1551,61,0,0
BRDA:1551,61,1,0
BRDA:1621,62,0,0
BRDA:1621,62,1,0
BRDA:1624,63,0,0
BRDA:1624,63,1,0
BRDA:1629,64,0,0
BRDA:1629,64,1,0
BRDA:1645,65,0,0
BRDA:1645,66,0,0
BRDA:1645,66,1,0
BRDA:1678,67,0,0
BRDA:1682,68,0,0
BRDA:1682,68,1,0
BRDA:1685,69,0,0
BRDA:1685,70,0,0
BRDA:1685,70,1,0
BRDA:1690,71,0,0
BRDA:1707,72,0,0
BRDA:1707,72,1,0
BRDA:1802,73,0,0
BRDA:1802,73,1,0
BRDA:1896,74,0,0
BRDA:1896,74,1,0
BRDA:1897,75,0,0
BRDA:1897,75,1,0
BRDA:1898,76,0,0
BRDA:1898,76,1,0
BRDA:1901,77,0,0
BRDA:1901,77,1,0
BRDA:1902,78,0,0
BRDA:1902,78,1,0
BRDA:1903,79,0,0
BRDA:1903,79,1,0
BRDA:1904,80,0,0
BRDA:1904,80,1,0
BRDA:1929,81,0,0
BRDA:1967,82,0,0
BRDA:1967,82,1,0
BRDA:1967,82,2,0
BRDA:1967,82,3,0
BRDA:1967,82,4,0
BRDA:2023,83,0,0
BRDA:2023,83,1,0
BRDA:2026,84,0,0
BRDA:2026,84,1,0
BRDA:2026,85,0,0
BRDA:2026,85,1,0
BRF:145
BRH:0
end_of_record
TN:
SF:src/functions/analytics/real-time-benchmarking.ts
FN:313,(anonymous_0)
FN:325,(anonymous_1)
FN:353,(anonymous_2)
FN:362,(anonymous_3)
FN:386,(anonymous_4)
FN:416,(anonymous_5)
FN:429,(anonymous_6)
FN:439,(anonymous_7)
FN:457,(anonymous_8)
FN:466,(anonymous_9)
FN:520,(anonymous_10)
FN:579,(anonymous_11)
FN:579,(anonymous_12)
FN:593,(anonymous_13)
FN:611,(anonymous_14)
FN:619,(anonymous_15)
FN:627,(anonymous_16)
FN:643,(anonymous_17)
FN:644,(anonymous_18)
FN:714,(anonymous_19)
FN:753,(anonymous_20)
FN:808,(anonymous_21)
FN:810,(anonymous_22)
FN:831,(anonymous_23)
FN:870,(anonymous_24)
FN:872,(anonymous_25)
FN:885,(anonymous_26)
FN:887,(anonymous_27)
FN:900,(anonymous_28)
FN:902,(anonymous_29)
FN:923,(anonymous_30)
FN:937,(anonymous_31)
FN:947,(anonymous_32)
FN:951,(anonymous_33)
FN:961,(anonymous_34)
FN:973,(anonymous_35)
FN:974,(anonymous_36)
FN:978,(anonymous_37)
FN:980,(anonymous_38)
FN:1032,(anonymous_39)
FN:1074,(anonymous_40)
FN:1160,(anonymous_41)
FN:1275,(anonymous_42)
FN:1334,(anonymous_43)
FN:1379,(anonymous_44)
FN:1393,(anonymous_45)
FN:1411,(anonymous_46)
FN:1412,(anonymous_47)
FN:1413,(anonymous_48)
FN:1415,(anonymous_49)
FN:1416,(anonymous_50)
FN:1428,(anonymous_51)
FN:1439,(anonymous_52)
FN:1442,(anonymous_53)
FN:1485,(anonymous_54)
FN:1495,(anonymous_55)
FN:1498,(anonymous_56)
FN:1504,(anonymous_57)
FN:1517,(anonymous_58)
FN:1533,(anonymous_59)
FN:1549,(anonymous_60)
FN:1557,(anonymous_61)
FN:1565,(anonymous_62)
FNF:63
FNH:0
FNDA:0,(anonymous_0)
FNDA:0,(anonymous_1)
FNDA:0,(anonymous_2)
FNDA:0,(anonymous_3)
FNDA:0,(anonymous_4)
FNDA:0,(anonymous_5)
FNDA:0,(anonymous_6)
FNDA:0,(anonymous_7)
FNDA:0,(anonymous_8)
FNDA:0,(anonymous_9)
FNDA:0,(anonymous_10)
FNDA:0,(anonymous_11)
FNDA:0,(anonymous_12)
FNDA:0,(anonymous_13)
FNDA:0,(anonymous_14)
FNDA:0,(anonymous_15)
FNDA:0,(anonymous_16)
FNDA:0,(anonymous_17)
FNDA:0,(anonymous_18)
FNDA:0,(anonymous_19)
FNDA:0,(anonymous_20)
FNDA:0,(anonymous_21)
FNDA:0,(anonymous_22)
FNDA:0,(anonymous_23)
FNDA:0,(anonymous_24)
FNDA:0,(anonymous_25)
FNDA:0,(anonymous_26)
FNDA:0,(anonymous_27)
FNDA:0,(anonymous_28)
FNDA:0,(anonymous_29)
FNDA:0,(anonymous_30)
FNDA:0,(anonymous_31)
FNDA:0,(anonymous_32)
FNDA:0,(anonymous_33)
FNDA:0,(anonymous_34)
FNDA:0,(anonymous_35)
FNDA:0,(anonymous_36)
FNDA:0,(anonymous_37)
FNDA:0,(anonymous_38)
FNDA:0,(anonymous_39)
FNDA:0,(anonymous_40)
FNDA:0,(anonymous_41)
FNDA:0,(anonymous_42)
FNDA:0,(anonymous_43)
FNDA:0,(anonymous_44)
FNDA:0,(anonymous_45)
FNDA:0,(anonymous_46)
FNDA:0,(anonymous_47)
FNDA:0,(anonymous_48)
FNDA:0,(anonymous_49)
FNDA:0,(anonymous_50)
FNDA:0,(anonymous_51)
FNDA:0,(anonymous_52)
FNDA:0,(anonymous_53)
FNDA:0,(anonymous_54)
FNDA:0,(anonymous_55)
FNDA:0,(anonymous_56)
FNDA:0,(anonymous_57)
FNDA:0,(anonymous_58)
FNDA:0,(anonymous_59)
FNDA:0,(anonymous_60)
FNDA:0,(anonymous_61)
FNDA:0,(anonymous_62)
DA:13,0
DA:14,0
DA:306,0
DA:307,0
DA:308,0
DA:309,0
DA:310,0
DA:311,0
DA:314,0
DA:315,0
DA:316,0
DA:317,0
DA:318,0
DA:319,0
DA:326,0
DA:332,0
DA:335,0
DA:338,0
DA:341,0
DA:343,0
DA:354,0
DA:355,0
DA:359,0
DA:361,0
DA:362,0
DA:363,0
DA:364,0
DA:366,0
DA:367,0
DA:369,0
DA:373,0
DA:374,0
DA:376,0
DA:377,0
DA:379,0
DA:386,0
DA:391,0
DA:396,0
DA:397,0
DA:398,0
DA:399,0
DA:400,0
DA:402,0
DA:405,0
DA:406,0
DA:408,0
DA:416,0
DA:421,0
DA:430,0
DA:431,0
DA:432,0
DA:433,0
DA:440,0
DA:442,0
DA:444,0
DA:446,0
DA:448,0
DA:450,0
DA:459,0
DA:460,0
DA:469,0
DA:470,0
DA:479,0
DA:480,0
DA:481,0
DA:482,0
DA:483,0
DA:484,0
DA:486,0
DA:487,0
DA:488,0
DA:489,0
DA:490,0
DA:491,0
DA:492,0
DA:493,0
DA:494,0
DA:498,0
DA:499,0
DA:508,0
DA:523,0
DA:524,0
DA:538,0
DA:540,0
DA:541,0
DA:542,0
DA:543,0
DA:553,0
DA:554,0
DA:563,0
DA:570,0
DA:578,0
DA:579,0
DA:581,0
DA:582,0
DA:583,0
DA:584,0
DA:587,0
DA:594,0
DA:596,0
DA:597,0
DA:598,0
DA:600,0
DA:601,0
DA:604,0
DA:605,0
DA:618,0
DA:619,0
DA:620,0
DA:621,0
DA:623,0
DA:626,0
DA:627,0
DA:628,0
DA:631,0
DA:632,0
DA:633,0
DA:636,0
DA:642,0
DA:643,0
DA:644,0
DA:646,0
DA:648,0
DA:651,0
DA:652,0
DA:655,0
DA:662,0
DA:663,0
DA:664,0
DA:665,0
DA:668,0
DA:675,0
DA:676,0
DA:677,0
DA:680,0
DA:684,0
DA:685,0
DA:686,0
DA:688,0
DA:690,0
DA:698,0
DA:707,0
DA:716,0
DA:726,0
DA:740,0
DA:754,0
DA:802,0
DA:810,0
DA:811,0
DA:812,0
DA:813,0
DA:814,0
DA:816,0
DA:832,0
DA:835,0
DA:858,0
DA:859,0
DA:860,0
DA:861,0
DA:870,0
DA:872,0
DA:885,0
DA:887,0
DA:900,0
DA:902,0
DA:910,0
DA:914,0
DA:924,0
DA:925,0
DA:928,0
DA:929,0
DA:930,0
DA:931,0
DA:938,0
DA:941,0
DA:942,0
DA:943,0
DA:947,0
DA:948,0
DA:949,0
DA:951,0
DA:955,0
DA:965,0
DA:968,0
DA:971,0
DA:972,0
DA:973,0
DA:974,0
DA:976,0
DA:978,0
DA:979,0
DA:980,0
DA:984,0
DA:986,0
DA:988,0
DA:1023,0
DA:1024,0
DA:1026,0
DA:1035,0
DA:1036,0
DA:1038,0
DA:1039,0
DA:1042,0
DA:1050,0
DA:1051,0
DA:1068,0
DA:1078,0
DA:1081,0
DA:1082,0
DA:1083,0
DA:1084,0
DA:1085,0
DA:1089,0
DA:1092,0
DA:1093,0
DA:1095,0
DA:1097,0
DA:1098,0
DA:1100,0
DA:1101,0
DA:1103,0
DA:1104,0
DA:1106,0
DA:1107,0
DA:1109,0
DA:1110,0
DA:1113,0
DA:1114,0
DA:1116,0
DA:1118,0
DA:1154,0
DA:1164,0
DA:1259,0
DA:1260,0
DA:1280,0
DA:1282,0
DA:1317,0
DA:1318,0
DA:1339,0
DA:1340,0
DA:1357,0
DA:1380,0
DA:1382,0
DA:1383,0
DA:1384,0
DA:1387,0
DA:1401,0
DA:1403,0
DA:1405,0
DA:1406,0
DA:1408,0
DA:1409,0
DA:1411,0
DA:1412,0
DA:1413,0
DA:1415,0
DA:1416,0
DA:1419,0
DA:1428,0
DA:1439,0
DA:1442,0
DA:1459,0
DA:1490,0
DA:1491,0
DA:1494,0
DA:1495,0
DA:1498,0
DA:1507,0
DA:1508,0
DA:1509,0
DA:1510,0
DA:1511,0
DA:1518,0
DA:1519,0
DA:1521,0
DA:1522,0
DA:1523,0
DA:1524,0
DA:1525,0
DA:1527,0
DA:1534,0
DA:1535,0
DA:1537,0
DA:1538,0
DA:1539,0
DA:1540,0
DA:1541,0
DA:1543,0
DA:1551,0
DA:1564,0
DA:1565,0
DA:1569,0
DA:1580,0
DA:1581,0
LF:294
LH:0
BRDA:327,0,0,0
BRDA:327,0,1,0
BRDA:354,1,0,0
BRDA:354,2,0,0
BRDA:354,2,1,0
BRDA:362,3,0,0
BRDA:362,3,1,0
BRDA:363,4,0,0
BRDA:363,4,1,0
BRDA:366,5,0,0
BRDA:374,6,0,0
BRDA:398,7,0,0
BRDA:398,7,1,0
BRDA:399,8,0,0
BRDA:406,9,0,0
BRDA:430,10,0,0
BRDA:431,11,0,0
BRDA:432,12,0,0
BRDA:440,13,0,0
BRDA:440,13,1,0
BRDA:440,13,2,0
BRDA:440,13,3,0
BRDA:440,13,4,0
BRDA:459,14,0,0
BRDA:459,14,1,0
BRDA:469,15,0,0
BRDA:469,16,0,0
BRDA:469,16,1,0
BRDA:488,17,0,0
BRDA:498,18,0,0
BRDA:523,19,0,0
BRDA:523,20,0,0
BRDA:523,20,1,0
BRDA:542,21,0,0
BRDA:553,22,0,0
BRDA:594,23,0,0
BRDA:600,24,0,0
BRDA:619,25,0,0
BRDA:619,25,1,0
BRDA:620,26,0,0
BRDA:620,26,1,0
BRDA:621,27,0,0
BRDA:621,27,1,0
BRDA:623,28,0,0
BRDA:628,29,0,0
BRDA:628,29,1,0
BRDA:644,30,0,0
BRDA:644,30,1,0
BRDA:646,31,0,0
BRDA:646,31,1,0
BRDA:648,32,0,0
BRDA:648,32,1,0
BRDA:701,33,0,0
BRDA:701,33,1,0
BRDA:702,34,0,0
BRDA:702,34,1,0
BRDA:818,35,0,0
BRDA:818,35,1,0
BRDA:819,36,0,0
BRDA:819,36,1,0
BRDA:860,37,0,0
BRDA:928,38,0,0
BRDA:928,39,0,0
BRDA:928,39,1,0
BRDA:929,40,0,0
BRDA:929,41,0,0
BRDA:929,41,1,0
BRDA:930,42,0,0
BRDA:930,43,0,0
BRDA:930,43,1,0
BRDA:948,44,0,0
BRDA:976,45,0,0
BRDA:984,46,0,0
BRDA:984,46,1,0
BRDA:986,47,0,0
BRDA:993,48,0,0
BRDA:993,48,1,0
BRDA:994,49,0,0
BRDA:994,49,1,0
BRDA:994,50,0,0
BRDA:994,50,1,0
BRDA:1083,51,0,0
BRDA:1089,52,0,0
BRDA:1095,53,0,0
BRDA:1095,53,1,0
BRDA:1095,53,2,0
BRDA:1095,53,3,0
BRDA:1095,53,4,0
BRDA:1114,54,0,0
BRDA:1114,54,1,0
BRDA:1116,55,0,0
BRDA:1124,56,0,0
BRDA:1124,56,1,0
BRDA:1124,57,0,0
BRDA:1124,57,1,0
BRDA:1259,58,0,0
BRDA:1259,58,1,0
BRDA:1261,59,0,0
BRDA:1261,59,1,0
BRDA:1280,60,0,0
BRDA:1280,60,1,0
BRDA:1280,61,0,0
BRDA:1280,61,1,0
BRDA:1317,62,0,0
BRDA:1317,62,1,0
BRDA:1319,63,0,0
BRDA:1319,63,1,0
BRDA:1339,64,0,0
BRDA:1339,64,1,0
BRDA:1408,65,0,0
BRDA:1411,66,0,0
BRDA:1411,66,1,0
BRDA:1412,67,0,0
BRDA:1412,67,1,0
BRDA:1413,68,0,0
BRDA:1413,68,1,0
BRDA:1415,69,0,0
BRDA:1415,69,1,0
BRDA:1416,70,0,0
BRDA:1416,70,1,0
BRDA:1490,71,0,0
BRDA:1490,72,0,0
BRDA:1490,72,1,0
BRDA:1508,73,0,0
BRDA:1509,74,0,0
BRDA:1510,75,0,0
BRDA:1521,76,0,0
BRDA:1522,77,0,0
BRDA:1523,78,0,0
BRDA:1524,79,0,0
BRDA:1525,80,0,0
BRDA:1527,81,0,0
BRDA:1527,81,1,0
BRDA:1537,82,0,0
BRDA:1538,83,0,0
BRDA:1539,84,0,0
BRDA:1540,85,0,0
BRDA:1541,86,0,0
BRDA:1543,87,0,0
BRDA:1543,87,1,0
BRF:140
BRH:0
end_of_record
TN:
SF:src/functions/analytics/revenue-optimization-analyzer.ts
FN:534,(anonymous_0)
FN:546,(anonymous_1)
FN:549,(anonymous_2)
FN:557,(anonymous_3)
FN:559,(anonymous_4)
FN:566,(anonymous_5)
FN:575,(anonymous_6)
FN:631,(anonymous_7)
FN:850,(anonymous_8)
FN:929,(anonymous_9)
FN:986,(anonymous_10)
FN:1033,(anonymous_11)
FN:1071,(anonymous_12)
FN:1115,(anonymous_13)
FN:1169,(anonymous_14)
FN:1194,(anonymous_15)
FN:1232,(anonymous_16)
FN:1240,(anonymous_17)
FN:1244,(anonymous_18)
FN:1261,(anonymous_19)
FN:1280,(anonymous_20)
FN:1314,(anonymous_21)
FN:1349,(anonymous_22)
FN:1349,(anonymous_23)
FN:1694,(anonymous_24)
FN:1730,(anonymous_25)
FN:1733,(anonymous_26)
FN:1734,(anonymous_27)
FN:1776,(anonymous_28)
FN:1783,(anonymous_29)
FN:1797,(anonymous_30)
FN:1800,(anonymous_31)
FN:1802,(anonymous_32)
FN:1844,(anonymous_33)
FN:1851,(anonymous_34)
FN:1859,(anonymous_35)
FN:1871,(anonymous_36)
FN:1919,(anonymous_37)
FN:1974,(anonymous_38)
FN:1999,(anonymous_39)
FN:2004,(anonymous_40)
FN:2014,(anonymous_41)
FN:2037,(anonymous_42)
FN:2047,(anonymous_43)
FN:2083,(anonymous_44)
FN:2111,(anonymous_45)
FN:2250,(anonymous_46)
FN:2283,(anonymous_47)
FN:2379,(anonymous_48)
FN:2453,handleGetRequest
FN:2545,handlePostRequest
FN:2584,(anonymous_51)
FNF:52
FNH:0
FNDA:0,(anonymous_0)
FNDA:0,(anonymous_1)
FNDA:0,(anonymous_2)
FNDA:0,(anonymous_3)
FNDA:0,(anonymous_4)
FNDA:0,(anonymous_5)
FNDA:0,(anonymous_6)
FNDA:0,(anonymous_7)
FNDA:0,(anonymous_8)
FNDA:0,(anonymous_9)
FNDA:0,(anonymous_10)
FNDA:0,(anonymous_11)
FNDA:0,(anonymous_12)
FNDA:0,(anonymous_13)
FNDA:0,(anonymous_14)
FNDA:0,(anonymous_15)
FNDA:0,(anonymous_16)
FNDA:0,(anonymous_17)
FNDA:0,(anonymous_18)
FNDA:0,(anonymous_19)
FNDA:0,(anonymous_20)
FNDA:0,(anonymous_21)
FNDA:0,(anonymous_22)
FNDA:0,(anonymous_23)
FNDA:0,(anonymous_24)
FNDA:0,(anonymous_25)
FNDA:0,(anonymous_26)
FNDA:0,(anonymous_27)
FNDA:0,(anonymous_28)
FNDA:0,(anonymous_29)
FNDA:0,(anonymous_30)
FNDA:0,(anonymous_31)
FNDA:0,(anonymous_32)
FNDA:0,(anonymous_33)
FNDA:0,(anonymous_34)
FNDA:0,(anonymous_35)
FNDA:0,(anonymous_36)
FNDA:0,(anonymous_37)
FNDA:0,(anonymous_38)
FNDA:0,(anonymous_39)
FNDA:0,(anonymous_40)
FNDA:0,(anonymous_41)
FNDA:0,(anonymous_42)
FNDA:0,(anonymous_43)
FNDA:0,(anonymous_44)
FNDA:0,(anonymous_45)
FNDA:0,(anonymous_46)
FNDA:0,(anonymous_47)
FNDA:0,(anonymous_48)
FNDA:0,handleGetRequest
FNDA:0,handlePostRequest
FNDA:0,(anonymous_51)
DA:14,0
DA:15,0
DA:16,0
DA:22,0
DA:27,0
DA:30,0
DA:47,0
DA:529,0
DA:530,0
DA:531,0
DA:532,0
DA:535,0
DA:536,0
DA:537,0
DA:538,0
DA:540,0
DA:548,0
DA:550,0
DA:551,0
DA:556,0
DA:559,0
DA:560,0
DA:565,0
DA:567,0
DA:579,0
DA:581,0
DA:582,0
DA:585,0
DA:614,0
DA:631,0
DA:633,0
DA:844,0
DA:856,0
DA:858,0
DA:861,0
DA:864,0
DA:867,0
DA:875,0
DA:881,0
DA:922,0
DA:923,0
DA:934,0
DA:990,0
DA:991,0
DA:992,0
DA:993,0
DA:995,0
DA:1039,0
DA:1042,0
DA:1043,0
DA:1045,0
DA:1071,0
DA:1088,0
DA:1089,0
DA:1091,0
DA:1115,0
DA:1131,0
DA:1132,0
DA:1134,0
DA:1136,0
DA:1169,0
DA:1188,0
DA:1202,0
DA:1203,0
DA:1204,0
DA:1207,0
DA:1208,0
DA:1210,0
DA:1211,0
DA:1215,0
DA:1216,0
DA:1217,0
DA:1218,0
DA:1220,0
DA:1221,0
DA:1222,0
DA:1226,0
DA:1237,0
DA:1240,0
DA:1241,0
DA:1244,0
DA:1245,0
DA:1249,0
DA:1261,0
DA:1264,0
DA:1265,0
DA:1279,0
DA:1280,0
DA:1284,0
DA:1285,0
DA:1297,0
DA:1308,0
DA:1318,0
DA:1320,0
DA:1321,0
DA:1324,0
DA:1348,0
DA:1349,0
DA:1354,0
DA:1688,0
DA:1698,0
DA:1700,0
DA:1701,0
DA:1704,0
DA:1728,0
DA:1729,0
DA:1731,0
DA:1734,0
DA:1741,0
DA:1748,0
DA:1751,0
DA:1754,0
DA:1756,0
DA:1770,0
DA:1782,0
DA:1784,0
DA:1785,0
DA:1786,0
DA:1787,0
DA:1792,0
DA:1794,0
DA:1795,0
DA:1796,0
DA:1798,0
DA:1801,0
DA:1802,0
DA:1808,0
DA:1838,0
DA:1848,0
DA:1850,0
DA:1851,0
DA:1859,0
DA:1872,0
DA:1922,0
DA:1923,0
DA:1975,0
DA:1976,0
DA:1978,0
DA:1980,0
DA:1981,0
DA:1983,0
DA:1984,0
DA:1986,0
DA:1987,0
DA:1989,0
DA:1990,0
DA:1991,0
DA:1993,0
DA:1996,0
DA:2001,0
DA:2005,0
DA:2011,0
DA:2017,0
DA:2018,0
DA:2038,0
DA:2044,0
DA:2055,0
DA:2087,0
DA:2089,0
DA:2090,0
DA:2091,0
DA:2092,0
DA:2094,0
DA:2111,0
DA:2250,0
DA:2283,0
DA:2365,0
DA:2370,0
DA:2379,0
DA:2383,0
DA:2384,0
DA:2386,0
DA:2387,0
DA:2394,0
DA:2395,0
DA:2396,0
DA:2405,0
DA:2408,0
DA:2412,0
DA:2419,0
DA:2420,0
DA:2421,0
DA:2423,0
DA:2426,0
DA:2427,0
DA:2428,0
DA:2429,0
DA:2432,0
DA:2435,0
DA:2438,0
DA:2441,0
DA:2446,0
DA:2459,0
DA:2461,0
DA:2463,0
DA:2465,0
DA:2468,0
DA:2470,0
DA:2475,0
DA:2480,0
DA:2484,0
DA:2488,0
DA:2490,0
DA:2493,0
DA:2495,0
DA:2500,0
DA:2505,0
DA:2509,0
DA:2513,0
DA:2515,0
DA:2518,0
DA:2520,0
DA:2525,0
DA:2530,0
DA:2534,0
DA:2538,0
DA:2551,0
DA:2553,0
DA:2554,0
DA:2557,0
DA:2559,0
DA:2561,0
DA:2562,0
DA:2564,0
DA:2571,0
DA:2576,0
DA:2582,0
DA:2583,0
DA:2584,0
DA:2588,0
DA:2592,0
DA:2593,0
DA:2594,0
DA:2595,0
DA:2597,0
DA:2602,0
DA:2607,0
DA:2612,0
DA:2616,0
DA:2621,0
DA:2622,0
LF:241
LH:0
BRDA:577,0,0,0
BRDA:589,1,0,0
BRDA:589,1,1,0
BRDA:617,2,0,0
BRDA:617,2,1,0
BRDA:1001,3,0,0
BRDA:1001,3,1,0
BRDA:1142,4,0,0
BRDA:1142,4,1,0
BRDA:1145,5,0,0
BRDA:1145,5,1,0
BRDA:1150,6,0,0
BRDA:1150,6,1,0
BRDA:1153,7,0,0
BRDA:1153,7,1,0
BRDA:1154,8,0,0
BRDA:1154,8,1,0
BRDA:1174,9,0,0
BRDA:1174,9,1,0
BRDA:1220,10,0,0
BRDA:1241,11,0,0
BRDA:1241,11,1,0
BRDA:1245,12,0,0
BRDA:1245,12,1,0
BRDA:1250,13,0,0
BRDA:1250,13,1,0
BRDA:1264,14,0,0
BRDA:1284,15,0,0
BRDA:1316,16,0,0
BRDA:1327,17,0,0
BRDA:1327,17,1,0
BRDA:1696,18,0,0
BRDA:1707,19,0,0
BRDA:1707,19,1,0
BRDA:1782,20,0,0
BRDA:1782,20,1,0
BRDA:1784,21,0,0
BRDA:1784,21,1,0
BRDA:1785,22,0,0
BRDA:1922,23,0,0
BRDA:1922,23,1,0
BRDA:1978,24,0,0
BRDA:1978,24,1,0
BRDA:1978,24,2,0
BRDA:1978,24,3,0
BRDA:1978,24,4,0
BRDA:2011,25,0,0
BRDA:2011,25,1,0
BRDA:2044,26,0,0
BRDA:2044,26,1,0
BRDA:2085,27,0,0
BRDA:2285,28,0,0
BRDA:2285,28,1,0
BRDA:2395,29,0,0
BRDA:2398,30,0,0
BRDA:2398,30,1,0
BRDA:2400,31,0,0
BRDA:2400,31,1,0
BRDA:2408,32,0,0
BRDA:2409,33,0,0
BRDA:2409,33,1,0
BRDA:2423,34,0,0
BRDA:2423,34,1,0
BRDA:2423,34,2,0
BRDA:2427,35,0,0
BRDA:2427,35,1,0
BRDA:2428,36,0,0
BRDA:2443,37,0,0
BRDA:2443,37,1,0
BRDA:2461,38,0,0
BRDA:2461,38,1,0
BRDA:2461,38,2,0
BRDA:2461,38,3,0
BRDA:2465,39,0,0
BRDA:2465,39,1,0
BRDA:2468,40,0,0
BRDA:2468,40,1,0
BRDA:2482,41,0,0
BRDA:2482,41,1,0
BRDA:2490,42,0,0
BRDA:2490,42,1,0
BRDA:2493,43,0,0
BRDA:2493,43,1,0
BRDA:2507,44,0,0
BRDA:2507,44,1,0
BRDA:2515,45,0,0
BRDA:2515,45,1,0
BRDA:2518,46,0,0
BRDA:2518,46,1,0
BRDA:2532,47,0,0
BRDA:2532,47,1,0
BRDA:2553,48,0,0
BRDA:2559,49,0,0
BRDA:2559,49,1,0
BRDA:2559,49,2,0
BRDA:2578,50,0,0
BRDA:2578,50,1,0
BRDA:2582,51,0,0
BRDA:2594,52,0,0
BRDA:2594,52,1,0
BRDA:2595,53,0,0
BRDA:2595,53,1,0
BRDA:2609,54,0,0
BRDA:2609,54,1,0
BRF:104
BRH:0
end_of_record
TN:
SF:src/functions/analytics/strategic-insights-generator.ts
FN:615,(anonymous_0)
FN:626,(anonymous_1)
FN:885,(anonymous_2)
FN:887,(anonymous_3)
FN:896,(anonymous_4)
FN:902,(anonymous_5)
FN:1189,(anonymous_6)
FN:1661,(anonymous_7)
FN:2003,(anonymous_8)
FN:2300,(anonymous_9)
FN:2795,(anonymous_10)
FN:2798,(anonymous_11)
FN:2807,(anonymous_12)
FN:2897,(anonymous_13)
FN:2972,handleGetRequest
FN:3162,handlePostRequest
FN:3205,(anonymous_16)
FN:3273,(anonymous_17)
FNF:18
FNH:0
FNDA:0,(anonymous_0)
FNDA:0,(anonymous_1)
FNDA:0,(anonymous_2)
FNDA:0,(anonymous_3)
FNDA:0,(anonymous_4)
FNDA:0,(anonymous_5)
FNDA:0,(anonymous_6)
FNDA:0,(anonymous_7)
FNDA:0,(anonymous_8)
FNDA:0,(anonymous_9)
FNDA:0,(anonymous_10)
FNDA:0,(anonymous_11)
FNDA:0,(anonymous_12)
FNDA:0,(anonymous_13)
FNDA:0,handleGetRequest
FNDA:0,handlePostRequest
FNDA:0,(anonymous_16)
FNDA:0,(anonymous_17)
DA:15,0
DA:16,0
DA:17,0
DA:23,0
DA:28,0
DA:32,0
DA:50,0
DA:58,0
DA:609,0
DA:610,0
DA:611,0
DA:612,0
DA:613,0
DA:616,0
DA:617,0
DA:618,0
DA:619,0
DA:620,0
DA:631,0
DA:638,0
DA:884,0
DA:885,0
DA:886,0
DA:888,0
DA:896,0
DA:906,0
DA:911,0
DA:1193,0
DA:1198,0
DA:1665,0
DA:1670,0
DA:2008,0
DA:2014,0
DA:2304,0
DA:2309,0
DA:2794,0
DA:2795,0
DA:2798,0
DA:2799,0
DA:2800,0
DA:2824,0
DA:2836,0
DA:2851,0
DA:2878,0
DA:2897,0
DA:2901,0
DA:2902,0
DA:2904,0
DA:2905,0
DA:2912,0
DA:2913,0
DA:2914,0
DA:2923,0
DA:2926,0
DA:2930,0
DA:2937,0
DA:2938,0
DA:2939,0
DA:2941,0
DA:2944,0
DA:2945,0
DA:2946,0
DA:2947,0
DA:2950,0
DA:2953,0
DA:2956,0
DA:2959,0
DA:2965,0
DA:2978,0
DA:2980,0
DA:2982,0
DA:2983,0
DA:2984,0
DA:2986,0
DA:2991,0
DA:3002,0
DA:3006,0
DA:3010,0
DA:3011,0
DA:3012,0
DA:3013,0
DA:3015,0
DA:3021,0
DA:3033,0
DA:3037,0
DA:3041,0
DA:3042,0
DA:3043,0
DA:3045,0
DA:3050,0
DA:3061,0
DA:3065,0
DA:3069,0
DA:3070,0
DA:3071,0
DA:3073,0
DA:3078,0
DA:3089,0
DA:3093,0
DA:3097,0
DA:3098,0
DA:3099,0
DA:3101,0
DA:3106,0
DA:3117,0
DA:3121,0
DA:3125,0
DA:3126,0
DA:3129,0
DA:3131,0
DA:3136,0
DA:3147,0
DA:3151,0
DA:3155,0
DA:3168,0
DA:3170,0
DA:3171,0
DA:3174,0
DA:3176,0
DA:3178,0
DA:3179,0
DA:3181,0
DA:3187,0
DA:3198,0
DA:3204,0
DA:3205,0
DA:3208,0
DA:3212,0
DA:3213,0
DA:3217,0
DA:3219,0
DA:3224,0
DA:3227,0
DA:3231,0
DA:3234,0
DA:3238,0
DA:3241,0
DA:3245,0
DA:3248,0
DA:3255,0
DA:3266,0
DA:3272,0
DA:3273,0
DA:3276,0
DA:3280,0
DA:3285,0
DA:3288,0
DA:3289,0
LF:148
LH:0
[...]
BRDA:402,54,1,0
BRDA:413,55,0,0
BRDA:424,56,0,0
BRDA:424,56,1,0
BRDA:425,57,0,0
BRDA:425,57,1,0
BRDA:426,58,0,0
BRDA:426,58,1,0
BRDA:428,59,0,0
BRDA:428,59,1,0
BRDA:444,60,0,0
BRDA:444,60,1,0
BRDA:448,61,0,0
BRDA:448,61,1,0
BRDA:458,62,0,0
BRDA:458,63,0,0
BRDA:458,63,1,0
BRDA:476,64,0,0
BRDA:490,65,0,0
BRDA:502,66,0,0
BRDA:502,66,1,0
BRDA:503,67,0,0
BRDA:503,67,1,0
BRDA:504,68,0,0
BRDA:504,68,1,0
BRDA:527,69,0,0
BRDA:527,69,1,0
BRDA:528,70,0,0
BRDA:528,70,1,0
BRDA:531,71,0,0
BRDA:531,71,1,0
BRDA:539,72,0,0
BRDA:539,72,1,0
BRDA:567,73,0,0
BRDA:567,74,0,0
BRDA:567,74,1,0
BRDA:570,75,0,0
BRDA:570,75,1,0
BRDA:580,76,0,0
BRDA:580,76,1,0
BRDA:589,77,0,0
BRDA:600,78,0,0
BRDA:600,78,1,0
BRDA:616,79,0,0
BRDA:616,79,1,0
BRDA:618,80,0,0
BRDA:618,80,1,0
BRDA:638,81,0,0
BRDA:638,81,1,0
BRDA:651,82,0,0
BRDA:651,83,0,0
BRDA:651,83,1,0
BRDA:668,84,0,0
BRDA:668,85,0,0
BRDA:668,85,1,0
BRDA:684,86,0,0
BRDA:684,87,0,0
BRDA:684,87,1,0
BRDA:699,88,0,0
BRDA:699,89,0,0
BRDA:699,89,1,0
BRDA:703,90,0,0
BRDA:703,90,1,0
BRDA:710,91,0,0
BRDA:715,92,0,0
BRDA:715,92,1,0
BRDA:723,93,0,0
BRDA:739,94,0,0
BRDA:739,94,1,0
BRDA:755,95,0,0
BRDA:755,95,1,0
BRDA:759,96,0,0
BRDA:759,96,1,0
BRDA:771,97,0,0
BRDA:771,98,0,0
BRDA:771,98,1,0
BRDA:783,99,0,0
BRDA:783,99,1,0
BRDA:789,100,0,0
BRDA:789,100,1,0
BRDA:811,101,0,0
BRDA:811,101,1,0
BRDA:811,102,0,0
BRDA:811,102,1,0
BRDA:839,103,0,0
BRDA:839,103,1,0
BRF:172
BRH:0
end_of_record
TN:
SF:src/shared/logger.service.ts
FN:8,(anonymous_0)
FN:8,(anonymous_1)
FN:8,(anonymous_2)
FN:14,(anonymous_3)
FN:16,(anonymous_4)
FN:23,(anonymous_5)
FN:27,(anonymous_6)
FN:31,(anonymous_7)
FN:35,(anonymous_8)
FN:39,(anonymous_9)
FN:43,(anonymous_10)
FNF:11
FNH:4
FNDA:296,(anonymous_0)
FNDA:0,(anonymous_1)
FNDA:0,(anonymous_2)
FNDA:1,(anonymous_3)
FNDA:21,(anonymous_4)
FNDA:21,(anonymous_5)
FNDA:0,(anonymous_6)
FNDA:0,(anonymous_7)
FNDA:0,(anonymous_8)
FNDA:0,(anonymous_9)
FNDA:0,(anonymous_10)
DA:6,8
DA:8,304
DA:11,8
DA:17,21
DA:18,1
DA:20,21
DA:24,21
DA:28,0
DA:32,0
DA:36,0
DA:40,0
DA:44,0
LF:12
LH:7
BRDA:17,0,0,1
BRF:1
BRH:1
end_of_record
TN:
SF:src/shared/response.utils.ts
FN:20,successResponse
FN:47,errorResponse
FN:80,validationErrorResponse
FN:91,notFoundResponse
FN:99,unauthorizedResponse
FN:107,serverErrorResponse
FN:123,handleError
FNF:7
FNH:2
FNDA:18,successResponse
FNDA:146,errorResponse
FNDA:0,validationErrorResponse
FNDA:0,notFoundResponse
FNDA:0,unauthorizedResponse
FNDA:0,serverErrorResponse
FNDA:0,handleError
DA:20,4
DA:28,18
DA:36,18
DA:47,4
DA:57,146
DA:69,146
DA:80,4
DA:88,0
DA:91,4
DA:96,0
DA:99,4
DA:104,0
DA:107,4
DA:112,0
DA:123,4
DA:133,0
DA:134,0
DA:136,0
DA:140,4
DA:141,4
LF:20
LH:13
BRDA:22,0,0,9
BRDA:50,1,0,0
BRDA:91,2,0,0
BRDA:99,3,0,0
BRDA:114,4,0,0
BRDA:114,4,1,0
BRDA:116,5,0,0
BRDA:116,5,1,0
BRDA:133,6,0,0
BRDA:136,7,0,0
BRDA:136,7,1,0
BRDA:136,8,0,0
BRDA:136,8,1,0
BRF:13
BRH:1
end_of_record
TN:
SF:src/shared/validation.service.ts
FN:6,(anonymous_0)
FN:6,(anonymous_1)
FNF:2
FNH:0
FNDA:0,(anonymous_0)
FNDA:0,(anonymous_1)
DA:6,0
LF:1
LH:0
BRF:0
BRH:0
end_of_record
TN:
SF:src/shared/middleware/auth.ts
FN:60,(anonymous_0)
FN:166,(anonymous_1)
FN:330,(anonymous_2)
FN:331,(anonymous_3)
FN:339,(anonymous_4)
FN:340,(anonymous_5)
FN:348,(anonymous_6)
FN:358,(anonymous_7)
FN:369,(anonymous_8)
FN:380,(anonymous_9)
FN:391,(anonymous_10)
FN:401,(anonymous_11)
FN:418,(anonymous_12)
FN:472,(anonymous_13)
FN:491,(anonymous_14)
FN:506,(anonymous_15)
FN:536,(anonymous_16)
FN:540,(anonymous_17)
FN:606,(anonymous_18)
FN:609,(anonymous_19)
FN:667,(anonymous_20)
FNF:21
FNH:0
FNDA:0,(anonymous_0)
FNDA:0,(anonymous_1)
FNDA:0,(anonymous_2)
FNDA:0,(anonymous_3)
FNDA:0,(anonymous_4)
FNDA:0,(anonymous_5)
FNDA:0,(anonymous_6)
FNDA:0,(anonymous_7)
FNDA:0,(anonymous_8)
FNDA:0,(anonymous_9)
FNDA:0,(anonymous_10)
FNDA:0,(anonymous_11)
FNDA:0,(anonymous_12)
FNDA:0,(anonymous_13)
FNDA:0,(anonymous_14)
FNDA:0,(anonymous_15)
FNDA:0,(anonymous_16)
FNDA:0,(anonymous_17)
FNDA:0,(anonymous_18)
FNDA:0,(anonymous_19)
FNDA:0,(anonymous_20)
DA:8,0
DA:9,0
DA:60,0
DA:64,0
DA:66,0
DA:68,0
DA:70,0
DA:71,0
DA:78,0
DA:92,0
DA:94,0
DA:95,0
DA:105,0
DA:106,0
DA:108,0
DA:110,0
DA:111,0
DA:112,0
DA:114,0
DA:115,0
DA:116,0
DA:118,0
DA:119,0
DA:120,0
DA:122,0
DA:123,0
DA:126,0
DA:139,0
DA:142,0
DA:143,0
DA:151,0
DA:164,0
DA:165,0
DA:166,0
DA:169,0
DA:170,0
DA:179,0
DA:193,0
DA:194,0
DA:200,0
DA:213,0
DA:214,0
DA:220,0
DA:233,0
DA:234,0
DA:235,0
DA:236,0
DA:237,0
DA:243,0
DA:255,0
DA:265,0
DA:278,0
DA:280,0
DA:294,0
DA:301,0
DA:303,0
DA:314,0
DA:330,0
DA:331,0
DA:332,0
DA:339,0
DA:340,0
DA:341,0
DA:348,0
DA:349,0
DA:358,0
DA:359,0
DA:369,0
DA:370,0
DA:380,0
DA:381,0
DA:391,0
DA:392,0
DA:401,0
DA:402,0
DA:404,0
DA:405,0
DA:412,0
DA:418,0
DA:425,0
DA:426,0
DA:433,0
DA:434,0
DA:435,0
DA:436,0
DA:437,0
DA:443,0
DA:449,0
DA:455,0
DA:461,0
DA:472,0
DA:477,0
DA:479,0
DA:491,0
DA:492,0
DA:506,0
DA:512,0
DA:521,0
DA:536,0
DA:540,0
DA:541,0
DA:543,0
DA:544,0
DA:555,0
DA:557,0
DA:558,0
DA:566,0
DA:567,0
DA:568,0
DA:575,0
DA:578,0
DA:589,0
DA:598,0
DA:606,0
DA:609,0
DA:610,0
DA:612,0
DA:613,0
DA:624,0
DA:627,0
DA:628,0
DA:629,0
DA:636,0
DA:639,0
DA:650,0
DA:659,0
DA:667,0
DA:668,0
DA:670,0
DA:672,0
DA:673,0
DA:684,0
DA:694,0
LF:133
LH:0
BRDA:62,0,0,0
BRDA:70,1,0,0
BRDA:94,2,0,0
BRDA:94,3,0,0
BRDA:94,3,1,0
BRDA:108,4,0,0
BRDA:108,4,1,0
BRDA:108,4,2,0
BRDA:108,4,3,0
BRDA:123,5,0,0
BRDA:123,5,1,0
BRDA:142,6,0,0
BRDA:142,7,0,0
BRDA:142,7,1,0
BRDA:164,8,0,0
BRDA:164,9,0,0
BRDA:164,9,1,0
BRDA:169,10,0,0
BRDA:193,11,0,0
BRDA:193,12,0,0
BRDA:193,12,1,0
BRDA:213,13,0,0
BRDA:213,14,0,0
BRDA:213,14,1,0
BRDA:233,15,0,0
BRDA:236,16,0,0
BRDA:257,17,0,0
BRDA:257,17,1,0
BRDA:305,18,0,0
BRDA:305,18,1,0
BRDA:404,19,0,0
BRDA:420,20,0,0
BRDA:434,21,0,0
BRDA:436,22,0,0
BRDA:436,23,0,0
BRDA:436,23,1,0
BRDA:455,24,0,0
BRDA:455,24,1,0
BRDA:474,25,0,0
BRDA:475,26,0,0
BRDA:477,27,0,0
BRDA:477,27,1,0
BRDA:515,28,0,0
BRDA:515,28,1,0
BRDA:517,29,0,0
BRDA:517,29,1,0
BRDA:538,30,0,0
BRDA:543,31,0,0
BRDA:557,32,0,0
BRDA:557,33,0,0
BRDA:557,33,1,0
BRDA:559,34,0,0
BRDA:559,34,1,0
BRDA:560,35,0,0
BRDA:560,35,1,0
BRDA:567,36,0,0
BRDA:591,37,0,0
BRDA:591,37,1,0
BRDA:612,38,0,0
BRDA:628,39,0,0
BRDA:652,40,0,0
BRDA:652,40,1,0
BRDA:672,41,0,0
BRDA:672,41,1,0
BRDA:697,42,0,0
BRDA:697,42,1,0
BRF:66
BRH:0
end_of_record
TN:
SF:src/shared/middleware/idempotency.middleware.ts
FN:34,(anonymous_0)
FN:43,(anonymous_1)
FN:156,(anonymous_2)
FN:203,(anonymous_3)
FN:204,(anonymous_4)
FN:215,(anonymous_5)
FNF:6
FNH:0
FNDA:0,(anonymous_0)
FNDA:0,(anonymous_1)
FNDA:0,(anonymous_2)
FNDA:0,(anonymous_3)
FNDA:0,(anonymous_4)
FNDA:0,(anonymous_5)
DA:7,0
DA:8,0
DA:34,0
DA:40,0
DA:42,0
DA:44,0
DA:46,0
DA:47,0
DA:52,0
DA:53,0
DA:55,0
DA:59,0
DA:63,0
DA:66,0
DA:77,0
DA:82,0
DA:85,0
DA:87,0
DA:88,0
DA:91,0
DA:93,0
DA:94,0
DA:97,0
DA:102,0
DA:119,0
DA:128,0
DA:131,0
DA:133,0
DA:139,0
DA:141,0
DA:145,0
DA:160,0
DA:162,0
DA:163,0
DA:164,0
DA:165,0
DA:166,0
DA:167,0
DA:168,0
DA:171,0
DA:175,0
DA:181,0
DA:188,0
DA:190,0
DA:194,0
DA:203,0
DA:204,0
DA:205,0
DA:206,0
DA:207,0
DA:215,0
DA:216,0
DA:218,0
DA:219,0
DA:221,0
DA:224,0
LF:56
LH:0
BRDA:34,0,0,0
BRDA:36,1,0,0
BRDA:37,2,0,0
BRDA:38,3,0,0
BRDA:39,4,0,0
BRDA:46,5,0,0
BRDA:46,6,0,0
BRDA:46,6,1,0
BRDA:52,7,0,0
BRDA:52,7,1,0
BRDA:53,8,0,0
BRDA:63,9,0,0
BRDA:77,10,0,0
BRDA:77,10,1,0
BRDA:78,11,0,0
BRDA:78,11,1,0
BRDA:82,12,0,0
BRDA:82,12,1,0
BRDA:87,13,0,0
BRDA:91,14,0,0
BRDA:91,14,1,0
BRDA:103,15,0,0
BRDA:103,15,1,0
BRDA:109,16,0,0
BRDA:109,16,1,0
BRDA:122,17,0,0
BRDA:122,17,1,0
BRDA:163,18,0,0
BRDA:165,19,0,0
BRDA:206,20,0,0
BRDA:206,20,1,0
BRDA:222,21,0,0
BRDA:222,21,1,0
BRF:33
BRH:0
end_of_record
TN:
SF:src/shared/middleware/lambda-auth.middleware.ts
FN:39,authenticateRequest
FN:107,requireAuth
FN:117,requireRole
FN:118,(anonymous_3)
FNF:4
FNH:0
FNDA:0,authenticateRequest
FNDA:0,requireAuth
FNDA:0,requireRole
FNDA:0,(anonymous_3)
DA:7,0
DA:39,0
DA:40,0
DA:42,0
DA:44,0
DA:45,0
DA:55,0
DA:56,0
DA:57,0
DA:66,0
DA:69,0
DA:71,0
DA:72,0
DA:81,0
DA:88,0
DA:97,0
DA:107,0
DA:108,0
DA:110,0
DA:111,0
DA:114,0
DA:117,0
DA:118,0
DA:119,0
DA:121,0
DA:122,0
DA:125,0
DA:130,0
LF:28
LH:0
BRDA:42,0,0,0
BRDA:42,0,1,0
BRDA:44,1,0,0
BRDA:56,2,0,0
BRDA:56,3,0,0
BRDA:56,3,1,0
BRDA:71,4,0,0
BRDA:101,5,0,0
BRDA:101,5,1,0
BRDA:110,6,0,0
BRDA:111,7,0,0
BRDA:111,7,1,0
BRDA:121,8,0,0
BRDA:121,9,0,0
BRDA:121,9,1,0
BRF:15
BRH:0
end_of_record
TN:
SF:src/shared/middleware/pci-compliance.middleware.ts
FN:20,(anonymous_0)
FN:30,(anonymous_1)
FN:77,(anonymous_2)
FN:95,(anonymous_3)
FN:96,(anonymous_4)
FN:117,(anonymous_5)
FN:118,(anonymous_6)
FN:163,(anonymous_7)
FN:189,(anonymous_8)
FN:200,(anonymous_9)
FN:207,(anonymous_10)
FN:219,(anonymous_11)
FNF:12
FNH:0
FNDA:0,(anonymous_0)
FNDA:0,(anonymous_1)
FNDA:0,(anonymous_2)
FNDA:0,(anonymous_3)
FNDA:0,(anonymous_4)
FNDA:0,(anonymous_5)
FNDA:0,(anonymous_6)
FNDA:0,(anonymous_7)
FNDA:0,(anonymous_8)
FNDA:0,(anonymous_9)
FNDA:0,(anonymous_10)
FNDA:0,(anonymous_11)
DA:7,0
DA:20,0
DA:27,0
DA:29,0
DA:31,0
DA:33,0
DA:35,0
DA:36,0
DA:37,0
DA:42,0
DA:57,0
DA:58,0
DA:59,0
DA:64,0
DA:75,0
DA:76,0
DA:78,0
DA:86,0
DA:87,0
DA:94,0
DA:95,0
DA:96,0
DA:99,0
DA:100,0
DA:104,0
DA:116,0
DA:117,0
DA:118,0
DA:119,0
DA:123,0
DA:124,0
DA:128,0
DA:140,0
DA:146,0
DA:148,0
DA:152,0
DA:165,0
DA:178,0
DA:189,0
DA:193,0
DA:194,0
DA:197,0
DA:200,0
DA:201,0
DA:202,0
DA:207,0
DA:208,0
DA:209,0
DA:213,0
DA:219,0
DA:220,0
LF:51
LH:0
BRDA:20,0,0,0
BRDA:22,1,0,0
BRDA:23,2,0,0
BRDA:24,3,0,0
BRDA:25,4,0,0
BRDA:26,5,0,0
BRDA:33,6,0,0
BRDA:35,7,0,0
BRDA:35,7,1,0
BRDA:36,8,0,0
BRDA:57,9,0,0
BRDA:57,9,1,0
BRDA:58,10,0,0
BRDA:75,11,0,0
BRDA:75,11,1,0
BRDA:78,12,0,0
BRDA:78,12,1,0
BRDA:78,12,2,0
BRDA:78,12,3,0
BRDA:78,12,4,0
BRDA:78,12,5,0
BRDA:86,13,0,0
BRDA:94,14,0,0
BRDA:99,15,0,0
BRDA:116,16,0,0
BRDA:123,17,0,0
BRDA:191,18,0,0
BRDA:193,19,0,0
BRDA:193,20,0,0
BRDA:193,20,1,0
BRDA:201,21,0,0
BRDA:208,22,0,0
BRDA:208,23,0,0
BRDA:208,23,1,0
BRF:34
BRH:0
end_of_record
TN:
SF:src/shared/middleware/rate-limiting.middleware.ts
FN:21,(anonymous_0)
FN:31,(anonymous_1)
FN:93,(anonymous_2)
FN:121,defaultKeyGenerator
FN:132,(anonymous_4)
FN:148,(anonymous_5)
FN:186,(anonymous_6)
FNF:7
FNH:0
FNDA:0,(anonymous_0)
FNDA:0,(anonymous_1)
FNDA:0,(anonymous_2)
FNDA:0,defaultKeyGenerator
FNDA:0,(anonymous_4)
FNDA:0,(anonymous_5)
FNDA:0,(anonymous_6)
DA:7,0
DA:8,0
DA:21,0
DA:28,0
DA:30,0
DA:32,0
DA:33,0
DA:34,0
DA:35,0
DA:38,0
DA:39,0
DA:41,0
DA:42,0
DA:51,0
DA:69,0
DA:76,0
DA:82,0
DA:84,0
DA:89,0
DA:98,0
DA:99,0
DA:100,0
DA:107,0
DA:113,0
DA:122,0
DA:123,0
DA:124,0
DA:126,0
DA:132,0
DA:134,0
DA:139,0
DA:140,0
DA:142,0
DA:148,0
DA:149,0
DA:150,0
DA:151,0
DA:153,0
DA:159,0
DA:168,0
DA:177,0
DA:186,0
DA:195,0
DA:196,0
DA:197,0
DA:198,0
DA:200,0
DA:201,0
DA:203,0
DA:210,0
DA:211,0
LF:51
LH:0
BRDA:25,0,0,0
BRDA:26,1,0,0
BRDA:27,2,0,0
BRDA:39,3,0,0
BRDA:39,3,1,0
BRDA:41,4,0,0
BRDA:99,5,0,0
BRDA:122,6,0,0
BRDA:122,6,1,0
BRDA:123,7,0,0
BRDA:123,7,1,0
BRDA:124,8,0,0
BRDA:124,8,1,0
BRDA:134,9,0,0
BRDA:134,9,1,0
BRDA:134,9,2,0
BRDA:134,9,3,0
BRDA:139,10,0,0
BRDA:139,10,1,0
BRDA:140,11,0,0
BRDA:140,11,1,0
BRDA:149,12,0,0
BRDA:149,12,1,0
BRDA:150,13,0,0
BRDA:150,13,1,0
BRDA:151,14,0,0
BRDA:151,14,1,0
BRDA:200,15,0,0
BRDA:200,15,1,0
BRF:29
BRH:0
end_of_record
TN:
SF:src/shared/utils/cors.ts
FN:152,getCorsConfig
FN:174,generateCorsHeaders
FN:210,validateOrigin
FN:239,handleCorsForLambda
FN:261,createCorsMiddleware
FN:265,(anonymous_5)
FN:281,(anonymous_6)
FN:358,createEnvironmentCorsHeaders
FN:380,(anonymous_8)
FN:396,(anonymous_9)
FN:416,validateCorsRequest
FN:445,(anonymous_11)
FN:446,(anonymous_12)
FNF:13
FNH:0
FNDA:0,getCorsConfig
FNDA:0,generateCorsHeaders
FNDA:0,validateOrigin
FNDA:0,handleCorsForLambda
FNDA:0,createCorsMiddleware
FNDA:0,(anonymous_5)
FNDA:0,(anonymous_6)
FNDA:0,createEnvironmentCorsHeaders
FNDA:0,(anonymous_8)
FNDA:0,(anonymous_9)
FNDA:0,validateCorsRequest
FNDA:0,(anonymous_11)
FNDA:0,(anonymous_12)
DA:11,0
DA:27,0
DA:53,0
DA:85,0
DA:114,0
DA:152,0
DA:153,0
DA:156,0
DA:159,0
DA:164,0
DA:174,0
DA:178,0
DA:181,0
DA:182,0
DA:183,0
DA:184,0
DA:185,0
DA:186,0
DA:187,0
DA:188,0
DA:189,0
DA:194,0
DA:195,0
DA:196,0
DA:197,0
DA:198,0
DA:199,0
DA:201,0
DA:210,0
DA:214,0
DA:215,0
DA:218,0
DA:219,0
DA:222,0
DA:223,0
DA:226,0
DA:227,0
DA:230,0
DA:239,0
DA:240,0
DA:241,0
DA:242,0
DA:245,0
DA:246,0
DA:253,0
DA:261,0
DA:262,0
DA:263,0
DA:265,0
DA:266,0
DA:269,0
DA:270,0
DA:271,0
DA:280,0
DA:281,0
DA:282,0
DA:286,0
DA:287,0
DA:288,0
DA:291,0
DA:299,0
DA:314,0
DA:335,0
DA:358,0
DA:362,0
DA:364,0
DA:365,0
DA:368,0
DA:375,0
DA:376,0
DA:377,0
DA:378,0
DA:386,0
DA:387,0
DA:388,0
DA:389,0
DA:390,0
DA:393,0
DA:397,0
DA:416,0
DA:423,0
DA:424,0
DA:433,0
DA:434,0
DA:443,0
DA:444,0
DA:445,0
DA:446,0
DA:448,0
DA:449,0
DA:450,0
DA:464,0
LF:92
LH:0
BRDA:152,0,0,0
BRDA:153,1,0,0
BRDA:153,1,1,0
BRDA:153,1,2,0
BRDA:153,1,3,0
BRDA:153,1,4,0
BRDA:153,1,5,0
BRDA:153,1,6,0
BRDA:153,1,7,0
BRDA:176,2,0,0
BRDA:181,3,0,0
BRDA:181,3,1,0
BRDA:182,4,0,0
BRDA:182,4,1,0
BRDA:183,5,0,0
BRDA:183,5,1,0
BRDA:185,6,0,0
BRDA:186,7,0,0
BRDA:186,7,1,0
BRDA:186,8,0,0
BRDA:186,8,1,0
BRDA:188,9,0,0
BRDA:214,10,0,0
BRDA:218,11,0,0
BRDA:222,12,0,0
BRDA:226,13,0,0
BRDA:240,14,0,0
BRDA:240,14,1,0
BRDA:241,15,0,0
BRDA:241,15,1,0
BRDA:242,16,0,0
BRDA:242,16,1,0
BRDA:245,17,0,0
BRDA:245,18,0,0
BRDA:245,18,1,0
BRDA:262,19,0,0
BRDA:262,19,1,0
BRDA:263,20,0,0
BRDA:263,20,1,0
BRDA:269,21,0,0
BRDA:270,22,0,0
BRDA:286,23,0,0
BRDA:359,24,0,0
BRDA:364,25,0,0
BRDA:364,26,0,0
BRDA:364,26,1,0
BRDA:382,27,0,0
BRDA:383,28,0,0
BRDA:419,29,0,0
BRDA:420,30,0,0
BRDA:423,31,0,0
BRDA:433,32,0,0
BRDA:444,33,0,0
BRDA:444,34,0,0
BRDA:444,34,1,0
BRDA:449,35,0,0
BRF:56
BRH:0
end_of_record
TN:
SF:src/shared/utils/logger.ts
FN:6,(anonymous_0)
FN:6,(anonymous_1)
FN:6,(anonymous_2)
FNF:3
FNH:1
FNDA:251,(anonymous_0)
FNDA:0,(anonymous_1)
FNDA:0,(anonymous_2)
DA:6,256
LF:1
LH:1
BRF:0
BRH:0
end_of_record
TN:
SF:src/utils/cache.ts
FN:25,(anonymous_0)
FN:32,(anonymous_1)
FN:51,(anonymous_2)
FN:58,(anonymous_3)
FN:66,(anonymous_4)
FN:75,(anonymous_5)
FN:94,(anonymous_6)
FN:101,(anonymous_7)
FNF:8
FNH:3
FNDA:8,(anonymous_0)
FNDA:5,(anonymous_1)
FNDA:0,(anonymous_2)
FNDA:0,(anonymous_3)
FNDA:0,(anonymous_4)
FNDA:0,(anonymous_5)
FNDA:12,(anonymous_6)
FNDA:0,(anonymous_7)
DA:23,8
DA:26,8
DA:33,5
DA:35,5
DA:36,5
DA:40,0
DA:41,0
DA:42,0
DA:45,0
DA:52,0
DA:59,0
DA:60,0
DA:67,0
DA:68,0
DA:69,0
DA:76,0
DA:78,0
DA:79,0
DA:83,0
DA:84,0
DA:85,0
DA:88,0
DA:95,12
DA:102,0
DA:107,8
DA:108,8
DA:109,8
LF:27
LH:9
BRDA:35,0,0,5
BRDA:40,1,0,0
BRDA:40,2,0,0
BRDA:40,2,1,0
BRDA:69,3,0,0
BRDA:69,3,1,0
BRDA:78,4,0,0
BRDA:83,5,0,0
BRDA:83,6,0,0
BRDA:83,6,1,0
BRF:10
BRH:1
end_of_record
TN:
SF:src/utils/errors.ts
FN:11,(anonymous_0)
FN:37,(anonymous_1)
FN:44,(anonymous_2)
FN:51,(anonymous_3)
FN:58,(anonymous_4)
FN:65,(anonymous_5)
FN:72,(anonymous_6)
FN:79,(anonymous_7)
FN:86,(anonymous_8)
FN:93,(anonymous_9)
FN:100,(anonymous_10)
FN:107,(anonymous_11)
FN:114,(anonymous_12)
FN:121,(anonymous_13)
FN:141,isOperationalError
FN:148,handleError
FN:168,getErrorMessage
FN:178,createErrorResponse
FNF:18
FNH:0
FNDA:0,(anonymous_0)
FNDA:0,(anonymous_1)
FNDA:0,(anonymous_2)
FNDA:0,(anonymous_3)
FNDA:0,(anonymous_4)
FNDA:0,(anonymous_5)
FNDA:0,(anonymous_6)
FNDA:0,(anonymous_7)
FNDA:0,(anonymous_8)
FNDA:0,(anonymous_9)
FNDA:0,(anonymous_10)
FNDA:0,(anonymous_11)
FNDA:0,(anonymous_12)
FNDA:0,(anonymous_13)
FNDA:0,isOperationalError
FNDA:0,handleError
FNDA:0,getErrorMessage
FNDA:0,createErrorResponse
DA:6,5
DA:7,0
DA:8,0
DA:9,0
DA:17,0
DA:18,0
DA:20,0
DA:21,0
DA:22,0
DA:23,0
DA:24,0
DA:25,0
DA:27,0
DA:28,0
DA:31,0
DA:32,0
DA:36,5
DA:38,0
DA:39,0
DA:43,5
DA:45,0
DA:46,0
DA:50,5
DA:52,0
DA:53,0
DA:57,5
DA:59,0
DA:60,0
DA:64,5
DA:66,0
DA:67,0
DA:71,5
DA:73,0
DA:74,0
DA:78,5
DA:80,0
DA:81,0
DA:85,5
DA:87,0
DA:88,0
DA:92,5
DA:94,0
DA:95,0
DA:99,5
DA:101,0
DA:102,0
DA:106,5
DA:108,0
DA:109,0
DA:113,5
DA:115,0
DA:116,0
DA:120,5
DA:122,0
DA:123,0
DA:132,0
DA:141,5
DA:142,0
DA:143,0
DA:145,0
DA:148,5
DA:153,0
DA:154,0
DA:161,0
DA:168,5
DA:169,0
DA:170,0
DA:172,0
DA:173,0
DA:175,0
DA:178,5
DA:186,0
DA:187,0
DA:194,0
DA:195,0
LF:75
LH:18
BRDA:13,0,0,0
BRDA:20,1,0,0
BRDA:20,1,1,0
BRDA:23,2,0,0
BRDA:23,2,1,0
BRDA:37,3,0,0
BRDA:44,4,0,0
BRDA:44,5,0,0
BRDA:51,6,0,0
BRDA:51,7,0,0
BRDA:58,8,0,0
BRDA:58,9,0,0
BRDA:65,10,0,0
BRDA:72,11,0,0
BRDA:72,12,0,0
BRDA:79,13,0,0
BRDA:80,14,0,0
BRDA:80,14,1,0
BRDA:86,15,0,0
BRDA:93,16,0,0
BRDA:93,17,0,0
BRDA:100,18,0,0
BRDA:100,19,0,0
BRDA:107,20,0,0
BRDA:107,21,0,0
BRDA:114,22,0,0
BRDA:122,23,0,0
BRDA:122,23,1,0
BRDA:142,24,0,0
BRDA:153,25,0,0
BRDA:163,26,0,0
BRDA:163,26,1,0
BRDA:169,27,0,0
BRDA:172,28,0,0
BRDA:186,29,0,0
BRDA:196,30,0,0
BRDA:196,30,1,0
BRF:37
BRH:0
end_of_record
TN:
SF:src/utils/logger.ts
FN:6,(anonymous_0)
FN:17,(anonymous_1)
FN:21,(anonymous_2)
FN:28,(anonymous_3)
FN:33,(anonymous_4)
FN:39,(anonymous_5)
FN:45,(anonymous_6)
FN:51,(anonymous_7)
FN:57,(anonymous_8)
FN:66,(anonymous_9)
FN:75,(anonymous_10)
FN:81,(anonymous_11)
FN:87,(anonymous_12)
FN:93,(anonymous_13)
FNF:14
FNH:8
FNDA:19,(anonymous_0)
FNDA:19,(anonymous_1)
FNDA:19,(anonymous_2)
FNDA:589,(anonymous_3)
FNDA:589,(anonymous_4)
FNDA:0,(anonymous_5)
FNDA:286,(anonymous_6)
FNDA:26,(anonymous_7)
FNDA:277,(anonymous_8)
FNDA:0,(anonymous_9)
FNDA:0,(anonymous_10)
FNDA:0,(anonymous_11)
FNDA:0,(anonymous_12)
FNDA:0,(anonymous_13)
DA:6,19
DA:7,19
DA:8,19
DA:9,19
DA:10,19
DA:11,19
DA:15,19
DA:18,19
DA:22,19
DA:23,19
DA:29,589
DA:30,589
DA:34,589
DA:35,589
DA:36,589
DA:40,0
DA:41,0
DA:46,286
DA:47,286
DA:52,26
DA:53,26
DA:58,277
DA:59,277
DA:62,277
DA:67,0
DA:68,0
DA:71,0
DA:76,0
DA:77,0
DA:82,0
DA:83,0
DA:88,0
DA:89,0
DA:94,0
DA:99,19
DA:102,19
DA:103,19
LF:37
LH:25
BRDA:6,0,0,19
BRDA:6,0,1,19
BRDA:18,1,0,19
BRDA:18,1,1,19
BRDA:23,2,0,19
BRDA:23,2,1,0
BRDA:35,3,0,583
BRDA:35,3,1,6
BRDA:40,4,0,0
BRDA:46,5,0,286
BRDA:52,6,0,26
BRDA:58,7,0,277
BRDA:59,8,0,105
BRDA:59,8,1,172
BRDA:67,9,0,0
BRDA:68,10,0,0
BRDA:68,10,1,0
BRDA:76,11,0,0
BRDA:82,12,0,0
BRDA:88,13,0,0
BRF:20
BRH:12
end_of_record
TN:
SF:src/utils/secure-regex.ts
FN:70,isRegexSafe
FN:109,safeRegexTest
FN:117,(anonymous_2)
FN:135,validateInput
FN:154,escapeRegex
FN:161,createSearchPattern
FN:169,isValidEmail
FN:176,isValidPhone
FN:183,isValidUUID
FN:190,isValidURL
FN:210,(anonymous_10)
FN:256,(anonymous_11)
FN:260,(anonymous_12)
FN:264,(anonymous_13)
FN:268,(anonymous_14)
FN:272,(anonymous_15)
FNF:16
FNH:6
FNDA:1039,isRegexSafe
FNDA:1034,safeRegexTest
FNDA:0,(anonymous_2)
FNDA:0,validateInput
FNDA:0,escapeRegex
FNDA:0,createSearchPattern
FNDA:0,isValidEmail
FNDA:0,isValidPhone
FNDA:0,isValidUUID
FNDA:0,isValidURL
FNDA:1045,(anonymous_10)
FNDA:1009,(anonymous_11)
FNDA:6,(anonymous_12)
FNDA:2,(anonymous_13)
FNDA:0,(anonymous_14)
FNDA:0,(anonymous_15)
DA:20,1
DA:52,1
DA:70,1
DA:71,1039
DA:74,1039
DA:75,4
DA:83,1035
DA:84,1
DA:92,1034
DA:93,0
DA:100,1034
DA:109,1
DA:114,1034
DA:115,1034
DA:117,1034
DA:118,0
DA:121,1034
DA:122,1034
DA:124,0
DA:126,1034
DA:129,1034
DA:135,1
DA:136,0
DA:138,0
DA:139,0
DA:142,0
DA:144,0
DA:145,0
DA:148,0
DA:154,1
DA:155,0
DA:161,1
DA:162,0
DA:163,0
DA:169,1
DA:170,0
DA:176,1
DA:177,0
DA:183,1
DA:184,0
DA:190,1
DA:191,0
DA:197,1
DA:209,1
DA:212,1045
DA:213,2
DA:219,1043
DA:220,1043
DA:223,1039
DA:224,1039
DA:225,5
DA:232,1034
DA:233,1034
DA:234,0
DA:240,1034
DA:244,4
DA:255,1
DA:257,1009
DA:261,6
DA:265,2
DA:269,0
DA:273,0
DA:277,1
LF:63
LH:43
BRDA:71,0,0,1039
BRDA:71,0,1,0
BRDA:74,1,0,4
BRDA:83,2,0,1
BRDA:92,3,0,0
BRDA:112,4,0,0
BRDA:138,5,0,0
BRDA:144,6,0,0
BRDA:161,7,0,0
BRDA:163,8,0,0
BRDA:163,8,1,0
BRDA:210,9,0,1045
BRDA:212,10,0,2
BRDA:220,11,0,4
BRDA:220,11,1,1039
BRDA:224,12,0,5
BRDA:233,13,0,0
BRDA:246,14,0,4
BRDA:246,14,1,0
BRF:19
BRH:9
end_of_record
TN:
SF:src/utils/validation.ts
FN:12,(anonymous_0)
FN:27,(anonymous_1)
FN:41,(anonymous_2)
FN:57,(anonymous_3)
FN:72,(anonymous_4)
FNF:5
FNH:0
FNDA:0,(anonymous_0)
FNDA:0,(anonymous_1)
FNDA:0,(anonymous_2)
FNDA:0,(anonymous_3)
FNDA:0,(anonymous_4)
DA:5,0
DA:7,0
DA:12,0
DA:13,0
DA:21,0
DA:27,0
DA:28,0
DA:35,0
DA:41,0
DA:42,0
DA:51,0
DA:57,0
DA:58,0
DA:66,0
DA:72,0
DA:73,0
DA:81,0
LF:17
LH:0
BRF:0
BRH:0
end_of_record
