TN:
SF:src/config/environment.ts
FN:418,validateConfig
FNF:1
FNH:0
FNDA:0,validateConfig
DA:162,0
DA:267,0
DA:419,0
DA:420,0
DA:422,0
DA:424,0
DA:425,0
DA:427,0
DA:430,0
DA:433,0
DA:434,0
DA:437,0
DA:438,0
DA:441,0
DA:442,0
DA:445,0
DA:446,0
DA:449,0
DA:450,0
DA:453,0
DA:454,0
DA:459,0
DA:460,0
DA:463,0
DA:464,0
DA:467,0
DA:468,0
DA:471,0
DA:472,0
DA:473,0
DA:475,0
DA:476,0
DA:480,0
DA:481,0
DA:484,0
DA:485,0
DA:488,0
DA:489,0
DA:490,0
DA:492,0
DA:493,0
DA:497,0
DA:498,0
DA:501,0
DA:502,0
DA:505,0
DA:506,0
DA:508,0
DA:511,0
DA:512,0
DA:514,0
DA:515,0
LF:52
LH:0
BRDA:305,0,0,0
BRDA:305,0,1,0
BRDA:422,1,0,0
BRDA:424,2,0,0
BRDA:427,3,0,0
BRDA:427,4,0,0
BRDA:427,4,1,0
BRDA:427,4,2,0
BRDA:433,5,0,0
BRDA:437,6,0,0
BRDA:441,7,0,0
BRDA:445,8,0,0
BRDA:449,9,0,0
BRDA:453,10,0,0
BRDA:459,11,0,0
BRDA:463,12,0,0
BRDA:467,13,0,0
BRDA:467,14,0,0
BRDA:467,14,1,0
BRDA:471,15,0,0
BRDA:472,16,0,0
BRDA:472,17,0,0
BRDA:472,17,1,0
BRDA:475,18,0,0
BRDA:480,19,0,0
BRDA:484,20,0,0
BRDA:484,21,0,0
BRDA:484,21,1,0
BRDA:488,22,0,0
BRDA:488,23,0,0
BRDA:488,23,1,0
BRDA:489,24,0,0
BRDA:492,25,0,0
BRDA:497,26,0,0
BRDA:497,27,0,0
BRDA:497,27,1,0
BRDA:501,28,0,0
BRDA:505,29,0,0
BRF:38
BRH:0
end_of_record
TN:
SF:src/config/razorpay.config.ts
FNF:0
FNH:0
DA:51,0
DA:69,0
DA:91,0
DA:103,0
DA:115,0
LF:5
LH:0
BRF:0
BRH:0
end_of_record
TN:
SF:src/database/DatabaseManager.ts
FN:50,(anonymous_0)
FN:64,(anonymous_1)
FN:77,(anonymous_2)
FN:109,(anonymous_3)
FN:111,(anonymous_4)
FN:135,(anonymous_5)
FN:144,(anonymous_6)
FN:154,(anonymous_7)
FN:166,(anonymous_8)
FN:176,(anonymous_9)
FN:189,(anonymous_10)
FN:202,(anonymous_11)
FN:231,(anonymous_12)
FN:251,(anonymous_13)
FN:278,(anonymous_14)
FN:291,(anonymous_15)
FN:305,(anonymous_16)
FN:312,(anonymous_17)
FN:326,(anonymous_18)
FN:337,(anonymous_19)
FN:355,(anonymous_20)
FN:368,(anonymous_21)
FN:376,(anonymous_22)
FNF:23
FNH:0
FNDA:0,(anonymous_0)
FNDA:0,(anonymous_1)
FNDA:0,(anonymous_2)
FNDA:0,(anonymous_3)
FNDA:0,(anonymous_4)
FNDA:0,(anonymous_5)
FNDA:0,(anonymous_6)
FNDA:0,(anonymous_7)
FNDA:0,(anonymous_8)
FNDA:0,(anonymous_9)
FNDA:0,(anonymous_10)
FNDA:0,(anonymous_11)
FNDA:0,(anonymous_12)
FNDA:0,(anonymous_13)
FNDA:0,(anonymous_14)
FNDA:0,(anonymous_15)
FNDA:0,(anonymous_16)
FNDA:0,(anonymous_17)
FNDA:0,(anonymous_18)
FNDA:0,(anonymous_19)
FNDA:0,(anonymous_20)
FNDA:0,(anonymous_21)
FNDA:0,(anonymous_22)
DA:43,0
DA:44,0
DA:45,0
DA:46,0
DA:47,0
DA:48,0
DA:51,0
DA:52,0
DA:53,0
DA:61,0
DA:65,0
DA:66,0
DA:67,0
DA:69,0
DA:71,0
DA:78,0
DA:79,0
DA:94,0
DA:95,0
DA:98,0
DA:99,0
DA:101,0
DA:102,0
DA:111,0
DA:112,0
DA:113,0
DA:115,0
DA:116,0
DA:125,0
DA:126,0
DA:127,0
DA:135,0
DA:136,0
DA:137,0
DA:144,0
DA:145,0
DA:146,0
DA:154,0
DA:155,0
DA:167,0
DA:168,0
DA:170,0
DA:177,0
DA:178,0
DA:179,0
DA:181,0
DA:182,0
DA:190,0
DA:191,0
DA:192,0
DA:194,0
DA:195,0
DA:203,0
DA:205,0
DA:207,0
DA:209,0
DA:217,0
DA:218,0
DA:232,0
DA:233,0
DA:234,0
DA:235,0
DA:237,0
DA:238,0
DA:240,0
DA:242,0
DA:243,0
DA:244,0
DA:255,0
DA:256,0
DA:257,0
DA:263,0
DA:264,0
DA:265,0
DA:267,0
DA:269,0
DA:270,0
DA:271,0
DA:279,0
DA:280,0
DA:281,0
DA:283,0
DA:284,0
DA:292,0
DA:295,0
DA:297,0
DA:298,0
DA:306,0
DA:313,0
DA:320,0
DA:327,0
DA:328,0
DA:330,0
DA:331,0
DA:338,0
DA:339,0
DA:340,0
DA:343,0
DA:345,0
DA:347,0
DA:348,0
DA:356,0
DA:358,0
DA:360,0
DA:361,0
DA:369,0
DA:370,0
DA:377,0
LF:108
LH:0
BRDA:65,0,0,0
BRDA:66,1,0,0
BRDA:85,2,0,0
BRDA:85,2,1,0
BRDA:94,3,0,0
BRDA:115,4,0,0
BRDA:125,5,0,0
BRDA:145,6,0,0
BRDA:167,7,0,0
BRDA:212,8,0,0
BRDA:212,8,1,0
BRDA:221,9,0,0
BRDA:221,9,1,0
BRDA:231,10,0,0
BRDA:258,11,0,0
BRDA:258,11,1,0
BRDA:258,11,2,0
BRDA:260,12,0,0
BRDA:260,12,1,0
BRDA:340,13,0,0
BRDA:340,13,1,0
BRF:21
BRH:0
end_of_record
TN:
SF:src/functions/analytics/payments-dashboard.ts
FN:16,(anonymous_0)
FNF:1
FNH:0
FNDA:0,(anonymous_0)
DA:16,0
DA:20,0
DA:21,0
DA:28,0
DA:29,0
DA:30,0
DA:33,0
DA:34,0
DA:35,0
DA:43,0
DA:46,0
DA:48,0
DA:55,0
DA:69,0
DA:74,0
LF:15
LH:0
BRDA:28,0,0,0
BRDA:28,0,1,0
BRDA:29,1,0,0
BRDA:29,1,1,0
BRDA:34,2,0,0
BRDA:51,3,0,0
BRDA:51,3,1,0
BRDA:60,4,0,0
BRDA:60,4,1,0
BRF:9
BRH:0
end_of_record
TN:
SF:src/functions/auth/change-password.ts
FN:18,(anonymous_0)
FN:31,(anonymous_1)
FN:65,(anonymous_2)
FNF:3
FNH:0
FNDA:0,(anonymous_0)
FNDA:0,(anonymous_1)
FNDA:0,(anonymous_2)
DA:13,0
DA:14,0
DA:15,0
DA:18,0
DA:31,0
DA:32,0
DA:34,0
DA:35,0
DA:42,0
DA:43,0
DA:49,0
DA:50,0
DA:56,0
DA:65,0
DA:69,0
DA:70,0
DA:76,0
DA:77,0
DA:81,0
DA:82,0
DA:90,0
DA:91,0
DA:93,0
DA:100,0
DA:101,0
DA:102,0
DA:109,0
DA:112,0
DA:113,0
DA:114,0
DA:120,0
DA:123,0
DA:124,0
DA:125,0
DA:132,0
DA:135,0
DA:142,0
DA:143,0
DA:149,0
DA:152,0
DA:158,0
LF:41
LH:0
BRDA:18,0,0,0
BRDA:34,1,0,0
BRDA:42,2,0,0
BRDA:49,3,0,0
BRDA:76,4,0,0
BRDA:81,5,0,0
BRDA:91,6,0,0
BRDA:91,6,1,0
BRDA:101,7,0,0
BRDA:112,8,0,0
BRDA:112,8,1,0
BRDA:113,9,0,0
BRDA:124,10,0,0
BRF:13
BRH:0
end_of_record
TN:
SF:src/functions/auth/login.ts
FN:16,(anonymous_0)
FN:27,(anonymous_1)
FNF:2
FNH:0
FNDA:0,(anonymous_0)
FNDA:0,(anonymous_1)
DA:12,0
DA:13,0
DA:14,0
DA:16,0
DA:27,0
DA:31,0
DA:32,0
DA:33,0
DA:36,0
DA:37,0
DA:40,0
DA:41,0
DA:43,0
DA:44,0
DA:47,0
DA:49,0
DA:57,0
DA:58,0
LF:18
LH:0
BRDA:32,0,0,0
BRDA:36,1,0,0
BRDA:40,2,0,0
BRDA:40,2,1,0
BRDA:43,3,0,0
BRDA:43,4,0,0
BRDA:43,4,1,0
BRF:7
BRH:0
end_of_record
TN:
SF:src/functions/auth/logout.ts
FN:23,extractAccessToken
FN:38,invalidateAccessToken
FN:81,invalidateRefreshToken
FN:131,invalidateAllUserSessions
FN:156,(anonymous_4)
FNF:5
FNH:0
FNDA:0,extractAccessToken
FNDA:0,invalidateAccessToken
FNDA:0,invalidateRefreshToken
FNDA:0,invalidateAllUserSessions
FNDA:0,(anonymous_4)
DA:24,0
DA:25,0
DA:28,0
DA:29,0
DA:32,0
DA:39,0
DA:41,0
DA:43,0
DA:44,0
DA:45,0
DA:49,0
DA:61,0
DA:67,0
DA:68,0
DA:69,0
DA:70,0
DA:72,0
DA:82,0
DA:84,0
DA:86,0
DA:87,0
DA:88,0
DA:92,0
DA:104,0
DA:105,0
DA:110,0
DA:117,0
DA:118,0
DA:119,0
DA:120,0
DA:122,0
DA:132,0
DA:134,0
DA:145,0
DA:148,0
DA:156,0
DA:160,0
DA:161,0
DA:166,0
DA:168,0
DA:169,0
DA:175,0
DA:176,0
DA:185,0
DA:186,0
DA:192,0
DA:193,0
DA:196,0
DA:199,0
DA:200,0
DA:204,0
DA:205,0
DA:209,0
DA:212,0
DA:213,0
DA:214,0
DA:215,0
DA:216,0
DA:217,0
DA:220,0
DA:224,0
DA:225,0
DA:230,0
DA:237,0
DA:246,0
DA:247,0
DA:253,0
DA:256,0
LF:68
LH:0
BRDA:24,0,0,0
BRDA:28,1,0,0
BRDA:41,2,0,0
BRDA:41,2,1,0
BRDA:43,3,0,0
BRDA:43,4,0,0
BRDA:43,4,1,0
BRDA:67,5,0,0
BRDA:67,5,1,0
BRDA:69,6,0,0
BRDA:69,6,1,0
BRDA:84,7,0,0
BRDA:84,7,1,0
BRDA:86,8,0,0
BRDA:86,9,0,0
BRDA:86,9,1,0
BRDA:104,10,0,0
BRDA:104,10,1,0
BRDA:117,11,0,0
BRDA:117,11,1,0
BRDA:119,12,0,0
BRDA:119,12,1,0
BRDA:168,13,0,0
BRDA:175,14,0,0
BRDA:185,15,0,0
BRDA:185,15,1,0
BRDA:188,16,0,0
BRDA:188,16,1,0
BRDA:192,17,0,0
BRDA:192,17,1,0
BRDA:199,18,0,0
BRDA:204,19,0,0
BRDA:213,20,0,0
BRDA:213,21,0,0
BRDA:213,21,1,0
BRDA:215,22,0,0
BRDA:215,22,1,0
BRDA:216,23,0,0
BRF:38
BRH:0
end_of_record
TN:
SF:src/functions/auth/profile.ts
FN:14,(anonymous_0)
FN:31,(anonymous_1)
FNF:2
FNH:0
FNDA:0,(anonymous_0)
FNDA:0,(anonymous_1)
DA:11,0
DA:14,0
DA:31,0
DA:35,0
DA:37,0
DA:38,0
DA:44,0
DA:46,0
DA:47,0
DA:51,0
DA:68,0
DA:69,0
DA:73,0
DA:86,0
DA:87,0
DA:90,0
DA:97,0
DA:98,0
DA:99,0
DA:124,0
DA:131,0
DA:132,0
DA:137,0
DA:143,0
DA:154,0
DA:158,0
LF:26
LH:0
BRDA:14,0,0,0
BRDA:46,1,0,0
BRDA:68,2,0,0
BRDA:73,3,0,0
BRDA:73,3,1,0
BRDA:87,4,0,0
BRDA:98,5,0,0
BRDA:98,6,0,0
BRDA:98,6,1,0
BRDA:148,7,0,0
BRDA:148,7,1,0
BRDA:155,8,0,0
BRDA:155,8,1,0
BRF:13
BRH:0
end_of_record
TN:
SF:src/functions/auth/refresh.ts
FN:41,validateRefreshToken
FN:112,generateNewTokens
FN:213,(anonymous_2)
FNF:3
FNH:0
FNDA:0,validateRefreshToken
FNDA:0,generateNewTokens
FNDA:0,(anonymous_2)
DA:42,0
DA:44,0
DA:46,0
DA:48,0
DA:49,0
DA:53,0
DA:61,0
DA:63,0
DA:64,0
DA:68,0
DA:70,0
DA:75,0
DA:79,0
DA:80,0
DA:84,0
DA:85,0
DA:88,0
DA:100,0
DA:101,0
DA:102,0
DA:103,0
DA:105,0
DA:117,0
DA:120,0
DA:121,0
DA:122,0
DA:123,0
DA:126,0
DA:127,0
DA:130,0
DA:139,0
DA:146,0
DA:152,0
DA:159,0
DA:161,0
DA:163,0
DA:170,0
DA:184,0
DA:189,0
DA:191,0
DA:198,0
DA:205,0
DA:206,0
DA:213,0
DA:217,0
DA:218,0
DA:220,0
DA:222,0
DA:223,0
DA:231,0
DA:232,0
DA:235,0
DA:236,0
DA:243,0
DA:244,0
DA:252,0
DA:255,0
DA:257,0
DA:271,0
DA:272,0
DA:273,0
DA:279,0
DA:285,0
DA:286,0
DA:287,0
LF:65
LH:0
BRDA:46,0,0,0
BRDA:46,0,1,0
BRDA:48,1,0,0
BRDA:48,2,0,0
BRDA:48,2,1,0
BRDA:63,3,0,0
BRDA:68,4,0,0
BRDA:79,5,0,0
BRDA:84,6,0,0
BRDA:100,7,0,0
BRDA:100,7,1,0
BRDA:102,8,0,0
BRDA:120,9,0,0
BRDA:120,9,1,0
BRDA:121,10,0,0
BRDA:121,10,1,0
BRDA:122,11,0,0
BRDA:122,11,1,0
BRDA:123,12,0,0
BRDA:123,12,1,0
BRDA:222,13,0,0
BRDA:231,14,0,0
BRDA:231,14,1,0
BRDA:235,15,0,0
BRDA:243,16,0,0
BRDA:243,17,0,0
BRDA:243,17,1,0
BRF:27
BRH:0
end_of_record
TN:
SF:src/functions/auth/register.ts
FN:18,(anonymous_0)
FN:31,(anonymous_1)
FN:53,(anonymous_2)
FNF:3
FNH:0
FNDA:0,(anonymous_0)
FNDA:0,(anonymous_1)
FNDA:0,(anonymous_2)
DA:12,0
DA:13,0
DA:14,0
DA:15,0
DA:18,0
DA:31,0
DA:32,0
DA:34,0
DA:35,0
DA:38,0
DA:39,0
DA:40,0
DA:46,0
DA:53,0
DA:57,0
DA:59,0
DA:60,0
DA:63,0
DA:65,0
DA:73,0
DA:74,0
DA:75,0
DA:80,0
DA:83,0
DA:88,0
DA:89,0
DA:95,0
DA:96,0
DA:103,0
DA:108,0
DA:109,0
DA:116,0
DA:125,0
DA:150,0
DA:151,0
DA:161,0
DA:162,0
DA:163,0
DA:170,0
DA:183,0
LF:40
LH:0
BRDA:18,0,0,0
BRDA:34,1,0,0
BRDA:38,2,0,0
BRDA:39,3,0,0
BRDA:39,3,1,0
BRDA:41,4,0,0
BRDA:41,4,1,0
BRDA:63,5,0,0
BRDA:63,5,1,0
BRDA:74,6,0,0
BRDA:88,7,0,0
BRDA:95,8,0,0
BRDA:108,9,0,0
BRDA:150,10,0,0
BRF:14
BRH:0
end_of_record
TN:
SF:src/functions/auth/update-profile.ts
FN:18,(anonymous_0)
FN:31,(anonymous_1)
FN:53,(anonymous_2)
FNF:3
FNH:0
FNDA:0,(anonymous_0)
FNDA:0,(anonymous_1)
FNDA:0,(anonymous_2)
DA:12,0
DA:13,0
DA:14,0
DA:15,0
DA:18,0
DA:31,0
DA:32,0
DA:34,0
DA:35,0
DA:38,0
DA:39,0
DA:40,0
DA:46,0
DA:53,0
DA:57,0
DA:59,0
DA:60,0
DA:63,0
DA:65,0
DA:66,0
DA:70,0
DA:71,0
DA:72,0
DA:73,0
DA:78,0
DA:80,0
DA:87,0
DA:104,0
DA:105,0
DA:109,0
DA:110,0
DA:112,0
DA:113,0
DA:117,0
DA:120,0
DA:123,0
DA:124,0
DA:125,0
DA:128,0
DA:129,0
DA:130,0
DA:134,0
DA:135,0
DA:136,0
DA:137,0
DA:142,0
DA:143,0
DA:144,0
DA:145,0
DA:149,0
DA:150,0
DA:151,0
DA:152,0
DA:157,0
DA:158,0
DA:163,0
DA:164,0
DA:165,0
DA:183,0
DA:190,0
DA:202,0
DA:203,0
DA:204,0
DA:211,0
DA:220,0
LF:65
LH:0
BRDA:18,0,0,0
BRDA:34,1,0,0
BRDA:38,2,0,0
BRDA:39,3,0,0
BRDA:39,3,1,0
BRDA:41,4,0,0
BRDA:41,4,1,0
BRDA:65,5,0,0
BRDA:70,6,0,0
BRDA:70,6,1,0
BRDA:72,7,0,0
BRDA:104,8,0,0
BRDA:109,9,0,0
BRDA:109,9,1,0
BRDA:112,10,0,0
BRDA:123,11,0,0
BRDA:123,12,0,0
BRDA:123,12,1,0
BRDA:128,13,0,0
BRDA:128,14,0,0
BRDA:128,14,1,0
BRDA:134,15,0,0
BRDA:134,16,0,0
BRDA:134,16,1,0
BRDA:136,17,0,0
BRDA:142,18,0,0
BRDA:143,19,0,0
BRDA:143,19,1,0
BRDA:149,20,0,0
BRDA:164,21,0,0
BRDA:190,22,0,0
BRDA:190,22,1,0
BRF:32
BRH:0
end_of_record
TN:
SF:src/functions/enterprise/district-admin.ts
FN:60,authenticateLambda
FN:85,(anonymous_1)
FN:192,(anonymous_2)
FN:260,(anonymous_3)
FNF:4
FNH:0
FNDA:0,authenticateLambda
FNDA:0,(anonymous_1)
FNDA:0,(anonymous_2)
FNDA:0,(anonymous_3)
DA:61,0
DA:62,0
DA:63,0
DA:66,0
DA:67,0
DA:68,0
DA:71,0
DA:85,0
DA:89,0
DA:91,0
DA:92,0
DA:100,0
DA:101,0
DA:103,0
DA:104,0
DA:113,0
DA:114,0
DA:115,0
DA:116,0
DA:118,0
DA:120,0
DA:122,0
DA:140,0
DA:141,0
DA:151,0
DA:152,0
DA:153,0
DA:155,0
DA:158,0
DA:177,0
DA:179,0
DA:192,0
DA:194,0
DA:201,0
DA:210,0
DA:219,0
DA:220,0
DA:221,0
DA:223,0
DA:227,0
DA:228,0
DA:229,0
DA:230,0
DA:233,0
DA:254,0
DA:256,0
DA:261,0
DA:262,0
DA:263,0
DA:265,0
DA:268,0
DA:294,0
DA:295,0
DA:298,0
DA:299,0
DA:309,0
DA:313,0
DA:314,0
DA:324,0
DA:328,0
DA:350,0
DA:370,0
DA:380,0
DA:381,0
DA:390,0
DA:391,0
DA:394,0
DA:401,0
DA:402,0
DA:412,0
DA:414,0
DA:415,0
DA:418,0
DA:419,0
DA:422,0
DA:423,0
DA:426,0
DA:428,0
DA:429,0
DA:430,0
DA:432,0
DA:435,0
DA:442,0
DA:458,0
DA:459,0
DA:460,0
DA:462,0
DA:465,0
DA:485,0
DA:495,0
DA:496,0
DA:506,0
DA:514,0
DA:523,0
DA:533,0
DA:539,0
LF:96
LH:0
BRDA:62,0,0,0
BRDA:67,1,0,0
BRDA:67,2,0,0
BRDA:67,2,1,0
BRDA:114,3,0,0
BRDA:114,3,1,0
BRDA:118,4,0,0
BRDA:118,4,1,0
BRDA:118,4,2,0
BRDA:118,4,3,0
BRDA:118,4,4,0
BRDA:120,5,0,0
BRDA:120,5,1,0
BRDA:140,6,0,0
BRDA:165,7,0,0
BRDA:165,7,1,0
BRDA:166,8,0,0
BRDA:166,8,1,0
BRDA:168,9,0,0
BRDA:168,9,1,0
BRDA:177,10,0,0
BRDA:177,10,1,0
BRDA:219,11,0,0
BRDA:219,11,1,0
BRDA:220,12,0,0
BRDA:220,12,1,0
BRDA:227,13,0,0
BRDA:227,13,1,0
BRDA:229,14,0,0
BRDA:271,15,0,0
BRDA:271,15,1,0
BRDA:272,16,0,0
BRDA:272,16,1,0
BRDA:274,17,0,0
BRDA:274,17,1,0
BRDA:295,18,0,0
BRDA:295,18,1,0
BRDA:298,19,0,0
BRDA:298,20,0,0
BRDA:298,20,1,0
BRDA:298,20,2,0
BRDA:298,20,3,0
BRDA:313,21,0,0
BRDA:325,22,0,0
BRDA:325,22,1,0
BRDA:357,23,0,0
BRDA:357,23,1,0
BRDA:358,24,0,0
BRDA:358,24,1,0
BRDA:360,25,0,0
BRDA:360,25,1,0
BRDA:380,26,0,0
BRDA:391,27,0,0
BRDA:391,27,1,0
BRDA:401,28,0,0
BRDA:414,29,0,0
BRDA:418,30,0,0
BRDA:422,31,0,0
BRDA:426,32,0,0
BRDA:472,33,0,0
BRDA:472,33,1,0
BRDA:473,34,0,0
BRDA:473,34,1,0
BRDA:475,35,0,0
BRDA:475,35,1,0
BRDA:495,36,0,0
BRF:66
BRH:0
end_of_record
TN:
SF:src/functions/enterprise/tenant-manager.ts
FN:79,(anonymous_0)
FN:126,getTenant
FN:171,listTenants
FN:209,(anonymous_3)
FN:241,createTenant
FN:360,updateTenant
FN:496,deleteTenant
FNF:7
FNH:0
FNDA:0,(anonymous_0)
FNDA:0,getTenant
FNDA:0,listTenants
FNDA:0,(anonymous_3)
FNDA:0,createTenant
FNDA:0,updateTenant
FNDA:0,deleteTenant
DA:79,0
DA:83,0
DA:84,0
DA:86,0
DA:87,0
DA:88,0
DA:91,0
DA:93,0
DA:94,0
DA:96,0
DA:100,0
DA:103,0
DA:106,0
DA:109,0
DA:117,0
DA:118,0
DA:119,0
DA:127,0
DA:128,0
DA:131,0
DA:135,0
DA:136,0
DA:143,0
DA:145,0
DA:164,0
DA:174,0
DA:175,0
DA:177,0
DA:178,0
DA:179,0
DA:180,0
DA:187,0
DA:188,0
DA:189,0
DA:196,0
DA:197,0
DA:204,0
DA:205,0
DA:207,0
DA:209,0
DA:234,0
DA:242,0
DA:244,0
DA:245,0
DA:246,0
DA:253,0
DA:256,0
DA:277,0
DA:296,0
DA:305,0
DA:306,0
DA:307,0
DA:310,0
DA:313,0
DA:332,0
DA:334,0
DA:353,0
DA:364,0
DA:365,0
DA:368,0
DA:372,0
DA:373,0
DA:381,0
DA:382,0
DA:384,0
DA:385,0
DA:386,0
DA:389,0
DA:390,0
DA:391,0
DA:394,0
DA:395,0
DA:396,0
DA:399,0
DA:400,0
DA:401,0
DA:404,0
DA:405,0
DA:406,0
DA:409,0
DA:410,0
DA:411,0
DA:414,0
DA:415,0
DA:416,0
DA:421,0
DA:423,0
DA:428,0
DA:429,0
DA:435,0
DA:436,0
DA:442,0
DA:443,0
DA:449,0
DA:450,0
DA:451,0
DA:459,0
DA:468,0
DA:470,0
DA:489,0
DA:497,0
DA:498,0
DA:500,0
DA:504,0
DA:505,0
DA:512,0
DA:518,0
LF:107
LH:0
BRDA:91,0,0,0
BRDA:91,0,1,0
BRDA:91,0,2,0
BRDA:91,0,3,0
BRDA:91,0,4,0
BRDA:93,1,0,0
BRDA:93,1,1,0
BRDA:100,2,0,0
BRDA:100,2,1,0
BRDA:103,3,0,0
BRDA:103,3,1,0
BRDA:135,4,0,0
BRDA:177,5,0,0
BRDA:177,5,1,0
BRDA:178,6,0,0
BRDA:178,6,1,0
BRDA:180,7,0,0
BRDA:180,7,1,0
BRDA:181,8,0,0
BRDA:181,8,1,0
BRDA:187,9,0,0
BRDA:187,9,1,0
BRDA:204,10,0,0
BRDA:204,10,1,0
BRDA:245,11,0,0
BRDA:278,12,0,0
BRDA:278,12,1,0
BRDA:279,13,0,0
BRDA:279,13,1,0
BRDA:280,14,0,0
BRDA:280,14,1,0
BRDA:281,15,0,0
BRDA:281,15,1,0
BRDA:282,16,0,0
BRDA:282,16,1,0
BRDA:283,17,0,0
BRDA:283,17,1,0
BRDA:284,18,0,0
BRDA:284,18,1,0
BRDA:285,19,0,0
BRDA:285,19,1,0
BRDA:286,20,0,0
BRDA:286,20,1,0
BRDA:287,21,0,0
BRDA:287,21,1,0
BRDA:288,22,0,0
BRDA:288,22,1,0
BRDA:289,23,0,0
BRDA:289,23,1,0
BRDA:290,24,0,0
BRDA:290,24,1,0
BRDA:291,25,0,0
BRDA:291,25,1,0
BRDA:292,26,0,0
BRDA:292,26,1,0
BRDA:297,27,0,0
BRDA:297,27,1,0
BRDA:298,28,0,0
BRDA:298,28,1,0
BRDA:299,29,0,0
BRDA:299,29,1,0
BRDA:300,30,0,0
BRDA:300,30,1,0
BRDA:301,31,0,0
BRDA:301,31,1,0
BRDA:322,32,0,0
BRDA:322,32,1,0
BRDA:323,33,0,0
BRDA:323,33,1,0
BRDA:372,34,0,0
BRDA:384,35,0,0
BRDA:389,36,0,0
BRDA:394,37,0,0
BRDA:399,38,0,0
BRDA:404,39,0,0
BRDA:409,40,0,0
BRDA:414,41,0,0
BRDA:421,42,0,0
BRDA:421,42,1,0
BRDA:428,43,0,0
BRDA:428,43,1,0
BRDA:428,44,0,0
BRDA:428,44,1,0
BRDA:435,45,0,0
BRDA:435,45,1,0
BRDA:442,46,0,0
BRDA:442,46,1,0
BRDA:449,47,0,0
BRDA:449,47,1,0
BRDA:450,48,0,0
BRDA:450,48,1,0
BRDA:504,49,0,0
BRF:92
BRH:0
end_of_record
TN:
SF:src/functions/health/basic.ts
FN:12,(anonymous_0)
FN:28,(anonymous_1)
FNF:2
FNH:0
FNDA:0,(anonymous_0)
FNDA:0,(anonymous_1)
DA:9,0
DA:12,0
DA:28,0
DA:32,0
DA:34,0
DA:35,0
DA:37,0
DA:42,0
DA:51,0
DA:53,0
LF:10
LH:0
BRDA:12,0,0,0
BRF:1
BRH:0
end_of_record
TN:
SF:src/functions/health/check-health.ts
FN:64,(anonymous_0)
FN:115,(anonymous_1)
FN:145,(anonymous_2)
FN:188,checkDatabaseHealth
FN:216,checkRedisHealth
FN:244,checkExternalServices
FN:271,checkExternalService
FN:280,(anonymous_7)
FN:317,determineOverallHealth
FN:318,(anonymous_9)
FN:319,(anonymous_10)
FN:335,getSystemMetrics
FNF:12
FNH:0
FNDA:0,(anonymous_0)
FNDA:0,(anonymous_1)
FNDA:0,(anonymous_2)
FNDA:0,checkDatabaseHealth
FNDA:0,checkRedisHealth
FNDA:0,checkExternalServices
FNDA:0,checkExternalService
FNDA:0,(anonymous_7)
FNDA:0,determineOverallHealth
FNDA:0,(anonymous_9)
FNDA:0,(anonymous_10)
FNDA:0,getSystemMetrics
DA:64,0
DA:68,0
DA:69,0
DA:71,0
DA:73,0
DA:79,0
DA:81,0
DA:92,0
DA:93,0
DA:96,0
DA:99,0
DA:105,0
DA:106,0
DA:107,0
DA:115,0
DA:119,0
DA:120,0
DA:122,0
DA:124,0
DA:131,0
DA:132,0
DA:134,0
DA:137,0
DA:138,0
DA:140,0
DA:141,0
DA:145,0
DA:146,0
DA:147,0
DA:149,0
DA:150,0
DA:154,0
DA:166,0
DA:167,0
DA:170,0
DA:173,0
DA:179,0
DA:180,0
DA:181,0
DA:189,0
DA:191,0
DA:192,0
DA:193,0
DA:195,0
DA:197,0
DA:204,0
DA:217,0
DA:219,0
DA:220,0
DA:221,0
DA:223,0
DA:225,0
DA:232,0
DA:245,0
DA:248,0
DA:249,0
DA:257,0
DA:258,0
DA:265,0
DA:276,0
DA:278,0
DA:279,0
DA:280,0
DA:282,0
DA:287,0
DA:288,0
DA:290,0
DA:294,0
DA:303,0
DA:318,0
DA:319,0
DA:321,0
DA:322,0
DA:325,0
DA:326,0
DA:329,0
DA:336,0
DA:337,0
DA:339,0
LF:79
LH:0
BRDA:96,0,0,0
BRDA:96,0,1,0
BRDA:97,1,0,0
BRDA:97,1,1,0
BRDA:137,2,0,0
BRDA:140,3,0,0
BRDA:146,4,0,0
BRDA:149,5,0,0
BRDA:163,6,0,0
BRDA:163,6,1,0
BRDA:170,7,0,0
BRDA:170,7,1,0
BRDA:171,8,0,0
BRDA:171,8,1,0
BRDA:198,9,0,0
BRDA:198,9,1,0
BRDA:198,10,0,0
BRDA:198,10,1,0
BRDA:208,11,0,0
BRDA:208,11,1,0
BRDA:226,12,0,0
BRDA:226,12,1,0
BRDA:226,13,0,0
BRDA:226,13,1,0
BRDA:236,14,0,0
BRDA:236,14,1,0
BRDA:248,15,0,0
BRDA:257,16,0,0
BRDA:290,17,0,0
BRDA:290,17,1,0
BRDA:291,18,0,0
BRDA:291,18,1,0
BRDA:309,19,0,0
BRDA:309,19,1,0
BRDA:321,20,0,0
BRDA:325,21,0,0
BRF:36
BRH:0
end_of_record
TN:
SF:src/functions/health/comprehensive.ts
FN:63,(anonymous_0)
FN:79,(anonymous_1)
FN:171,checkDatabaseHealth
FN:196,checkRedisHealth
FN:227,determineOverallHealth
FN:228,(anonymous_5)
FN:229,(anonymous_6)
FN:245,getSystemMetrics
FN:268,getActiveAlerts
FN:271,(anonymous_9)
FN:305,getRecommendations
FN:309,(anonymous_11)
FN:314,(anonymous_12)
FNF:13
FNH:0
FNDA:0,(anonymous_0)
FNDA:0,(anonymous_1)
FNDA:0,checkDatabaseHealth
FNDA:0,checkRedisHealth
FNDA:0,determineOverallHealth
FNDA:0,(anonymous_5)
FNDA:0,(anonymous_6)
FNDA:0,getSystemMetrics
FNDA:0,getActiveAlerts
FNDA:0,(anonymous_9)
FNDA:0,getRecommendations
FNDA:0,(anonymous_11)
FNDA:0,(anonymous_12)
DA:13,0
DA:63,0
DA:79,0
DA:83,0
DA:85,0
DA:86,0
DA:95,0
DA:101,0
DA:117,0
DA:120,0
DA:123,0
DA:124,0
DA:126,0
DA:135,0
DA:136,0
DA:143,0
DA:146,0
DA:153,0
DA:154,0
DA:160,0
DA:172,0
DA:174,0
DA:176,0
DA:178,0
DA:184,0
DA:197,0
DA:199,0
DA:201,0
DA:202,0
DA:203,0
DA:205,0
DA:206,0
DA:209,0
DA:215,0
DA:228,0
DA:229,0
DA:231,0
DA:232,0
DA:235,0
DA:236,0
DA:239,0
DA:246,0
DA:248,0
DA:269,0
DA:271,0
DA:272,0
DA:273,0
DA:279,0
DA:280,0
DA:289,0
DA:290,0
DA:299,0
DA:306,0
DA:309,0
DA:310,0
DA:311,0
DA:314,0
DA:320,0
DA:321,0
DA:323,0
DA:324,0
DA:332,0
LF:62
LH:0
BRDA:63,0,0,0
BRDA:104,1,0,0
BRDA:104,1,1,0
BRDA:105,2,0,0
BRDA:105,2,1,0
BRDA:106,3,0,0
BRDA:106,3,1,0
BRDA:110,4,0,0
BRDA:110,4,1,0
BRDA:111,5,0,0
BRDA:111,5,1,0
BRDA:112,6,0,0
BRDA:112,6,1,0
BRDA:143,7,0,0
BRDA:143,7,1,0
BRDA:144,8,0,0
BRDA:144,8,1,0
BRDA:155,9,0,0
BRDA:155,9,1,0
BRDA:188,10,0,0
BRDA:188,10,1,0
BRDA:205,11,0,0
BRDA:219,12,0,0
BRDA:219,12,1,0
BRDA:231,13,0,0
BRDA:235,14,0,0
BRDA:272,15,0,0
BRDA:272,15,1,0
BRDA:279,16,0,0
BRDA:289,17,0,0
BRDA:310,18,0,0
BRDA:323,19,0,0
BRF:32
BRH:0
end_of_record
TN:
SF:src/functions/health/dashboard.ts
FN:16,(anonymous_0)
FN:32,(anonymous_1)
FN:72,generateDashboardHTML
FNF:3
FNH:0
FNDA:0,(anonymous_0)
FNDA:0,(anonymous_1)
FNDA:0,generateDashboardHTML
DA:13,0
DA:16,0
DA:32,0
DA:36,0
DA:38,0
DA:39,0
DA:46,0
DA:48,0
DA:49,0
DA:54,0
DA:57,0
DA:58,0
DA:64,0
DA:73,0
LF:14
LH:0
BRDA:16,0,0,0
BRDA:25,1,0,0
BRDA:25,1,1,0
BRDA:59,2,0,0
BRDA:59,2,1,0
BRF:5
BRH:0
end_of_record
TN:
SF:src/functions/health/database-health.ts
FN:35,(anonymous_0)
FN:51,(anonymous_1)
FN:67,(anonymous_2)
FN:117,runDatabaseTests
FN:190,(anonymous_4)
FNF:5
FNH:0
FNDA:0,(anonymous_0)
FNDA:0,(anonymous_1)
FNDA:0,(anonymous_2)
FNDA:0,runDatabaseTests
FNDA:0,(anonymous_4)
DA:12,0
DA:35,0
DA:51,0
DA:55,0
DA:57,0
DA:58,0
DA:64,0
DA:67,0
DA:68,0
DA:71,0
DA:73,0
DA:80,0
DA:89,0
DA:92,0
DA:99,0
DA:100,0
DA:106,0
DA:118,0
DA:121,0
DA:122,0
DA:123,0
DA:124,0
DA:130,0
DA:139,0
DA:140,0
DA:141,0
DA:142,0
DA:148,0
DA:157,0
DA:158,0
DA:160,0
DA:168,0
DA:170,0
DA:173,0
DA:179,0
DA:188,0
DA:189,0
DA:190,0
DA:191,0
DA:194,0
DA:200,0
DA:208,0
LF:42
LH:0
BRDA:35,0,0,0
BRDA:68,1,0,0
BRDA:68,1,1,0
BRDA:69,2,0,0
BRDA:69,2,1,0
BRDA:89,3,0,0
BRDA:89,3,1,0
BRDA:90,4,0,0
BRDA:90,4,1,0
BRDA:101,5,0,0
BRDA:101,5,1,0
BRDA:134,6,0,0
BRDA:134,6,1,0
BRDA:152,7,0,0
BRDA:152,7,1,0
BRDA:168,8,0,0
BRDA:183,9,0,0
BRDA:183,9,1,0
BRDA:204,10,0,0
BRDA:204,10,1,0
BRF:20
BRH:0
end_of_record
TN:
SF:src/functions/health/detailed.ts
FN:90,(anonymous_0)
FN:106,(anonymous_1)
FN:194,performDetailedDatabaseCheck
FN:236,(anonymous_3)
FN:237,(anonymous_4)
FN:248,(anonymous_5)
FN:259,performDetailedRedisCheck
FN:316,(anonymous_7)
FN:317,(anonymous_8)
FN:328,(anonymous_9)
FN:339,createFailedServiceHealth
FN:357,determineOverallStatus
FN:358,(anonymous_12)
FN:359,(anonymous_13)
FN:375,getDetailedSystemMetrics
FN:407,getEnvironmentInfo
FN:424,runDiagnostics
FN:446,(anonymous_17)
FNF:18
FNH:0
FNDA:0,(anonymous_0)
FNDA:0,(anonymous_1)
FNDA:0,performDetailedDatabaseCheck
FNDA:0,(anonymous_3)
FNDA:0,(anonymous_4)
FNDA:0,(anonymous_5)
FNDA:0,performDetailedRedisCheck
FNDA:0,(anonymous_7)
FNDA:0,(anonymous_8)
FNDA:0,(anonymous_9)
FNDA:0,createFailedServiceHealth
FNDA:0,determineOverallStatus
FNDA:0,(anonymous_12)
FNDA:0,(anonymous_13)
FNDA:0,getDetailedSystemMetrics
FNDA:0,getEnvironmentInfo
FNDA:0,runDiagnostics
FNDA:0,(anonymous_17)
DA:13,0
DA:90,0
DA:106,0
DA:110,0
DA:112,0
DA:113,0
DA:122,0
DA:128,0
DA:134,0
DA:137,0
DA:140,0
DA:143,0
DA:145,0
DA:147,0
DA:157,0
DA:166,0
DA:169,0
DA:176,0
DA:177,0
DA:183,0
DA:195,0
DA:196,0
DA:199,0
DA:200,0
DA:201,0
DA:202,0
DA:208,0
DA:217,0
DA:218,0
DA:219,0
DA:220,0
DA:221,0
DA:228,0
DA:236,0
DA:237,0
DA:239,0
DA:242,0
DA:248,0
DA:260,0
DA:261,0
DA:264,0
DA:265,0
DA:266,0
DA:267,0
DA:268,0
DA:270,0
DA:271,0
DA:277,0
DA:285,0
DA:294,0
DA:295,0
DA:296,0
DA:297,0
DA:298,0
DA:299,0
DA:301,0
DA:308,0
DA:316,0
DA:317,0
DA:319,0
DA:322,0
DA:328,0
DA:340,0
DA:358,0
DA:359,0
DA:361,0
DA:362,0
DA:365,0
DA:366,0
DA:369,0
DA:376,0
DA:377,0
DA:379,0
DA:408,0
DA:425,0
DA:428,0
DA:429,0
DA:430,0
DA:436,0
DA:437,0
DA:446,0
DA:447,0
DA:448,0
DA:458,0
DA:459,0
DA:467,0
LF:86
LH:0
BRDA:90,0,0,0
BRDA:129,1,0,0
BRDA:129,1,1,0
BRDA:130,2,0,0
BRDA:130,2,1,0
BRDA:166,3,0,0
BRDA:166,3,1,0
BRDA:167,4,0,0
BRDA:167,4,1,0
BRDA:178,5,0,0
BRDA:178,5,1,0
BRDA:212,6,0,0
BRDA:212,6,1,0
BRDA:223,7,0,0
BRDA:223,7,1,0
BRDA:232,8,0,0
BRDA:232,8,1,0
BRDA:239,9,0,0
BRDA:239,9,1,0
BRDA:240,10,0,0
BRDA:240,10,1,0
BRDA:270,11,0,0
BRDA:270,11,1,0
BRDA:289,12,0,0
BRDA:289,12,1,0
BRDA:303,13,0,0
BRDA:303,13,1,0
BRDA:312,14,0,0
BRDA:312,14,1,0
BRDA:319,15,0,0
BRDA:319,15,1,0
BRDA:320,16,0,0
BRDA:320,16,1,0
BRDA:344,17,0,0
BRDA:344,17,1,0
BRDA:349,18,0,0
BRDA:349,18,1,0
BRDA:361,19,0,0
BRDA:365,20,0,0
BRDA:409,21,0,0
BRDA:409,21,1,0
BRDA:410,22,0,0
BRDA:410,22,1,0
BRDA:411,23,0,0
BRDA:411,23,1,0
BRDA:412,24,0,0
BRDA:412,24,1,0
BRDA:429,25,0,0
BRDA:429,25,1,0
BRDA:436,26,0,0
BRDA:447,27,0,0
BRDA:458,28,0,0
BRF:52
BRH:0
end_of_record
TN:
SF:src/functions/health/health-check.ts
FN:31,(anonymous_0)
FN:47,(anonymous_1)
FN:80,(anonymous_2)
FN:81,(anonymous_3)
FN:131,checkDatabaseHealth
FN:155,checkRedisHealth
FNF:6
FNH:0
FNDA:0,(anonymous_0)
FNDA:0,(anonymous_1)
FNDA:0,(anonymous_2)
FNDA:0,(anonymous_3)
FNDA:0,checkDatabaseHealth
FNDA:0,checkRedisHealth
DA:13,0
DA:31,0
DA:47,0
DA:51,0
DA:53,0
DA:54,0
DA:60,0
DA:66,0
DA:80,0
DA:81,0
DA:83,0
DA:86,0
DA:88,0
DA:96,0
DA:103,0
DA:106,0
DA:113,0
DA:114,0
DA:120,0
DA:132,0
DA:134,0
DA:135,0
DA:136,0
DA:138,0
DA:144,0
DA:156,0
DA:158,0
DA:159,0
DA:160,0
DA:161,0
DA:163,0
DA:165,0
DA:166,0
DA:173,0
DA:179,0
LF:35
LH:0
BRDA:31,0,0,0
BRDA:69,1,0,0
BRDA:69,1,1,0
BRDA:70,2,0,0
BRDA:70,2,1,0
BRDA:74,3,0,0
BRDA:74,3,1,0
BRDA:75,4,0,0
BRDA:75,4,1,0
BRDA:83,5,0,0
BRDA:83,5,1,0
BRDA:84,6,0,0
BRDA:84,6,1,0
BRDA:93,7,0,0
BRDA:93,7,1,0
BRDA:103,8,0,0
BRDA:103,8,1,0
BRDA:104,9,0,0
BRDA:104,9,1,0
BRDA:115,10,0,0
BRDA:115,10,1,0
BRDA:140,11,0,0
BRDA:140,11,1,0
BRDA:165,12,0,0
BRDA:175,13,0,0
BRDA:175,13,1,0
BRF:26
BRH:0
end_of_record
TN:
SF:src/functions/health/live.ts
FN:11,(anonymous_0)
FN:24,(anonymous_1)
FN:117,(anonymous_2)
FNF:3
FNH:0
FNDA:0,(anonymous_0)
FNDA:0,(anonymous_1)
FNDA:0,(anonymous_2)
DA:11,0
DA:24,0
DA:29,0
DA:30,0
DA:32,0
DA:34,0
DA:36,0
DA:47,0
DA:48,0
DA:52,0
DA:53,0
DA:55,0
DA:65,0
DA:66,0
DA:67,0
DA:69,0
DA:79,0
DA:81,0
DA:82,0
DA:83,0
DA:85,0
DA:87,0
DA:96,0
DA:97,0
DA:101,0
DA:105,0
DA:108,0
DA:110,0
DA:117,0
DA:121,0
DA:122,0
DA:123,0
DA:125,0
DA:126,0
DA:128,0
DA:129,0
DA:131,0
DA:139,0
DA:147,0
DA:156,0
DA:163,0
LF:41
LH:0
BRDA:11,0,0,0
BRDA:37,1,0,0
BRDA:37,1,1,0
BRDA:42,2,0,0
BRDA:42,2,1,0
BRDA:47,3,0,0
BRDA:88,4,0,0
BRDA:88,4,1,0
BRDA:91,5,0,0
BRDA:91,5,1,0
BRDA:96,6,0,0
BRDA:150,7,0,0
BRDA:150,7,1,0
BRF:13
BRH:0
end_of_record
TN:
SF:src/functions/health/ready.ts
FN:15,(anonymous_0)
FN:28,(anonymous_1)
FN:63,(anonymous_2)
FN:106,(anonymous_3)
FNF:4
FNH:0
FNDA:0,(anonymous_0)
FNDA:0,(anonymous_1)
FNDA:0,(anonymous_2)
FNDA:0,(anonymous_3)
DA:12,0
DA:15,0
DA:28,0
DA:33,0
DA:34,0
DA:36,0
DA:38,0
DA:39,0
DA:40,0
DA:42,0
DA:48,0
DA:53,0
DA:57,0
DA:63,0
DA:65,0
DA:74,0
DA:75,0
DA:79,0
DA:80,0
DA:81,0
DA:83,0
DA:93,0
DA:94,0
DA:97,0
DA:99,0
DA:106,0
DA:110,0
DA:111,0
DA:112,0
DA:114,0
DA:115,0
DA:117,0
DA:118,0
DA:120,0
DA:128,0
DA:136,0
DA:138,0
DA:147,0
DA:153,0
DA:155,0
LF:40
LH:0
BRDA:15,0,0,0
BRDA:66,1,0,0
BRDA:66,1,1,0
BRDA:69,2,0,0
BRDA:69,2,1,0
BRDA:74,3,0,0
BRDA:84,4,0,0
BRDA:84,4,1,0
BRDA:88,5,0,0
BRDA:88,5,1,0
BRDA:93,6,0,0
BRDA:136,7,0,0
BRDA:136,7,1,0
BRDA:141,8,0,0
BRDA:141,8,1,0
BRF:15
BRH:0
end_of_record
TN:
SF:src/functions/health/status.ts
FN:36,checkDatabaseStatus
FN:57,determineOverallStatus
FN:58,(anonymous_2)
FN:60,(anonymous_3)
FN:64,(anonymous_4)
FN:75,(anonymous_5)
FNF:6
FNH:0
FNDA:0,checkDatabaseStatus
FNDA:0,determineOverallStatus
FNDA:0,(anonymous_2)
FNDA:0,(anonymous_3)
FNDA:0,(anonymous_4)
FNDA:0,(anonymous_5)
DA:12,0
DA:37,0
DA:38,0
DA:39,0
DA:40,0
DA:42,0
DA:47,0
DA:58,0
DA:60,0
DA:61,0
DA:64,0
DA:65,0
DA:68,0
DA:75,0
DA:79,0
DA:80,0
DA:81,0
DA:83,0
DA:84,0
DA:87,0
DA:92,0
DA:93,0
DA:99,0
DA:105,0
DA:108,0
DA:109,0
DA:112,0
DA:121,0
DA:122,0
DA:129,0
DA:132,0
DA:146,0
DA:152,0
DA:154,0
LF:34
LH:0
BRDA:60,0,0,0
BRDA:64,1,0,0
BRDA:117,2,0,0
BRDA:117,2,1,0
BRDA:118,3,0,0
BRDA:118,3,1,0
BRDA:129,4,0,0
BRDA:129,4,1,0
BRDA:130,5,0,0
BRDA:130,5,1,0
BRF:10
BRH:0
end_of_record
TN:
SF:src/functions/health/system-health.ts
FN:45,checkDatabaseHealth
FN:94,checkRedisHealth
FN:158,checkExternalServicesHealth
FN:247,determineOverallHealth
FN:248,(anonymous_4)
FN:249,(anonymous_5)
FN:250,(anonymous_6)
FN:253,(anonymous_7)
FN:254,(anonymous_8)
FN:276,getSystemMetrics
FN:295,(anonymous_10)
FNF:11
FNH:0
FNDA:0,checkDatabaseHealth
FNDA:0,checkRedisHealth
FNDA:0,checkExternalServicesHealth
FNDA:0,determineOverallHealth
FNDA:0,(anonymous_4)
FNDA:0,(anonymous_5)
FNDA:0,(anonymous_6)
FNDA:0,(anonymous_7)
FNDA:0,(anonymous_8)
FNDA:0,getSystemMetrics
FNDA:0,(anonymous_10)
DA:46,0
DA:47,0
DA:49,0
DA:51,0
DA:53,0
DA:54,0
DA:55,0
DA:58,0
DA:60,0
DA:62,0
DA:76,0
DA:78,0
DA:95,0
DA:96,0
DA:98,0
DA:99,0
DA:102,0
DA:103,0
DA:104,0
DA:107,0
DA:108,0
DA:110,0
DA:111,0
DA:112,0
DA:114,0
DA:115,0
DA:116,0
DA:119,0
DA:121,0
DA:122,0
DA:124,0
DA:140,0
DA:142,0
DA:159,0
DA:160,0
DA:163,0
DA:164,0
DA:167,0
DA:173,0
DA:175,0
DA:189,0
DA:191,0
DA:203,0
DA:204,0
DA:206,0
DA:211,0
DA:213,0
DA:228,0
DA:230,0
DA:241,0
DA:248,0
DA:249,0
DA:250,0
DA:253,0
DA:254,0
DA:256,0
DA:257,0
DA:261,0
DA:262,0
DA:266,0
DA:267,0
DA:270,0
DA:277,0
DA:279,0
DA:295,0
DA:299,0
DA:300,0
DA:301,0
DA:303,0
DA:304,0
DA:307,0
DA:308,0
DA:312,0
DA:319,0
DA:326,0
DA:329,0
DA:331,0
DA:340,0
DA:341,0
DA:349,0
DA:352,0
DA:358,0
DA:359,0
DA:365,0
LF:84
LH:0
BRDA:64,0,0,0
BRDA:64,0,1,0
BRDA:64,1,0,0
BRDA:64,1,1,0
BRDA:126,2,0,0
BRDA:126,2,1,0
BRDA:126,3,0,0
BRDA:126,3,1,0
BRDA:168,4,0,0
BRDA:168,4,1,0
BRDA:168,4,2,0
BRDA:177,5,0,0
BRDA:177,5,1,0
BRDA:181,6,0,0
BRDA:181,6,1,0
BRDA:207,7,0,0
BRDA:207,7,1,0
BRDA:215,8,0,0
BRDA:215,8,1,0
BRDA:256,9,0,0
BRDA:261,10,0,0
BRDA:266,11,0,0
BRDA:266,12,0,0
BRDA:266,12,1,0
BRDA:287,13,0,0
BRDA:287,13,1,0
BRDA:307,14,0,0
BRDA:349,15,0,0
BRDA:349,15,1,0
BRDA:350,16,0,0
BRDA:350,16,1,0
BRF:31
BRH:0
end_of_record
TN:
SF:src/functions/health/system-status.ts
FN:69,checkServiceStatus
FN:161,getCurrentIncidents
FN:170,getScheduledMaintenance
FN:179,getSystemMetrics
FN:194,determineOverallStatus
FN:198,(anonymous_5)
FN:203,(anonymous_6)
FN:208,(anonymous_7)
FN:219,(anonymous_8)
FN:303,(anonymous_9)
FN:395,(anonymous_10)
FNF:11
FNH:0
FNDA:0,checkServiceStatus
FNDA:0,getCurrentIncidents
FNDA:0,getScheduledMaintenance
FNDA:0,getSystemMetrics
FNDA:0,determineOverallStatus
FNDA:0,(anonymous_5)
FNDA:0,(anonymous_6)
FNDA:0,(anonymous_7)
FNDA:0,(anonymous_8)
FNDA:0,(anonymous_9)
FNDA:0,(anonymous_10)
DA:70,0
DA:71,0
DA:73,0
DA:74,0
DA:76,0
DA:77,0
DA:78,0
DA:79,0
DA:81,0
DA:94,0
DA:95,0
DA:96,0
DA:97,0
DA:99,0
DA:112,0
DA:126,0
DA:139,0
DA:143,0
DA:145,0
DA:164,0
DA:173,0
DA:182,0
DA:195,0
DA:198,0
DA:199,0
DA:203,0
DA:204,0
DA:208,0
DA:209,0
DA:212,0
DA:219,0
DA:223,0
DA:224,0
DA:225,0
DA:227,0
DA:228,0
DA:231,0
DA:232,0
DA:236,0
DA:243,0
DA:251,0
DA:257,0
DA:259,0
DA:268,0
DA:269,0
DA:278,0
DA:282,0
DA:288,0
DA:289,0
DA:295,0
DA:303,0
DA:307,0
DA:308,0
DA:309,0
DA:311,0
DA:312,0
DA:315,0
DA:316,0
DA:320,0
DA:327,0
DA:335,0
DA:341,0
DA:344,0
DA:351,0
DA:361,0
DA:362,0
DA:370,0
DA:374,0
DA:380,0
DA:381,0
DA:387,0
DA:395,0
DA:399,0
DA:400,0
DA:401,0
DA:403,0
DA:404,0
DA:407,0
DA:408,0
DA:411,0
DA:412,0
DA:413,0
DA:416,0
DA:418,0
DA:419,0
DA:426,0
DA:430,0
DA:436,0
DA:437,0
DA:444,0
DA:445,0
DA:448,0
LF:92
LH:0
BRDA:74,0,0,0
BRDA:74,0,1,0
BRDA:74,0,2,0
BRDA:74,0,3,0
BRDA:74,0,4,0
BRDA:83,1,0,0
BRDA:83,1,1,0
BRDA:83,2,0,0
BRDA:83,2,1,0
BRDA:101,3,0,0
BRDA:101,3,1,0
BRDA:101,4,0,0
BRDA:101,4,1,0
BRDA:198,5,0,0
BRDA:203,6,0,0
BRDA:208,7,0,0
BRDA:231,8,0,0
BRDA:278,9,0,0
BRDA:278,9,1,0
BRDA:279,10,0,0
BRDA:279,10,1,0
BRDA:280,11,0,0
BRDA:280,11,1,0
BRDA:315,12,0,0
BRDA:348,13,0,0
BRDA:348,13,1,0
BRDA:370,14,0,0
BRDA:370,14,1,0
BRDA:371,15,0,0
BRDA:371,15,1,0
BRDA:372,16,0,0
BRDA:372,16,1,0
BRDA:407,17,0,0
BRDA:412,18,0,0
BRDA:426,19,0,0
BRDA:426,19,1,0
BRDA:427,20,0,0
BRDA:427,20,1,0
BRDA:428,21,0,0
BRDA:428,21,1,0
BRDA:444,22,0,0
BRF:41
BRH:0
end_of_record
TN:
SF:src/functions/menu/createMenuItem.ts
FN:53,(anonymous_0)
FNF:1
FNH:0
FNDA:0,(anonymous_0)
DA:53,0
DA:57,0
DA:58,0
DA:60,0
DA:62,0
DA:63,0
DA:71,0
DA:72,0
DA:75,0
DA:76,0
DA:77,0
DA:84,0
DA:85,0
DA:88,0
DA:96,0
DA:97,0
DA:105,0
DA:110,0
DA:111,0
DA:118,0
DA:119,0
DA:127,0
DA:139,0
DA:156,0
DA:157,0
DA:158,0
DA:161,0
DA:162,0
DA:163,0
DA:165,0
DA:168,0
DA:193,0
DA:194,0
DA:195,0
LF:34
LH:0
BRDA:62,0,0,0
BRDA:71,1,0,0
BRDA:71,1,1,0
BRDA:76,2,0,0
BRDA:96,3,0,0
BRDA:110,4,0,0
BRDA:118,5,0,0
BRDA:146,6,0,0
BRDA:146,6,1,0
BRDA:147,7,0,0
BRDA:147,7,1,0
BRDA:148,8,0,0
BRDA:148,8,1,0
BRDA:149,9,0,0
BRDA:149,9,1,0
BRDA:150,10,0,0
BRDA:150,10,1,0
BRDA:150,11,0,0
BRDA:150,11,1,0
BRDA:151,12,0,0
BRDA:151,12,1,0
BRF:21
BRH:0
end_of_record
TN:
SF:src/functions/menu/deleteMenuItem.ts
FN:27,canDeleteMenuItem
FN:35,createAuditLog
FN:64,(anonymous_2)
FNF:3
FNH:0
FNDA:0,canDeleteMenuItem
FNDA:0,createAuditLog
FNDA:0,(anonymous_2)
DA:17,0
DA:20,0
DA:28,0
DA:29,0
DA:41,0
DA:64,0
DA:68,0
DA:69,0
DA:71,0
DA:72,0
DA:75,0
DA:78,0
DA:79,0
DA:80,0
DA:83,0
DA:86,0
DA:87,0
DA:92,0
DA:96,0
DA:97,0
DA:98,0
DA:99,0
DA:103,0
DA:104,0
DA:105,0
DA:107,0
DA:108,0
DA:112,0
DA:113,0
DA:115,0
DA:116,0
DA:117,0
DA:120,0
DA:123,0
DA:132,0
DA:133,0
DA:134,0
DA:138,0
DA:139,0
DA:145,0
DA:151,0
DA:153,0
DA:157,0
DA:165,0
DA:173,0
DA:182,0
DA:189,0
DA:196,0
DA:207,0
DA:213,0
DA:215,0
LF:51
LH:0
BRDA:47,0,0,0
BRDA:47,0,1,0
BRDA:78,1,0,0
BRDA:78,2,0,0
BRDA:78,2,1,0
BRDA:86,3,0,0
BRDA:97,4,0,0
BRDA:112,5,0,0
BRDA:112,5,1,0
BRDA:115,6,0,0
BRDA:132,7,0,0
BRDA:138,8,0,0
BRDA:138,9,0,0
BRDA:138,9,1,0
BRDA:151,10,0,0
BRDA:151,10,1,0
BRDA:185,11,0,0
BRDA:185,11,1,0
BRDA:192,12,0,0
BRDA:192,12,1,0
BRDA:197,13,0,0
BRDA:197,13,1,0
BRDA:200,14,0,0
BRDA:200,14,1,0
BRF:24
BRH:0
end_of_record
TN:
SF:src/functions/menu/getMenuItemById.ts
FN:49,getMenuItemWithDetails
FN:106,getMenuItemAvailability
FN:163,(anonymous_2)
FN:283,(anonymous_3)
FN:338,(anonymous_4)
FNF:5
FNH:0
FNDA:0,getMenuItemWithDetails
FNDA:0,getMenuItemAvailability
FNDA:0,(anonymous_2)
FNDA:0,(anonymous_3)
FNDA:0,(anonymous_4)
DA:50,0
DA:52,0
DA:65,0
DA:67,0
DA:68,0
DA:71,0
DA:73,0
DA:111,0
DA:114,0
DA:115,0
DA:116,0
DA:118,0
DA:124,0
DA:126,0
DA:127,0
DA:134,0
DA:135,0
DA:138,0
DA:139,0
DA:140,0
DA:141,0
DA:142,0
DA:143,0
DA:145,0
DA:146,0
DA:147,0
DA:152,0
DA:163,0
DA:167,0
DA:168,0
DA:169,0
DA:171,0
DA:172,0
DA:175,0
DA:176,0
DA:180,0
DA:181,0
DA:182,0
DA:183,0
DA:187,0
DA:188,0
DA:189,0
DA:191,0
DA:192,0
DA:195,0
DA:198,0
DA:200,0
DA:201,0
DA:202,0
DA:206,0
DA:208,0
DA:209,0
DA:217,0
DA:267,0
DA:268,0
DA:275,0
DA:283,0
DA:287,0
DA:288,0
DA:289,0
DA:291,0
DA:292,0
DA:295,0
DA:296,0
DA:299,0
DA:300,0
DA:301,0
DA:305,0
DA:306,0
DA:309,0
DA:310,0
DA:311,0
DA:315,0
DA:316,0
DA:330,0
DA:331,0
DA:338,0
DA:356,0
DA:357,0
DA:364,0
DA:378,0
DA:379,0
DA:386,0
LF:83
LH:0
BRDA:67,0,0,0
BRDA:95,1,0,0
BRDA:95,1,1,0
BRDA:126,2,0,0
BRDA:139,3,0,0
BRDA:139,4,0,0
BRDA:139,4,1,0
BRDA:145,5,0,0
BRDA:175,6,0,0
BRDA:181,7,0,0
BRDA:200,8,0,0
BRDA:295,9,0,0
BRDA:300,10,0,0
BRDA:310,11,0,0
BRF:14
BRH:0
end_of_record
TN:
SF:src/functions/menu/getMenuItems.ts
FN:44,(anonymous_0)
FN:83,(anonymous_1)
FN:260,(anonymous_2)
FNF:3
FNH:0
FNDA:0,(anonymous_0)
FNDA:0,(anonymous_1)
FNDA:0,(anonymous_2)
DA:44,0
DA:48,0
DA:49,0
DA:50,0
DA:52,0
DA:53,0
DA:55,0
DA:56,0
DA:63,0
DA:64,0
DA:67,0
DA:82,0
DA:83,0
DA:87,0
DA:95,0
DA:96,0
DA:103,0
DA:104,0
DA:112,0
DA:113,0
DA:114,0
DA:121,0
DA:124,0
DA:125,0
DA:126,0
DA:129,0
DA:130,0
DA:131,0
DA:132,0
DA:136,0
DA:137,0
DA:138,0
DA:139,0
DA:143,0
DA:144,0
DA:145,0
DA:146,0
DA:149,0
DA:150,0
DA:151,0
DA:152,0
DA:155,0
DA:156,0
DA:157,0
DA:158,0
DA:161,0
DA:162,0
DA:163,0
DA:164,0
DA:168,0
DA:169,0
DA:170,0
DA:171,0
DA:174,0
DA:175,0
DA:176,0
DA:177,0
DA:181,0
DA:182,0
DA:183,0
DA:184,0
DA:188,0
DA:189,0
DA:190,0
DA:191,0
DA:195,0
DA:196,0
DA:197,0
DA:198,0
DA:202,0
DA:203,0
DA:204,0
DA:212,0
DA:213,0
DA:216,0
DA:219,0
DA:222,0
DA:228,0
DA:229,0
DA:230,0
DA:233,0
DA:246,0
DA:247,0
DA:249,0
DA:250,0
DA:258,0
DA:260,0
DA:297,0
DA:298,0
DA:303,0
LF:90
LH:0
BRDA:55,0,0,0
BRDA:63,1,0,0
BRDA:63,1,1,0
BRDA:76,2,0,0
BRDA:76,2,1,0
BRDA:77,3,0,0
BRDA:77,3,1,0
BRDA:82,4,0,0
BRDA:88,5,0,0
BRDA:88,5,1,0
BRDA:89,6,0,0
BRDA:89,6,1,0
BRDA:90,7,0,0
BRDA:90,7,1,0
BRDA:91,8,0,0
BRDA:91,8,1,0
BRDA:95,9,0,0
BRDA:103,10,0,0
BRDA:113,11,0,0
BRDA:129,12,0,0
BRDA:136,13,0,0
BRDA:143,14,0,0
BRDA:149,15,0,0
BRDA:155,16,0,0
BRDA:161,17,0,0
BRDA:168,18,0,0
BRDA:174,19,0,0
BRDA:181,20,0,0
BRDA:188,21,0,0
BRDA:188,22,0,0
BRDA:188,22,1,0
BRDA:195,23,0,0
BRDA:202,24,0,0
BRDA:216,25,0,0
BRDA:216,25,1,0
BRF:35
BRH:0
end_of_record
TN:
SF:src/functions/menu/searchMenuItems.ts
FN:62,validateAndSanitizeSearchTerm
FN:88,generateCacheKey
FN:102,buildSearchQuery
FN:230,getSearchResultCount
FN:328,(anonymous_4)
FN:384,(anonymous_5)
FN:435,(anonymous_6)
FNF:7
FNH:0
FNDA:0,validateAndSanitizeSearchTerm
FNDA:0,generateCacheKey
FNDA:0,buildSearchQuery
FNDA:0,getSearchResultCount
FNDA:0,(anonymous_4)
FNDA:0,(anonymous_5)
FNDA:0,(anonymous_6)
DA:63,0
DA:64,0
DA:68,0
DA:74,0
DA:75,0
DA:78,0
DA:79,0
DA:82,0
DA:89,0
DA:96,0
DA:106,0
DA:107,0
DA:108,0
DA:111,0
DA:112,0
DA:121,0
DA:122,0
DA:125,0
DA:126,0
DA:127,0
DA:128,0
DA:132,0
DA:133,0
DA:134,0
DA:135,0
DA:139,0
DA:140,0
DA:141,0
DA:142,0
DA:145,0
DA:146,0
DA:147,0
DA:148,0
DA:152,0
DA:153,0
DA:156,0
DA:157,0
DA:160,0
DA:161,0
DA:164,0
DA:165,0
DA:169,0
DA:170,0
DA:171,0
DA:172,0
DA:176,0
DA:177,0
DA:178,0
DA:179,0
DA:183,0
DA:184,0
DA:185,0
DA:186,0
DA:190,0
DA:191,0
DA:194,0
DA:197,0
DA:222,0
DA:224,0
DA:231,0
DA:233,0
DA:234,0
DA:235,0
DA:238,0
DA:239,0
DA:248,0
DA:249,0
DA:252,0
DA:253,0
DA:254,0
DA:255,0
DA:258,0
DA:259,0
DA:260,0
DA:261,0
DA:264,0
DA:265,0
DA:266,0
DA:267,0
DA:270,0
DA:271,0
DA:272,0
DA:273,0
DA:276,0
DA:277,0
DA:280,0
DA:281,0
DA:284,0
DA:285,0
DA:288,0
DA:289,0
DA:292,0
DA:293,0
DA:294,0
DA:295,0
DA:298,0
DA:299,0
DA:300,0
DA:301,0
DA:304,0
DA:305,0
DA:306,0
DA:307,0
DA:310,0
DA:311,0
DA:314,0
DA:320,0
DA:321,0
DA:328,0
DA:332,0
DA:333,0
DA:334,0
DA:336,0
DA:337,0
DA:340,0
DA:341,0
DA:344,0
DA:347,0
DA:348,0
DA:349,0
DA:350,0
DA:354,0
DA:355,0
DA:357,0
DA:358,0
DA:362,0
DA:363,0
DA:364,0
DA:367,0
DA:383,0
DA:384,0
DA:387,0
DA:406,0
DA:407,0
DA:410,0
DA:411,0
DA:412,0
DA:413,0
DA:414,0
DA:417,0
DA:424,0
DA:425,0
DA:427,0
DA:432,0
DA:435,0
DA:457,0
DA:495,0
DA:496,0
DA:498,0
DA:504,0
DA:505,0
DA:513,0
DA:516,0
DA:517,0
DA:524,0
LF:155
LH:0
BRDA:63,0,0,0
BRDA:63,1,0,0
BRDA:63,1,1,0
BRDA:74,2,0,0
BRDA:78,3,0,0
BRDA:125,4,0,0
BRDA:132,5,0,0
BRDA:139,6,0,0
BRDA:145,7,0,0
BRDA:152,8,0,0
BRDA:156,9,0,0
BRDA:160,10,0,0
BRDA:164,11,0,0
BRDA:169,12,0,0
BRDA:169,13,0,0
BRDA:169,13,1,0
BRDA:176,14,0,0
BRDA:183,15,0,0
BRDA:190,16,0,0
BRDA:252,17,0,0
BRDA:258,18,0,0
BRDA:264,19,0,0
BRDA:270,20,0,0
BRDA:276,21,0,0
BRDA:280,22,0,0
BRDA:284,23,0,0
BRDA:288,24,0,0
BRDA:292,25,0,0
BRDA:292,26,0,0
BRDA:292,26,1,0
BRDA:298,27,0,0
BRDA:304,28,0,0
BRDA:310,29,0,0
BRDA:340,30,0,0
BRDA:344,31,0,0
BRDA:344,31,1,0
BRDA:347,32,0,0
BRDA:347,32,1,0
BRDA:348,33,0,0
BRDA:362,34,0,0
BRDA:362,34,1,0
BRDA:363,35,0,0
BRDA:363,35,1,0
BRDA:371,36,0,0
BRDA:371,36,1,0
BRDA:372,37,0,0
BRDA:372,37,1,0
BRDA:378,38,0,0
BRDA:378,38,1,0
BRDA:383,39,0,0
BRDA:393,40,0,0
BRDA:393,40,1,0
BRDA:393,41,0,0
BRDA:393,41,1,0
BRDA:393,42,0,0
BRDA:393,42,1,0
BRDA:393,43,0,0
BRDA:393,43,1,0
BRDA:412,44,0,0
BRDA:467,45,0,0
BRDA:467,45,1,0
BRDA:467,46,0,0
BRDA:467,46,1,0
BRDA:519,47,0,0
BRDA:519,47,1,0
BRF:65
BRH:0
end_of_record
TN:
SF:src/functions/menu/updateMenuItem.ts
FN:68,validateUpdateData
FN:164,(anonymous_1)
FN:198,(anonymous_2)
FN:233,getExistingMenuItem
FN:261,updateMenuItem
FN:269,(anonymous_5)
FN:303,logMenuItemUpdate
FN:314,(anonymous_7)
FN:342,(anonymous_8)
FNF:9
FNH:0
FNDA:0,validateUpdateData
FNDA:0,(anonymous_1)
FNDA:0,(anonymous_2)
FNDA:0,getExistingMenuItem
FNDA:0,updateMenuItem
FNDA:0,(anonymous_5)
FNDA:0,logMenuItemUpdate
FNDA:0,(anonymous_7)
FNDA:0,(anonymous_8)
DA:69,0
DA:70,0
DA:73,0
DA:74,0
DA:75,0
DA:77,0
DA:78,0
DA:80,0
DA:84,0
DA:85,0
DA:86,0
DA:88,0
DA:89,0
DA:91,0
DA:95,0
DA:96,0
DA:97,0
DA:98,0
DA:100,0
DA:104,0
DA:105,0
DA:106,0
DA:107,0
DA:109,0
DA:110,0
DA:112,0
DA:116,0
DA:117,0
DA:118,0
DA:120,0
DA:124,0
DA:125,0
DA:126,0
DA:128,0
DA:129,0
DA:130,0
DA:131,0
DA:134,0
DA:138,0
DA:139,0
DA:142,0
DA:143,0
DA:146,0
DA:147,0
DA:150,0
DA:151,0
DA:155,0
DA:156,0
DA:157,0
DA:159,0
DA:160,0
DA:161,0
DA:164,0
DA:168,0
DA:169,0
DA:170,0
DA:172,0
DA:176,0
DA:177,0
DA:178,0
DA:179,0
DA:181,0
DA:182,0
DA:184,0
DA:188,0
DA:189,0
DA:190,0
DA:192,0
DA:193,0
DA:194,0
DA:195,0
DA:198,0
DA:202,0
DA:203,0
DA:204,0
DA:206,0
DA:210,0
DA:211,0
DA:212,0
DA:214,0
DA:215,0
DA:216,0
DA:219,0
DA:223,0
DA:224,0
DA:227,0
DA:234,0
DA:236,0
DA:248,0
DA:249,0
DA:251,0
DA:252,0
DA:255,0
DA:262,0
DA:265,0
DA:266,0
DA:267,0
DA:269,0
DA:270,0
DA:271,0
DA:272,0
DA:276,0
DA:278,0
DA:290,0
DA:291,0
DA:293,0
DA:294,0
DA:297,0
DA:309,0
DA:312,0
DA:314,0
DA:315,0
DA:316,0
DA:324,0
DA:330,0
DA:342,0
DA:346,0
DA:347,0
DA:348,0
DA:350,0
DA:351,0
DA:354,0
DA:355,0
DA:359,0
DA:360,0
DA:361,0
DA:362,0
DA:366,0
DA:367,0
DA:368,0
DA:370,0
DA:371,0
DA:375,0
DA:376,0
DA:377,0
DA:381,0
DA:382,0
DA:384,0
DA:385,0
DA:388,0
DA:396,0
DA:397,0
DA:399,0
DA:404,0
DA:408,0
DA:409,0
DA:410,0
DA:414,0
DA:415,0
DA:416,0
DA:417,0
DA:422,0
DA:425,0
DA:428,0
DA:431,0
DA:432,0
DA:434,0
DA:435,0
DA:436,0
DA:438,0
DA:445,0
DA:446,0
DA:455,0
DA:489,0
DA:490,0
DA:497,0
LF:166
LH:0
BRDA:73,0,0,0
BRDA:74,1,0,0
BRDA:74,2,0,0
BRDA:74,2,1,0
BRDA:77,3,0,0
BRDA:84,4,0,0
BRDA:85,5,0,0
BRDA:88,6,0,0
BRDA:95,7,0,0
BRDA:97,8,0,0
BRDA:104,9,0,0
BRDA:106,10,0,0
BRDA:106,11,0,0
BRDA:106,11,1,0
BRDA:109,12,0,0
BRDA:116,13,0,0
BRDA:117,14,0,0
BRDA:117,15,0,0
BRDA:117,15,1,0
BRDA:124,16,0,0
BRDA:125,17,0,0
BRDA:130,18,0,0
BRDA:138,19,0,0
BRDA:142,20,0,0
BRDA:146,21,0,0
BRDA:150,22,0,0
BRDA:155,23,0,0
BRDA:156,24,0,0
BRDA:160,25,0,0
BRDA:160,26,0,0
BRDA:160,26,1,0
BRDA:168,27,0,0
BRDA:169,28,0,0
BRDA:169,29,0,0
BRDA:169,29,1,0
BRDA:176,30,0,0
BRDA:178,31,0,0
BRDA:178,32,0,0
BRDA:178,32,1,0
BRDA:181,33,0,0
BRDA:188,34,0,0
BRDA:189,35,0,0
BRDA:194,36,0,0
BRDA:202,37,0,0
BRDA:203,38,0,0
BRDA:203,39,0,0
BRDA:203,39,1,0
BRDA:210,40,0,0
BRDA:211,41,0,0
BRDA:215,42,0,0
BRDA:215,43,0,0
BRDA:215,43,1,0
BRDA:223,44,0,0
BRDA:245,45,0,0
BRDA:245,45,1,0
BRDA:248,46,0,0
BRDA:248,46,1,0
BRDA:251,47,0,0
BRDA:293,48,0,0
BRDA:315,49,0,0
BRDA:315,50,0,0
BRDA:315,50,1,0
BRDA:354,51,0,0
BRDA:360,52,0,0
BRDA:375,53,0,0
BRDA:408,54,0,0
BRDA:415,55,0,0
BRF:67
BRH:0
end_of_record
TN:
SF:src/functions/menus/create-daily-menu.ts
FN:99,validateMenuPlanAccess
FN:173,validateDateWithinPlan
FN:200,validateDayType
FN:210,validateMenuItems
FN:216,(anonymous_4)
FN:230,(anonymous_5)
FN:231,(anonymous_6)
FN:243,validateMenuSlots
FN:281,createDailyMenuInDatabase
FN:385,getDailyMenuWithDetails
FN:492,(anonymous_10)
FNF:11
FNH:0
FNDA:0,validateMenuPlanAccess
FNDA:0,validateDateWithinPlan
FNDA:0,validateDayType
FNDA:0,validateMenuItems
FNDA:0,(anonymous_4)
FNDA:0,(anonymous_5)
FNDA:0,(anonymous_6)
FNDA:0,validateMenuSlots
FNDA:0,createDailyMenuInDatabase
FNDA:0,getDailyMenuWithDetails
FNDA:0,(anonymous_10)
DA:100,0
DA:102,0
DA:112,0
DA:114,0
DA:115,0
DA:118,0
DA:120,0
DA:121,0
DA:125,0
DA:131,0
DA:133,0
DA:134,0
DA:137,0
DA:140,0
DA:141,0
DA:142,0
DA:146,0
DA:147,0
DA:150,0
DA:174,0
DA:175,0
DA:176,0
DA:179,0
DA:180,0
DA:184,0
DA:185,0
DA:190,0
DA:192,0
DA:193,0
DA:201,0
DA:202,0
DA:203,0
DA:211,0
DA:212,0
DA:215,0
DA:216,0
DA:218,0
DA:227,0
DA:230,0
DA:231,0
DA:233,0
DA:234,0
DA:237,0
DA:244,0
DA:246,0
DA:248,0
DA:249,0
DA:253,0
DA:254,0
DA:258,0
DA:259,0
DA:262,0
DA:263,0
DA:267,0
DA:268,0
DA:272,0
DA:273,0
DA:282,0
DA:284,0
DA:286,0
DA:289,0
DA:298,0
DA:299,0
DA:301,0
DA:312,0
DA:313,0
DA:316,0
DA:318,0
DA:319,0
DA:322,0
DA:331,0
DA:342,0
DA:345,0
DA:346,0
DA:347,0
DA:352,0
DA:356,0
DA:370,0
DA:373,0
DA:377,0
DA:378,0
DA:386,0
DA:389,0
DA:401,0
DA:403,0
DA:404,0
DA:407,0
DA:410,0
DA:424,0
DA:427,0
DA:429,0
DA:430,0
DA:431,0
DA:445,0
DA:446,0
DA:462,0
DA:492,0
DA:496,0
DA:497,0
DA:498,0
DA:500,0
DA:501,0
DA:504,0
DA:505,0
DA:509,0
DA:512,0
DA:513,0
DA:514,0
DA:518,0
DA:519,0
DA:521,0
DA:522,0
DA:526,0
DA:528,0
DA:529,0
DA:532,0
DA:533,0
DA:535,0
DA:538,0
DA:539,0
DA:543,0
DA:544,0
DA:547,0
DA:548,0
DA:551,0
DA:552,0
DA:555,0
DA:565,0
DA:568,0
DA:571,0
DA:572,0
DA:575,0
DA:578,0
DA:581,0
DA:582,0
DA:583,0
DA:584,0
DA:585,0
DA:587,0
DA:593,0
DA:594,0
DA:604,0
DA:612,0
DA:613,0
DA:619,0
LF:145
LH:0
BRDA:114,0,0,0
BRDA:120,1,0,0
BRDA:133,2,0,0
BRDA:141,3,0,0
BRDA:146,4,0,0
BRDA:179,5,0,0
BRDA:179,6,0,0
BRDA:179,6,1,0
BRDA:192,7,0,0
BRDA:202,8,0,0
BRDA:211,9,0,0
BRDA:233,10,0,0
BRDA:248,11,0,0
BRDA:253,12,0,0
BRDA:253,13,0,0
BRDA:253,13,1,0
BRDA:258,14,0,0
BRDA:258,15,0,0
BRDA:258,15,1,0
BRDA:262,16,0,0
BRDA:262,17,0,0
BRDA:262,17,1,0
BRDA:267,18,0,0
BRDA:267,19,0,0
BRDA:267,19,1,0
BRDA:267,19,2,0
BRDA:272,20,0,0
BRDA:272,21,0,0
BRDA:272,21,1,0
BRDA:272,21,2,0
BRDA:298,22,0,0
BRDA:298,22,1,0
BRDA:299,23,0,0
BRDA:299,23,1,0
BRDA:308,24,0,0
BRDA:308,24,1,0
BRDA:334,25,0,0
BRDA:334,25,1,0
BRDA:335,26,0,0
BRDA:335,26,1,0
BRDA:336,27,0,0
BRDA:336,27,1,0
BRDA:337,28,0,0
BRDA:337,28,1,0
BRDA:338,29,0,0
BRDA:338,29,1,0
BRDA:339,30,0,0
BRDA:339,30,1,0
BRDA:345,31,0,0
BRDA:345,32,0,0
BRDA:345,32,1,0
BRDA:359,33,0,0
BRDA:359,33,1,0
BRDA:360,34,0,0
BRDA:360,34,1,0
BRDA:361,35,0,0
BRDA:361,35,1,0
BRDA:362,36,0,0
BRDA:362,36,1,0
BRDA:363,37,0,0
BRDA:363,37,1,0
BRDA:364,38,0,0
BRDA:364,38,1,0
BRDA:365,39,0,0
BRDA:365,39,1,0
BRDA:403,40,0,0
BRDA:430,41,0,0
BRDA:445,42,0,0
BRDA:504,43,0,0
BRDA:512,44,0,0
BRDA:528,45,0,0
BRDA:538,46,0,0
BRDA:543,47,0,0
BRDA:547,48,0,0
BRDA:551,49,0,0
BRDA:551,50,0,0
BRDA:551,50,1,0
BRF:77
BRH:0
end_of_record
TN:
SF:src/functions/menus/create-plan.ts
FN:69,validateSchoolAccess
FN:121,validateDateRange
FN:147,checkForOverlappingPlans
FN:201,validateMealTypes
FN:224,validateTemplateReference
FN:255,createMenuPlan
FN:334,createMealSlots
FN:371,(anonymous_7)
FNF:8
FNH:0
FNDA:0,validateSchoolAccess
FNDA:0,validateDateRange
FNDA:0,checkForOverlappingPlans
FNDA:0,validateMealTypes
FNDA:0,validateTemplateReference
FNDA:0,createMenuPlan
FNDA:0,createMealSlots
FNDA:0,(anonymous_7)
DA:16,0
DA:17,0
DA:18,0
DA:70,0
DA:71,0
DA:88,0
DA:89,0
DA:92,0
DA:93,0
DA:96,0
DA:97,0
DA:98,0
DA:101,0
DA:102,0
DA:106,0
DA:107,0
DA:108,0
DA:111,0
DA:113,0
DA:114,0
DA:122,0
DA:123,0
DA:124,0
DA:126,0
DA:127,0
DA:130,0
DA:131,0
DA:134,0
DA:135,0
DA:138,0
DA:139,0
DA:140,0
DA:153,0
DA:154,0
DA:188,0
DA:189,0
DA:190,0
DA:193,0
DA:194,0
DA:202,0
DA:204,0
DA:205,0
DA:208,0
DA:209,0
DA:210,0
DA:215,0
DA:216,0
DA:217,0
DA:225,0
DA:226,0
DA:241,0
DA:242,0
DA:245,0
DA:247,0
DA:248,0
DA:259,0
DA:260,0
DA:261,0
DA:264,0
DA:271,0
DA:308,0
DA:309,0
DA:313,0
DA:315,0
DA:326,0
DA:327,0
DA:340,0
DA:341,0
DA:342,0
DA:344,0
DA:345,0
DA:346,0
DA:354,0
DA:361,0
DA:363,0
DA:364,0
DA:371,0
DA:375,0
DA:376,0
DA:378,0
DA:379,0
DA:382,0
DA:383,0
DA:387,0
DA:390,0
DA:391,0
DA:392,0
DA:395,0
DA:398,0
DA:400,0
DA:401,0
DA:404,0
DA:405,0
DA:408,0
DA:409,0
DA:412,0
DA:413,0
DA:416,0
DA:417,0
DA:420,0
DA:421,0
DA:422,0
DA:426,0
DA:427,0
DA:431,0
DA:432,0
DA:436,0
DA:439,0
DA:442,0
DA:443,0
DA:445,0
DA:446,0
DA:449,0
DA:452,0
DA:455,0
DA:456,0
DA:460,0
DA:462,0
DA:463,0
DA:469,0
DA:478,0
DA:479,0
DA:486,0
LF:123
LH:0
BRDA:88,0,0,0
BRDA:92,1,0,0
BRDA:97,2,0,0
BRDA:101,3,0,0
BRDA:107,4,0,0
BRDA:126,5,0,0
BRDA:130,6,0,0
BRDA:134,7,0,0
BRDA:139,8,0,0
BRDA:178,9,0,0
BRDA:178,9,1,0
BRDA:188,10,0,0
BRDA:204,11,0,0
BRDA:204,12,0,0
BRDA:204,12,1,0
BRDA:209,13,0,0
BRDA:216,14,0,0
BRDA:241,15,0,0
BRDA:264,16,0,0
BRDA:264,16,1,0
BRDA:280,17,0,0
BRDA:280,17,1,0
BRDA:284,18,0,0
BRDA:284,18,1,0
BRDA:308,19,0,0
BRDA:313,20,0,0
BRDA:313,20,1,0
BRDA:321,21,0,0
BRDA:321,21,1,0
BRDA:322,22,0,0
BRDA:322,22,1,0
BRDA:323,23,0,0
BRDA:323,23,1,0
BRDA:382,24,0,0
BRDA:391,25,0,0
BRDA:400,26,0,0
BRDA:400,27,0,0
BRDA:400,27,1,0
BRDA:404,28,0,0
BRDA:408,29,0,0
BRDA:412,30,0,0
BRDA:416,31,0,0
BRDA:416,32,0,0
BRDA:416,32,1,0
BRDA:420,33,0,0
BRDA:426,34,0,0
BRDA:431,35,0,0
BRDA:431,36,0,0
BRDA:431,36,1,0
BRDA:445,37,0,0
BRDA:445,38,0,0
BRDA:445,38,1,0
BRDA:455,39,0,0
BRF:53
BRH:0
end_of_record
TN:
SF:src/functions/menus/manage-slots.ts
FN:20,parseRequestBody
FN:29,authenticateLambda
FN:88,(anonymous_2)
FNF:3
FNH:0
FNDA:0,parseRequestBody
FNDA:0,authenticateLambda
FNDA:0,(anonymous_2)
DA:17,0
DA:21,0
DA:22,0
DA:24,0
DA:30,0
DA:31,0
DA:32,0
DA:34,0
DA:88,0
DA:96,0
DA:97,0
DA:99,0
DA:106,0
DA:108,0
DA:111,0
DA:112,0
DA:114,0
DA:117,0
DA:125,0
DA:142,0
DA:143,0
DA:150,0
DA:161,0
LF:23
LH:0
BRDA:22,0,0,0
BRDA:22,0,1,0
BRDA:31,1,0,0
BRDA:112,2,0,0
BRDA:112,2,1,0
BRF:5
BRH:0
end_of_record
TN:
SF:src/functions/mobile/delivery-tracking.ts
FN:133,validateParentAccess
FN:193,generateTrackingSteps
FN:302,getOrderTracking
FN:374,(anonymous_3)
FN:437,(anonymous_4)
FN:444,(anonymous_5)
FN:457,getStudentTrackingOverview
FN:545,(anonymous_7)
FN:568,(anonymous_8)
FN:601,(anonymous_9)
FN:602,(anonymous_10)
FN:605,(anonymous_11)
FN:632,(anonymous_12)
FN:665,(anonymous_13)
FN:679,canAccessTracking
FN:696,(anonymous_15)
FNF:16
FNH:0
FNDA:0,validateParentAccess
FNDA:0,generateTrackingSteps
FNDA:0,getOrderTracking
FNDA:0,(anonymous_3)
FNDA:0,(anonymous_4)
FNDA:0,(anonymous_5)
FNDA:0,getStudentTrackingOverview
FNDA:0,(anonymous_7)
FNDA:0,(anonymous_8)
FNDA:0,(anonymous_9)
FNDA:0,(anonymous_10)
FNDA:0,(anonymous_11)
FNDA:0,(anonymous_12)
FNDA:0,(anonymous_13)
FNDA:0,canAccessTracking
FNDA:0,(anonymous_15)
DA:15,0
DA:18,0
DA:134,0
DA:153,0
DA:154,0
DA:157,0
DA:158,0
DA:161,0
DA:162,0
DA:166,0
DA:179,0
DA:180,0
DA:183,0
DA:184,0
DA:187,0
DA:194,0
DA:197,0
DA:206,0
DA:209,0
DA:218,0
DA:221,0
DA:222,0
DA:231,0
DA:235,0
DA:245,0
DA:246,0
DA:248,0
DA:251,0
DA:261,0
DA:262,0
DA:264,0
DA:267,0
DA:277,0
DA:278,0
DA:280,0
DA:283,0
DA:294,0
DA:296,0
DA:303,0
DA:351,0
DA:352,0
DA:356,0
DA:360,0
DA:361,0
DA:362,0
DA:373,0
DA:374,0
DA:378,0
DA:380,0
DA:381,0
DA:383,0
DA:384,0
DA:386,0
DA:387,0
DA:389,0
DA:390,0
DA:392,0
DA:393,0
DA:398,0
DA:415,0
DA:437,0
DA:444,0
DA:463,0
DA:465,0
DA:466,0
DA:469,0
DA:485,0
DA:502,0
DA:503,0
DA:518,0
DA:522,0
DA:531,0
DA:544,0
DA:546,0
DA:547,0
DA:552,0
DA:567,0
DA:569,0
DA:573,0
DA:582,0
DA:601,0
DA:602,0
DA:603,0
DA:604,0
DA:605,0
DA:607,0
DA:632,0
DA:644,0
DA:665,0
DA:681,0
DA:682,0
DA:686,0
DA:687,0
DA:690,0
DA:696,0
DA:700,0
DA:701,0
DA:702,0
DA:703,0
DA:705,0
DA:706,0
DA:709,0
DA:712,0
DA:713,0
DA:714,0
DA:717,0
DA:720,0
DA:721,0
DA:723,0
DA:724,0
DA:725,0
DA:728,0
DA:730,0
DA:733,0
DA:738,0
DA:739,0
DA:743,0
DA:744,0
DA:747,0
DA:749,0
DA:755,0
DA:760,0
DA:762,0
DA:765,0
DA:766,0
DA:769,0
DA:771,0
DA:778,0
DA:784,0
DA:788,0
DA:795,0
DA:797,0
LF:132
LH:0
BRDA:153,0,0,0
BRDA:157,1,0,0
BRDA:161,2,0,0
BRDA:179,3,0,0
BRDA:183,4,0,0
BRDA:213,5,0,0
BRDA:213,5,1,0
BRDA:213,6,0,0
BRDA:213,6,1,0
BRDA:221,7,0,0
BRDA:239,8,0,0
BRDA:239,8,1,0
BRDA:239,9,0,0
BRDA:239,9,1,0
BRDA:245,10,0,0
BRDA:245,11,0,0
BRDA:245,11,1,0
BRDA:255,12,0,0
BRDA:255,12,1,0
BRDA:255,13,0,0
BRDA:255,13,1,0
BRDA:261,14,0,0
BRDA:261,15,0,0
BRDA:261,15,1,0
BRDA:271,16,0,0
BRDA:271,16,1,0
BRDA:271,17,0,0
BRDA:271,17,1,0
BRDA:277,18,0,0
BRDA:277,19,0,0
BRDA:277,19,1,0
BRDA:286,20,0,0
BRDA:286,20,1,0
BRDA:289,21,0,0
BRDA:289,21,1,0
BRDA:351,22,0,0
BRDA:360,23,0,0
BRDA:365,24,0,0
BRDA:365,24,1,0
BRDA:366,25,0,0
BRDA:366,25,1,0
BRDA:378,26,0,0
BRDA:381,27,0,0
BRDA:381,27,1,0
BRDA:381,27,2,0
BRDA:381,27,3,0
BRDA:432,28,0,0
BRDA:432,28,1,0
BRDA:433,29,0,0
BRDA:433,29,1,0
BRDA:544,30,0,0
BRDA:544,30,1,0
BRDA:574,31,0,0
BRDA:574,31,1,0
BRDA:576,32,0,0
BRDA:576,32,1,0
BRDA:623,33,0,0
BRDA:623,33,1,0
BRDA:624,34,0,0
BRDA:624,34,1,0
BRDA:627,35,0,0
BRDA:627,35,1,0
BRDA:630,36,0,0
BRDA:630,36,1,0
BRDA:650,37,0,0
BRDA:650,37,1,0
BRDA:651,38,0,0
BRDA:651,38,1,0
BRDA:681,39,0,0
BRDA:686,40,0,0
BRDA:686,41,0,0
BRDA:686,41,1,0
BRDA:703,42,0,0
BRDA:703,42,1,0
BRDA:712,43,0,0
BRDA:712,44,0,0
BRDA:712,44,1,0
BRDA:720,45,0,0
BRDA:720,45,1,0
BRDA:723,46,0,0
BRDA:728,47,0,0
BRDA:728,47,1,0
BRDA:738,48,0,0
BRDA:743,49,0,0
BRDA:760,50,0,0
BRDA:760,50,1,0
BRDA:765,51,0,0
BRF:87
BRH:0
end_of_record
TN:
SF:src/functions/mobile/device-registration.ts
FN:123,generateDeviceId
FN:132,registerMobileDevice
FN:203,updateMobileDevice
FN:256,getDeviceNotificationStats
FN:310,formatDeviceResponse
FN:341,deactivateMobileDevice
FN:367,createDeviceAuditLog
FN:392,(anonymous_7)
FN:444,handleDeviceRegistration
FN:489,handleDeviceUpdate
FN:535,handleDeviceDeactivation
FN:571,handleGetDevices
FN:589,(anonymous_12)
FNF:13
FNH:0
FNDA:0,generateDeviceId
FNDA:0,registerMobileDevice
FNDA:0,updateMobileDevice
FNDA:0,getDeviceNotificationStats
FNDA:0,formatDeviceResponse
FNDA:0,deactivateMobileDevice
FNDA:0,createDeviceAuditLog
FNDA:0,(anonymous_7)
FNDA:0,handleDeviceRegistration
FNDA:0,handleDeviceUpdate
FNDA:0,handleDeviceDeactivation
FNDA:0,handleGetDevices
FNDA:0,(anonymous_12)
DA:16,0
DA:19,0
DA:39,0
DA:124,0
DA:125,0
DA:126,0
DA:136,0
DA:139,0
DA:143,0
DA:145,0
DA:147,0
DA:168,0
DA:171,0
DA:196,0
DA:209,0
DA:213,0
DA:214,0
DA:218,0
DA:219,0
DA:220,0
DA:222,0
DA:225,0
DA:226,0
DA:229,0
DA:250,0
DA:261,0
DA:268,0
DA:275,0
DA:282,0
DA:283,0
DA:284,0
DA:286,0
DA:296,0
DA:298,0
DA:311,0
DA:312,0
DA:313,0
DA:315,0
DA:318,0
DA:320,0
DA:342,0
DA:346,0
DA:347,0
DA:350,0
DA:373,0
DA:392,0
DA:396,0
DA:397,0
DA:398,0
DA:400,0
DA:401,0
DA:404,0
DA:407,0
DA:408,0
DA:409,0
DA:412,0
DA:414,0
DA:416,0
DA:418,0
DA:420,0
DA:422,0
DA:424,0
DA:428,0
DA:435,0
DA:437,0
DA:449,0
DA:452,0
DA:453,0
DA:455,0
DA:456,0
DA:457,0
DA:461,0
DA:464,0
DA:471,0
DA:473,0
DA:480,0
DA:494,0
DA:497,0
DA:498,0
DA:499,0
DA:503,0
DA:504,0
DA:506,0
DA:507,0
DA:508,0
DA:512,0
DA:515,0
DA:518,0
DA:520,0
DA:526,0
DA:540,0
DA:543,0
DA:544,0
DA:545,0
DA:549,0
DA:552,0
DA:557,0
DA:563,0
DA:576,0
DA:579,0
DA:588,0
DA:589,0
DA:592,0
DA:598,0
LF:104
LH:0
BRDA:145,0,0,0
BRDA:145,0,1,0
BRDA:151,1,0,0
BRDA:151,1,1,0
BRDA:152,2,0,0
BRDA:152,2,1,0
BRDA:153,3,0,0
BRDA:153,3,1,0
BRDA:157,4,0,0
BRDA:157,4,1,0
BRDA:161,5,0,0
BRDA:161,5,1,0
BRDA:162,6,0,0
BRDA:162,6,1,0
BRDA:163,7,0,0
BRDA:163,7,1,0
BRDA:178,8,0,0
BRDA:178,8,1,0
BRDA:179,9,0,0
BRDA:179,9,1,0
BRDA:180,10,0,0
BRDA:180,10,1,0
BRDA:184,11,0,0
BRDA:184,11,1,0
BRDA:188,12,0,0
BRDA:188,12,1,0
BRDA:189,13,0,0
BRDA:189,13,1,0
BRDA:190,14,0,0
BRDA:190,14,1,0
BRDA:191,15,0,0
BRDA:191,15,1,0
BRDA:213,16,0,0
BRDA:220,17,0,0
BRDA:220,17,1,0
BRDA:225,18,0,0
BRDA:232,19,0,0
BRDA:232,19,1,0
BRDA:233,20,0,0
BRDA:233,20,1,0
BRDA:234,21,0,0
BRDA:234,21,1,0
BRDA:235,22,0,0
BRDA:235,22,1,0
BRDA:236,23,0,0
BRDA:236,23,1,0
BRDA:237,24,0,0
BRDA:237,24,1,0
BRDA:238,25,0,0
BRDA:238,25,1,0
BRDA:239,26,0,0
BRDA:239,26,1,0
BRDA:243,27,0,0
BRDA:243,27,1,0
BRDA:296,28,0,0
BRDA:296,28,1,0
BRDA:313,29,0,0
BRDA:313,29,1,0
BRDA:324,30,0,0
BRDA:324,30,1,0
BRDA:325,31,0,0
BRDA:325,31,1,0
BRDA:326,32,0,0
BRDA:326,32,1,0
BRDA:327,33,0,0
BRDA:327,33,1,0
BRDA:328,34,0,0
BRDA:328,34,1,0
BRDA:329,35,0,0
BRDA:329,35,1,0
BRDA:346,36,0,0
BRDA:356,37,0,0
BRDA:356,37,1,0
BRDA:407,38,0,0
BRDA:407,39,0,0
BRDA:407,39,1,0
BRDA:414,40,0,0
BRDA:414,40,1,0
BRDA:414,40,2,0
BRDA:414,40,3,0
BRDA:414,40,4,0
BRDA:452,41,0,0
BRDA:452,41,1,0
BRDA:455,42,0,0
BRDA:498,43,0,0
BRDA:503,44,0,0
BRDA:503,44,1,0
BRDA:506,45,0,0
BRDA:544,46,0,0
BRF:89
BRH:0
end_of_record
TN:
SF:src/functions/mobile/parent-notifications.ts
FN:43,(anonymous_0)
FN:129,validateParentAccess
FN:198,sendPushNotification
FN:237,createMobileNotification
FN:270,sendDeliveryConfirmation
FN:326,getMobileNotifications
FN:378,(anonymous_6)
FN:426,markNotificationAsRead
FN:442,canSendNotifications
FN:450,(anonymous_9)
FN:492,handleSendNotification
FN:541,(anonymous_11)
FN:553,(anonymous_12)
FN:584,(anonymous_13)
FN:585,(anonymous_14)
FN:600,handleGetNotifications
FN:645,handleMarkAsRead
FNF:17
FNH:0
FNDA:0,(anonymous_0)
FNDA:0,validateParentAccess
FNDA:0,sendPushNotification
FNDA:0,createMobileNotification
FNDA:0,sendDeliveryConfirmation
FNDA:0,getMobileNotifications
FNDA:0,(anonymous_6)
FNDA:0,markNotificationAsRead
FNDA:0,canSendNotifications
FNDA:0,(anonymous_9)
FNDA:0,handleSendNotification
FNDA:0,(anonymous_11)
FNDA:0,(anonymous_12)
FNDA:0,(anonymous_13)
FNDA:0,(anonymous_14)
FNDA:0,handleGetNotifications
FNDA:0,handleMarkAsRead
DA:15,0
DA:43,0
DA:44,0
DA:45,0
DA:46,0
DA:47,0
DA:48,0
DA:49,0
DA:50,0
DA:51,0
DA:55,0
DA:69,0
DA:131,0
DA:132,0
DA:141,0
DA:142,0
DA:145,0
DA:149,0
DA:150,0
DA:151,0
DA:154,0
DA:163,0
DA:164,0
DA:167,0
DA:171,0
DA:172,0
DA:185,0
DA:186,0
DA:189,0
DA:192,0
DA:208,0
DA:209,0
DA:217,0
DA:224,0
DA:226,0
DA:230,0
DA:242,0
DA:264,0
DA:277,0
DA:278,0
DA:280,0
DA:296,0
DA:305,0
DA:306,0
DA:307,0
DA:308,0
DA:310,0
DA:314,0
DA:315,0
DA:320,0
DA:330,0
DA:331,0
DA:334,0
DA:339,0
DA:340,0
DA:341,0
DA:342,0
DA:343,0
DA:347,0
DA:348,0
DA:351,0
DA:352,0
DA:353,0
DA:354,0
DA:358,0
DA:378,0
DA:379,0
DA:380,0
DA:381,0
DA:383,0
DA:386,0
DA:412,0
DA:427,0
DA:443,0
DA:450,0
DA:454,0
DA:455,0
DA:456,0
DA:458,0
DA:459,0
DA:462,0
DA:464,0
DA:466,0
DA:468,0
DA:470,0
DA:472,0
DA:476,0
DA:483,0
DA:485,0
DA:497,0
DA:500,0
DA:501,0
DA:506,0
DA:510,0
DA:511,0
DA:513,0
DA:514,0
DA:515,0
DA:518,0
DA:521,0
DA:522,0
DA:523,0
DA:525,0
DA:528,0
DA:529,0
DA:530,0
DA:531,0
DA:533,0
DA:538,0
DA:539,0
DA:540,0
DA:542,0
DA:553,0
DA:554,0
DA:559,0
DA:565,0
DA:573,0
DA:581,0
DA:584,0
DA:585,0
DA:588,0
DA:605,0
DA:608,0
DA:609,0
DA:610,0
DA:614,0
DA:617,0
DA:618,0
DA:620,0
DA:621,0
DA:622,0
DA:626,0
DA:628,0
DA:635,0
DA:650,0
DA:653,0
DA:654,0
DA:655,0
DA:659,0
DA:664,0
DA:665,0
DA:669,0
DA:672,0
DA:674,0
DA:680,0
LF:145
LH:0
BRDA:43,0,0,0
BRDA:43,0,1,0
BRDA:131,1,0,0
BRDA:141,2,0,0
BRDA:149,3,0,0
BRDA:150,4,0,0
BRDA:163,5,0,0
BRDA:171,6,0,0
BRDA:185,7,0,0
BRDA:240,8,0,0
BRDA:250,9,0,0
BRDA:250,9,1,0
BRDA:251,10,0,0
BRDA:251,10,1,0
BRDA:252,11,0,0
BRDA:252,11,1,0
BRDA:253,12,0,0
BRDA:253,12,1,0
BRDA:258,13,0,0
BRDA:258,13,1,0
BRDA:260,14,0,0
BRDA:260,14,1,0
BRDA:305,15,0,0
BRDA:330,16,0,0
BRDA:330,17,0,0
BRDA:330,18,0,0
BRDA:339,19,0,0
BRDA:340,20,0,0
BRDA:340,20,1,0
BRDA:342,21,0,0
BRDA:347,22,0,0
BRDA:351,23,0,0
BRDA:351,24,0,0
BRDA:351,24,1,0
BRDA:353,25,0,0
BRDA:354,26,0,0
BRDA:381,27,0,0
BRDA:381,27,1,0
BRDA:395,28,0,0
BRDA:395,28,1,0
BRDA:396,29,0,0
BRDA:396,29,1,0
BRDA:397,30,0,0
BRDA:397,30,1,0
BRDA:403,31,0,0
BRDA:403,31,1,0
BRDA:464,32,0,0
BRDA:464,32,1,0
BRDA:464,32,2,0
BRDA:464,32,3,0
BRDA:500,33,0,0
BRDA:510,34,0,0
BRDA:510,34,1,0
BRDA:513,35,0,0
BRDA:529,36,0,0
BRDA:539,37,0,0
BRDA:546,38,0,0
BRDA:546,38,1,0
BRDA:547,39,0,0
BRDA:547,39,1,0
BRDA:553,40,0,0
BRDA:609,41,0,0
BRDA:617,42,0,0
BRDA:617,42,1,0
BRDA:620,43,0,0
BRDA:654,44,0,0
BRDA:664,45,0,0
BRF:67
BRH:0
end_of_record
TN:
SF:src/functions/monitoring/dashboard.ts
FN:15,(anonymous_0)
FN:49,(anonymous_1)
FNF:2
FNH:0
FNDA:0,(anonymous_0)
FNDA:0,(anonymous_1)
DA:15,0
DA:19,0
DA:21,0
DA:22,0
DA:29,0
DA:31,0
DA:32,0
DA:34,0
DA:41,0
DA:49,0
DA:53,0
DA:55,0
DA:56,0
DA:58,0
DA:59,0
DA:62,0
DA:70,0
DA:72,0
DA:73,0
DA:75,0
DA:76,0
DA:78,0
DA:79,0
DA:81,0
DA:82,0
DA:84,0
DA:87,0
DA:88,0
DA:90,0
DA:98,0
LF:30
LH:0
BRDA:58,0,0,0
BRDA:70,1,0,0
BRDA:70,1,1,0
BRDA:70,1,2,0
BRDA:70,1,3,0
BRDA:70,1,4,0
BRDA:98,2,0,0
BRDA:98,2,1,0
BRF:8
BRH:0
end_of_record
TN:
SF:src/functions/nutrition/dietary-recommendation-engine.ts
FN:227,calculateChildNutritionalNeeds
FN:299,getBMICategory
FN:317,getHistoricalData
FN:341,generatePersonalizedRecommendations
FN:426,processAIRecommendations
FN:430,(anonymous_5)
FN:477,createDailyMealPlan
FN:512,createMealRecommendation
FN:564,generateMockIngredients
FN:593,createNutritionalAnalysis
FN:626,(anonymous_10)
FN:635,createWeeklyNutritionalSummary
FN:664,generateShoppingList
FN:667,(anonymous_13)
FN:668,(anonymous_14)
FN:670,(anonymous_15)
FN:683,createFallbackRecommendations
FN:687,(anonymous_17)
FN:730,storeRecommendationResult
FN:764,(anonymous_19)
FNF:20
FNH:0
FNDA:0,calculateChildNutritionalNeeds
FNDA:0,getBMICategory
FNDA:0,getHistoricalData
FNDA:0,generatePersonalizedRecommendations
FNDA:0,processAIRecommendations
FNDA:0,(anonymous_5)
FNDA:0,createDailyMealPlan
FNDA:0,createMealRecommendation
FNDA:0,generateMockIngredients
FNDA:0,createNutritionalAnalysis
FNDA:0,(anonymous_10)
FNDA:0,createWeeklyNutritionalSummary
FNDA:0,generateShoppingList
FNDA:0,(anonymous_13)
FNDA:0,(anonymous_14)
FNDA:0,(anonymous_15)
FNDA:0,createFallbackRecommendations
FNDA:0,(anonymous_17)
FNDA:0,storeRecommendationResult
FNDA:0,(anonymous_19)
DA:20,0
DA:21,0
DA:22,0
DA:25,0
DA:67,0
DA:228,0
DA:231,0
DA:235,0
DA:236,0
DA:238,0
DA:242,0
DA:250,0
DA:253,0
DA:254,0
DA:256,0
DA:301,0
DA:302,0
DA:303,0
DA:304,0
DA:305,0
DA:307,0
DA:308,0
DA:309,0
DA:310,0
DA:318,0
DA:319,0
DA:329,0
DA:330,0
DA:333,0
DA:334,0
DA:346,0
DA:347,0
DA:385,0
DA:400,0
DA:401,0
DA:404,0
DA:408,0
DA:409,0
DA:410,0
DA:412,0
DA:415,0
DA:418,0
DA:419,0
DA:427,0
DA:430,0
DA:436,0
DA:478,0
DA:479,0
DA:480,0
DA:482,0
DA:484,0
DA:513,0
DA:520,0
DA:522,0
DA:565,0
DA:587,0
DA:594,0
DA:627,0
DA:636,0
DA:665,0
DA:667,0
DA:668,0
DA:669,0
DA:670,0
DA:671,0
DA:677,0
DA:684,0
DA:687,0
DA:693,0
DA:735,0
DA:736,0
DA:738,0
DA:752,0
DA:755,0
DA:764,0
DA:768,0
DA:769,0
DA:771,0
DA:772,0
DA:775,0
DA:778,0
DA:779,0
DA:782,0
DA:783,0
DA:785,0
DA:788,0
DA:797,0
DA:798,0
DA:801,0
DA:817,0
DA:820,0
DA:827,0
DA:829,0
DA:837,0
DA:853,0
DA:860,0
DA:861,0
DA:864,0
DA:869,0
LF:99
LH:0
BRDA:21,0,0,0
BRDA:21,0,1,0
BRDA:22,1,0,0
BRDA:22,1,1,0
BRDA:235,2,0,0
BRDA:235,2,1,0
BRDA:253,3,0,0
BRDA:253,3,1,0
BRDA:253,4,0,0
BRDA:253,4,1,0
BRDA:278,5,0,0
BRDA:278,5,1,0
BRDA:278,6,0,0
BRDA:278,6,1,0
BRDA:280,7,0,0
BRDA:280,7,1,0
BRDA:280,8,0,0
BRDA:280,8,1,0
BRDA:281,9,0,0
BRDA:281,9,1,0
BRDA:281,10,0,0
BRDA:281,10,1,0
BRDA:284,11,0,0
BRDA:284,11,1,0
BRDA:284,12,0,0
BRDA:284,12,1,0
BRDA:285,13,0,0
BRDA:285,13,1,0
BRDA:285,14,0,0
BRDA:285,14,1,0
BRDA:285,15,0,0
BRDA:285,15,1,0
BRDA:286,16,0,0
BRDA:286,16,1,0
BRDA:286,17,0,0
BRDA:286,17,1,0
BRDA:286,18,0,0
BRDA:286,18,1,0
BRDA:301,19,0,0
BRDA:301,19,1,0
BRDA:302,20,0,0
BRDA:303,21,0,0
BRDA:304,22,0,0
BRDA:307,23,0,0
BRDA:308,24,0,0
BRDA:309,25,0,0
BRDA:320,26,0,0
BRDA:320,26,1,0
BRDA:330,27,0,0
BRDA:330,27,1,0
BRDA:410,28,0,0
BRDA:410,28,1,0
BRDA:433,29,0,0
BRDA:433,29,1,0
BRDA:520,30,0,0
BRDA:520,30,1,0
BRDA:587,31,0,0
BRDA:587,31,1,0
BRDA:626,32,0,0
BRDA:626,32,1,0
BRDA:669,33,0,0
BRDA:739,34,0,0
BRDA:739,34,1,0
BRDA:778,35,0,0
BRDA:778,35,1,0
BRDA:782,36,0,0
BRDA:782,36,1,0
BRDA:792,37,0,0
BRDA:792,37,1,0
BRDA:797,38,0,0
BRDA:797,38,1,0
BRDA:860,39,0,0
BRF:72
BRH:0
end_of_record
TN:
SF:src/functions/nutrition/meal-optimization-ai.ts
FN:173,getNutritionalData
FN:177,(anonymous_1)
FN:201,optimizeMealWithAI
FN:290,processAIOptimization
FN:292,(anonymous_4)
FN:294,(anonymous_5)
FN:366,createFallbackOptimization
FN:370,(anonymous_7)
FN:372,(anonymous_8)
FN:407,calculateNutritionalProfile
FN:408,(anonymous_10)
FN:431,createNutritionalSummary
FN:432,(anonymous_12)
FN:433,(anonymous_13)
FN:466,storeOptimizationResult
FN:497,(anonymous_15)
FN:523,(anonymous_16)
FN:524,(anonymous_17)
FNF:18
FNH:0
FNDA:0,getNutritionalData
FNDA:0,(anonymous_1)
FNDA:0,optimizeMealWithAI
FNDA:0,processAIOptimization
FNDA:0,(anonymous_4)
FNDA:0,(anonymous_5)
FNDA:0,createFallbackOptimization
FNDA:0,(anonymous_7)
FNDA:0,(anonymous_8)
FNDA:0,calculateNutritionalProfile
FNDA:0,(anonymous_10)
FNDA:0,createNutritionalSummary
FNDA:0,(anonymous_12)
FNDA:0,(anonymous_13)
FNDA:0,storeOptimizationResult
FNDA:0,(anonymous_15)
FNDA:0,(anonymous_16)
FNDA:0,(anonymous_17)
DA:20,0
DA:21,0
DA:22,0
DA:25,0
DA:174,0
DA:176,0
DA:177,0
DA:178,0
DA:183,0
DA:184,0
DA:185,0
DA:189,0
DA:190,0
DA:193,0
DA:194,0
DA:207,0
DA:208,0
DA:247,0
DA:262,0
DA:263,0
DA:266,0
DA:270,0
DA:271,0
DA:272,0
DA:275,0
DA:278,0
DA:281,0
DA:283,0
DA:291,0
DA:292,0
DA:294,0
DA:367,0
DA:369,0
DA:370,0
DA:372,0
DA:408,0
DA:415,0
DA:432,0
DA:433,0
DA:440,0
DA:471,0
DA:472,0
DA:485,0
DA:488,0
DA:497,0
DA:501,0
DA:502,0
DA:504,0
DA:505,0
DA:508,0
DA:511,0
DA:512,0
DA:514,0
DA:522,0
DA:523,0
DA:524,0
DA:526,0
DA:529,0
DA:535,0
DA:543,0
DA:545,0
DA:553,0
DA:574,0
DA:581,0
DA:582,0
DA:585,0
DA:590,0
LF:67
LH:0
BRDA:21,0,0,0
BRDA:21,0,1,0
BRDA:22,1,0,0
BRDA:22,1,1,0
BRDA:179,2,0,0
BRDA:179,2,1,0
BRDA:184,3,0,0
BRDA:272,4,0,0
BRDA:272,4,1,0
BRDA:292,5,0,0
BRDA:292,5,1,0
BRDA:293,6,0,0
BRDA:293,6,1,0
BRDA:294,7,0,0
BRDA:294,7,1,0
BRDA:295,8,0,0
BRDA:295,8,1,0
BRDA:295,8,2,0
BRDA:297,9,0,0
BRDA:297,9,1,0
BRDA:298,10,0,0
BRDA:298,10,1,0
BRDA:299,11,0,0
BRDA:299,11,1,0
BRDA:301,12,0,0
BRDA:301,12,1,0
BRDA:301,12,2,0
BRDA:302,13,0,0
BRDA:302,13,1,0
BRDA:302,13,2,0
BRDA:303,14,0,0
BRDA:303,14,1,0
BRDA:303,14,2,0
BRDA:305,15,0,0
BRDA:305,15,1,0
BRDA:306,16,0,0
BRDA:306,16,1,0
BRDA:306,16,2,0
BRDA:307,17,0,0
BRDA:307,17,1,0
BRDA:307,17,2,0
BRDA:309,18,0,0
BRDA:309,18,1,0
BRDA:309,18,2,0
BRDA:312,19,0,0
BRDA:312,19,1,0
BRDA:313,20,0,0
BRDA:313,20,1,0
BRDA:314,21,0,0
BRDA:314,21,1,0
BRDA:315,22,0,0
BRDA:315,22,1,0
BRDA:316,23,0,0
BRDA:316,23,1,0
BRDA:318,24,0,0
BRDA:318,24,1,0
BRDA:319,25,0,0
BRDA:319,25,1,0
BRDA:320,26,0,0
BRDA:320,26,1,0
BRDA:321,27,0,0
BRDA:321,27,1,0
BRDA:324,28,0,0
BRDA:324,28,1,0
BRDA:327,29,0,0
BRDA:327,29,1,0
BRDA:331,30,0,0
BRDA:331,30,1,0
BRDA:335,31,0,0
BRDA:335,31,1,0
BRDA:339,32,0,0
BRDA:339,32,1,0
BRDA:340,33,0,0
BRDA:340,33,1,0
BRDA:341,34,0,0
BRDA:341,34,1,0
BRDA:342,35,0,0
BRDA:342,35,1,0
BRDA:345,36,0,0
BRDA:345,36,1,0
BRDA:346,37,0,0
BRDA:346,37,1,0
BRDA:347,38,0,0
BRDA:347,38,1,0
BRDA:348,39,0,0
BRDA:348,39,1,0
BRDA:349,40,0,0
BRDA:349,40,1,0
BRDA:350,41,0,0
BRDA:350,41,1,0
BRDA:352,42,0,0
BRDA:352,42,1,0
BRDA:353,43,0,0
BRDA:353,43,1,0
BRDA:354,44,0,0
BRDA:354,44,1,0
BRDA:367,45,0,0
BRDA:367,45,1,0
BRDA:372,46,0,0
BRDA:372,46,1,0
BRDA:374,47,0,0
BRDA:374,47,1,0
BRDA:375,48,0,0
BRDA:375,48,1,0
BRDA:379,49,0,0
BRDA:379,49,1,0
BRDA:394,50,0,0
BRDA:394,50,1,0
BRDA:395,51,0,0
BRDA:395,51,1,0
BRDA:409,52,0,0
BRDA:409,52,1,0
BRDA:410,53,0,0
BRDA:410,53,1,0
BRDA:411,54,0,0
BRDA:411,54,1,0
BRDA:412,55,0,0
BRDA:412,55,1,0
BRDA:432,56,0,0
BRDA:432,56,1,0
BRDA:434,57,0,0
BRDA:434,57,1,0
BRDA:435,58,0,0
BRDA:435,58,1,0
BRDA:436,59,0,0
BRDA:436,59,1,0
BRDA:437,60,0,0
BRDA:437,60,1,0
BRDA:445,61,0,0
BRDA:445,61,1,0
BRDA:449,62,0,0
BRDA:449,62,1,0
BRDA:453,63,0,0
BRDA:453,63,1,0
BRDA:473,64,0,0
BRDA:473,64,1,0
BRDA:511,65,0,0
BRDA:511,65,1,0
BRDA:559,66,0,0
BRDA:559,66,1,0
BRDA:581,67,0,0
BRF:141
BRH:0
end_of_record
TN:
SF:src/functions/nutrition/meal-planner-ai.ts
FN:47,(anonymous_0)
FN:172,validateUserAccess
FN:223,getAvailableMenuItems
FN:266,getUserPreferences
FN:295,(anonymous_4)
FN:310,(anonymous_5)
FN:335,generateMealRecommendations
FN:426,(anonymous_7)
FN:452,generateFallbackRecommendations
FN:468,(anonymous_9)
FN:471,(anonymous_10)
FN:472,(anonymous_11)
FN:494,(anonymous_12)
FN:521,calculateDayNutrition
FN:532,(anonymous_14)
FN:548,calculateHealthScore
FN:571,(anonymous_16)
FN:577,generateWeeklyMealPlan
FN:603,(anonymous_18)
FN:604,(anonymous_19)
FN:667,(anonymous_20)
FN:685,(anonymous_21)
FN:686,(anonymous_22)
FN:687,(anonymous_23)
FN:690,(anonymous_24)
FN:700,(anonymous_25)
FN:777,(anonymous_26)
FN:845,(anonymous_27)
FNF:28
FNH:0
FNDA:0,(anonymous_0)
FNDA:0,validateUserAccess
FNDA:0,getAvailableMenuItems
FNDA:0,getUserPreferences
FNDA:0,(anonymous_4)
FNDA:0,(anonymous_5)
FNDA:0,generateMealRecommendations
FNDA:0,(anonymous_7)
FNDA:0,generateFallbackRecommendations
FNDA:0,(anonymous_9)
FNDA:0,(anonymous_10)
FNDA:0,(anonymous_11)
FNDA:0,(anonymous_12)
FNDA:0,calculateDayNutrition
FNDA:0,(anonymous_14)
FNDA:0,calculateHealthScore
FNDA:0,(anonymous_16)
FNDA:0,generateWeeklyMealPlan
FNDA:0,(anonymous_18)
FNDA:0,(anonymous_19)
FNDA:0,(anonymous_20)
FNDA:0,(anonymous_21)
FNDA:0,(anonymous_22)
FNDA:0,(anonymous_23)
FNDA:0,(anonymous_24)
FNDA:0,(anonymous_25)
FNDA:0,(anonymous_26)
FNDA:0,(anonymous_27)
DA:19,0
DA:20,0
DA:21,0
DA:24,0
DA:47,0
DA:62,0
DA:173,0
DA:174,0
DA:177,0
DA:178,0
DA:179,0
DA:181,0
DA:182,0
DA:188,0
DA:191,0
DA:192,0
DA:196,0
DA:201,0
DA:202,0
DA:206,0
DA:207,0
DA:212,0
DA:213,0
DA:217,0
DA:229,0
DA:230,0
DA:251,0
DA:254,0
DA:259,0
DA:271,0
DA:273,0
DA:291,0
DA:292,0
DA:293,0
DA:295,0
DA:296,0
DA:298,0
DA:299,0
DA:302,0
DA:306,0
DA:310,0
DA:318,0
DA:323,0
DA:343,0
DA:344,0
DA:394,0
DA:409,0
DA:410,0
DA:413,0
DA:414,0
DA:416,0
DA:417,0
DA:418,0
DA:420,0
DA:422,0
DA:426,0
DA:439,0
DA:445,0
DA:458,0
DA:465,0
DA:468,0
DA:470,0
DA:471,0
DA:472,0
DA:473,0
DA:475,0
DA:480,0
DA:482,0
DA:484,0
DA:488,0
DA:492,0
DA:494,0
DA:515,0
DA:522,0
DA:532,0
DA:533,0
DA:534,0
DA:535,0
DA:536,0
DA:537,0
DA:538,0
DA:539,0
DA:542,0
DA:549,0
DA:552,0
DA:553,0
DA:556,0
DA:557,0
DA:560,0
DA:561,0
DA:564,0
DA:565,0
DA:568,0
DA:569,0
DA:571,0
DA:583,0
DA:585,0
DA:587,0
DA:588,0
DA:592,0
DA:594,0
DA:595,0
DA:598,0
DA:599,0
DA:601,0
DA:602,0
DA:603,0
DA:604,0
DA:605,0
DA:609,0
DA:610,0
DA:611,0
DA:614,0
DA:617,0
DA:618,0
DA:621,0
DA:632,0
DA:633,0
DA:642,0
DA:644,0
DA:648,0
DA:653,0
DA:656,0
DA:666,0
DA:667,0
DA:668,0
DA:670,0
DA:680,0
DA:681,0
DA:685,0
DA:686,0
DA:687,0
DA:690,0
DA:700,0
DA:701,0
DA:702,0
DA:706,0
DA:717,0
DA:745,0
DA:777,0
DA:778,0
DA:800,0
DA:819,0
DA:829,0
DA:832,0
DA:838,0
DA:845,0
DA:849,0
DA:850,0
DA:852,0
DA:853,0
DA:854,0
DA:856,0
DA:864,0
DA:865,0
DA:868,0
DA:869,0
DA:873,0
DA:876,0
DA:877,0
DA:880,0
DA:881,0
DA:885,0
DA:886,0
DA:887,0
DA:888,0
DA:890,0
DA:891,0
DA:894,0
DA:895,0
DA:898,0
DA:899,0
DA:900,0
DA:904,0
DA:906,0
DA:908,0
DA:920,0
DA:932,0
DA:934,0
DA:941,0
DA:942,0
DA:945,0
DA:946,0
DA:947,0
DA:949,0
DA:950,0
DA:952,0
DA:953,0
DA:955,0
DA:956,0
DA:960,0
LF:191
LH:0
BRDA:21,0,0,0
BRDA:21,0,1,0
BRDA:173,1,0,0
BRDA:173,1,1,0
BRDA:174,2,0,0
BRDA:174,2,1,0
BRDA:174,2,2,0
BRDA:177,3,0,0
BRDA:177,3,1,0
BRDA:178,4,0,0
BRDA:178,4,1,0
BRDA:179,5,0,0
BRDA:179,5,1,0
BRDA:179,5,2,0
BRDA:181,6,0,0
BRDA:191,7,0,0
BRDA:201,8,0,0
BRDA:201,9,0,0
BRDA:201,9,1,0
BRDA:206,10,0,0
BRDA:212,11,0,0
BRDA:257,12,0,0
BRDA:257,12,1,0
BRDA:296,13,0,0
BRDA:299,14,0,0
BRDA:299,14,1,0
BRDA:302,15,0,0
BRDA:302,15,1,0
BRDA:321,16,0,0
BRDA:321,16,1,0
BRDA:354,17,0,0
BRDA:354,17,1,0
BRDA:417,18,0,0
BRDA:417,18,1,0
BRDA:428,19,0,0
BRDA:428,19,1,0
BRDA:429,20,0,0
BRDA:429,20,1,0
BRDA:430,21,0,0
BRDA:430,21,1,0
BRDA:431,22,0,0
BRDA:431,22,1,0
BRDA:432,23,0,0
BRDA:432,23,1,0
BRDA:433,24,0,0
BRDA:433,24,1,0
BRDA:434,25,0,0
BRDA:434,25,1,0
BRDA:435,26,0,0
BRDA:435,26,1,0
BRDA:441,27,0,0
BRDA:441,27,1,0
BRDA:465,28,0,0
BRDA:465,28,1,0
BRDA:470,29,0,0
BRDA:471,30,0,0
BRDA:471,30,1,0
BRDA:472,31,0,0
BRDA:480,32,0,0
BRDA:482,33,0,0
BRDA:482,34,0,0
BRDA:482,34,1,0
BRDA:497,35,0,0
BRDA:497,35,1,0
BRDA:500,36,0,0
BRDA:500,36,1,0
BRDA:501,37,0,0
BRDA:501,37,1,0
BRDA:502,38,0,0
BRDA:502,38,1,0
BRDA:503,39,0,0
BRDA:503,39,1,0
BRDA:504,40,0,0
BRDA:504,40,1,0
BRDA:505,41,0,0
BRDA:505,41,1,0
BRDA:506,42,0,0
BRDA:506,42,1,0
BRDA:508,43,0,0
BRDA:508,43,1,0
BRDA:553,44,0,0
BRDA:553,44,1,0
BRDA:553,45,0,0
BRDA:553,45,1,0
BRDA:557,46,0,0
BRDA:557,46,1,0
BRDA:565,47,0,0
BRDA:565,47,1,0
BRDA:569,48,0,0
BRDA:569,48,1,0
BRDA:587,49,0,0
BRDA:609,50,0,0
BRDA:619,51,0,0
BRDA:619,51,1,0
BRDA:619,52,0,0
BRDA:619,52,1,0
BRDA:619,53,0,0
BRDA:619,53,1,0
BRDA:646,54,0,0
BRDA:646,54,1,0
BRDA:680,55,0,0
BRDA:719,56,0,0
BRDA:719,56,1,0
BRDA:720,57,0,0
BRDA:720,57,1,0
BRDA:721,58,0,0
BRDA:721,58,1,0
BRDA:724,59,0,0
BRDA:724,59,1,0
BRDA:725,60,0,0
BRDA:725,60,1,0
BRDA:726,61,0,0
BRDA:726,61,1,0
BRDA:729,62,0,0
BRDA:729,62,1,0
BRDA:730,63,0,0
BRDA:730,63,1,0
BRDA:731,64,0,0
BRDA:731,64,1,0
BRDA:739,65,0,0
BRDA:739,65,1,0
BRDA:739,66,0,0
BRDA:739,66,1,0
BRDA:836,67,0,0
BRDA:836,67,1,0
BRDA:853,68,0,0
BRDA:853,68,1,0
BRDA:854,69,0,0
BRDA:854,69,1,0
BRDA:854,69,2,0
BRDA:864,70,0,0
BRDA:868,71,0,0
BRDA:880,72,0,0
BRDA:890,73,0,0
BRDA:894,74,0,0
BRDA:899,75,0,0
BRDA:936,76,0,0
BRDA:936,76,1,0
BRDA:941,77,0,0
BRDA:945,78,0,0
BRDA:946,79,0,0
BRDA:949,80,0,0
BRDA:952,81,0,0
BRDA:955,82,0,0
BRF:144
BRH:0
end_of_record
TN:
SF:src/functions/nutrition/nutrition-analyzer.ts
FN:254,validateUserAccess
FN:305,calculateRecommendedIntake
FN:381,calculateAdherencePercentages
FN:396,identifyNutritionalRisks
FN:401,(anonymous_4)
FN:418,calculateHealthScore
FN:428,(anonymous_6)
FN:429,(anonymous_7)
FN:452,generateNutritionalInsights
FN:549,generateFallbackInsights
FN:555,(anonymous_10)
FN:567,(anonymous_11)
FN:603,getStudentMealData
FN:656,performNutritionalAnalysis
FN:679,(anonymous_14)
FN:681,(anonymous_15)
FN:681,(anonymous_16)
FN:682,(anonymous_17)
FN:684,(anonymous_18)
FN:684,(anonymous_19)
FN:685,(anonymous_20)
FN:694,(anonymous_21)
FN:703,(anonymous_22)
FN:731,(anonymous_23)
FN:732,(anonymous_24)
FN:733,(anonymous_25)
FN:734,(anonymous_26)
FN:735,(anonymous_27)
FN:736,(anonymous_28)
FN:737,(anonymous_29)
FN:762,(anonymous_30)
FN:791,(anonymous_31)
FN:820,(anonymous_32)
FN:878,(anonymous_33)
FN:960,(anonymous_34)
FNF:35
FNH:0
FNDA:0,validateUserAccess
FNDA:0,calculateRecommendedIntake
FNDA:0,calculateAdherencePercentages
FNDA:0,identifyNutritionalRisks
FNDA:0,(anonymous_4)
FNDA:0,calculateHealthScore
FNDA:0,(anonymous_6)
FNDA:0,(anonymous_7)
FNDA:0,generateNutritionalInsights
FNDA:0,generateFallbackInsights
FNDA:0,(anonymous_10)
FNDA:0,(anonymous_11)
FNDA:0,getStudentMealData
FNDA:0,performNutritionalAnalysis
FNDA:0,(anonymous_14)
FNDA:0,(anonymous_15)
FNDA:0,(anonymous_16)
FNDA:0,(anonymous_17)
FNDA:0,(anonymous_18)
FNDA:0,(anonymous_19)
FNDA:0,(anonymous_20)
FNDA:0,(anonymous_21)
FNDA:0,(anonymous_22)
FNDA:0,(anonymous_23)
FNDA:0,(anonymous_24)
FNDA:0,(anonymous_25)
FNDA:0,(anonymous_26)
FNDA:0,(anonymous_27)
FNDA:0,(anonymous_28)
FNDA:0,(anonymous_29)
FNDA:0,(anonymous_30)
FNDA:0,(anonymous_31)
FNDA:0,(anonymous_32)
FNDA:0,(anonymous_33)
FNDA:0,(anonymous_34)
DA:20,0
DA:21,0
DA:22,0
DA:25,0
DA:67,0
DA:255,0
DA:256,0
DA:259,0
DA:260,0
DA:261,0
DA:263,0
DA:264,0
DA:270,0
DA:273,0
DA:274,0
DA:278,0
DA:283,0
DA:284,0
DA:288,0
DA:289,0
DA:294,0
DA:295,0
DA:299,0
DA:310,0
DA:311,0
DA:312,0
DA:313,0
DA:314,0
DA:315,0
DA:316,0
DA:317,0
DA:319,0
DA:323,0
DA:331,0
DA:334,0
DA:335,0
DA:336,0
DA:339,0
DA:340,0
DA:341,0
DA:343,0
DA:382,0
DA:397,0
DA:398,0
DA:401,0
DA:402,0
DA:403,0
DA:404,0
DA:405,0
DA:407,0
DA:412,0
DA:424,0
DA:425,0
DA:428,0
DA:429,0
DA:430,0
DA:431,0
DA:434,0
DA:435,0
DA:438,0
DA:439,0
DA:442,0
DA:443,0
DA:444,0
DA:446,0
DA:456,0
DA:457,0
DA:505,0
DA:520,0
DA:521,0
DA:523,0
DA:524,0
DA:526,0
DA:527,0
DA:528,0
DA:530,0
DA:532,0
DA:533,0
DA:537,0
DA:542,0
DA:550,0
DA:551,0
DA:553,0
DA:554,0
DA:555,0
DA:557,0
DA:567,0
DA:610,0
DA:611,0
DA:641,0
DA:644,0
DA:649,0
DA:662,0
DA:663,0
DA:666,0
DA:674,0
DA:675,0
DA:679,0
DA:680,0
DA:681,0
DA:682,0
DA:684,0
DA:685,0
DA:686,0
DA:687,0
DA:688,0
DA:691,0
DA:694,0
DA:701,0
DA:703,0
DA:704,0
DA:705,0
DA:708,0
DA:709,0
DA:710,0
DA:711,0
DA:712,0
DA:723,0
DA:729,0
DA:730,0
DA:731,0
DA:732,0
DA:733,0
DA:734,0
DA:735,0
DA:736,0
DA:737,0
DA:741,0
DA:748,0
DA:749,0
DA:751,0
DA:760,0
DA:761,0
DA:762,0
DA:764,0
DA:781,0
DA:788,0
DA:791,0
DA:799,0
DA:820,0
DA:821,0
DA:834,0
DA:852,0
DA:862,0
DA:865,0
DA:871,0
DA:878,0
DA:882,0
DA:883,0
DA:885,0
DA:886,0
DA:887,0
DA:889,0
DA:897,0
DA:898,0
DA:901,0
DA:902,0
DA:906,0
DA:909,0
DA:910,0
DA:913,0
DA:914,0
DA:918,0
DA:919,0
DA:923,0
DA:924,0
DA:925,0
DA:927,0
DA:928,0
DA:931,0
DA:932,0
DA:933,0
DA:937,0
DA:939,0
DA:941,0
DA:953,0
DA:960,0
DA:965,0
DA:967,0
DA:974,0
DA:975,0
DA:978,0
DA:979,0
DA:980,0
DA:982,0
DA:983,0
DA:985,0
DA:986,0
DA:988,0
DA:989,0
DA:993,0
LF:191
LH:0
BRDA:22,0,0,0
BRDA:22,0,1,0
BRDA:255,1,0,0
BRDA:255,1,1,0
BRDA:256,2,0,0
BRDA:256,2,1,0
BRDA:256,2,2,0
BRDA:259,3,0,0
BRDA:259,3,1,0
BRDA:260,4,0,0
BRDA:260,4,1,0
BRDA:261,5,0,0
BRDA:261,5,1,0
BRDA:261,5,2,0
BRDA:263,6,0,0
BRDA:273,7,0,0
BRDA:283,8,0,0
BRDA:283,9,0,0
BRDA:283,9,1,0
BRDA:288,10,0,0
BRDA:294,11,0,0
BRDA:310,12,0,0
BRDA:310,12,1,0
BRDA:311,13,0,0
BRDA:311,13,1,0
BRDA:312,14,0,0
BRDA:312,14,1,0
BRDA:313,15,0,0
BRDA:313,15,1,0
BRDA:314,16,0,0
BRDA:314,16,1,0
BRDA:315,17,0,0
BRDA:315,17,1,0
BRDA:316,18,0,0
BRDA:316,18,1,0
BRDA:317,19,0,0
BRDA:317,19,1,0
BRDA:319,20,0,0
BRDA:319,20,1,0
BRDA:339,21,0,0
BRDA:339,21,1,0
BRDA:339,22,0,0
BRDA:339,22,1,0
BRDA:340,23,0,0
BRDA:340,23,1,0
BRDA:340,24,0,0
BRDA:340,24,1,0
BRDA:352,25,0,0
BRDA:352,25,1,0
BRDA:352,26,0,0
BRDA:352,26,1,0
BRDA:352,27,0,0
BRDA:352,27,1,0
BRDA:352,28,0,0
BRDA:352,28,1,0
BRDA:353,29,0,0
BRDA:353,29,1,0
BRDA:353,30,0,0
BRDA:353,30,1,0
BRDA:353,31,0,0
BRDA:353,31,1,0
BRDA:355,32,0,0
BRDA:355,32,1,0
BRDA:355,33,0,0
BRDA:355,33,1,0
BRDA:356,34,0,0
BRDA:356,34,1,0
BRDA:356,35,0,0
BRDA:356,35,1,0
BRDA:356,36,0,0
BRDA:356,36,1,0
BRDA:357,37,0,0
BRDA:357,37,1,0
BRDA:357,38,0,0
BRDA:357,38,1,0
BRDA:357,39,0,0
BRDA:357,39,1,0
BRDA:358,40,0,0
BRDA:358,40,1,0
BRDA:358,41,0,0
BRDA:358,41,1,0
BRDA:358,42,0,0
BRDA:358,42,1,0
BRDA:359,43,0,0
BRDA:359,43,1,0
BRDA:359,44,0,0
BRDA:359,44,1,0
BRDA:359,45,0,0
BRDA:359,45,1,0
BRDA:360,46,0,0
BRDA:360,46,1,0
BRDA:360,47,0,0
BRDA:360,47,1,0
BRDA:361,48,0,0
BRDA:361,48,1,0
BRDA:362,49,0,0
BRDA:362,49,1,0
BRDA:365,50,0,0
BRDA:365,50,1,0
BRDA:365,51,0,0
BRDA:365,51,1,0
BRDA:366,52,0,0
BRDA:366,52,1,0
BRDA:366,53,0,0
BRDA:366,53,1,0
BRDA:366,54,0,0
BRDA:366,54,1,0
BRDA:367,55,0,0
BRDA:367,55,1,0
BRDA:367,56,0,0
BRDA:367,56,1,0
BRDA:367,57,0,0
BRDA:367,57,1,0
BRDA:367,58,0,0
BRDA:367,58,1,0
BRDA:367,59,0,0
BRDA:367,59,1,0
BRDA:368,60,0,0
BRDA:368,60,1,0
BRDA:368,61,0,0
BRDA:368,61,1,0
BRDA:369,62,0,0
BRDA:369,62,1,0
BRDA:369,63,0,0
BRDA:369,63,1,0
BRDA:370,64,0,0
BRDA:370,64,1,0
BRDA:370,65,0,0
BRDA:370,65,1,0
BRDA:370,66,0,0
BRDA:370,66,1,0
BRDA:371,67,0,0
BRDA:371,67,1,0
BRDA:371,68,0,0
BRDA:371,68,1,0
BRDA:372,69,0,0
BRDA:372,69,1,0
BRDA:372,70,0,0
BRDA:372,70,1,0
BRDA:372,71,0,0
BRDA:372,71,1,0
BRDA:373,72,0,0
BRDA:373,72,1,0
BRDA:373,73,0,0
BRDA:373,73,1,0
BRDA:402,74,0,0
BRDA:403,75,0,0
BRDA:403,75,1,0
BRDA:405,76,0,0
BRDA:405,77,0,0
BRDA:405,77,1,0
BRDA:442,78,0,0
BRDA:442,78,1,0
BRDA:442,79,0,0
BRDA:442,79,1,0
BRDA:442,80,0,0
BRDA:442,80,1,0
BRDA:527,81,0,0
BRDA:527,81,1,0
BRDA:539,82,0,0
BRDA:539,82,1,0
BRDA:554,83,0,0
BRDA:554,83,1,0
BRDA:555,84,0,0
BRDA:555,84,1,0
BRDA:561,85,0,0
BRDA:561,85,1,0
BRDA:569,86,0,0
BRDA:569,86,1,0
BRDA:569,87,0,0
BRDA:569,87,1,0
BRDA:584,88,0,0
BRDA:584,88,1,0
BRDA:615,89,0,0
BRDA:615,89,1,0
BRDA:647,90,0,0
BRDA:647,90,1,0
BRDA:668,91,0,0
BRDA:668,91,1,0
BRDA:674,92,0,0
BRDA:686,93,0,0
BRDA:686,93,1,0
BRDA:687,94,0,0
BRDA:687,94,1,0
BRDA:695,95,0,0
BRDA:695,95,1,0
BRDA:695,96,0,0
BRDA:695,96,1,0
BRDA:704,97,0,0
BRDA:709,98,0,0
BRDA:711,99,0,0
BRDA:711,99,1,0
BRDA:713,100,0,0
BRDA:713,100,1,0
BRDA:713,101,0,0
BRDA:713,101,1,0
BRDA:714,102,0,0
BRDA:714,102,1,0
BRDA:714,103,0,0
BRDA:714,103,1,0
BRDA:715,104,0,0
BRDA:715,104,1,0
BRDA:715,104,2,0
BRDA:715,105,0,0
BRDA:715,105,1,0
BRDA:716,106,0,0
BRDA:716,106,1,0
BRDA:716,107,0,0
BRDA:716,107,1,0
BRDA:717,108,0,0
BRDA:717,108,1,0
BRDA:717,109,0,0
BRDA:717,109,1,0
BRDA:718,110,0,0
BRDA:718,110,1,0
BRDA:718,111,0,0
BRDA:718,111,1,0
BRDA:719,112,0,0
BRDA:719,112,1,0
BRDA:719,113,0,0
BRDA:719,113,1,0
BRDA:743,114,0,0
BRDA:743,114,1,0
BRDA:761,115,0,0
BRDA:761,115,1,0
BRDA:762,116,0,0
BRDA:762,116,1,0
BRDA:791,117,0,0
BRDA:791,117,1,0
BRDA:795,118,0,0
BRDA:795,118,1,0
BRDA:795,119,0,0
BRDA:795,119,1,0
BRDA:869,120,0,0
BRDA:869,120,1,0
BRDA:886,121,0,0
BRDA:886,121,1,0
BRDA:887,122,0,0
BRDA:887,122,1,0
BRDA:887,122,2,0
BRDA:897,123,0,0
BRDA:901,124,0,0
BRDA:913,125,0,0
BRDA:918,126,0,0
BRDA:918,127,0,0
BRDA:918,127,1,0
BRDA:927,128,0,0
BRDA:932,129,0,0
BRDA:960,130,0,0
BRDA:960,130,1,0
BRDA:969,131,0,0
BRDA:969,131,1,0
BRDA:974,132,0,0
BRDA:978,133,0,0
BRDA:979,134,0,0
BRDA:982,135,0,0
BRDA:985,136,0,0
BRDA:988,137,0,0
BRF:258
BRH:0
end_of_record
TN:
SF:src/functions/nutrition/nutrition-compliance-checker.ts
FN:182,loadComplianceFrameworks
FN:233,createDefaultUSDAFramework
FN:302,fetchEntityData
FN:340,generateAIInsights
FN:353,(anonymous_4)
FN:358,(anonymous_5)
FN:412,generateRecommendations
FN:416,(anonymous_7)
FN:425,(anonymous_8)
FN:426,(anonymous_9)
FN:428,(anonymous_10)
FN:451,(anonymous_11)
FN:451,(anonymous_12)
FN:471,performComplianceCheck
FN:485,(anonymous_14)
FN:528,(anonymous_15)
FN:529,(anonymous_16)
FN:540,(anonymous_17)
FN:576,extractMetrics
FN:612,(anonymous_19)
FN:628,calculateComplianceScore
FN:638,(anonymous_21)
FN:641,(anonymous_22)
FN:642,(anonymous_23)
FN:647,(anonymous_24)
FN:648,(anonymous_25)
FN:673,storeComplianceResults
FN:693,generateReportSummary
FN:704,(anonymous_28)
FN:752,(anonymous_29)
FN:754,(anonymous_30)
FN:835,(anonymous_31)
FN:894,(anonymous_32)
FN:895,(anonymous_33)
FN:907,(anonymous_34)
FNF:35
FNH:0
FNDA:0,loadComplianceFrameworks
FNDA:0,createDefaultUSDAFramework
FNDA:0,fetchEntityData
FNDA:0,generateAIInsights
FNDA:0,(anonymous_4)
FNDA:0,(anonymous_5)
FNDA:0,generateRecommendations
FNDA:0,(anonymous_7)
FNDA:0,(anonymous_8)
FNDA:0,(anonymous_9)
FNDA:0,(anonymous_10)
FNDA:0,(anonymous_11)
FNDA:0,(anonymous_12)
FNDA:0,performComplianceCheck
FNDA:0,(anonymous_14)
FNDA:0,(anonymous_15)
FNDA:0,(anonymous_16)
FNDA:0,(anonymous_17)
FNDA:0,extractMetrics
FNDA:0,(anonymous_19)
FNDA:0,calculateComplianceScore
FNDA:0,(anonymous_21)
FNDA:0,(anonymous_22)
FNDA:0,(anonymous_23)
FNDA:0,(anonymous_24)
FNDA:0,(anonymous_25)
FNDA:0,storeComplianceResults
FNDA:0,generateReportSummary
FNDA:0,(anonymous_28)
FNDA:0,(anonymous_29)
FNDA:0,(anonymous_30)
FNDA:0,(anonymous_31)
FNDA:0,(anonymous_32)
FNDA:0,(anonymous_33)
FNDA:0,(anonymous_34)
DA:9,0
DA:10,0
DA:11,0
DA:14,0
DA:183,0
DA:184,0
DA:186,0
DA:187,0
DA:189,0
DA:194,0
DA:195,0
DA:196,0
DA:197,0
DA:201,0
DA:202,0
DA:207,0
DA:208,0
DA:209,0
DA:210,0
DA:213,0
DA:216,0
DA:220,0
DA:222,0
DA:225,0
DA:227,0
DA:228,0
DA:234,0
DA:303,0
DA:306,0
DA:308,0
DA:309,0
DA:311,0
DA:312,0
DA:314,0
DA:315,0
DA:317,0
DA:318,0
[...]
FN:151,getErrorMessage
FN:164,createErrorResponse
FNF:13
FNH:0
FNDA:0,(anonymous_0)
FNDA:0,(anonymous_1)
FNDA:0,(anonymous_2)
FNDA:0,(anonymous_3)
FNDA:0,(anonymous_4)
FNDA:0,(anonymous_5)
FNDA:0,(anonymous_6)
FNDA:0,(anonymous_7)
FNDA:0,(anonymous_8)
FNDA:0,(anonymous_9)
FNDA:0,isOperationalError
FNDA:0,getErrorMessage
FNDA:0,createErrorResponse
DA:10,0
DA:11,0
DA:14,0
DA:15,0
DA:16,0
DA:17,0
DA:20,0
DA:28,0
DA:31,0
DA:32,0
DA:40,0
DA:41,0
DA:44,0
DA:47,0
DA:48,0
DA:49,0
DA:57,0
DA:60,0
DA:61,0
DA:70,0
DA:78,0
DA:81,0
DA:82,0
DA:90,0
DA:93,0
DA:94,0
DA:102,0
DA:103,0
DA:106,0
DA:107,0
DA:108,0
DA:116,0
DA:117,0
DA:120,0
DA:121,0
DA:122,0
DA:130,0
DA:133,0
DA:134,0
DA:142,0
DA:143,0
DA:145,0
DA:152,0
DA:153,0
DA:155,0
DA:156,0
DA:158,0
DA:165,0
DA:167,0
LF:49
LH:0
BRDA:13,0,0,0
BRDA:13,1,0,0
BRDA:44,2,0,0
BRDA:44,2,1,0
BRDA:59,3,0,0
BRDA:69,4,0,0
BRDA:80,5,0,0
BRDA:92,6,0,0
BRDA:132,7,0,0
BRDA:142,8,0,0
BRDA:152,9,0,0
BRDA:155,10,0,0
BRDA:171,11,0,0
BRDA:171,11,1,0
BRDA:172,12,0,0
BRDA:172,12,1,0
BRDA:174,13,0,0
BRDA:174,13,1,0
BRDA:174,13,2,0
BRDA:175,14,0,0
BRDA:175,14,1,0
BRDA:179,15,0,0
BRDA:179,15,1,0
BRDA:180,16,0,0
BRDA:180,16,1,0
BRDA:180,16,2,0
BRDA:183,17,0,0
BRDA:183,17,1,0
BRDA:184,18,0,0
BRDA:184,18,1,0
BRDA:185,19,0,0
BRDA:185,19,1,0
BRDA:186,20,0,0
BRDA:186,20,1,0
BRDA:186,20,2,0
BRF:35
BRH:0
end_of_record
TN:
SF:src/utils/graceful-shutdown.ts
FN:54,(anonymous_0)
FN:96,(anonymous_1)
FN:139,(anonymous_2)
FN:140,(anonymous_3)
FN:141,(anonymous_4)
FN:195,registerService
FN:218,unregisterService
FN:234,trackConnection
FN:253,(anonymous_8)
FN:257,(anonymous_9)
FN:264,(anonymous_10)
FN:265,(anonymous_11)
FN:284,untrackConnection
FN:286,(anonymous_13)
FN:299,getActiveConnectionCount
FN:306,getConnectionInfo
FN:313,closeConnections
FN:363,drainConnection
FN:364,(anonymous_18)
FN:365,(anonymous_19)
FN:380,(anonymous_20)
FN:409,(anonymous_21)
FN:413,(anonymous_22)
FN:448,shutdownServices
FN:470,(anonymous_24)
FN:474,(anonymous_25)
FN:504,shutdownService
FN:511,(anonymous_27)
FN:523,(anonymous_28)
FN:524,(anonymous_29)
FN:538,(anonymous_30)
FN:539,(anonymous_31)
FN:564,registerCoreServices
FN:572,(anonymous_33)
FN:577,(anonymous_34)
FN:593,(anonymous_35)
FN:607,(anonymous_36)
FN:619,(anonymous_37)
FN:634,(anonymous_38)
FN:647,(anonymous_39)
FN:659,(anonymous_40)
FN:673,(anonymous_41)
FN:687,(anonymous_42)
FN:691,(anonymous_43)
FN:710,(anonymous_44)
FN:714,(anonymous_45)
FN:735,createGracefulShutdown
FN:746,(anonymous_47)
FN:749,(anonymous_48)
FN:759,gracefulShutdown
FN:788,(anonymous_50)
FN:852,setupGracefulShutdown
FN:861,(anonymous_52)
FN:862,(anonymous_53)
FN:870,(anonymous_54)
FN:875,(anonymous_55)
FN:881,(anonymous_56)
FN:886,(anonymous_57)
FN:892,(anonymous_58)
FN:895,(anonymous_59)
FN:907,shutdown
FN:920,emergencyShutdown
FN:943,getShutdownStatus
FN:953,isSystemShuttingDown
FN:960,setupProcessSignals
FN:966,(anonymous_65)
FN:988,createConnectionTrackingMiddleware
FN:989,(anonymous_67)
FN:1010,(anonymous_68)
FN:1014,(anonymous_69)
FN:1025,trackWebSocketConnection
FN:1028,(anonymous_71)
FN:1032,(anonymous_72)
FN:1048,(anonymous_73)
FN:1055,(anonymous_74)
FN:1068,(anonymous_75)
FN:1079,(anonymous_76)
FN:1086,(anonymous_77)
FN:1093,(anonymous_78)
FN:1100,(anonymous_79)
FN:1107,(anonymous_80)
FN:1114,(anonymous_81)
FN:1127,enableGracefulShutdown
FN:1146,(anonymous_83)
FN:1153,(anonymous_84)
FN:1156,(anonymous_85)
FN:1160,(anonymous_86)
FN:1166,(anonymous_87)
FN:1179,(anonymous_88)
FN:1199,(anonymous_89)
FN:1206,(anonymous_90)
FN:1218,(anonymous_91)
FN:1229,(anonymous_92)
FN:1239,(anonymous_93)
FN:1247,cleanupResources
FN:1260,(anonymous_95)
FN:1276,(anonymous_96)
FN:1277,(anonymous_97)
FN:1300,performShutdownHealthCheck
FN:1404,(anonymous_99)
FN:1405,(anonymous_100)
FN:1407,(anonymous_101)
FNF:102
FNH:0
FNDA:0,(anonymous_0)
FNDA:0,(anonymous_1)
FNDA:0,(anonymous_2)
FNDA:0,(anonymous_3)
FNDA:0,(anonymous_4)
FNDA:0,registerService
FNDA:0,unregisterService
FNDA:0,trackConnection
FNDA:0,(anonymous_8)
FNDA:0,(anonymous_9)
FNDA:0,(anonymous_10)
FNDA:0,(anonymous_11)
FNDA:0,untrackConnection
FNDA:0,(anonymous_13)
FNDA:0,getActiveConnectionCount
FNDA:0,getConnectionInfo
FNDA:0,closeConnections
FNDA:0,drainConnection
FNDA:0,(anonymous_18)
FNDA:0,(anonymous_19)
FNDA:0,(anonymous_20)
FNDA:0,(anonymous_21)
FNDA:0,(anonymous_22)
FNDA:0,shutdownServices
FNDA:0,(anonymous_24)
FNDA:0,(anonymous_25)
FNDA:0,shutdownService
FNDA:0,(anonymous_27)
FNDA:0,(anonymous_28)
FNDA:0,(anonymous_29)
FNDA:0,(anonymous_30)
FNDA:0,(anonymous_31)
FNDA:0,registerCoreServices
FNDA:0,(anonymous_33)
FNDA:0,(anonymous_34)
FNDA:0,(anonymous_35)
FNDA:0,(anonymous_36)
FNDA:0,(anonymous_37)
FNDA:0,(anonymous_38)
FNDA:0,(anonymous_39)
FNDA:0,(anonymous_40)
FNDA:0,(anonymous_41)
FNDA:0,(anonymous_42)
FNDA:0,(anonymous_43)
FNDA:0,(anonymous_44)
FNDA:0,(anonymous_45)
FNDA:0,createGracefulShutdown
FNDA:0,(anonymous_47)
FNDA:0,(anonymous_48)
FNDA:0,gracefulShutdown
FNDA:0,(anonymous_50)
FNDA:0,setupGracefulShutdown
FNDA:0,(anonymous_52)
FNDA:0,(anonymous_53)
FNDA:0,(anonymous_54)
FNDA:0,(anonymous_55)
FNDA:0,(anonymous_56)
FNDA:0,(anonymous_57)
FNDA:0,(anonymous_58)
FNDA:0,(anonymous_59)
FNDA:0,shutdown
FNDA:0,emergencyShutdown
FNDA:0,getShutdownStatus
FNDA:0,isSystemShuttingDown
FNDA:0,setupProcessSignals
FNDA:0,(anonymous_65)
FNDA:0,createConnectionTrackingMiddleware
FNDA:0,(anonymous_67)
FNDA:0,(anonymous_68)
FNDA:0,(anonymous_69)
FNDA:0,trackWebSocketConnection
FNDA:0,(anonymous_71)
FNDA:0,(anonymous_72)
FNDA:0,(anonymous_73)
FNDA:0,(anonymous_74)
FNDA:0,(anonymous_75)
FNDA:0,(anonymous_76)
FNDA:0,(anonymous_77)
FNDA:0,(anonymous_78)
FNDA:0,(anonymous_79)
FNDA:0,(anonymous_80)
FNDA:0,(anonymous_81)
FNDA:0,enableGracefulShutdown
FNDA:0,(anonymous_83)
FNDA:0,(anonymous_84)
FNDA:0,(anonymous_85)
FNDA:0,(anonymous_86)
FNDA:0,(anonymous_87)
FNDA:0,(anonymous_88)
FNDA:0,(anonymous_89)
FNDA:0,(anonymous_90)
FNDA:0,(anonymous_91)
FNDA:0,(anonymous_92)
FNDA:0,(anonymous_93)
FNDA:0,cleanupResources
FNDA:0,(anonymous_95)
FNDA:0,(anonymous_96)
FNDA:0,(anonymous_97)
FNDA:0,performShutdownHealthCheck
FNDA:0,(anonymous_99)
FNDA:0,(anonymous_100)
FNDA:0,(anonymous_101)
DA:54,0
DA:55,0
DA:56,0
DA:57,0
DA:58,0
DA:59,0
DA:96,0
DA:97,0
DA:98,0
DA:99,0
DA:100,0
DA:101,0
DA:102,0
DA:103,0
DA:104,0
DA:135,0
DA:170,0
DA:175,0
DA:176,0
DA:177,0
DA:190,0
DA:196,0
DA:197,0
DA:198,0
DA:201,0
DA:208,0
DA:210,0
DA:211,0
DA:219,0
DA:220,0
DA:221,0
DA:222,0
DA:224,0
DA:227,0
DA:235,0
DA:236,0
DA:238,0
DA:249,0
DA:252,0
DA:253,0
DA:254,0
DA:257,0
DA:258,0
DA:259,0
DA:263,0
DA:264,0
DA:265,0
DA:266,0
DA:267,0
DA:273,0
DA:274,0
DA:276,0
DA:277,0
DA:285,0
DA:286,0
DA:287,0
DA:288,0
DA:289,0
DA:292,0
DA:300,0
DA:307,0
DA:314,0
DA:316,0
DA:317,0
DA:318,0
DA:321,0
DA:323,0
DA:324,0
DA:326,0
DA:327,0
DA:328,0
DA:332,0
DA:335,0
DA:336,0
DA:337,0
DA:339,0
DA:340,0
DA:341,0
DA:342,0
DA:343,0
DA:344,0
DA:346,0
DA:348,0
DA:353,0
DA:355,0
DA:356,0
DA:364,0
DA:365,0
DA:366,0
DA:367,0
DA:368,0
DA:370,0
DA:371,0
DA:374,0
DA:375,0
DA:377,0
DA:379,0
DA:380,0
DA:381,0
DA:382,0
DA:383,0
DA:386,0
DA:387,0
DA:388,0
DA:390,0
DA:393,0
DA:394,0
DA:395,0
DA:396,0
DA:397,0
DA:399,0
DA:400,0
DA:401,0
DA:403,0
DA:408,0
DA:409,0
DA:410,0
DA:411,0
DA:412,0
DA:414,0
DA:415,0
DA:416,0
DA:417,0
DA:420,0
DA:421,0
DA:422,0
DA:424,0
DA:427,0
DA:428,0
DA:429,0
DA:432,0
DA:433,0
DA:434,0
DA:437,0
DA:438,0
DA:439,0
DA:440,0
DA:449,0
DA:451,0
DA:453,0
DA:455,0
DA:456,0
DA:457,0
DA:458,0
DA:460,0
DA:464,0
DA:465,0
DA:466,0
DA:468,0
DA:470,0
DA:471,0
DA:474,0
DA:475,0
DA:476,0
DA:477,0
DA:478,0
DA:480,0
DA:481,0
DA:488,0
DA:489,0
DA:494,0
DA:496,0
DA:497,0
DA:505,0
DA:506,0
DA:508,0
DA:510,0
DA:511,0
DA:512,0
DA:515,0
DA:516,0
DA:521,0
DA:522,0
DA:523,0
DA:524,0
DA:527,0
DA:528,0
DA:530,0
DA:534,0
DA:535,0
DA:536,0
DA:539,0
DA:543,0
DA:544,0
DA:548,0
DA:552,0
DA:553,0
DA:555,0
DA:556,0
DA:557,0
DA:565,0
DA:567,0
DA:575,0
DA:578,0
DA:581,0
DA:583,0
DA:588,0
DA:596,0
DA:601,0
DA:610,0
DA:614,0
DA:622,0
DA:627,0
DA:637,0
DA:641,0
DA:649,0
DA:653,0
DA:660,0
DA:662,0
DA:667,0
DA:676,0
DA:680,0
DA:688,0
DA:689,0
DA:692,0
DA:693,0
DA:695,0
DA:697,0
DA:703,0
DA:711,0
DA:712,0
DA:715,0
DA:716,0
DA:718,0
DA:720,0
DA:725,0
DA:727,0
DA:728,0
DA:739,0
DA:740,0
DA:743,0
DA:746,0
DA:747,0
DA:749,0
DA:755,0
DA:756,0
DA:759,0
DA:760,0
DA:761,0
DA:762,0
DA:765,0
DA:766,0
DA:769,0
DA:778,0
DA:779,0
DA:781,0
DA:783,0
DA:784,0
DA:787,0
DA:788,0
DA:789,0
DA:790,0
DA:792,0
DA:797,0
DA:798,0
DA:800,0
DA:801,0
DA:802,0
DA:806,0
DA:807,0
DA:811,0
DA:814,0
DA:815,0
DA:818,0
DA:819,0
DA:822,0
DA:823,0
DA:829,0
DA:831,0
DA:832,0
DA:839,0
DA:841,0
DA:842,0
DA:844,0
DA:856,0
DA:857,0
DA:860,0
DA:861,0
DA:862,0
DA:863,0
DA:864,0
DA:870,0
DA:871,0
DA:872,0
DA:873,0
DA:875,0
DA:876,0
DA:881,0
DA:882,0
DA:883,0
DA:884,0
DA:886,0
DA:887,0
DA:892,0
DA:893,0
DA:894,0
DA:895,0
DA:896,0
DA:901,0
DA:908,0
DA:910,0
DA:911,0
DA:913,0
DA:914,0
DA:921,0
DA:923,0
DA:924,0
DA:927,0
DA:928,0
DA:929,0
DA:930,0
DA:937,0
DA:944,0
DA:954,0
DA:963,0
DA:965,0
DA:966,0
DA:967,0
DA:969,0
DA:970,0
DA:971,0
DA:973,0
DA:976,0
DA:977,0
DA:982,0
DA:989,0
DA:990,0
DA:991,0
DA:999,0
DA:1002,0
DA:1010,0
DA:1011,0
DA:1014,0
DA:1015,0
DA:1018,0
DA:1026,0
DA:1028,0
DA:1029,0
DA:1032,0
DA:1033,0
DA:1034,0
DA:1037,0
DA:1044,0
DA:1045,0
DA:1046,0
DA:1049,0
DA:1056,0
DA:1057,0
DA:1058,0
DA:1061,0
DA:1062,0
DA:1069,0
DA:1070,0
DA:1073,0
DA:1080,0
DA:1087,0
DA:1094,0
DA:1101,0
DA:1108,0
DA:1115,0
DA:1122,0
DA:1131,0
DA:1132,0
DA:1133,0
DA:1140,0
DA:1141,0
DA:1147,0
DA:1154,0
DA:1156,0
DA:1157,0
DA:1160,0
DA:1161,0
DA:1162,0
DA:1163,0
DA:1166,0
DA:1167,0
DA:1168,0
DA:1169,0
DA:1172,0
DA:1173,0
DA:1180,0
DA:1181,0
DA:1182,0
DA:1184,0
DA:1194,0
DA:1204,0
DA:1206,0
DA:1207,0
DA:1208,0
DA:1211,0
DA:1212,0
DA:1219,0
DA:1220,0
DA:1221,0
DA:1222,0
DA:1230,0
DA:1231,0
DA:1233,0
DA:1240,0
DA:1252,0
DA:1254,0
DA:1256,0
DA:1257,0
DA:1260,0
DA:1261,0
DA:1262,0
DA:1266,0
DA:1267,0
DA:1271,0
DA:1272,0
DA:1276,0
DA:1277,0
DA:1280,0
DA:1285,0
DA:1287,0
DA:1289,0
DA:1290,0
DA:1292,0
DA:1306,0
DA:1307,0
DA:1309,0
DA:1311,0
DA:1312,0
DA:1313,0
DA:1317,0
DA:1318,0
DA:1319,0
DA:1320,0
DA:1321,0
DA:1322,0
DA:1323,0
DA:1331,0
DA:1333,0
DA:1340,0
DA:1341,0
DA:1353,0
LF:436
LH:0
BRDA:54,0,0,0
BRDA:54,0,1,0
BRDA:96,1,0,0
BRDA:96,1,1,0
BRDA:197,2,0,0
BRDA:203,3,0,0
BRDA:203,3,1,0
BRDA:205,4,0,0
BRDA:205,4,1,0
BRDA:220,5,0,0
BRDA:220,5,1,0
BRDA:234,6,0,0
BRDA:244,7,0,0
BRDA:244,7,1,0
BRDA:252,8,0,0
BRDA:252,9,0,0
BRDA:252,9,1,0
BRDA:263,10,0,0
BRDA:263,11,0,0
BRDA:263,11,1,0
BRDA:266,12,0,0
BRDA:287,13,0,0
BRDA:316,14,0,0
BRDA:336,15,0,0
BRDA:341,16,0,0
BRDA:341,16,1,0
BRDA:341,17,0,0
BRDA:341,17,1,0
BRDA:343,18,0,0
BRDA:343,19,0,0
BRDA:343,19,1,0
BRDA:367,20,0,0
BRDA:367,21,0,0
BRDA:367,21,1,0
BRDA:372,22,0,0
BRDA:372,22,1,0
BRDA:375,23,0,0
BRDA:375,23,1,0
BRDA:377,24,0,0
BRDA:377,24,1,0
BRDA:377,24,2,0
BRDA:377,24,3,0
BRDA:377,24,4,0
BRDA:377,24,5,0
BRDA:379,25,0,0
BRDA:379,25,1,0
BRDA:393,26,0,0
BRDA:393,26,1,0
BRDA:408,27,0,0
BRDA:408,27,1,0
BRDA:457,28,0,0
BRDA:465,29,0,0
BRDA:465,29,1,0
BRDA:466,30,0,0
BRDA:476,31,0,0
BRDA:476,31,1,0
BRDA:510,32,0,0
BRDA:510,33,0,0
BRDA:510,33,1,0
BRDA:515,34,0,0
BRDA:521,35,0,0
BRDA:521,35,1,0
BRDA:521,36,0,0
BRDA:521,36,1,0
BRDA:528,37,0,0
BRDA:534,38,0,0
BRDA:543,39,0,0
BRDA:737,40,0,0
BRDA:755,41,0,0
BRDA:760,42,0,0
BRDA:789,43,0,0
BRDA:789,43,1,0
BRDA:800,44,0,0
BRDA:806,45,0,0
BRDA:819,46,0,0
BRDA:819,46,1,0
BRDA:854,47,0,0
BRDA:893,48,0,0
BRDA:893,49,0,0
BRDA:893,49,1,0
BRDA:907,50,0,0
BRDA:907,51,0,0
BRDA:929,52,0,0
BRDA:929,53,0,0
BRDA:929,53,1,0
BRDA:970,54,0,0
BRDA:970,54,1,0
BRDA:970,55,0,0
BRDA:970,55,1,0
BRDA:990,56,0,0
BRDA:1048,57,0,0
BRDA:1057,58,0,0
BRDA:1068,59,0,0
BRDA:1069,60,0,0
BRDA:1129,61,0,0
BRDA:1154,62,0,0
BRDA:1220,63,0,0
BRDA:1247,64,0,0
BRDA:1252,65,0,0
BRDA:1252,66,0,0
BRDA:1252,67,0,0
BRDA:1266,68,0,0
BRDA:1271,69,0,0
BRDA:1289,70,0,0
BRDA:1289,70,1,0
BRDA:1312,71,0,0
BRDA:1318,72,0,0
BRDA:1321,73,0,0
BRF:108
BRH:0
end_of_record
TN:
SF:src/utils/logger.ts
FN:22,(anonymous_0)
FN:45,(anonymous_1)
FN:127,(anonymous_2)
FN:134,(anonymous_3)
FN:145,(anonymous_4)
FN:152,(anonymous_5)
FN:159,(anonymous_6)
FN:166,(anonymous_7)
FN:185,(anonymous_8)
FN:196,(anonymous_9)
FN:207,(anonymous_10)
FN:217,(anonymous_11)
FN:227,(anonymous_12)
FN:237,(anonymous_13)
FN:247,(anonymous_14)
FN:257,(anonymous_15)
FN:268,(anonymous_16)
FN:279,(anonymous_17)
FN:287,(anonymous_18)
FN:305,(anonymous_19)
FN:321,(anonymous_20)
FN:330,(anonymous_21)
FN:339,(anonymous_22)
FN:347,(anonymous_23)
FN:354,(anonymous_24)
FN:361,(anonymous_25)
FN:368,(anonymous_26)
FN:375,(anonymous_27)
FNF:28
FNH:3
FNDA:0,(anonymous_0)
FNDA:0,(anonymous_1)
FNDA:1,(anonymous_2)
FNDA:0,(anonymous_3)
FNDA:0,(anonymous_4)
FNDA:14,(anonymous_5)
FNDA:0,(anonymous_6)
FNDA:21,(anonymous_7)
FNDA:0,(anonymous_8)
FNDA:0,(anonymous_9)
FNDA:0,(anonymous_10)
FNDA:0,(anonymous_11)
FNDA:0,(anonymous_12)
FNDA:0,(anonymous_13)
FNDA:0,(anonymous_14)
FNDA:0,(anonymous_15)
FNDA:0,(anonymous_16)
FNDA:0,(anonymous_17)
FNDA:0,(anonymous_18)
FNDA:0,(anonymous_19)
FNDA:0,(anonymous_20)
FNDA:0,(anonymous_21)
FNDA:0,(anonymous_22)
FNDA:0,(anonymous_23)
FNDA:0,(anonymous_24)
FNDA:0,(anonymous_25)
FNDA:0,(anonymous_26)
FNDA:0,(anonymous_27)
DA:10,1
DA:11,1
DA:16,1
DA:23,0
DA:32,0
DA:39,1
DA:46,0
DA:48,0
DA:49,0
DA:52,0
DA:53,0
DA:56,0
DA:63,1
DA:71,1
DA:72,0
DA:92,1
DA:125,1
DA:128,1
DA:135,0
DA:136,0
DA:138,0
DA:146,0
DA:153,14
DA:160,0
DA:167,21
DA:179,21
DA:186,0
DA:197,0
DA:208,0
DA:218,0
DA:228,0
DA:238,0
DA:248,0
DA:258,0
DA:269,0
DA:280,0
DA:281,0
DA:288,0
DA:293,1
DA:300,1
DA:305,1
DA:306,0
DA:317,0
DA:318,0
DA:319,0
DA:322,0
DA:323,0
DA:324,0
DA:331,0
DA:332,0
DA:333,0
DA:340,0
DA:347,1
DA:348,0
DA:354,1
DA:355,0
DA:361,1
DA:362,0
DA:368,1
DA:369,0
DA:375,1
DA:376,0
LF:62
LH:20
BRDA:10,0,0,1
BRDA:10,0,1,0
BRDA:11,1,0,1
BRDA:11,1,1,0
BRDA:11,2,0,0
BRDA:11,2,1,0
BRDA:27,3,0,0
BRDA:27,3,1,0
BRDA:48,4,0,0
BRDA:52,5,0,0
BRDA:65,6,0,0
BRDA:65,6,1,1
BRDA:71,7,0,0
BRDA:135,8,0,0
BRDA:169,9,0,21
BRDA:169,9,1,21
BRDA:321,10,0,0
BRF:17
BRH:5
end_of_record
TN:
SF:src/utils/razorpay.utils.ts
FN:100,generateReceiptNumber
FN:114,isValidCurrency
FN:121,validatePaymentAmount
FN:165,generatePaymentSignature
FN:182,verifyPaymentSignature
FN:203,verifyWebhookSignature
FN:223,formatAmount
FN:241,parseAmount
FN:262,getPaymentMethodName
FN:280,supportsRefund
FN:294,calculatePaymentAnalytics
FN:301,(anonymous_11)
FN:305,(anonymous_12)
FN:309,(anonymous_13)
FN:312,(anonymous_14)
FN:313,(anonymous_15)
FN:318,(anonymous_16)
FN:319,(anonymous_17)
FN:320,(anonymous_18)
FN:323,(anonymous_19)
FN:352,validateOrderData
FN:386,generateTestPaymentData
FNF:22
FNH:0
FNDA:0,generateReceiptNumber
FNDA:0,isValidCurrency
FNDA:0,validatePaymentAmount
FNDA:0,generatePaymentSignature
FNDA:0,verifyPaymentSignature
FNDA:0,verifyWebhookSignature
FNDA:0,formatAmount
FNDA:0,parseAmount
FNDA:0,getPaymentMethodName
FNDA:0,supportsRefund
FNDA:0,calculatePaymentAnalytics
FNDA:0,(anonymous_11)
FNDA:0,(anonymous_12)
FNDA:0,(anonymous_13)
FNDA:0,(anonymous_14)
FNDA:0,(anonymous_15)
FNDA:0,(anonymous_16)
FNDA:0,(anonymous_17)
FNDA:0,(anonymous_18)
FNDA:0,(anonymous_19)
FNDA:0,validateOrderData
FNDA:0,generateTestPaymentData
DA:51,0
DA:65,0
DA:77,0
DA:82,0
DA:91,0
DA:101,0
DA:102,0
DA:103,0
DA:104,0
DA:106,0
DA:107,0
DA:115,0
DA:126,0
DA:127,0
DA:128,0
DA:134,0
DA:135,0
DA:136,0
DA:142,0
DA:143,0
DA:149,0
DA:154,0
DA:155,0
DA:170,0
DA:171,0
DA:172,0
DA:174,0
DA:175,0
DA:188,0
DA:189,0
DA:190,0
DA:195,0
DA:196,0
DA:208,0
DA:209,0
DA:210,0
DA:215,0
DA:216,0
DA:224,0
DA:225,0
DA:226,0
DA:231,0
DA:233,0
DA:234,0
DA:242,0
DA:244,0
DA:245,0
DA:247,0
DA:248,0
DA:252,0
DA:254,0
DA:255,0
DA:263,0
DA:274,0
DA:281,0
DA:288,0
DA:299,0
DA:300,0
DA:301,0
DA:304,0
DA:305,0
DA:308,0
DA:309,0
DA:312,0
DA:313,0
DA:316,0
DA:318,0
DA:319,0
DA:320,0
DA:322,0
DA:323,0
DA:331,0
DA:344,0
DA:345,0
DA:356,0
DA:358,0
DA:359,0
DA:362,0
DA:363,0
DA:366,0
DA:367,0
DA:370,0
DA:371,0
DA:372,0
DA:373,0
DA:377,0
DA:387,0
LF:87
LH:0
BRDA:100,0,0,0
BRDA:127,1,0,0
BRDA:135,2,0,0
BRDA:142,3,0,0
BRDA:225,4,0,0
BRDA:225,4,1,0
BRDA:247,5,0,0
BRDA:274,6,0,0
BRDA:274,6,1,0
BRDA:301,7,0,0
BRDA:301,7,1,0
BRDA:325,8,0,0
BRDA:325,8,1,0
BRDA:336,9,0,0
BRDA:336,9,1,0
BRDA:337,10,0,0
BRDA:337,10,1,0
BRDA:358,11,0,0
BRDA:358,12,0,0
BRDA:358,12,1,0
BRDA:362,13,0,0
BRDA:362,14,0,0
BRDA:362,14,1,0
BRDA:366,15,0,0
BRDA:366,16,0,0
BRDA:366,16,1,0
BRDA:370,17,0,0
BRDA:370,18,0,0
BRDA:370,18,1,0
BRDA:372,19,0,0
BRDA:373,20,0,0
BRDA:373,20,1,0
BRF:32
BRH:0
end_of_record
TN:
SF:src/utils/validation.ts
FN:12,(anonymous_0)
FN:27,(anonymous_1)
FN:41,(anonymous_2)
FN:57,(anonymous_3)
FN:72,(anonymous_4)
FNF:5
FNH:0
FNDA:0,(anonymous_0)
FNDA:0,(anonymous_1)
FNDA:0,(anonymous_2)
FNDA:0,(anonymous_3)
FNDA:0,(anonymous_4)
DA:7,0
DA:12,0
DA:13,0
DA:21,0
DA:27,0
DA:28,0
DA:35,0
DA:41,0
DA:42,0
DA:51,0
DA:57,0
DA:58,0
DA:66,0
DA:72,0
DA:73,0
DA:81,0
LF:16
LH:0
BRF:0
BRH:0
end_of_record
TN:
SF:src/validation/menuSchemas.ts
FN:55,(anonymous_0)
FN:69,(anonymous_1)
FN:105,(anonymous_2)
FN:121,(anonymous_3)
FN:154,(anonymous_4)
FN:179,(anonymous_5)
FN:191,(anonymous_6)
FN:197,(anonymous_7)
FN:221,(anonymous_8)
FN:265,(anonymous_9)
FN:291,(anonymous_10)
FN:297,(anonymous_11)
FN:316,(anonymous_12)
FN:330,(anonymous_13)
FN:344,(anonymous_14)
FN:346,(anonymous_15)
FNF:16
FNH:0
FNDA:0,(anonymous_0)
FNDA:0,(anonymous_1)
FNDA:0,(anonymous_2)
FNDA:0,(anonymous_3)
FNDA:0,(anonymous_4)
FNDA:0,(anonymous_5)
FNDA:0,(anonymous_6)
FNDA:0,(anonymous_7)
FNDA:0,(anonymous_8)
FNDA:0,(anonymous_9)
FNDA:0,(anonymous_10)
FNDA:0,(anonymous_11)
FNDA:0,(anonymous_12)
FNDA:0,(anonymous_13)
FNDA:0,(anonymous_14)
FNDA:0,(anonymous_15)
DA:11,0
DA:15,0
DA:19,0
DA:23,0
DA:30,0
DA:50,0
DA:56,0
DA:57,0
DA:59,0
DA:70,0
DA:71,0
DA:73,0
DA:106,0
DA:107,0
DA:109,0
DA:122,0
DA:123,0
DA:125,0
DA:155,0
DA:156,0
DA:158,0
DA:180,0
DA:181,0
DA:183,0
DA:192,0
DA:198,0
DA:223,0
DA:224,0
DA:228,0
DA:229,0
DA:230,0
DA:234,0
DA:240,0
DA:267,0
DA:268,0
DA:272,0
DA:273,0
DA:274,0
DA:278,0
DA:284,0
DA:292,0
DA:298,0
DA:318,0
DA:319,0
DA:322,0
DA:328,0
DA:331,0
DA:339,0
DA:346,0
DA:347,0
DA:348,0
DA:349,0
DA:351,0
DA:359,0
LF:54
LH:0
BRDA:56,0,0,0
BRDA:70,1,0,0
BRDA:106,2,0,0
BRDA:122,3,0,0
BRDA:155,4,0,0
BRDA:180,5,0,0
BRDA:223,6,0,0
BRDA:228,7,0,0
BRDA:228,8,0,0
BRDA:228,8,1,0
BRDA:229,9,0,0
BRDA:267,10,0,0
BRDA:267,11,0,0
BRDA:267,11,1,0
BRDA:267,11,2,0
BRDA:272,12,0,0
BRDA:272,13,0,0
BRDA:272,13,1,0
BRDA:273,14,0,0
BRDA:318,15,0,0
BRDA:318,16,0,0
BRDA:318,16,1,0
BRDA:318,16,2,0
BRDA:348,17,0,0
BRF:24
BRH:0
end_of_record
TN:
SF:src/validation/userSchemas.ts
FN:10,(anonymous_0)
FN:71,(anonymous_1)
FN:82,(anonymous_2)
FN:97,(anonymous_3)
FN:110,(anonymous_4)
FN:134,(anonymous_5)
FN:149,(anonymous_6)
FN:169,(anonymous_7)
FN:183,(anonymous_8)
FN:194,(anonymous_9)
FN:201,(anonymous_10)
FN:240,(anonymous_11)
FN:249,(anonymous_12)
FN:257,(anonymous_13)
FN:270,(anonymous_14)
FN:288,(anonymous_15)
FN:296,(anonymous_16)
FN:313,(anonymous_17)
FN:324,(anonymous_18)
FN:344,(anonymous_19)
FN:346,(anonymous_20)
FN:361,(anonymous_21)
FNF:22
FNH:0
FNDA:0,(anonymous_0)
FNDA:0,(anonymous_1)
FNDA:0,(anonymous_2)
FNDA:0,(anonymous_3)
FNDA:0,(anonymous_4)
FNDA:0,(anonymous_5)
FNDA:0,(anonymous_6)
FNDA:0,(anonymous_7)
FNDA:0,(anonymous_8)
FNDA:0,(anonymous_9)
FNDA:0,(anonymous_10)
FNDA:0,(anonymous_11)
FNDA:0,(anonymous_12)
FNDA:0,(anonymous_13)
FNDA:0,(anonymous_14)
FNDA:0,(anonymous_15)
FNDA:0,(anonymous_16)
FNDA:0,(anonymous_17)
FNDA:0,(anonymous_18)
FNDA:0,(anonymous_19)
FNDA:0,(anonymous_20)
FNDA:0,(anonymous_21)
DA:10,0
DA:11,0
DA:12,0
DA:13,0
DA:14,0
DA:16,0
DA:17,0
DA:20,0
DA:21,0
DA:24,0
DA:26,0
DA:31,0
DA:57,0
DA:58,0
DA:59,0
DA:69,0
DA:72,0
DA:83,0
DA:98,0
DA:111,0
DA:135,0
DA:150,0
DA:170,0
DA:184,0
DA:195,0
DA:202,0
DA:238,0
DA:241,0
DA:250,0
DA:258,0
DA:271,0
DA:284,0
DA:289,0
DA:297,0
DA:311,0
DA:314,0
DA:322,0
DA:325,0
DA:339,0
DA:346,0
DA:347,0
DA:348,0
DA:349,0
DA:351,0
DA:359,0
DA:362,0
DA:384,0
LF:47
LH:0
BRDA:10,0,0,0
BRDA:16,1,0,0
BRDA:20,2,0,0
BRDA:348,3,0,0
BRF:4
BRH:0
end_of_record
